 Sucessfully Setup Logger for this programme.............
 Printing Data Matrix Direction.................

               Data Name         Value  \
0          Package Name  TP_KEX_10_14   
1           Data Matrix             V   
2  Long_Slope_Direction             1   

                                         Explanation  
0                               package_name_of_khal  
1                            Data written vertically  
2  1:zero chaiange at outfall 0:zero chainage at ...  
 

###############################################


    XsectionNo  chainage   r1   r2 c1 c2          KhalName     GL  Ivert Level  \
0        BPK0      0.00    5   17  B  D  Barsha para khal  0.402         -1.6   
1        BPK1    100.00   21   33  B  D  Barsha para khal  0.402         -1.6   
2        BPK2    200.00   37   49  B  D  Barsha para khal  0.402         -1.6   
3        BPK3    300.00   64   76  B  D  Barsha para khal  0.402         -1.6   
4        BPK4    400.00   79   93  B  D  Barsha para khal  0.402         -1.6   
5        BPK5    500.00   97  111  B  D  Barsha para khal  0.402         -1.6   
6        BPK6    600.00  114  125  B  D  Barsha para khal  0.402         -1.6   
7        BPK7    700.00  130  142  B  D  Barsha para khal  0.402         -1.6   
8        BPK8    800.00  147  161  B  D  Barsha para khal  0.402         -1.6   
9        BPK9    900.00  166  181  B  D  Barsha para khal  0.402         -1.6   
10      BPK10   1000.00  194  206  B  D  Barsha para khal  0.402         -1.6   
11      BPK11   1100.00  210  224  B  D  Barsha para khal  0.402         -1.6   
12      BPK12   1200.00  227  239  B  D  Barsha para khal  0.402         -1.6   
13      BPK13   1300.00  243  255  B  D  Barsha para khal  0.402         -1.6   
14      BPK14   1400.00  260  274  B  D  Barsha para khal  0.402         -1.6   
15      BPK15   1500.00  278  290  B  D  Barsha para khal  0.402         -1.6   
16      BPK16   1600.00  295  310  B  D  Barsha para khal  0.402         -1.6   
17      BPK17   1700.00  323  339  B  D  Barsha para khal  0.402         -1.6   
18      BPK18   1800.00  342  355  B  D  Barsha para khal  0.402         -1.6   
19      BPK19   1900.00  358  370  B  D  Barsha para khal  0.402         -1.6   
20      BPK20      2.02  373  384  B  D  Barsha para khal  0.402         -1.6   

    Retention  Required_Area  Direction  
0         0.6             30          1  
1         0.6             30          1  
2         0.6             30          1  
3         0.6             30          1  
4         0.6             30          1  
5         0.6             30          1  
6         0.6             30          1  
7         0.6             30          1  
8         0.6             30          1  
9         0.6             30          1  
10        0.6             30          1  
11        0.6             30          1  
12        0.6             30          1  
13        0.6             30          1  
14        0.6             30          1  
15        0.6             30          1  
16        0.6             30          1  
17        0.6             30          1  
18        0.6             30          1  
19        0.6             30          1  
20        0.6             30          1  
 --------Intiated Data Transfer for section no=BPK0--------




 chainage=0.0 sec=BPK0 row1=5 row2=17 col1=B col2=D 1
 





 {'dist': [0, 5, 10, 11, 13, 14, 15, 16, 18, 19, 20, 25, 30], 'rl': [0.377, 0.372, 0.367, -0.038, -0.284, -0.485, -0.533, -0.484, -0.285, 0.033, 0.416, 0.422, 0.426], 'remarks': ['Open land', '', 'LB', '', '', '', 'CL', '', '', '', 'RB', '', 'Paddy land'], 'chainage': [0.0, 0.0, 0.0, 0.0, 0.0, 0.0, 0.0, 0.0, 0.0, 0.0, 0.0, 0.0, 0.0], 'sectionNo': ['BPK0', 'BPK0', 'BPK0', 'BPK0', 'BPK0', 'BPK0', 'BPK0', 'BPK0', 'BPK0', 'BPK0', 'BPK0', 'BPK0', 'BPK0']}
 





 --------Finished Data Transfer for section no=BPK0--------




 --------Intiated Data Transfer for section no=BPK1--------




 chainage=100.0 sec=BPK1 row1=21 row2=33 col1=B col2=D 1
 





 {'dist': [0, 5, 10, 11, 12, 13, 14, 15, 16, 17, 18, 25, 30], 'rl': [0.457, 0.452, 0.447, -0.038, -0.184, -0.411, -0.474, -0.414, -0.198, -0.033, 0.422, 0.427, 0.437], 'remarks': ['Paddy land', '', 'LB', '', '', '', 'CL', '', '', '', 'RB', '', 'Paddy land'], 'chainage': [100.0, 100.0, 100.0, 100.0, 100.0, 100.0, 100.0, 100.0, 100.0, 100.0, 100.0, 100.0, 100.0], 'sectionNo': ['BPK1', 'BPK1', 'BPK1', 'BPK1', 'BPK1', 'BPK1', 'BPK1', 'BPK1', 'BPK1', 'BPK1', 'BPK1', 'BPK1', 'BPK1']}
 





 --------Finished Data Transfer for section no=BPK1--------




 --------Intiated Data Transfer for section no=BPK2--------




 chainage=200.0 sec=BPK2 row1=37 row2=49 col1=B col2=D 1
 





 {'dist': [0, 5, 10, 11, 12, 13, 14, 15, 16, 17, 18, 25, 30], 'rl': [0.306, 0.301, 0.296, 0.071, 0.045, -0.094, -0.144, -0.085, 0.006, 0.091, 0.306, 0.311, 0.316], 'remarks': ['Paddy land', '', 'LB', '', '', '', 'CL', '', '', '', 'RB', '', 'Paddy land'], 'chainage': [200.0, 200.0, 200.0, 200.0, 200.0, 200.0, 200.0, 200.0, 200.0, 200.0, 200.0, 200.0, 200.0], 'sectionNo': ['BPK2', 'BPK2', 'BPK2', 'BPK2', 'BPK2', 'BPK2', 'BPK2', 'BPK2', 'BPK2', 'BPK2', 'BPK2', 'BPK2', 'BPK2']}
 





 --------Finished Data Transfer for section no=BPK2--------




 --------Intiated Data Transfer for section no=BPK3--------




 chainage=300.0 sec=BPK3 row1=64 row2=76 col1=B col2=D 1
 





 {'dist': [0, 5, 10, 11, 12, 13, 14, 15, 16, 17, 18, 25, 30], 'rl': [0.501, 0.496, 0.491, 0.291, 0.116, -0.046, -0.094, -0.045, 0.131, 0.281, 0.391, 0.396, 0.401], 'remarks': ['Paddy land', '', 'LB', '', '', '', 'CL', '', '', '', 'RB', '', 'Paddy land'], 'chainage': [300.0, 300.0, 300.0, 300.0, 300.0, 300.0, 300.0, 300.0, 300.0, 300.0, 300.0, 300.0, 300.0], 'sectionNo': ['BPK3', 'BPK3', 'BPK3', 'BPK3', 'BPK3', 'BPK3', 'BPK3', 'BPK3', 'BPK3', 'BPK3', 'BPK3', 'BPK3', 'BPK3']}
 





 --------Finished Data Transfer for section no=BPK3--------




 --------Intiated Data Transfer for section no=BPK4--------




 chainage=400.0 sec=BPK4 row1=79 row2=93 col1=B col2=D 1
 





 {'dist': [0, 5, 10, 11, 12, 13, 14, 15, 16, 17, 18, 19, 20, 23, 25], 'rl': [0.513, 0.508, 0.503, 0.288, 0.197, 0.067, 0.008, 0.058, 0.197, 0.258, 0.363, 0.358, -0.942, -1.108, -1.342], 'remarks': ['Paddy land', 'LB', '', '', '', '', 'CL', '', '', '', 'RB', '', '', '', 'Ditch'], 'chainage': [400.0, 400.0, 400.0, 400.0, 400.0, 400.0, 400.0, 400.0, 400.0, 400.0, 400.0, 400.0, 400.0, 400.0, 400.0], 'sectionNo': ['BPK4', 'BPK4', 'BPK4', 'BPK4', 'BPK4', 'BPK4', 'BPK4', 'BPK4', 'BPK4', 'BPK4', 'BPK4', 'BPK4', 'BPK4', 'BPK4', 'BPK4']}
 





 --------Finished Data Transfer for section no=BPK4--------




 --------Intiated Data Transfer for section no=BPK5--------




 chainage=500.0 sec=BPK5 row1=97 row2=111 col1=B col2=D 1
 





 {'dist': [0, 2, 3, 5, 6, 7, 8, 9, 10, 11, 12, 13, 14, 20, 25], 'rl': [-0.977, -0.842, -0.642, 0.253, 0.248, 0.048, -0.077, -0.182, -0.232, -0.177, -0.073, 0.077, 0.548, 0.553, 0.558], 'remarks': ['Ditch', '', '', '', 'LB', '', '', '', 'CL', '', '', '', 'RB', '', 'Paddy land'], 'chainage': [500.0, 500.0, 500.0, 500.0, 500.0, 500.0, 500.0, 500.0, 500.0, 500.0, 500.0, 500.0, 500.0, 500.0, 500.0], 'sectionNo': ['BPK5', 'BPK5', 'BPK5', 'BPK5', 'BPK5', 'BPK5', 'BPK5', 'BPK5', 'BPK5', 'BPK5', 'BPK5', 'BPK5', 'BPK5', 'BPK5', 'BPK5']}
 





 --------Finished Data Transfer for section no=BPK5--------




 --------Intiated Data Transfer for section no=BPK6--------




 chainage=600.0 sec=BPK6 row1=114 row2=125 col1=B col2=D 1
 





 {'dist': [0, 2, 4, 5, 6, 6.5, 7, 8, 9, 11, 12, 16], 'rl': [2.944, 2.954, 0.919, 0.298, -0.051, -0.101, 0.294, 0.829, 1.068, 2.268, 2.274, 2.274], 'remarks': ['Home', 'LB', '', '', '', 'CL', '', '', '', 'RB', 'House', ''], 'chainage': [600.0, 600.0, 600.0, 600.0, 600.0, 600.0, 600.0, 600.0, 600.0, 600.0, 600.0, 600.0], 'sectionNo': ['BPK6', 'BPK6', 'BPK6', 'BPK6', 'BPK6', 'BPK6', 'BPK6', 'BPK6', 'BPK6', 'BPK6', 'BPK6', 'BPK6']}
 





 --------Finished Data Transfer for section no=BPK6--------




 --------Intiated Data Transfer for section no=BPK7--------




 chainage=700.0 sec=BPK7 row1=130 row2=142 col1=B col2=D 1
 





 {'dist': [0, 2, 4, 5, 6, 6.5, 7, 8, 9, 10, 11, 15, 20], 'rl': [2.117, 2.107, 0.017, -0.244, -0.463, -0.526, -0.528, -0.258, -0.049, 0.207, 0.207, 0.212, 0.217], 'remarks': ['House', 'LB', '', '', '', 'CL', '', '', '', '', 'RB', '', 'Open land'], 'chainage': [700.0, 700.0, 700.0, 700.0, 700.0, 700.0, 700.0, 700.0, 700.0, 700.0, 700.0, 700.0, 700.0], 'sectionNo': ['BPK7', 'BPK7', 'BPK7', 'BPK7', 'BPK7', 'BPK7', 'BPK7', 'BPK7', 'BPK7', 'BPK7', 'BPK7', 'BPK7', 'BPK7']}
 





 --------Finished Data Transfer for section no=BPK7--------




 --------Intiated Data Transfer for section no=BPK8--------




 chainage=800.0 sec=BPK8 row1=147 row2=161 col1=B col2=D 1
 





 {'dist': [0, 5, 10, 11, 12, 13, 14, 15, 16, 17, 18, 20, 22, 24, 26], 'rl': [0.393, 0.391, 0.391, -0.897, -1.048, -1.245, -1.297, -1.247, -1.217, -1.148, -1.048, -1.042, -1.348, -1.372, -1.548], 'remarks': ['Open land', '', 'LB', '', '', '', 'CL', '', '', '', 'RB', '', '', '', 'Ditch'], 'chainage': [800.0, 800.0, 800.0, 800.0, 800.0, 800.0, 800.0, 800.0, 800.0, 800.0, 800.0, 800.0, 800.0, 800.0, 800.0], 'sectionNo': ['BPK8', 'BPK8', 'BPK8', 'BPK8', 'BPK8', 'BPK8', 'BPK8', 'BPK8', 'BPK8', 'BPK8', 'BPK8', 'BPK8', 'BPK8', 'BPK8', 'BPK8']}
 





 --------Finished Data Transfer for section no=BPK8--------




 --------Intiated Data Transfer for section no=BPK9--------




 chainage=900.0 sec=BPK9 row1=166 row2=181 col1=B col2=D 1
 





 {'dist': [0, 2, 5, 7, 9, 10, 12, 13, 14, 15, 16, 17, 18, 20, 21, 22], 'rl': [-2.522, -2.501, -1.701, -1.101, 1.764, 1.754, -0.016, -0.201, -0.395, -0.441, -0.396, -0.207, -0.024, 1.259, 1.279, 1.3], 'remarks': ['Ditch', '', '', '', '', 'LB', '', '', '', 'CL', '', '', '', 'RB', 'House', ''], 'chainage': [900.0, 900.0, 900.0, 900.0, 900.0, 900.0, 900.0, 900.0, 900.0, 900.0, 900.0, 900.0, 900.0, 900.0, 900.0, 900.0], 'sectionNo': ['BPK9', 'BPK9', 'BPK9', 'BPK9', 'BPK9', 'BPK9', 'BPK9', 'BPK9', 'BPK9', 'BPK9', 'BPK9', 'BPK9', 'BPK9', 'BPK9', 'BPK9', 'BPK9']}
 





 --------Finished Data Transfer for section no=BPK9--------




 --------Intiated Data Transfer for section no=BPK10--------




 chainage=1000.0 sec=BPK10 row1=194 row2=206 col1=B col2=D 1
 





 {'dist': [0, 5, 10, 11, 12, 12.5, 13, 13.5, 14, 15, 16, 20, 25], 'rl': [0.396, 0.391, 0.386, -0.024, -0.175, -0.394, -0.439, -0.389, -0.18, -0.031, 1.221, 1.226, 1.231], 'remarks': ['Paddy land', '', 'LB', '', '', '', 'CL', '', '', '', 'RB', '', 'Home stead'], 'chainage': [1000.0, 1000.0, 1000.0, 1000.0, 1000.0, 1000.0, 1000.0, 1000.0, 1000.0, 1000.0, 1000.0, 1000.0, 1000.0], 'sectionNo': ['BPK10', 'BPK10', 'BPK10', 'BPK10', 'BPK10', 'BPK10', 'BPK10', 'BPK10', 'BPK10', 'BPK10', 'BPK10', 'BPK10', 'BPK10']}
 





 --------Finished Data Transfer for section no=BPK10--------




 --------Intiated Data Transfer for section no=BPK11--------




 chainage=1100.0 sec=BPK11 row1=210 row2=224 col1=B col2=D 1
 





 {'dist': [0, 5, 10, 11, 12, 13, 14, 15, 16, 17, 18, 20, 22, 23, 25], 'rl': [0.281, 0.286, 0.291, -0.059, -0.114, -0.19, -0.229, -0.189, -0.111, -0.02, 0.641, 0.68, 0.331, 0.326, 0.321], 'remarks': ['Paddy land', '', 'LB', '', '', '', 'CL', '', '', '', 'RB', '', '', '', 'Paddy land'], 'chainage': [1100.0, 1100.0, 1100.0, 1100.0, 1100.0, 1100.0, 1100.0, 1100.0, 1100.0, 1100.0, 1100.0, 1100.0, 1100.0, 1100.0, 1100.0], 'sectionNo': ['BPK11', 'BPK11', 'BPK11', 'BPK11', 'BPK11', 'BPK11', 'BPK11', 'BPK11', 'BPK11', 'BPK11', 'BPK11', 'BPK11', 'BPK11', 'BPK11', 'BPK11']}
 





 --------Finished Data Transfer for section no=BPK11--------




 --------Intiated Data Transfer for section no=BPK12--------




 chainage=1200.0 sec=BPK12 row1=227 row2=239 col1=B col2=D 1
 





 {'dist': [0, 5, 10, 11, 12, 13, 13.5, 14, 15, 16, 17, 20, 25], 'rl': [0.274, 0.269, 0.264, -0.116, -0.326, -0.478, -0.526, -0.477, -0.277, -0.141, 1.123, 1.129, 1.134], 'remarks': ['Paddy land', '', 'LB', '', '', '', 'CL', '', '', '', 'RB', '', 'Pond bank'], 'chainage': [1200.0, 1200.0, 1200.0, 1200.0, 1200.0, 1200.0, 1200.0, 1200.0, 1200.0, 1200.0, 1200.0, 1200.0, 1200.0], 'sectionNo': ['BPK12', 'BPK12', 'BPK12', 'BPK12', 'BPK12', 'BPK12', 'BPK12', 'BPK12', 'BPK12', 'BPK12', 'BPK12', 'BPK12', 'BPK12']}
 





 --------Finished Data Transfer for section no=BPK12--------




 --------Intiated Data Transfer for section no=BPK13--------




 chainage=1300.0 sec=BPK13 row1=243 row2=255 col1=B col2=D 1
 





 {'dist': [0, 5, 10, 11, 12, 13, 13.5, 14, 15, 16, 17, 20, 25], 'rl': [0.207, 0.197, 0.147, 0.013, -0.064, -0.258, -0.273, -0.228, -0.113, -0.028, 1.067, 1.072, 1.077], 'remarks': ['Paddy land', '', 'LB', '', '', '', 'CL', '', '', '', 'RB', '', 'Pond bank'], 'chainage': [1300.0, 1300.0, 1300.0, 1300.0, 1300.0, 1300.0, 1300.0, 1300.0, 1300.0, 1300.0, 1300.0, 1300.0, 1300.0], 'sectionNo': ['BPK13', 'BPK13', 'BPK13', 'BPK13', 'BPK13', 'BPK13', 'BPK13', 'BPK13', 'BPK13', 'BPK13', 'BPK13', 'BPK13', 'BPK13']}
 





 --------Finished Data Transfer for section no=BPK13--------




 --------Intiated Data Transfer for section no=BPK14--------




 chainage=1400.0 sec=BPK14 row1=260 row2=274 col1=B col2=D 1
 





 {'dist': [0, 5, 10, 11, 12, 13, 14, 14.5, 15, 16, 17, 18, 19, 25, 30], 'rl': [0.131, 0.136, 0.161, -0.12, -0.369, -0.52, -0.62, -0.67, -0.624, -0.569, -0.389, -0.169, 0.271, 0.276, 0.286], 'remarks': ['Paddy land', '', 'LB', '', '', '', '', 'CL', '', '', '', '', 'RB', '', 'Pond bank'], 'chainage': [1400.0, 1400.0, 1400.0, 1400.0, 1400.0, 1400.0, 1400.0, 1400.0, 1400.0, 1400.0, 1400.0, 1400.0, 1400.0, 1400.0, 1400.0], 'sectionNo': ['BPK14', 'BPK14', 'BPK14', 'BPK14', 'BPK14', 'BPK14', 'BPK14', 'BPK14', 'BPK14', 'BPK14', 'BPK14', 'BPK14', 'BPK14', 'BPK14', 'BPK14']}
 





 --------Finished Data Transfer for section no=BPK14--------




 --------Intiated Data Transfer for section no=BPK15--------




 chainage=1500.0 sec=BPK15 row1=278 row2=290 col1=B col2=D 1
 





 {'dist': [0, 5, 10, 11, 12, 12.5, 13, 13.5, 14, 15, 16, 20, 25], 'rl': [0.123, 0.118, 0.113, -0.082, -0.128, -0.322, -0.337, -0.318, -0.137, 0.033, 0.332, 0.333, 0.338], 'remarks': ['Paddy land', '', 'LB', '', '', '', 'CL', '', '', '', 'RB', '', 'Paddy land'], 'chainage': [1500.0, 1500.0, 1500.0, 1500.0, 1500.0, 1500.0, 1500.0, 1500.0, 1500.0, 1500.0, 1500.0, 1500.0, 1500.0], 'sectionNo': ['BPK15', 'BPK15', 'BPK15', 'BPK15', 'BPK15', 'BPK15', 'BPK15', 'BPK15', 'BPK15', 'BPK15', 'BPK15', 'BPK15', 'BPK15']}
 





 --------Finished Data Transfer for section no=BPK15--------




 --------Intiated Data Transfer for section no=BPK16--------




 chainage=1600.0 sec=BPK16 row1=295 row2=310 col1=B col2=D 1
 





 {'dist': [0, 2, 5, 7, 9, 10, 11, 12, 12.5, 13, 13.5, 14, 15, 16, 20, 25], 'rl': [-1.991, -1.601, -1.491, -1.201, -1.101, -1.091, -0.867, -0.966, -1.052, -1.101, -1.053, -0.901, -0.806, 0.034, 0.039, 0.044], 'remarks': ['Fisheries', '', '', '', '', 'LB', '', '', '', 'CL', '', '', '', 'RB', '', 'Paddy land'], 'chainage': [1600.0, 1600.0, 1600.0, 1600.0, 1600.0, 1600.0, 1600.0, 1600.0, 1600.0, 1600.0, 1600.0, 1600.0, 1600.0, 1600.0, 1600.0, 1600.0], 'sectionNo': ['BPK16', 'BPK16', 'BPK16', 'BPK16', 'BPK16', 'BPK16', 'BPK16', 'BPK16', 'BPK16', 'BPK16', 'BPK16', 'BPK16', 'BPK16', 'BPK16', 'BPK16', 'BPK16']}
 





 --------Finished Data Transfer for section no=BPK16--------




 --------Intiated Data Transfer for section no=BPK17--------




 chainage=1700.0 sec=BPK17 row1=323 row2=339 col1=B col2=D 1
 





 {'dist': [0, 2, 5, 7, 8, 9, 10, 11, 12, 12.5, 13, 13.5, 14, 15, 16, 20, 25], 'rl': [-0.637, -0.102, 0.053, 0.098, 0.103, 1.688, 1.683, -0.072, -0.152, -0.198, -0.257, -0.207, -0.152, -0.082, 0.102, 0.108, 0.113], 'remarks': ['Fisheries', '', '', '', '', '', 'LB', '', '', '', 'CL', '', '', '', 'RB', '', 'Paddy land'], 'chainage': [1700.0, 1700.0, 1700.0, 1700.0, 1700.0, 1700.0, 1700.0, 1700.0, 1700.0, 1700.0, 1700.0, 1700.0, 1700.0, 1700.0, 1700.0, 1700.0, 1700.0], 'sectionNo': ['BPK17', 'BPK17', 'BPK17', 'BPK17', 'BPK17', 'BPK17', 'BPK17', 'BPK17', 'BPK17', 'BPK17', 'BPK17', 'BPK17', 'BPK17', 'BPK17', 'BPK17', 'BPK17', 'BPK17']}
 





 --------Finished Data Transfer for section no=BPK17--------




 --------Intiated Data Transfer for section no=BPK18--------




 chainage=1800.0 sec=BPK18 row1=342 row2=355 col1=B col2=D 1
 





 {'dist': [0, 5, 10, 11, 12, 12.5, 13, 13.5, 14, 15, 16, 18, 20, 22], 'rl': [0.008, 0.003, -0.002, -0.101, -0.143, -0.184, -0.222, -0.183, -0.148, -0.046, -0.066, -0.095, -0.444, -0.505], 'remarks': ['Open land', '', 'LB', '', '', '', 'CL', '', '', '', 'RB', '', '', 'Ditch'], 'chainage': [1800.0, 1800.0, 1800.0, 1800.0, 1800.0, 1800.0, 1800.0, 1800.0, 1800.0, 1800.0, 1800.0, 1800.0, 1800.0, 1800.0], 'sectionNo': ['BPK18', 'BPK18', 'BPK18', 'BPK18', 'BPK18', 'BPK18', 'BPK18', 'BPK18', 'BPK18', 'BPK18', 'BPK18', 'BPK18', 'BPK18', 'BPK18']}
 





 --------Finished Data Transfer for section no=BPK18--------




 --------Intiated Data Transfer for section no=BPK19--------




 chainage=1900.0 sec=BPK19 row1=358 row2=370 col1=B col2=D 1
 





 {'dist': [0, 5, 10, 11, 11.5, 12, 12.5, 13, 13.5, 14, 15, 20, 25], 'rl': [0.123, 0.118, 0.108, 0.047, -0.117, -0.172, -0.202, -0.173, -0.102, 0.012, 0.113, 0.118, 0.128], 'remarks': ['Paddy land', '', 'LB', '', '', '', 'CL', '', '', '', 'RB', '', 'Paddy land'], 'chainage': [1900.0, 1900.0, 1900.0, 1900.0, 1900.0, 1900.0, 1900.0, 1900.0, 1900.0, 1900.0, 1900.0, 1900.0, 1900.0], 'sectionNo': ['BPK19', 'BPK19', 'BPK19', 'BPK19', 'BPK19', 'BPK19', 'BPK19', 'BPK19', 'BPK19', 'BPK19', 'BPK19', 'BPK19', 'BPK19']}
 





 --------Finished Data Transfer for section no=BPK19--------




 --------Intiated Data Transfer for section no=BPK20--------




 chainage=2.02 sec=BPK20 row1=373 row2=384 col1=B col2=D 1
 





 {'dist': [0, 5, 10, 11, 11.5, 12, 12.5, 13, 13.5, 14, 20, 25], 'rl': [0.045, 0.04, 0.035, -0.21, -0.282, -0.33, -0.281, -0.241, -0.18, 0.03, 0.035, 0.04], 'remarks': ['Paddy land', '', 'LB', '', '', 'CL', '', '', '', 'RB', '', 'Paddy land'], 'chainage': [2.02, 2.02, 2.02, 2.02, 2.02, 2.02, 2.02, 2.02, 2.02, 2.02, 2.02, 2.02], 'sectionNo': ['BPK20', 'BPK20', 'BPK20', 'BPK20', 'BPK20', 'BPK20', 'BPK20', 'BPK20', 'BPK20', 'BPK20', 'BPK20', 'BPK20']}
 





 --------Finished Data Transfer for section no=BPK20--------




 Begin Building Xsection Data Sheet................
 Printing Input Data Frame.............
 


Detailed Debugging of Calcualtion of CL




 



Initiated Section no =BPK0**********************************
    Section No  Chainage (m)  Distance (m)  RL (m)     Remarks
0        BPK0           0.0           0.0   0.377   Open land
1        BPK0           0.0           5.0   0.372            
2        BPK0           0.0          10.0   0.367          LB
3        BPK0           0.0          11.0  -0.038            
4        BPK0           0.0          13.0  -0.284            
5        BPK0           0.0          14.0  -0.485            
6        BPK0           0.0          15.0  -0.533          CL
7        BPK0           0.0          16.0  -0.484            
8        BPK0           0.0          18.0  -0.285            
9        BPK0           0.0          19.0   0.033            
10       BPK0           0.0          20.0   0.416          RB
11       BPK0           0.0          25.0   0.422            
12       BPK0           0.0          30.0   0.426  Paddy land
   Section No  Chainage (m)  Distance (m)  RL (m) Remarks
6       BPK0           0.0          15.0  -0.533      CL
   Section No  Chainage (m)  Distance (m)  RL (m) Remarks
2       BPK0           0.0          10.0   0.367      LB
    Section No  Chainage (m)  Distance (m)  RL (m) Remarks
10       BPK0           0.0          20.0   0.416      RB
 sencionno=BPK0 CL distance=15.0 RL=-0.533
 Finished Section no =BPK0**********************************
 



Initiated Section no =BPK1**********************************
    Section No  Chainage (m)  Distance (m)  RL (m)     Remarks
13       BPK1         100.0           0.0   0.457  Paddy land
14       BPK1         100.0           5.0   0.452            
15       BPK1         100.0          10.0   0.447          LB
16       BPK1         100.0          11.0  -0.038            
17       BPK1         100.0          12.0  -0.184            
18       BPK1         100.0          13.0  -0.411            
19       BPK1         100.0          14.0  -0.474          CL
20       BPK1         100.0          15.0  -0.414            
21       BPK1         100.0          16.0  -0.198            
22       BPK1         100.0          17.0  -0.033            
23       BPK1         100.0          18.0   0.422          RB
24       BPK1         100.0          25.0   0.427            
25       BPK1         100.0          30.0   0.437  Paddy land
    Section No  Chainage (m)  Distance (m)  RL (m) Remarks
19       BPK1         100.0          14.0  -0.474      CL
    Section No  Chainage (m)  Distance (m)  RL (m) Remarks
15       BPK1         100.0          10.0   0.447      LB
    Section No  Chainage (m)  Distance (m)  RL (m) Remarks
23       BPK1         100.0          18.0   0.422      RB
 sencionno=BPK1 CL distance=14.0 RL=-0.474
 Finished Section no =BPK1**********************************
 



Initiated Section no =BPK2**********************************
    Section No  Chainage (m)  Distance (m)  RL (m)     Remarks
26       BPK2         200.0           0.0   0.306  Paddy land
27       BPK2         200.0           5.0   0.301            
28       BPK2         200.0          10.0   0.296          LB
29       BPK2         200.0          11.0   0.071            
30       BPK2         200.0          12.0   0.045            
31       BPK2         200.0          13.0  -0.094            
32       BPK2         200.0          14.0  -0.144          CL
33       BPK2         200.0          15.0  -0.085            
34       BPK2         200.0          16.0   0.006            
35       BPK2         200.0          17.0   0.091            
36       BPK2         200.0          18.0   0.306          RB
37       BPK2         200.0          25.0   0.311            
38       BPK2         200.0          30.0   0.316  Paddy land
    Section No  Chainage (m)  Distance (m)  RL (m) Remarks
32       BPK2         200.0          14.0  -0.144      CL
    Section No  Chainage (m)  Distance (m)  RL (m) Remarks
28       BPK2         200.0          10.0   0.296      LB
    Section No  Chainage (m)  Distance (m)  RL (m) Remarks
36       BPK2         200.0          18.0   0.306      RB
 sencionno=BPK2 CL distance=14.0 RL=-0.144
 Finished Section no =BPK2**********************************
 



Initiated Section no =BPK3**********************************
    Section No  Chainage (m)  Distance (m)  RL (m)     Remarks
39       BPK3         300.0           0.0   0.501  Paddy land
40       BPK3         300.0           5.0   0.496            
41       BPK3         300.0          10.0   0.491          LB
42       BPK3         300.0          11.0   0.291            
43       BPK3         300.0          12.0   0.116            
44       BPK3         300.0          13.0  -0.046            
45       BPK3         300.0          14.0  -0.094          CL
46       BPK3         300.0          15.0  -0.045            
47       BPK3         300.0          16.0   0.131            
48       BPK3         300.0          17.0   0.281            
49       BPK3         300.0          18.0   0.391          RB
50       BPK3         300.0          25.0   0.396            
51       BPK3         300.0          30.0   0.401  Paddy land
    Section No  Chainage (m)  Distance (m)  RL (m) Remarks
45       BPK3         300.0          14.0  -0.094      CL
    Section No  Chainage (m)  Distance (m)  RL (m) Remarks
41       BPK3         300.0          10.0   0.491      LB
    Section No  Chainage (m)  Distance (m)  RL (m) Remarks
49       BPK3         300.0          18.0   0.391      RB
 sencionno=BPK3 CL distance=14.0 RL=-0.094
 Finished Section no =BPK3**********************************
 



Initiated Section no =BPK4**********************************
    Section No  Chainage (m)  Distance (m)  RL (m)     Remarks
52       BPK4         400.0           0.0   0.513  Paddy land
53       BPK4         400.0           5.0   0.508          LB
54       BPK4         400.0          10.0   0.503            
55       BPK4         400.0          11.0   0.288            
56       BPK4         400.0          12.0   0.197            
57       BPK4         400.0          13.0   0.067            
58       BPK4         400.0          14.0   0.008          CL
59       BPK4         400.0          15.0   0.058            
60       BPK4         400.0          16.0   0.197            
61       BPK4         400.0          17.0   0.258            
62       BPK4         400.0          18.0   0.363          RB
63       BPK4         400.0          19.0   0.358            
64       BPK4         400.0          20.0  -0.942            
65       BPK4         400.0          23.0  -1.108            
66       BPK4         400.0          25.0  -1.342       Ditch
    Section No  Chainage (m)  Distance (m)  RL (m) Remarks
58       BPK4         400.0          14.0   0.008      CL
    Section No  Chainage (m)  Distance (m)  RL (m) Remarks
53       BPK4         400.0           5.0   0.508      LB
    Section No  Chainage (m)  Distance (m)  RL (m) Remarks
62       BPK4         400.0          18.0   0.363      RB
 sencionno=BPK4 CL distance=14.0 RL=0.008
 Finished Section no =BPK4**********************************
 



Initiated Section no =BPK5**********************************
    Section No  Chainage (m)  Distance (m)  RL (m)     Remarks
67       BPK5         500.0           0.0  -0.977       Ditch
68       BPK5         500.0           2.0  -0.842            
69       BPK5         500.0           3.0  -0.642            
70       BPK5         500.0           5.0   0.253            
71       BPK5         500.0           6.0   0.248          LB
72       BPK5         500.0           7.0   0.048            
73       BPK5         500.0           8.0  -0.077            
74       BPK5         500.0           9.0  -0.182            
75       BPK5         500.0          10.0  -0.232          CL
76       BPK5         500.0          11.0  -0.177            
77       BPK5         500.0          12.0  -0.073            
78       BPK5         500.0          13.0   0.077            
79       BPK5         500.0          14.0   0.548          RB
80       BPK5         500.0          20.0   0.553            
81       BPK5         500.0          25.0   0.558  Paddy land
    Section No  Chainage (m)  Distance (m)  RL (m) Remarks
75       BPK5         500.0          10.0  -0.232      CL
    Section No  Chainage (m)  Distance (m)  RL (m) Remarks
71       BPK5         500.0           6.0   0.248      LB
    Section No  Chainage (m)  Distance (m)  RL (m) Remarks
79       BPK5         500.0          14.0   0.548      RB
 sencionno=BPK5 CL distance=10.0 RL=-0.232
 Finished Section no =BPK5**********************************
 



Initiated Section no =BPK6**********************************
    Section No  Chainage (m)  Distance (m)  RL (m) Remarks
82       BPK6         600.0           0.0   2.944    Home
83       BPK6         600.0           2.0   2.954      LB
84       BPK6         600.0           4.0   0.919        
85       BPK6         600.0           5.0   0.298        
86       BPK6         600.0           6.0  -0.051        
87       BPK6         600.0           6.5  -0.101      CL
88       BPK6         600.0           7.0   0.294        
89       BPK6         600.0           8.0   0.829        
90       BPK6         600.0           9.0   1.068        
91       BPK6         600.0          11.0   2.268      RB
92       BPK6         600.0          12.0   2.274   House
93       BPK6         600.0          16.0   2.274        
    Section No  Chainage (m)  Distance (m)  RL (m) Remarks
87       BPK6         600.0           6.5  -0.101      CL
    Section No  Chainage (m)  Distance (m)  RL (m) Remarks
83       BPK6         600.0           2.0   2.954      LB
    Section No  Chainage (m)  Distance (m)  RL (m) Remarks
91       BPK6         600.0          11.0   2.268      RB
 sencionno=BPK6 CL distance=6.5 RL=-0.101
 Finished Section no =BPK6**********************************
 



Initiated Section no =BPK7**********************************
     Section No  Chainage (m)  Distance (m)  RL (m)    Remarks
94        BPK7         700.0           0.0   2.117      House
95        BPK7         700.0           2.0   2.107         LB
96        BPK7         700.0           4.0   0.017           
97        BPK7         700.0           5.0  -0.244           
98        BPK7         700.0           6.0  -0.463           
99        BPK7         700.0           6.5  -0.526         CL
100       BPK7         700.0           7.0  -0.528           
101       BPK7         700.0           8.0  -0.258           
102       BPK7         700.0           9.0  -0.049           
103       BPK7         700.0          10.0   0.207           
104       BPK7         700.0          11.0   0.207         RB
105       BPK7         700.0          15.0   0.212           
106       BPK7         700.0          20.0   0.217  Open land
    Section No  Chainage (m)  Distance (m)  RL (m) Remarks
99       BPK7         700.0           6.5  -0.526      CL
    Section No  Chainage (m)  Distance (m)  RL (m) Remarks
95       BPK7         700.0           2.0   2.107      LB
     Section No  Chainage (m)  Distance (m)  RL (m) Remarks
104       BPK7         700.0          11.0   0.207      RB
 sencionno=BPK7 CL distance=6.5 RL=-0.526
 Finished Section no =BPK7**********************************
 



Initiated Section no =BPK8**********************************
     Section No  Chainage (m)  Distance (m)  RL (m)    Remarks
107       BPK8         800.0           0.0   0.393  Open land
108       BPK8         800.0           5.0   0.391           
109       BPK8         800.0          10.0   0.391         LB
110       BPK8         800.0          11.0  -0.897           
111       BPK8         800.0          12.0  -1.048           
112       BPK8         800.0          13.0  -1.245           
113       BPK8         800.0          14.0  -1.297         CL
114       BPK8         800.0          15.0  -1.247           
115       BPK8         800.0          16.0  -1.217           
116       BPK8         800.0          17.0  -1.148           
117       BPK8         800.0          18.0  -1.048         RB
118       BPK8         800.0          20.0  -1.042           
119       BPK8         800.0          22.0  -1.348           
120       BPK8         800.0          24.0  -1.372           
121       BPK8         800.0          26.0  -1.548      Ditch
     Section No  Chainage (m)  Distance (m)  RL (m) Remarks
113       BPK8         800.0          14.0  -1.297      CL
     Section No  Chainage (m)  Distance (m)  RL (m) Remarks
109       BPK8         800.0          10.0   0.391      LB
     Section No  Chainage (m)  Distance (m)  RL (m) Remarks
117       BPK8         800.0          18.0  -1.048      RB
 sencionno=BPK8 CL distance=14.0 RL=-1.297
 Finished Section no =BPK8**********************************
 



Initiated Section no =BPK9**********************************
     Section No  Chainage (m)  Distance (m)  RL (m) Remarks
122       BPK9         900.0           0.0  -2.522   Ditch
123       BPK9         900.0           2.0  -2.501        
124       BPK9         900.0           5.0  -1.701        
125       BPK9         900.0           7.0  -1.101        
126       BPK9         900.0           9.0   1.764        
127       BPK9         900.0          10.0   1.754      LB
128       BPK9         900.0          12.0  -0.016        
129       BPK9         900.0          13.0  -0.201        
130       BPK9         900.0          14.0  -0.395        
131       BPK9         900.0          15.0  -0.441      CL
132       BPK9         900.0          16.0  -0.396        
133       BPK9         900.0          17.0  -0.207        
134       BPK9         900.0          18.0  -0.024        
135       BPK9         900.0          20.0   1.259      RB
136       BPK9         900.0          21.0   1.279   House
137       BPK9         900.0          22.0   1.300        
     Section No  Chainage (m)  Distance (m)  RL (m) Remarks
131       BPK9         900.0          15.0  -0.441      CL
     Section No  Chainage (m)  Distance (m)  RL (m) Remarks
127       BPK9         900.0          10.0   1.754      LB
     Section No  Chainage (m)  Distance (m)  RL (m) Remarks
135       BPK9         900.0          20.0   1.259      RB
 sencionno=BPK9 CL distance=15.0 RL=-0.441
 Finished Section no =BPK9**********************************
 



Initiated Section no =BPK10**********************************
     Section No  Chainage (m)  Distance (m)  RL (m)     Remarks
138      BPK10        1000.0           0.0   0.396  Paddy land
139      BPK10        1000.0           5.0   0.391            
140      BPK10        1000.0          10.0   0.386          LB
141      BPK10        1000.0          11.0  -0.024            
142      BPK10        1000.0          12.0  -0.175            
143      BPK10        1000.0          12.5  -0.394            
144      BPK10        1000.0          13.0  -0.439          CL
145      BPK10        1000.0          13.5  -0.389            
146      BPK10        1000.0          14.0  -0.180            
147      BPK10        1000.0          15.0  -0.031            
148      BPK10        1000.0          16.0   1.221          RB
149      BPK10        1000.0          20.0   1.226            
150      BPK10        1000.0          25.0   1.231  Home stead
     Section No  Chainage (m)  Distance (m)  RL (m) Remarks
144      BPK10        1000.0          13.0  -0.439      CL
     Section No  Chainage (m)  Distance (m)  RL (m) Remarks
140      BPK10        1000.0          10.0   0.386      LB
     Section No  Chainage (m)  Distance (m)  RL (m) Remarks
148      BPK10        1000.0          16.0   1.221      RB
 sencionno=BPK10 CL distance=13.0 RL=-0.439
 Finished Section no =BPK10**********************************
 



Initiated Section no =BPK11**********************************
     Section No  Chainage (m)  Distance (m)  RL (m)     Remarks
151      BPK11        1100.0           0.0   0.281  Paddy land
152      BPK11        1100.0           5.0   0.286            
153      BPK11        1100.0          10.0   0.291          LB
154      BPK11        1100.0          11.0  -0.059            
155      BPK11        1100.0          12.0  -0.114            
156      BPK11        1100.0          13.0  -0.190            
157      BPK11        1100.0          14.0  -0.229          CL
158      BPK11        1100.0          15.0  -0.189            
159      BPK11        1100.0          16.0  -0.111            
160      BPK11        1100.0          17.0  -0.020            
161      BPK11        1100.0          18.0   0.641          RB
162      BPK11        1100.0          20.0   0.680            
163      BPK11        1100.0          22.0   0.331            
164      BPK11        1100.0          23.0   0.326            
165      BPK11        1100.0          25.0   0.321  Paddy land
     Section No  Chainage (m)  Distance (m)  RL (m) Remarks
157      BPK11        1100.0          14.0  -0.229      CL
     Section No  Chainage (m)  Distance (m)  RL (m) Remarks
153      BPK11        1100.0          10.0   0.291      LB
     Section No  Chainage (m)  Distance (m)  RL (m) Remarks
161      BPK11        1100.0          18.0   0.641      RB
 sencionno=BPK11 CL distance=14.0 RL=-0.229
 Finished Section no =BPK11**********************************
 



Initiated Section no =BPK12**********************************
     Section No  Chainage (m)  Distance (m)  RL (m)     Remarks
166      BPK12        1200.0           0.0   0.274  Paddy land
167      BPK12        1200.0           5.0   0.269            
168      BPK12        1200.0          10.0   0.264          LB
169      BPK12        1200.0          11.0  -0.116            
170      BPK12        1200.0          12.0  -0.326            
171      BPK12        1200.0          13.0  -0.478            
172      BPK12        1200.0          13.5  -0.526          CL
173      BPK12        1200.0          14.0  -0.477            
174      BPK12        1200.0          15.0  -0.277            
175      BPK12        1200.0          16.0  -0.141            
176      BPK12        1200.0          17.0   1.123          RB
177      BPK12        1200.0          20.0   1.129            
178      BPK12        1200.0          25.0   1.134   Pond bank
     Section No  Chainage (m)  Distance (m)  RL (m) Remarks
172      BPK12        1200.0          13.5  -0.526      CL
     Section No  Chainage (m)  Distance (m)  RL (m) Remarks
168      BPK12        1200.0          10.0   0.264      LB
     Section No  Chainage (m)  Distance (m)  RL (m) Remarks
176      BPK12        1200.0          17.0   1.123      RB
 sencionno=BPK12 CL distance=13.5 RL=-0.526
 Finished Section no =BPK12**********************************
 



Initiated Section no =BPK13**********************************
     Section No  Chainage (m)  Distance (m)  RL (m)     Remarks
179      BPK13        1300.0           0.0   0.207  Paddy land
180      BPK13        1300.0           5.0   0.197            
181      BPK13        1300.0          10.0   0.147          LB
182      BPK13        1300.0          11.0   0.013            
183      BPK13        1300.0          12.0  -0.064            
184      BPK13        1300.0          13.0  -0.258            
185      BPK13        1300.0          13.5  -0.273          CL
186      BPK13        1300.0          14.0  -0.228            
187      BPK13        1300.0          15.0  -0.113            
188      BPK13        1300.0          16.0  -0.028            
189      BPK13        1300.0          17.0   1.067          RB
190      BPK13        1300.0          20.0   1.072            
191      BPK13        1300.0          25.0   1.077   Pond bank
     Section No  Chainage (m)  Distance (m)  RL (m) Remarks
185      BPK13        1300.0          13.5  -0.273      CL
     Section No  Chainage (m)  Distance (m)  RL (m) Remarks
181      BPK13        1300.0          10.0   0.147      LB
     Section No  Chainage (m)  Distance (m)  RL (m) Remarks
189      BPK13        1300.0          17.0   1.067      RB
 sencionno=BPK13 CL distance=13.5 RL=-0.273
 Finished Section no =BPK13**********************************
 



Initiated Section no =BPK14**********************************
     Section No  Chainage (m)  Distance (m)  RL (m)     Remarks
192      BPK14        1400.0           0.0   0.131  Paddy land
193      BPK14        1400.0           5.0   0.136            
194      BPK14        1400.0          10.0   0.161          LB
195      BPK14        1400.0          11.0  -0.120            
196      BPK14        1400.0          12.0  -0.369            
197      BPK14        1400.0          13.0  -0.520            
198      BPK14        1400.0          14.0  -0.620            
199      BPK14        1400.0          14.5  -0.670          CL
200      BPK14        1400.0          15.0  -0.624            
201      BPK14        1400.0          16.0  -0.569            
202      BPK14        1400.0          17.0  -0.389            
203      BPK14        1400.0          18.0  -0.169            
204      BPK14        1400.0          19.0   0.271          RB
205      BPK14        1400.0          25.0   0.276            
206      BPK14        1400.0          30.0   0.286   Pond bank
     Section No  Chainage (m)  Distance (m)  RL (m) Remarks
199      BPK14        1400.0          14.5   -0.67      CL
     Section No  Chainage (m)  Distance (m)  RL (m) Remarks
194      BPK14        1400.0          10.0   0.161      LB
     Section No  Chainage (m)  Distance (m)  RL (m) Remarks
204      BPK14        1400.0          19.0   0.271      RB
 sencionno=BPK14 CL distance=14.5 RL=-0.67
 Finished Section no =BPK14**********************************
 



Initiated Section no =BPK15**********************************
     Section No  Chainage (m)  Distance (m)  RL (m)     Remarks
207      BPK15        1500.0           0.0   0.123  Paddy land
208      BPK15        1500.0           5.0   0.118            
209      BPK15        1500.0          10.0   0.113          LB
210      BPK15        1500.0          11.0  -0.082            
211      BPK15        1500.0          12.0  -0.128            
212      BPK15        1500.0          12.5  -0.322            
213      BPK15        1500.0          13.0  -0.337          CL
214      BPK15        1500.0          13.5  -0.318            
215      BPK15        1500.0          14.0  -0.137            
216      BPK15        1500.0          15.0   0.033            
217      BPK15        1500.0          16.0   0.332          RB
218      BPK15        1500.0          20.0   0.333            
219      BPK15        1500.0          25.0   0.338  Paddy land
     Section No  Chainage (m)  Distance (m)  RL (m) Remarks
213      BPK15        1500.0          13.0  -0.337      CL
     Section No  Chainage (m)  Distance (m)  RL (m) Remarks
209      BPK15        1500.0          10.0   0.113      LB
     Section No  Chainage (m)  Distance (m)  RL (m) Remarks
217      BPK15        1500.0          16.0   0.332      RB
 sencionno=BPK15 CL distance=13.0 RL=-0.337
 Finished Section no =BPK15**********************************
 



Initiated Section no =BPK16**********************************
     Section No  Chainage (m)  Distance (m)  RL (m)     Remarks
220      BPK16        1600.0           0.0  -1.991   Fisheries
221      BPK16        1600.0           2.0  -1.601            
222      BPK16        1600.0           5.0  -1.491            
223      BPK16        1600.0           7.0  -1.201            
224      BPK16        1600.0           9.0  -1.101            
225      BPK16        1600.0          10.0  -1.091          LB
226      BPK16        1600.0          11.0  -0.867            
227      BPK16        1600.0          12.0  -0.966            
228      BPK16        1600.0          12.5  -1.052            
229      BPK16        1600.0          13.0  -1.101          CL
230      BPK16        1600.0          13.5  -1.053            
231      BPK16        1600.0          14.0  -0.901            
232      BPK16        1600.0          15.0  -0.806            
233      BPK16        1600.0          16.0   0.034          RB
234      BPK16        1600.0          20.0   0.039            
235      BPK16        1600.0          25.0   0.044  Paddy land
     Section No  Chainage (m)  Distance (m)  RL (m) Remarks
229      BPK16        1600.0          13.0  -1.101      CL
     Section No  Chainage (m)  Distance (m)  RL (m) Remarks
225      BPK16        1600.0          10.0  -1.091      LB
     Section No  Chainage (m)  Distance (m)  RL (m) Remarks
233      BPK16        1600.0          16.0   0.034      RB
 sencionno=BPK16 CL distance=13.0 RL=-1.101
 Finished Section no =BPK16**********************************
 



Initiated Section no =BPK17**********************************
     Section No  Chainage (m)  Distance (m)  RL (m)     Remarks
236      BPK17        1700.0           0.0  -0.637   Fisheries
237      BPK17        1700.0           2.0  -0.102            
238      BPK17        1700.0           5.0   0.053            
239      BPK17        1700.0           7.0   0.098            
240      BPK17        1700.0           8.0   0.103            
241      BPK17        1700.0           9.0   1.688            
242      BPK17        1700.0          10.0   1.683          LB
243      BPK17        1700.0          11.0  -0.072            
244      BPK17        1700.0          12.0  -0.152            
245      BPK17        1700.0          12.5  -0.198            
246      BPK17        1700.0          13.0  -0.257          CL
247      BPK17        1700.0          13.5  -0.207            
248      BPK17        1700.0          14.0  -0.152            
249      BPK17        1700.0          15.0  -0.082            
250      BPK17        1700.0          16.0   0.102          RB
251      BPK17        1700.0          20.0   0.108            
252      BPK17        1700.0          25.0   0.113  Paddy land
     Section No  Chainage (m)  Distance (m)  RL (m) Remarks
246      BPK17        1700.0          13.0  -0.257      CL
     Section No  Chainage (m)  Distance (m)  RL (m) Remarks
242      BPK17        1700.0          10.0   1.683      LB
     Section No  Chainage (m)  Distance (m)  RL (m) Remarks
250      BPK17        1700.0          16.0   0.102      RB
 sencionno=BPK17 CL distance=13.0 RL=-0.257
 Finished Section no =BPK17**********************************
 



Initiated Section no =BPK18**********************************
     Section No  Chainage (m)  Distance (m)  RL (m)    Remarks
253      BPK18        1800.0           0.0   0.008  Open land
254      BPK18        1800.0           5.0   0.003           
255      BPK18        1800.0          10.0  -0.002         LB
256      BPK18        1800.0          11.0  -0.101           
257      BPK18        1800.0          12.0  -0.143           
258      BPK18        1800.0          12.5  -0.184           
259      BPK18        1800.0          13.0  -0.222         CL
260      BPK18        1800.0          13.5  -0.183           
261      BPK18        1800.0          14.0  -0.148           
262      BPK18        1800.0          15.0  -0.046           
263      BPK18        1800.0          16.0  -0.066         RB
264      BPK18        1800.0          18.0  -0.095           
265      BPK18        1800.0          20.0  -0.444           
266      BPK18        1800.0          22.0  -0.505      Ditch
     Section No  Chainage (m)  Distance (m)  RL (m) Remarks
259      BPK18        1800.0          13.0  -0.222      CL
     Section No  Chainage (m)  Distance (m)  RL (m) Remarks
255      BPK18        1800.0          10.0  -0.002      LB
     Section No  Chainage (m)  Distance (m)  RL (m) Remarks
263      BPK18        1800.0          16.0  -0.066      RB
 sencionno=BPK18 CL distance=13.0 RL=-0.222
 Finished Section no =BPK18**********************************
 



Initiated Section no =BPK19**********************************
     Section No  Chainage (m)  Distance (m)  RL (m)     Remarks
267      BPK19        1900.0           0.0   0.123  Paddy land
268      BPK19        1900.0           5.0   0.118            
269      BPK19        1900.0          10.0   0.108          LB
270      BPK19        1900.0          11.0   0.047            
271      BPK19        1900.0          11.5  -0.117            
272      BPK19        1900.0          12.0  -0.172            
273      BPK19        1900.0          12.5  -0.202          CL
274      BPK19        1900.0          13.0  -0.173            
275      BPK19        1900.0          13.5  -0.102            
276      BPK19        1900.0          14.0   0.012            
277      BPK19        1900.0          15.0   0.113          RB
278      BPK19        1900.0          20.0   0.118            
279      BPK19        1900.0          25.0   0.128  Paddy land
     Section No  Chainage (m)  Distance (m)  RL (m) Remarks
273      BPK19        1900.0          12.5  -0.202      CL
     Section No  Chainage (m)  Distance (m)  RL (m) Remarks
269      BPK19        1900.0          10.0   0.108      LB
     Section No  Chainage (m)  Distance (m)  RL (m) Remarks
277      BPK19        1900.0          15.0   0.113      RB
 sencionno=BPK19 CL distance=12.5 RL=-0.202
 Finished Section no =BPK19**********************************
 



Initiated Section no =BPK20**********************************
     Section No  Chainage (m)  Distance (m)  RL (m)     Remarks
280      BPK20          2.02           0.0   0.045  Paddy land
281      BPK20          2.02           5.0   0.040            
282      BPK20          2.02          10.0   0.035          LB
283      BPK20          2.02          11.0  -0.210            
284      BPK20          2.02          11.5  -0.282            
285      BPK20          2.02          12.0  -0.330          CL
286      BPK20          2.02          12.5  -0.281            
287      BPK20          2.02          13.0  -0.241            
288      BPK20          2.02          13.5  -0.180            
289      BPK20          2.02          14.0   0.030          RB
290      BPK20          2.02          20.0   0.035            
291      BPK20          2.02          25.0   0.040  Paddy land
     Section No  Chainage (m)  Distance (m)  RL (m) Remarks
285      BPK20          2.02          12.0   -0.33      CL
     Section No  Chainage (m)  Distance (m)  RL (m) Remarks
282      BPK20          2.02          10.0   0.035      LB
     Section No  Chainage (m)  Distance (m)  RL (m) Remarks
289      BPK20          2.02          14.0    0.03      RB
 sencionno=BPK20 CL distance=12.0 RL=-0.33
 Finished Section no =BPK20**********************************
 Finished Building Xsection Data Sheet................
 


Detailed Debugging of Calcualtion of CL




 



Initiated Section no =BPK0**********************************
    Section No  Chainage (m)  Distance (m)  RL (m)     Remarks
0        BPK0           0.0           0.0   0.377   Open land
1        BPK0           0.0           5.0   0.372            
2        BPK0           0.0          10.0   0.367          LB
3        BPK0           0.0          11.0  -0.038            
4        BPK0           0.0          13.0  -0.284            
5        BPK0           0.0          14.0  -0.485            
6        BPK0           0.0          15.0  -0.533          CL
7        BPK0           0.0          16.0  -0.484            
8        BPK0           0.0          18.0  -0.285            
9        BPK0           0.0          19.0   0.033            
10       BPK0           0.0          20.0   0.416          RB
11       BPK0           0.0          25.0   0.422            
12       BPK0           0.0          30.0   0.426  Paddy land
   Section No  Chainage (m)  Distance (m)  RL (m) Remarks
6       BPK0           0.0          15.0  -0.533      CL
   Section No  Chainage (m)  Distance (m)  RL (m) Remarks
2       BPK0           0.0          10.0   0.367      LB
    Section No  Chainage (m)  Distance (m)  RL (m) Remarks
10       BPK0           0.0          20.0   0.416      RB
 sencionno=BPK0 CL distance=15.0 RL=-0.533
 Finished Section no =BPK0**********************************
 



Initiated Section no =BPK1**********************************
    Section No  Chainage (m)  Distance (m)  RL (m)     Remarks
13       BPK1         100.0           0.0   0.457  Paddy land
14       BPK1         100.0           5.0   0.452            
15       BPK1         100.0          10.0   0.447          LB
16       BPK1         100.0          11.0  -0.038            
17       BPK1         100.0          12.0  -0.184            
18       BPK1         100.0          13.0  -0.411            
19       BPK1         100.0          14.0  -0.474          CL
20       BPK1         100.0          15.0  -0.414            
21       BPK1         100.0          16.0  -0.198            
22       BPK1         100.0          17.0  -0.033            
23       BPK1         100.0          18.0   0.422          RB
24       BPK1         100.0          25.0   0.427            
25       BPK1         100.0          30.0   0.437  Paddy land
    Section No  Chainage (m)  Distance (m)  RL (m) Remarks
19       BPK1         100.0          14.0  -0.474      CL
    Section No  Chainage (m)  Distance (m)  RL (m) Remarks
15       BPK1         100.0          10.0   0.447      LB
    Section No  Chainage (m)  Distance (m)  RL (m) Remarks
23       BPK1         100.0          18.0   0.422      RB
 sencionno=BPK1 CL distance=14.0 RL=-0.474
 Finished Section no =BPK1**********************************
 



Initiated Section no =BPK2**********************************
    Section No  Chainage (m)  Distance (m)  RL (m)     Remarks
26       BPK2         200.0           0.0   0.306  Paddy land
27       BPK2         200.0           5.0   0.301            
28       BPK2         200.0          10.0   0.296          LB
29       BPK2         200.0          11.0   0.071            
30       BPK2         200.0          12.0   0.045            
31       BPK2         200.0          13.0  -0.094            
32       BPK2         200.0          14.0  -0.144          CL
33       BPK2         200.0          15.0  -0.085            
34       BPK2         200.0          16.0   0.006            
35       BPK2         200.0          17.0   0.091            
36       BPK2         200.0          18.0   0.306          RB
37       BPK2         200.0          25.0   0.311            
38       BPK2         200.0          30.0   0.316  Paddy land
    Section No  Chainage (m)  Distance (m)  RL (m) Remarks
32       BPK2         200.0          14.0  -0.144      CL
    Section No  Chainage (m)  Distance (m)  RL (m) Remarks
28       BPK2         200.0          10.0   0.296      LB
    Section No  Chainage (m)  Distance (m)  RL (m) Remarks
36       BPK2         200.0          18.0   0.306      RB
 sencionno=BPK2 CL distance=14.0 RL=-0.144
 Finished Section no =BPK2**********************************
 



Initiated Section no =BPK3**********************************
    Section No  Chainage (m)  Distance (m)  RL (m)     Remarks
39       BPK3         300.0           0.0   0.501  Paddy land
40       BPK3         300.0           5.0   0.496            
41       BPK3         300.0          10.0   0.491          LB
42       BPK3         300.0          11.0   0.291            
43       BPK3         300.0          12.0   0.116            
44       BPK3         300.0          13.0  -0.046            
45       BPK3         300.0          14.0  -0.094          CL
46       BPK3         300.0          15.0  -0.045            
47       BPK3         300.0          16.0   0.131            
48       BPK3         300.0          17.0   0.281            
49       BPK3         300.0          18.0   0.391          RB
50       BPK3         300.0          25.0   0.396            
51       BPK3         300.0          30.0   0.401  Paddy land
    Section No  Chainage (m)  Distance (m)  RL (m) Remarks
45       BPK3         300.0          14.0  -0.094      CL
    Section No  Chainage (m)  Distance (m)  RL (m) Remarks
41       BPK3         300.0          10.0   0.491      LB
    Section No  Chainage (m)  Distance (m)  RL (m) Remarks
49       BPK3         300.0          18.0   0.391      RB
 sencionno=BPK3 CL distance=14.0 RL=-0.094
 Finished Section no =BPK3**********************************
 



Initiated Section no =BPK4**********************************
    Section No  Chainage (m)  Distance (m)  RL (m)     Remarks
52       BPK4         400.0           0.0   0.513  Paddy land
53       BPK4         400.0           5.0   0.508          LB
54       BPK4         400.0          10.0   0.503            
55       BPK4         400.0          11.0   0.288            
56       BPK4         400.0          12.0   0.197            
57       BPK4         400.0          13.0   0.067            
58       BPK4         400.0          14.0   0.008          CL
59       BPK4         400.0          15.0   0.058            
60       BPK4         400.0          16.0   0.197            
61       BPK4         400.0          17.0   0.258            
62       BPK4         400.0          18.0   0.363          RB
63       BPK4         400.0          19.0   0.358            
64       BPK4         400.0          20.0  -0.942            
65       BPK4         400.0          23.0  -1.108            
66       BPK4         400.0          25.0  -1.342       Ditch
    Section No  Chainage (m)  Distance (m)  RL (m) Remarks
58       BPK4         400.0          14.0   0.008      CL
    Section No  Chainage (m)  Distance (m)  RL (m) Remarks
53       BPK4         400.0           5.0   0.508      LB
    Section No  Chainage (m)  Distance (m)  RL (m) Remarks
62       BPK4         400.0          18.0   0.363      RB
 sencionno=BPK4 CL distance=14.0 RL=0.008
 Finished Section no =BPK4**********************************
 



Initiated Section no =BPK5**********************************
    Section No  Chainage (m)  Distance (m)  RL (m)     Remarks
67       BPK5         500.0           0.0  -0.977       Ditch
68       BPK5         500.0           2.0  -0.842            
69       BPK5         500.0           3.0  -0.642            
70       BPK5         500.0           5.0   0.253            
71       BPK5         500.0           6.0   0.248          LB
72       BPK5         500.0           7.0   0.048            
73       BPK5         500.0           8.0  -0.077            
74       BPK5         500.0           9.0  -0.182            
75       BPK5         500.0          10.0  -0.232          CL
76       BPK5         500.0          11.0  -0.177            
77       BPK5         500.0          12.0  -0.073            
78       BPK5         500.0          13.0   0.077            
79       BPK5         500.0          14.0   0.548          RB
80       BPK5         500.0          20.0   0.553            
81       BPK5         500.0          25.0   0.558  Paddy land
    Section No  Chainage (m)  Distance (m)  RL (m) Remarks
75       BPK5         500.0          10.0  -0.232      CL
    Section No  Chainage (m)  Distance (m)  RL (m) Remarks
71       BPK5         500.0           6.0   0.248      LB
    Section No  Chainage (m)  Distance (m)  RL (m) Remarks
79       BPK5         500.0          14.0   0.548      RB
 sencionno=BPK5 CL distance=10.0 RL=-0.232
 Finished Section no =BPK5**********************************
 



Initiated Section no =BPK6**********************************
    Section No  Chainage (m)  Distance (m)  RL (m) Remarks
82       BPK6         600.0           0.0   2.944    Home
83       BPK6         600.0           2.0   2.954      LB
84       BPK6         600.0           4.0   0.919        
85       BPK6         600.0           5.0   0.298        
86       BPK6         600.0           6.0  -0.051        
87       BPK6         600.0           6.5  -0.101      CL
88       BPK6         600.0           7.0   0.294        
89       BPK6         600.0           8.0   0.829        
90       BPK6         600.0           9.0   1.068        
91       BPK6         600.0          11.0   2.268      RB
92       BPK6         600.0          12.0   2.274   House
93       BPK6         600.0          16.0   2.274        
    Section No  Chainage (m)  Distance (m)  RL (m) Remarks
87       BPK6         600.0           6.5  -0.101      CL
    Section No  Chainage (m)  Distance (m)  RL (m) Remarks
83       BPK6         600.0           2.0   2.954      LB
    Section No  Chainage (m)  Distance (m)  RL (m) Remarks
91       BPK6         600.0          11.0   2.268      RB
 sencionno=BPK6 CL distance=6.5 RL=-0.101
 Finished Section no =BPK6**********************************
 



Initiated Section no =BPK7**********************************
     Section No  Chainage (m)  Distance (m)  RL (m)    Remarks
94        BPK7         700.0           0.0   2.117      House
95        BPK7         700.0           2.0   2.107         LB
96        BPK7         700.0           4.0   0.017           
97        BPK7         700.0           5.0  -0.244           
98        BPK7         700.0           6.0  -0.463           
99        BPK7         700.0           6.5  -0.526         CL
100       BPK7         700.0           7.0  -0.528           
101       BPK7         700.0           8.0  -0.258           
102       BPK7         700.0           9.0  -0.049           
103       BPK7         700.0          10.0   0.207           
104       BPK7         700.0          11.0   0.207         RB
105       BPK7         700.0          15.0   0.212           
106       BPK7         700.0          20.0   0.217  Open land
    Section No  Chainage (m)  Distance (m)  RL (m) Remarks
99       BPK7         700.0           6.5  -0.526      CL
    Section No  Chainage (m)  Distance (m)  RL (m) Remarks
95       BPK7         700.0           2.0   2.107      LB
     Section No  Chainage (m)  Distance (m)  RL (m) Remarks
104       BPK7         700.0          11.0   0.207      RB
 sencionno=BPK7 CL distance=6.5 RL=-0.526
 Finished Section no =BPK7**********************************
 



Initiated Section no =BPK8**********************************
     Section No  Chainage (m)  Distance (m)  RL (m)    Remarks
107       BPK8         800.0           0.0   0.393  Open land
108       BPK8         800.0           5.0   0.391           
109       BPK8         800.0          10.0   0.391         LB
110       BPK8         800.0          11.0  -0.897           
111       BPK8         800.0          12.0  -1.048           
112       BPK8         800.0          13.0  -1.245           
113       BPK8         800.0          14.0  -1.297         CL
114       BPK8         800.0          15.0  -1.247           
115       BPK8         800.0          16.0  -1.217           
116       BPK8         800.0          17.0  -1.148           
117       BPK8         800.0          18.0  -1.048         RB
118       BPK8         800.0          20.0  -1.042           
119       BPK8         800.0          22.0  -1.348           
120       BPK8         800.0          24.0  -1.372           
121       BPK8         800.0          26.0  -1.548      Ditch
     Section No  Chainage (m)  Distance (m)  RL (m) Remarks
113       BPK8         800.0          14.0  -1.297      CL
     Section No  Chainage (m)  Distance (m)  RL (m) Remarks
109       BPK8         800.0          10.0   0.391      LB
     Section No  Chainage (m)  Distance (m)  RL (m) Remarks
117       BPK8         800.0          18.0  -1.048      RB
 sencionno=BPK8 CL distance=14.0 RL=-1.297
 Finished Section no =BPK8**********************************
 



Initiated Section no =BPK9**********************************
     Section No  Chainage (m)  Distance (m)  RL (m) Remarks
122       BPK9         900.0           0.0  -2.522   Ditch
123       BPK9         900.0           2.0  -2.501        
124       BPK9         900.0           5.0  -1.701        
125       BPK9         900.0           7.0  -1.101        
126       BPK9         900.0           9.0   1.764        
127       BPK9         900.0          10.0   1.754      LB
128       BPK9         900.0          12.0  -0.016        
129       BPK9         900.0          13.0  -0.201        
130       BPK9         900.0          14.0  -0.395        
131       BPK9         900.0          15.0  -0.441      CL
132       BPK9         900.0          16.0  -0.396        
133       BPK9         900.0          17.0  -0.207        
134       BPK9         900.0          18.0  -0.024        
135       BPK9         900.0          20.0   1.259      RB
136       BPK9         900.0          21.0   1.279   House
137       BPK9         900.0          22.0   1.300        
     Section No  Chainage (m)  Distance (m)  RL (m) Remarks
131       BPK9         900.0          15.0  -0.441      CL
     Section No  Chainage (m)  Distance (m)  RL (m) Remarks
127       BPK9         900.0          10.0   1.754      LB
     Section No  Chainage (m)  Distance (m)  RL (m) Remarks
135       BPK9         900.0          20.0   1.259      RB
 sencionno=BPK9 CL distance=15.0 RL=-0.441
 Finished Section no =BPK9**********************************
 



Initiated Section no =BPK10**********************************
     Section No  Chainage (m)  Distance (m)  RL (m)     Remarks
138      BPK10        1000.0           0.0   0.396  Paddy land
139      BPK10        1000.0           5.0   0.391            
140      BPK10        1000.0          10.0   0.386          LB
141      BPK10        1000.0          11.0  -0.024            
142      BPK10        1000.0          12.0  -0.175            
143      BPK10        1000.0          12.5  -0.394            
144      BPK10        1000.0          13.0  -0.439          CL
145      BPK10        1000.0          13.5  -0.389            
146      BPK10        1000.0          14.0  -0.180            
147      BPK10        1000.0          15.0  -0.031            
148      BPK10        1000.0          16.0   1.221          RB
149      BPK10        1000.0          20.0   1.226            
150      BPK10        1000.0          25.0   1.231  Home stead
     Section No  Chainage (m)  Distance (m)  RL (m) Remarks
144      BPK10        1000.0          13.0  -0.439      CL
     Section No  Chainage (m)  Distance (m)  RL (m) Remarks
140      BPK10        1000.0          10.0   0.386      LB
     Section No  Chainage (m)  Distance (m)  RL (m) Remarks
148      BPK10        1000.0          16.0   1.221      RB
 sencionno=BPK10 CL distance=13.0 RL=-0.439
 Finished Section no =BPK10**********************************
 



Initiated Section no =BPK11**********************************
     Section No  Chainage (m)  Distance (m)  RL (m)     Remarks
151      BPK11        1100.0           0.0   0.281  Paddy land
152      BPK11        1100.0           5.0   0.286            
153      BPK11        1100.0          10.0   0.291          LB
154      BPK11        1100.0          11.0  -0.059            
155      BPK11        1100.0          12.0  -0.114            
156      BPK11        1100.0          13.0  -0.190            
157      BPK11        1100.0          14.0  -0.229          CL
158      BPK11        1100.0          15.0  -0.189            
159      BPK11        1100.0          16.0  -0.111            
160      BPK11        1100.0          17.0  -0.020            
161      BPK11        1100.0          18.0   0.641          RB
162      BPK11        1100.0          20.0   0.680            
163      BPK11        1100.0          22.0   0.331            
164      BPK11        1100.0          23.0   0.326            
165      BPK11        1100.0          25.0   0.321  Paddy land
     Section No  Chainage (m)  Distance (m)  RL (m) Remarks
157      BPK11        1100.0          14.0  -0.229      CL
     Section No  Chainage (m)  Distance (m)  RL (m) Remarks
153      BPK11        1100.0          10.0   0.291      LB
     Section No  Chainage (m)  Distance (m)  RL (m) Remarks
161      BPK11        1100.0          18.0   0.641      RB
 sencionno=BPK11 CL distance=14.0 RL=-0.229
 Finished Section no =BPK11**********************************
 



Initiated Section no =BPK12**********************************
     Section No  Chainage (m)  Distance (m)  RL (m)     Remarks
166      BPK12        1200.0           0.0   0.274  Paddy land
167      BPK12        1200.0           5.0   0.269            
168      BPK12        1200.0          10.0   0.264          LB
169      BPK12        1200.0          11.0  -0.116            
170      BPK12        1200.0          12.0  -0.326            
171      BPK12        1200.0          13.0  -0.478            
172      BPK12        1200.0          13.5  -0.526          CL
173      BPK12        1200.0          14.0  -0.477            
174      BPK12        1200.0          15.0  -0.277            
175      BPK12        1200.0          16.0  -0.141            
176      BPK12        1200.0          17.0   1.123          RB
177      BPK12        1200.0          20.0   1.129            
178      BPK12        1200.0          25.0   1.134   Pond bank
     Section No  Chainage (m)  Distance (m)  RL (m) Remarks
172      BPK12        1200.0          13.5  -0.526      CL
     Section No  Chainage (m)  Distance (m)  RL (m) Remarks
168      BPK12        1200.0          10.0   0.264      LB
     Section No  Chainage (m)  Distance (m)  RL (m) Remarks
176      BPK12        1200.0          17.0   1.123      RB
 sencionno=BPK12 CL distance=13.5 RL=-0.526
 Finished Section no =BPK12**********************************
 



Initiated Section no =BPK13**********************************
     Section No  Chainage (m)  Distance (m)  RL (m)     Remarks
179      BPK13        1300.0           0.0   0.207  Paddy land
180      BPK13        1300.0           5.0   0.197            
181      BPK13        1300.0          10.0   0.147          LB
182      BPK13        1300.0          11.0   0.013            
183      BPK13        1300.0          12.0  -0.064            
184      BPK13        1300.0          13.0  -0.258            
185      BPK13        1300.0          13.5  -0.273          CL
186      BPK13        1300.0          14.0  -0.228            
187      BPK13        1300.0          15.0  -0.113            
188      BPK13        1300.0          16.0  -0.028            
189      BPK13        1300.0          17.0   1.067          RB
190      BPK13        1300.0          20.0   1.072            
191      BPK13        1300.0          25.0   1.077   Pond bank
     Section No  Chainage (m)  Distance (m)  RL (m) Remarks
185      BPK13        1300.0          13.5  -0.273      CL
     Section No  Chainage (m)  Distance (m)  RL (m) Remarks
181      BPK13        1300.0          10.0   0.147      LB
     Section No  Chainage (m)  Distance (m)  RL (m) Remarks
189      BPK13        1300.0          17.0   1.067      RB
 sencionno=BPK13 CL distance=13.5 RL=-0.273
 Finished Section no =BPK13**********************************
 



Initiated Section no =BPK14**********************************
     Section No  Chainage (m)  Distance (m)  RL (m)     Remarks
192      BPK14        1400.0           0.0   0.131  Paddy land
193      BPK14        1400.0           5.0   0.136            
194      BPK14        1400.0          10.0   0.161          LB
195      BPK14        1400.0          11.0  -0.120            
196      BPK14        1400.0          12.0  -0.369            
197      BPK14        1400.0          13.0  -0.520            
198      BPK14        1400.0          14.0  -0.620            
199      BPK14        1400.0          14.5  -0.670          CL
200      BPK14        1400.0          15.0  -0.624            
201      BPK14        1400.0          16.0  -0.569            
202      BPK14        1400.0          17.0  -0.389            
203      BPK14        1400.0          18.0  -0.169            
204      BPK14        1400.0          19.0   0.271          RB
205      BPK14        1400.0          25.0   0.276            
206      BPK14        1400.0          30.0   0.286   Pond bank
     Section No  Chainage (m)  Distance (m)  RL (m) Remarks
199      BPK14        1400.0          14.5   -0.67      CL
     Section No  Chainage (m)  Distance (m)  RL (m) Remarks
194      BPK14        1400.0          10.0   0.161      LB
     Section No  Chainage (m)  Distance (m)  RL (m) Remarks
204      BPK14        1400.0          19.0   0.271      RB
 sencionno=BPK14 CL distance=14.5 RL=-0.67
 Finished Section no =BPK14**********************************
 



Initiated Section no =BPK15**********************************
     Section No  Chainage (m)  Distance (m)  RL (m)     Remarks
207      BPK15        1500.0           0.0   0.123  Paddy land
208      BPK15        1500.0           5.0   0.118            
209      BPK15        1500.0          10.0   0.113          LB
210      BPK15        1500.0          11.0  -0.082            
211      BPK15        1500.0          12.0  -0.128            
212      BPK15        1500.0          12.5  -0.322            
213      BPK15        1500.0          13.0  -0.337          CL
214      BPK15        1500.0          13.5  -0.318            
215      BPK15        1500.0          14.0  -0.137            
216      BPK15        1500.0          15.0   0.033            
217      BPK15        1500.0          16.0   0.332          RB
218      BPK15        1500.0          20.0   0.333            
219      BPK15        1500.0          25.0   0.338  Paddy land
     Section No  Chainage (m)  Distance (m)  RL (m) Remarks
213      BPK15        1500.0          13.0  -0.337      CL
     Section No  Chainage (m)  Distance (m)  RL (m) Remarks
209      BPK15        1500.0          10.0   0.113      LB
     Section No  Chainage (m)  Distance (m)  RL (m) Remarks
217      BPK15        1500.0          16.0   0.332      RB
 sencionno=BPK15 CL distance=13.0 RL=-0.337
 Finished Section no =BPK15**********************************
 



Initiated Section no =BPK16**********************************
     Section No  Chainage (m)  Distance (m)  RL (m)     Remarks
220      BPK16        1600.0           0.0  -1.991   Fisheries
221      BPK16        1600.0           2.0  -1.601            
222      BPK16        1600.0           5.0  -1.491            
223      BPK16        1600.0           7.0  -1.201            
224      BPK16        1600.0           9.0  -1.101            
225      BPK16        1600.0          10.0  -1.091          LB
226      BPK16        1600.0          11.0  -0.867            
227      BPK16        1600.0          12.0  -0.966            
228      BPK16        1600.0          12.5  -1.052            
229      BPK16        1600.0          13.0  -1.101          CL
230      BPK16        1600.0          13.5  -1.053            
231      BPK16        1600.0          14.0  -0.901            
232      BPK16        1600.0          15.0  -0.806            
233      BPK16        1600.0          16.0   0.034          RB
234      BPK16        1600.0          20.0   0.039            
235      BPK16        1600.0          25.0   0.044  Paddy land
     Section No  Chainage (m)  Distance (m)  RL (m) Remarks
229      BPK16        1600.0          13.0  -1.101      CL
     Section No  Chainage (m)  Distance (m)  RL (m) Remarks
225      BPK16        1600.0          10.0  -1.091      LB
     Section No  Chainage (m)  Distance (m)  RL (m) Remarks
233      BPK16        1600.0          16.0   0.034      RB
 sencionno=BPK16 CL distance=13.0 RL=-1.101
 Finished Section no =BPK16**********************************
 



Initiated Section no =BPK17**********************************
     Section No  Chainage (m)  Distance (m)  RL (m)     Remarks
236      BPK17        1700.0           0.0  -0.637   Fisheries
237      BPK17        1700.0           2.0  -0.102            
238      BPK17        1700.0           5.0   0.053            
239      BPK17        1700.0           7.0   0.098            
240      BPK17        1700.0           8.0   0.103            
241      BPK17        1700.0           9.0   1.688            
242      BPK17        1700.0          10.0   1.683          LB
243      BPK17        1700.0          11.0  -0.072            
244      BPK17        1700.0          12.0  -0.152            
245      BPK17        1700.0          12.5  -0.198            
246      BPK17        1700.0          13.0  -0.257          CL
247      BPK17        1700.0          13.5  -0.207            
248      BPK17        1700.0          14.0  -0.152            
249      BPK17        1700.0          15.0  -0.082            
250      BPK17        1700.0          16.0   0.102          RB
251      BPK17        1700.0          20.0   0.108            
252      BPK17        1700.0          25.0   0.113  Paddy land
     Section No  Chainage (m)  Distance (m)  RL (m) Remarks
246      BPK17        1700.0          13.0  -0.257      CL
     Section No  Chainage (m)  Distance (m)  RL (m) Remarks
242      BPK17        1700.0          10.0   1.683      LB
     Section No  Chainage (m)  Distance (m)  RL (m) Remarks
250      BPK17        1700.0          16.0   0.102      RB
 sencionno=BPK17 CL distance=13.0 RL=-0.257
 Finished Section no =BPK17**********************************
 



Initiated Section no =BPK18**********************************
     Section No  Chainage (m)  Distance (m)  RL (m)    Remarks
253      BPK18        1800.0           0.0   0.008  Open land
254      BPK18        1800.0           5.0   0.003           
255      BPK18        1800.0          10.0  -0.002         LB
256      BPK18        1800.0          11.0  -0.101           
257      BPK18        1800.0          12.0  -0.143           
258      BPK18        1800.0          12.5  -0.184           
259      BPK18        1800.0          13.0  -0.222         CL
260      BPK18        1800.0          13.5  -0.183           
261      BPK18        1800.0          14.0  -0.148           
262      BPK18        1800.0          15.0  -0.046           
263      BPK18        1800.0          16.0  -0.066         RB
264      BPK18        1800.0          18.0  -0.095           
265      BPK18        1800.0          20.0  -0.444           
266      BPK18        1800.0          22.0  -0.505      Ditch
     Section No  Chainage (m)  Distance (m)  RL (m) Remarks
259      BPK18        1800.0          13.0  -0.222      CL
     Section No  Chainage (m)  Distance (m)  RL (m) Remarks
255      BPK18        1800.0          10.0  -0.002      LB
     Section No  Chainage (m)  Distance (m)  RL (m) Remarks
263      BPK18        1800.0          16.0  -0.066      RB
 sencionno=BPK18 CL distance=13.0 RL=-0.222
 Finished Section no =BPK18**********************************
 



Initiated Section no =BPK19**********************************
     Section No  Chainage (m)  Distance (m)  RL (m)     Remarks
267      BPK19        1900.0           0.0   0.123  Paddy land
268      BPK19        1900.0           5.0   0.118            
269      BPK19        1900.0          10.0   0.108          LB
270      BPK19        1900.0          11.0   0.047            
271      BPK19        1900.0          11.5  -0.117            
272      BPK19        1900.0          12.0  -0.172            
273      BPK19        1900.0          12.5  -0.202          CL
274      BPK19        1900.0          13.0  -0.173            
275      BPK19        1900.0          13.5  -0.102            
276      BPK19        1900.0          14.0   0.012            
277      BPK19        1900.0          15.0   0.113          RB
278      BPK19        1900.0          20.0   0.118            
279      BPK19        1900.0          25.0   0.128  Paddy land
     Section No  Chainage (m)  Distance (m)  RL (m) Remarks
273      BPK19        1900.0          12.5  -0.202      CL
     Section No  Chainage (m)  Distance (m)  RL (m) Remarks
269      BPK19        1900.0          10.0   0.108      LB
     Section No  Chainage (m)  Distance (m)  RL (m) Remarks
277      BPK19        1900.0          15.0   0.113      RB
 sencionno=BPK19 CL distance=12.5 RL=-0.202
 Finished Section no =BPK19**********************************
 



Initiated Section no =BPK20**********************************
     Section No  Chainage (m)  Distance (m)  RL (m)     Remarks
280      BPK20          2.02           0.0   0.045  Paddy land
281      BPK20          2.02           5.0   0.040            
282      BPK20          2.02          10.0   0.035          LB
283      BPK20          2.02          11.0  -0.210            
284      BPK20          2.02          11.5  -0.282            
285      BPK20          2.02          12.0  -0.330          CL
286      BPK20          2.02          12.5  -0.281            
287      BPK20          2.02          13.0  -0.241            
288      BPK20          2.02          13.5  -0.180            
289      BPK20          2.02          14.0   0.030          RB
290      BPK20          2.02          20.0   0.035            
291      BPK20          2.02          25.0   0.040  Paddy land
     Section No  Chainage (m)  Distance (m)  RL (m) Remarks
285      BPK20          2.02          12.0   -0.33      CL
     Section No  Chainage (m)  Distance (m)  RL (m) Remarks
282      BPK20          2.02          10.0   0.035      LB
     Section No  Chainage (m)  Distance (m)  RL (m) Remarks
289      BPK20          2.02          14.0    0.03      RB
 sencionno=BPK20 CL distance=12.0 RL=-0.33
 Finished Section no =BPK20**********************************
