 Sucessfully Setup Logger for this programme.............
 Printing Data Matrix Direction.................

       Data Name   Value
0  Package Name  NDR_02
1   Data Matrix       V
 

###############################################


    XsectionNo  chainage   r1   r2 c1 c2     KhalName    GL  Ivert Level  \
0        AMT0         0    5   28  A  C  Amtiol Khal  12.8        11.12   
1        AMT1        80   33   49  A  C  Amtiol Khal  12.8        11.12   
2        AMT2       300   54   67  A  C  Amtiol Khal  12.8        11.12   
3        AMT3       600   70   86  A  C  Amtiol Khal  12.8        11.12   
4        AMT4       900   91  106  A  C  Amtiol Khal  12.8        11.12   
5        AMT5      1200  111  130  A  C  Amtiol Khal  12.8        11.12   
6        AMT6      1500  135  152  A  C  Amtiol Khal  12.8        11.12   
7        AMT7      1800  157  173  A  C  Amtiol Khal  12.8        11.12   
8        AMT8      2000  178  196  A  C  Amtiol Khal  12.8        11.12   
9        AMT9      2200  199  218  A  C  Amtiol Khal  12.8        11.12   
10      AMT10      2500  222  233  A  C  Amtiol Khal  12.8        11.12   
11      AMT11      2700  237  254  A  C  Amtiol Khal  12.8        11.12   
12      AMT12      3000  258  275  A  C  Amtiol Khal  12.8        11.12   
13      AMT13      3300  280  290  A  C  Amtiol Khal  12.8        11.12   

    Retention  Required_Area  Direction  
0         0.6             30          1  
1         0.6             30          1  
2         0.6             30          1  
3         0.6             30          1  
4         0.6             30          1  
5         0.6             30          1  
6         0.6             30          1  
7         0.6             30          1  
8         0.6             30          1  
9         0.6             30          1  
10        0.6             30          1  
11        0.6             30          1  
12        0.6             30          1  
13        0.6             30          1  
 chainage=0 sec=AMT0 row1=5 row2=28 col1=A col2=C 1
 





 {'dist': [0, 4, 5, 6, 7, 8, 9, 10, 12, 14, 16, 18, 20, 22, 24, 25, 26, 27, 28, 30, 32, 35, 40, 45], 'rl': [10.13, 10.17, 10.06, 9.88, 9.75, 9.28, 8.36, 7.81, 7.43, 7.08, 7.06, 7.12, 6.94, 7.32, 7.43, 7.69, 8.21, 8.74, 8.86, 9.27, 9.65, 9.63, 9.48, 9.53], 'remarks': ['', '', 'LB', '', '', '', '', '', '', '', '', 'CL', '', '', '', '', '', '', '', '', 'RB', '', '', ''], 'chainage': [0, 0, 0, 0, 0, 0, 0, 0, 0, 0, 0, 0, 0, 0, 0, 0, 0, 0, 0, 0, 0, 0, 0, 0], 'sectionNo': ['AMT0', 'AMT0', 'AMT0', 'AMT0', 'AMT0', 'AMT0', 'AMT0', 'AMT0', 'AMT0', 'AMT0', 'AMT0', 'AMT0', 'AMT0', 'AMT0', 'AMT0', 'AMT0', 'AMT0', 'AMT0', 'AMT0', 'AMT0', 'AMT0', 'AMT0', 'AMT0', 'AMT0']}
 





 chainage=80 sec=AMT1 row1=33 row2=49 col1=A col2=C 1
 





 {'dist': [0, 2, 4, 6, 8, 11, 14, 15, 16, 19, 22, 25, 27, 29, 31, 35, 40], 'rl': [13.89, 13.19, 12.39, 11.25, 10.33, 9.4, 9.08, 8.68, 8.65, 9.17, 9.44, 9.99, 10.82, 11.94, 12.57, 12.58, 12.61], 'remarks': ['', '', '', '', 'LB', '', '', '', '', 'CL', '', '', '', '', '', 'RB', ''], 'chainage': [80, 80, 80, 80, 80, 80, 80, 80, 80, 80, 80, 80, 80, 80, 80, 80, 80], 'sectionNo': ['AMT1', 'AMT1', 'AMT1', 'AMT1', 'AMT1', 'AMT1', 'AMT1', 'AMT1', 'AMT1', 'AMT1', 'AMT1', 'AMT1', 'AMT1', 'AMT1', 'AMT1', 'AMT1', 'AMT1']}
 





 chainage=300 sec=AMT2 row1=54 row2=67 col1=A col2=C 1
 





 {'dist': [0, 5, 10, 12, 13, 14, 16, 17.5, 19, 21, 23, 25, 30, 35], 'rl': [13.32, 13.36, 13.66, 12.26, 11.76, 10.77, 10.03, 9.44, 10.1, 11.52, 12.06, 13.58, 13.48, 13.43], 'remarks': ['', 'LB', '', '', '', '', 'CL', '', '', '', '', '', 'RB', ''], 'chainage': [300, 300, 300, 300, 300, 300, 300, 300, 300, 300, 300, 300, 300, 300], 'sectionNo': ['AMT2', 'AMT2', 'AMT2', 'AMT2', 'AMT2', 'AMT2', 'AMT2', 'AMT2', 'AMT2', 'AMT2', 'AMT2', 'AMT2', 'AMT2', 'AMT2']}
 





 chainage=600 sec=AMT3 row1=70 row2=86 col1=A col2=C 1
 





 {'dist': [0, 10, 13, 14, 15, 16, 17, 18, 19, 20.5, 21, 22, 24, 26, 27, 32, 40], 'rl': [13.3, 13.44, 13.65, 13.18, 12.72, 12.44, 11.74, 10.89, 10.49, 10.19, 10.29, 10.48, 11.04, 12.09, 13.66, 13.46, 13.4], 'remarks': ['', 'LB', '', '', '', 'CL', '', '', '', '', '', '', '', '', 'RB', '', ''], 'chainage': [600, 600, 600, 600, 600, 600, 600, 600, 600, 600, 600, 600, 600, 600, 600, 600, 600], 'sectionNo': ['AMT3', 'AMT3', 'AMT3', 'AMT3', 'AMT3', 'AMT3', 'AMT3', 'AMT3', 'AMT3', 'AMT3', 'AMT3', 'AMT3', 'AMT3', 'AMT3', 'AMT3', 'AMT3', 'AMT3']}
 





 chainage=900 sec=AMT4 row1=91 row2=106 col1=A col2=C 1
 





 {'dist': [0, 5, 10, 11, 12, 14, 15, 16, 17, 18, 19, 20, 21, 23, 29, 35], 'rl': [13.38, 13.52, 13.63, 13.39, 12.47, 11.38, 10.98, 10.95, 11.05, 11.61, 12.19, 12.84, 13.6, 13.6, 13.56, 13.53], 'remarks': ['', '', 'LB', '', '', '', 'CL', '', '', '', '', '', '', 'RB', '', ''], 'chainage': [900, 900, 900, 900, 900, 900, 900, 900, 900, 900, 900, 900, 900, 900, 900, 900], 'sectionNo': ['AMT4', 'AMT4', 'AMT4', 'AMT4', 'AMT4', 'AMT4', 'AMT4', 'AMT4', 'AMT4', 'AMT4', 'AMT4', 'AMT4', 'AMT4', 'AMT4', 'AMT4', 'AMT4']}
 





 chainage=1200 sec=AMT5 row1=111 row2=130 col1=A col2=C 1
 





 {'dist': [0, 5, 10, 11, 12, 13, 14.5, 15, 16, 17, 18, 19, 20, 21, 22, 24, 25, 26, 30, 35], 'rl': [13.89, 13.87, 13.89, 13.5, 12.87, 12.22, 11.488, 11.208, 10.838, 10.908, 11.017999999999999, 11.017999999999999, 11.088, 11.488, 12.23, 13.23, 13.73, 13.89, 13.83, 13.79], 'remarks': ['', '', 'LB', '', '', 'CL', '', '', '', '', '', 'RB', '', '', '', '', '', '', '', ''], 'chainage': [1200, 1200, 1200, 1200, 1200, 1200, 1200, 1200, 1200, 1200, 1200, 1200, 1200, 1200, 1200, 1200, 1200, 1200, 1200, 1200], 'sectionNo': ['AMT5', 'AMT5', 'AMT5', 'AMT5', 'AMT5', 'AMT5', 'AMT5', 'AMT5', 'AMT5', 'AMT5', 'AMT5', 'AMT5', 'AMT5', 'AMT5', 'AMT5', 'AMT5', 'AMT5', 'AMT5', 'AMT5', 'AMT5']}
 





 chainage=1500 sec=AMT6 row1=135 row2=152 col1=A col2=C 1
 





 {'dist': [0, 5, 8, 9, 10, 11, 12, 13, 14, 15, 16, 17, 18, 19, 21, 24, 25, 30], 'rl': [13.96, 14.05, 14, 13.59, 12.67, 12.15, 11.682000000000002, 11.492000000000003, 11.332000000000003, 11.422000000000002, 11.682000000000002, 12.26, 12.94, 13.87, 14.47, 14.46, 14.02, 13.88], 'remarks': ['', '', 'LB', '', '', '', '', 'CL', '', '', '', '', '', '', '', '', 'RB', ''], 'chainage': [1500, 1500, 1500, 1500, 1500, 1500, 1500, 1500, 1500, 1500, 1500, 1500, 1500, 1500, 1500, 1500, 1500, 1500], 'sectionNo': ['AMT6', 'AMT6', 'AMT6', 'AMT6', 'AMT6', 'AMT6', 'AMT6', 'AMT6', 'AMT6', 'AMT6', 'AMT6', 'AMT6', 'AMT6', 'AMT6', 'AMT6', 'AMT6', 'AMT6', 'AMT6']}
 





 chainage=1800 sec=AMT7 row1=157 row2=173 col1=A col2=C 1
 





 {'dist': [0, 5, 7, 8, 9, 11, 12.5, 13.5, 14, 15, 16, 17, 18, 19, 22, 23, 30], 'rl': [13.36, 13.32, 13.43, 12.29, 11.909, 11.779, 11.76, 11.739, 11.759, 11.799000000000001, 11.909, 12.46, 13.13, 13.96, 13.93, 13.59, 13.45], 'remarks': ['', '', '', 'LB', '', '', '', '', 'CL', '', '', '', '', '', 'RB', '', ''], 'chainage': [1800, 1800, 1800, 1800, 1800, 1800, 1800, 1800, 1800, 1800, 1800, 1800, 1800, 1800, 1800, 1800, 1800], 'sectionNo': ['AMT7', 'AMT7', 'AMT7', 'AMT7', 'AMT7', 'AMT7', 'AMT7', 'AMT7', 'AMT7', 'AMT7', 'AMT7', 'AMT7', 'AMT7', 'AMT7', 'AMT7', 'AMT7', 'AMT7']}
 





 chainage=2000 sec=AMT8 row1=178 row2=196 col1=A col2=C 1
 





 {'dist': [0, 5, 10, 13, 14, 15, 16, 17, 18, 19, 20, 21, 22, 23, 24, 25, 28, 29, 35], 'rl': [13.5, 13.7, 13.7, 13.8, 13.12, 12.165, 11.86, 11.75, 11.74, 11.74, 11.79, 11.91, 12.165, 12.84, 13.7, 14.6, 14.59, 13.66, 13.54], 'remarks': ['', 'LB', '', '', 'CL', '', '', '', '', '', '', '', '', '', '', '', 'RB', '', ''], 'chainage': [2000, 2000, 2000, 2000, 2000, 2000, 2000, 2000, 2000, 2000, 2000, 2000, 2000, 2000, 2000, 2000, 2000, 2000, 2000], 'sectionNo': ['AMT8', 'AMT8', 'AMT8', 'AMT8', 'AMT8', 'AMT8', 'AMT8', 'AMT8', 'AMT8', 'AMT8', 'AMT8', 'AMT8', 'AMT8', 'AMT8', 'AMT8', 'AMT8', 'AMT8', 'AMT8', 'AMT8']}
 





 chainage=2200 sec=AMT9 row1=199 row2=218 col1=A col2=C 1
 





 {'dist': [0, 5, 10, 11, 11.5, 12, 13, 14, 15, 16, 17, 18, 18.5, 19, 20, 21, 22, 25, 26, 35], 'rl': [13.49, 13.54, 13.59, 13.26, 12.165, 11.84, 11.6, 11.45, 11.44, 11.48, 11.55, 11.8, 12.165, 12.51, 13.18, 14.06, 14.35, 14.37, 13.25, 13.2], 'remarks': ['', 'LB', '', '', '', 'CL', '', '', '', '', '', '', '', '', '', '', '', 'RB', '', ''], 'chainage': [2200, 2200, 2200, 2200, 2200, 2200, 2200, 2200, 2200, 2200, 2200, 2200, 2200, 2200, 2200, 2200, 2200, 2200, 2200, 2200], 'sectionNo': ['AMT9', 'AMT9', 'AMT9', 'AMT9', 'AMT9', 'AMT9', 'AMT9', 'AMT9', 'AMT9', 'AMT9', 'AMT9', 'AMT9', 'AMT9', 'AMT9', 'AMT9', 'AMT9', 'AMT9', 'AMT9', 'AMT9', 'AMT9']}
 





 chainage=2500 sec=AMT10 row1=222 row2=233 col1=A col2=C 1
 





 {'dist': [0, 5, 10, 11, 12, 14, 14.5, 17, 18, 19, 25, 35], 'rl': [13.087999999999997, 13.067999999999998, 13.277999999999997, 12.185999999999998, 11.685999999999998, 11.415999999999999, 11.395999999999997, 11.535999999999998, 12.185999999999998, 12.827999999999998, 12.807999999999998, 12.797999999999998], 'remarks': ['', 'LB', '', '', '', 'CL', '', '', '', '', 'RB', ''], 'chainage': [2500, 2500, 2500, 2500, 2500, 2500, 2500, 2500, 2500, 2500, 2500, 2500], 'sectionNo': ['AMT10', 'AMT10', 'AMT10', 'AMT10', 'AMT10', 'AMT10', 'AMT10', 'AMT10', 'AMT10', 'AMT10', 'AMT10', 'AMT10']}
 





 chainage=2700 sec=AMT11 row1=237 row2=254 col1=A col2=C 1
 





 {'dist': [0, 5, 10, 11, 12, 13, 14, 15, 16, 17, 18, 18.5, 19, 20, 22, 23, 30, 35], 'rl': [13.92, 14.17, 14.17, 13.62, 12.199999999999998, 11.78, 11.79, 11.76, 11.78, 11.76, 11.83, 12.199999999999998, 12.54, 13.08, 13.97, 14.15, 14.08, 14.09], 'remarks': ['', 'LB', '', '', '', 'CL', '', '', '', '', '', '', '', '', '', '', 'RB', ''], 'chainage': [2700, 2700, 2700, 2700, 2700, 2700, 2700, 2700, 2700, 2700, 2700, 2700, 2700, 2700, 2700, 2700, 2700, 2700], 'sectionNo': ['AMT11', 'AMT11', 'AMT11', 'AMT11', 'AMT11', 'AMT11', 'AMT11', 'AMT11', 'AMT11', 'AMT11', 'AMT11', 'AMT11', 'AMT11', 'AMT11', 'AMT11', 'AMT11', 'AMT11', 'AMT11']}
 





 chainage=3000 sec=AMT12 row1=258 row2=275 col1=A col2=C 1
 





 {'dist': [0, 5, 6, 8, 10, 11, 13, 15, 15.5, 16.5, 17.5, 18.5, 19.5, 20.5, 21.5, 22, 28, 35], 'rl': [13.36, 13.44, 13.87, 14.09, 13.61, 12.381999999999996, 12.06, 11.96, 11.68, 11.91, 12.03, 12.381999999999996, 12.82, 13.23, 13.72, 13.96, 14.06, 13.72], 'remarks': ['', 'LB', '', '', '', 'CL', '', '', '', '', '', '', '', '', '', '', 'RB', ''], 'chainage': [3000, 3000, 3000, 3000, 3000, 3000, 3000, 3000, 3000, 3000, 3000, 3000, 3000, 3000, 3000, 3000, 3000, 3000], 'sectionNo': ['AMT12', 'AMT12', 'AMT12', 'AMT12', 'AMT12', 'AMT12', 'AMT12', 'AMT12', 'AMT12', 'AMT12', 'AMT12', 'AMT12', 'AMT12', 'AMT12', 'AMT12', 'AMT12', 'AMT12', 'AMT12']}
 





 chainage=3300 sec=AMT13 row1=280 row2=290 col1=A col2=C 1
 





 {'dist': [0, 10, 15, 16, 17, 18, 19, 20, 21, 30, 35], 'rl': [12.45, 12.43, 12.35, 12.11, 12.08, 12.22, 12.17, 12.34, 12.38, 12.32, 12.34], 'remarks': ['', 'LB', '', 'CL', '', '', '', '', '', '', 'RB'], 'chainage': [3300, 3300, 3300, 3300, 3300, 3300, 3300, 3300, 3300, 3300, 3300], 'sectionNo': ['AMT13', 'AMT13', 'AMT13', 'AMT13', 'AMT13', 'AMT13', 'AMT13', 'AMT13', 'AMT13', 'AMT13', 'AMT13']}
 





 


Detailed Debugging of Calcualtion of CL




 



Initiated Section no =AMT0**********************************
    Section No  Chainage (m)  Distance (m)  RL (m) Remarks
11       AMT0             0          18.0    7.12      CL
   Section No  Chainage (m)  Distance (m)  RL (m) Remarks
2       AMT0             0           5.0   10.06      LB
    Section No  Chainage (m)  Distance (m)  RL (m) Remarks
20       AMT0             0          32.0    9.65      RB
 sencionno=AMT0 CL distance=18.0 RL=7.12
 Finished Section no =AMT0**********************************
 



Initiated Section no =AMT1**********************************
    Section No  Chainage (m)  Distance (m)  RL (m) Remarks
33       AMT1            80          19.0    9.17      CL
    Section No  Chainage (m)  Distance (m)  RL (m) Remarks
28       AMT1            80           8.0   10.33      LB
    Section No  Chainage (m)  Distance (m)  RL (m) Remarks
39       AMT1            80          35.0   12.58      RB
 sencionno=AMT1 CL distance=19.0 RL=9.17
 Finished Section no =AMT1**********************************
 



Initiated Section no =AMT2**********************************
    Section No  Chainage (m)  Distance (m)  RL (m) Remarks
47       AMT2           300          16.0   10.03      CL
    Section No  Chainage (m)  Distance (m)  RL (m) Remarks
42       AMT2           300           5.0   13.36      LB
    Section No  Chainage (m)  Distance (m)  RL (m) Remarks
53       AMT2           300          30.0   13.48      RB
 sencionno=AMT2 CL distance=16.0 RL=10.03
 Finished Section no =AMT2**********************************
 



Initiated Section no =AMT3**********************************
    Section No  Chainage (m)  Distance (m)  RL (m) Remarks
60       AMT3           600          16.0   12.44      CL
    Section No  Chainage (m)  Distance (m)  RL (m) Remarks
56       AMT3           600          10.0   13.44      LB
    Section No  Chainage (m)  Distance (m)  RL (m) Remarks
69       AMT3           600          27.0   13.66      RB
 sencionno=AMT3 CL distance=16.0 RL=12.44
 Finished Section no =AMT3**********************************
 



Initiated Section no =AMT4**********************************
    Section No  Chainage (m)  Distance (m)  RL (m) Remarks
78       AMT4           900          15.0   10.98      CL
    Section No  Chainage (m)  Distance (m)  RL (m) Remarks
74       AMT4           900          10.0   13.63      LB
    Section No  Chainage (m)  Distance (m)  RL (m) Remarks
85       AMT4           900          23.0    13.6      RB
 sencionno=AMT4 CL distance=15.0 RL=10.98
 Finished Section no =AMT4**********************************
 



Initiated Section no =AMT5**********************************
    Section No  Chainage (m)  Distance (m)  RL (m) Remarks
93       AMT5          1200          13.0   12.22      CL
    Section No  Chainage (m)  Distance (m)  RL (m) Remarks
90       AMT5          1200          10.0   13.89      LB
    Section No  Chainage (m)  Distance (m)  RL (m) Remarks
99       AMT5          1200          19.0  11.018      RB
 sencionno=AMT5 CL distance=13.0 RL=12.22
 Finished Section no =AMT5**********************************
 



Initiated Section no =AMT6**********************************
     Section No  Chainage (m)  Distance (m)  RL (m) Remarks
115       AMT6          1500          13.0  11.492      CL
     Section No  Chainage (m)  Distance (m)  RL (m) Remarks
110       AMT6          1500           8.0    14.0      LB
     Section No  Chainage (m)  Distance (m)  RL (m) Remarks
124       AMT6          1500          25.0   14.02      RB
 sencionno=AMT6 CL distance=13.0 RL=11.492000000000003
 Finished Section no =AMT6**********************************
 



Initiated Section no =AMT7**********************************
     Section No  Chainage (m)  Distance (m)  RL (m) Remarks
134       AMT7          1800          14.0  11.759      CL
     Section No  Chainage (m)  Distance (m)  RL (m) Remarks
129       AMT7          1800           8.0   12.29      LB
     Section No  Chainage (m)  Distance (m)  RL (m) Remarks
140       AMT7          1800          22.0   13.93      RB
 sencionno=AMT7 CL distance=14.0 RL=11.759
 Finished Section no =AMT7**********************************
 



Initiated Section no =AMT8**********************************
     Section No  Chainage (m)  Distance (m)  RL (m) Remarks
147       AMT8          2000          14.0   13.12      CL
     Section No  Chainage (m)  Distance (m)  RL (m) Remarks
144       AMT8          2000           5.0    13.7      LB
     Section No  Chainage (m)  Distance (m)  RL (m) Remarks
159       AMT8          2000          28.0   14.59      RB
 sencionno=AMT8 CL distance=14.0 RL=13.12
 Finished Section no =AMT8**********************************
 



Initiated Section no =AMT9**********************************
     Section No  Chainage (m)  Distance (m)  RL (m) Remarks
167       AMT9          2200          12.0   11.84      CL
     Section No  Chainage (m)  Distance (m)  RL (m) Remarks
163       AMT9          2200           5.0   13.54      LB
     Section No  Chainage (m)  Distance (m)  RL (m) Remarks
179       AMT9          2200          25.0   14.37      RB
 sencionno=AMT9 CL distance=12.0 RL=11.84
 Finished Section no =AMT9**********************************
 



Initiated Section no =AMT10**********************************
     Section No  Chainage (m)  Distance (m)  RL (m) Remarks
187      AMT10          2500          14.0  11.416      CL
     Section No  Chainage (m)  Distance (m)  RL (m) Remarks
183      AMT10          2500           5.0  13.068      LB
     Section No  Chainage (m)  Distance (m)  RL (m) Remarks
192      AMT10          2500          25.0  12.808      RB
 sencionno=AMT10 CL distance=14.0 RL=11.415999999999999
 Finished Section no =AMT10**********************************
 



Initiated Section no =AMT11**********************************
     Section No  Chainage (m)  Distance (m)  RL (m) Remarks
199      AMT11          2700          13.0   11.78      CL
     Section No  Chainage (m)  Distance (m)  RL (m) Remarks
195      AMT11          2700           5.0   14.17      LB
     Section No  Chainage (m)  Distance (m)  RL (m) Remarks
210      AMT11          2700          30.0   14.08      RB
 sencionno=AMT11 CL distance=13.0 RL=11.78
 Finished Section no =AMT11**********************************
 



Initiated Section no =AMT12**********************************
     Section No  Chainage (m)  Distance (m)  RL (m) Remarks
217      AMT12          3000          11.0  12.382      CL
     Section No  Chainage (m)  Distance (m)  RL (m) Remarks
213      AMT12          3000           5.0   13.44      LB
     Section No  Chainage (m)  Distance (m)  RL (m) Remarks
228      AMT12          3000          28.0   14.06      RB
 sencionno=AMT12 CL distance=11.0 RL=12.381999999999996
 Finished Section no =AMT12**********************************
 



Initiated Section no =AMT13**********************************
     Section No  Chainage (m)  Distance (m)  RL (m) Remarks
233      AMT13          3300          16.0   12.11      CL
     Section No  Chainage (m)  Distance (m)  RL (m) Remarks
231      AMT13          3300          10.0   12.43      LB
     Section No  Chainage (m)  Distance (m)  RL (m) Remarks
240      AMT13          3300          35.0   12.34      RB
 sencionno=AMT13 CL distance=16.0 RL=12.11
 Finished Section no =AMT13**********************************
 


Detailed Debugging of Calcualtion of CL




 



Initiated Section no =AMT0**********************************
    Section No  Chainage (m)  Distance (m)  RL (m) Remarks
11       AMT0             0          18.0    7.12      CL
   Section No  Chainage (m)  Distance (m)  RL (m) Remarks
2       AMT0             0           5.0   10.06      LB
    Section No  Chainage (m)  Distance (m)  RL (m) Remarks
20       AMT0             0          32.0    9.65      RB
 sencionno=AMT0 CL distance=18.0 RL=7.12
 Finished Section no =AMT0**********************************
 



Initiated Section no =AMT1**********************************
    Section No  Chainage (m)  Distance (m)  RL (m) Remarks
33       AMT1            80          19.0    9.17      CL
    Section No  Chainage (m)  Distance (m)  RL (m) Remarks
28       AMT1            80           8.0   10.33      LB
    Section No  Chainage (m)  Distance (m)  RL (m) Remarks
39       AMT1            80          35.0   12.58      RB
 sencionno=AMT1 CL distance=19.0 RL=9.17
 Finished Section no =AMT1**********************************
 



Initiated Section no =AMT2**********************************
    Section No  Chainage (m)  Distance (m)  RL (m) Remarks
47       AMT2           300          16.0   10.03      CL
    Section No  Chainage (m)  Distance (m)  RL (m) Remarks
42       AMT2           300           5.0   13.36      LB
    Section No  Chainage (m)  Distance (m)  RL (m) Remarks
53       AMT2           300          30.0   13.48      RB
 sencionno=AMT2 CL distance=16.0 RL=10.03
 Finished Section no =AMT2**********************************
 



Initiated Section no =AMT3**********************************
    Section No  Chainage (m)  Distance (m)  RL (m) Remarks
60       AMT3           600          16.0   12.44      CL
    Section No  Chainage (m)  Distance (m)  RL (m) Remarks
56       AMT3           600          10.0   13.44      LB
    Section No  Chainage (m)  Distance (m)  RL (m) Remarks
69       AMT3           600          27.0   13.66      RB
 sencionno=AMT3 CL distance=16.0 RL=12.44
 Finished Section no =AMT3**********************************
 



Initiated Section no =AMT4**********************************
    Section No  Chainage (m)  Distance (m)  RL (m) Remarks
78       AMT4           900          15.0   10.98      CL
    Section No  Chainage (m)  Distance (m)  RL (m) Remarks
74       AMT4           900          10.0   13.63      LB
    Section No  Chainage (m)  Distance (m)  RL (m) Remarks
85       AMT4           900          23.0    13.6      RB
 sencionno=AMT4 CL distance=15.0 RL=10.98
 Finished Section no =AMT4**********************************
 



Initiated Section no =AMT5**********************************
    Section No  Chainage (m)  Distance (m)  RL (m) Remarks
93       AMT5          1200          13.0   12.22      CL
    Section No  Chainage (m)  Distance (m)  RL (m) Remarks
90       AMT5          1200          10.0   13.89      LB
    Section No  Chainage (m)  Distance (m)  RL (m) Remarks
99       AMT5          1200          19.0  11.018      RB
 sencionno=AMT5 CL distance=13.0 RL=12.22
 Finished Section no =AMT5**********************************
 



Initiated Section no =AMT6**********************************
     Section No  Chainage (m)  Distance (m)  RL (m) Remarks
115       AMT6          1500          13.0  11.492      CL
     Section No  Chainage (m)  Distance (m)  RL (m) Remarks
110       AMT6          1500           8.0    14.0      LB
     Section No  Chainage (m)  Distance (m)  RL (m) Remarks
124       AMT6          1500          25.0   14.02      RB
 sencionno=AMT6 CL distance=13.0 RL=11.492000000000003
 Finished Section no =AMT6**********************************
 



Initiated Section no =AMT6**********************************
     Section No  Chainage (m)  Distance (m)  RL (m) Remarks
115       AMT6          1500          13.0  11.492      CL
     Section No  Chainage (m)  Distance (m)  RL (m) Remarks
110       AMT6          1500           8.0    14.0      LB
     Section No  Chainage (m)  Distance (m)  RL (m) Remarks
124       AMT6          1500          25.0   14.02      RB
 sencionno=AMT6 CL distance=13.0 RL=11.492000000000003
 Finished Section no =AMT6**********************************
 



Initiated Section no =AMT7**********************************
     Section No  Chainage (m)  Distance (m)  RL (m) Remarks
134       AMT7          1800          14.0  11.759      CL
     Section No  Chainage (m)  Distance (m)  RL (m) Remarks
129       AMT7          1800           8.0   12.29      LB
     Section No  Chainage (m)  Distance (m)  RL (m) Remarks
140       AMT7          1800          22.0   13.93      RB
 sencionno=AMT7 CL distance=14.0 RL=11.759
 Finished Section no =AMT7**********************************
 



Initiated Section no =AMT8**********************************
     Section No  Chainage (m)  Distance (m)  RL (m) Remarks
147       AMT8          2000          14.0   13.12      CL
     Section No  Chainage (m)  Distance (m)  RL (m) Remarks
144       AMT8          2000           5.0    13.7      LB
     Section No  Chainage (m)  Distance (m)  RL (m) Remarks
159       AMT8          2000          28.0   14.59      RB
 sencionno=AMT8 CL distance=14.0 RL=13.12
 Finished Section no =AMT8**********************************
 



Initiated Section no =AMT9**********************************
     Section No  Chainage (m)  Distance (m)  RL (m) Remarks
167       AMT9          2200          12.0   11.84      CL
     Section No  Chainage (m)  Distance (m)  RL (m) Remarks
163       AMT9          2200           5.0   13.54      LB
     Section No  Chainage (m)  Distance (m)  RL (m) Remarks
179       AMT9          2200          25.0   14.37      RB
 sencionno=AMT9 CL distance=12.0 RL=11.84
 Finished Section no =AMT9**********************************
 



Initiated Section no =AMT10**********************************
     Section No  Chainage (m)  Distance (m)  RL (m) Remarks
187      AMT10          2500          14.0  11.416      CL
     Section No  Chainage (m)  Distance (m)  RL (m) Remarks
183      AMT10          2500           5.0  13.068      LB
     Section No  Chainage (m)  Distance (m)  RL (m) Remarks
192      AMT10          2500          25.0  12.808      RB
 sencionno=AMT10 CL distance=14.0 RL=11.415999999999999
 Finished Section no =AMT10**********************************
 



Initiated Section no =AMT11**********************************
     Section No  Chainage (m)  Distance (m)  RL (m) Remarks
199      AMT11          2700          13.0   11.78      CL
     Section No  Chainage (m)  Distance (m)  RL (m) Remarks
195      AMT11          2700           5.0   14.17      LB
     Section No  Chainage (m)  Distance (m)  RL (m) Remarks
210      AMT11          2700          30.0   14.08      RB
 sencionno=AMT11 CL distance=13.0 RL=11.78
 Finished Section no =AMT11**********************************
 



Initiated Section no =AMT12**********************************
     Section No  Chainage (m)  Distance (m)  RL (m) Remarks
217      AMT12          3000          11.0  12.382      CL
     Section No  Chainage (m)  Distance (m)  RL (m) Remarks
213      AMT12          3000           5.0   13.44      LB
     Section No  Chainage (m)  Distance (m)  RL (m) Remarks
228      AMT12          3000          28.0   14.06      RB
 sencionno=AMT12 CL distance=11.0 RL=12.381999999999996
 Finished Section no =AMT12**********************************
 



Initiated Section no =AMT13**********************************
     Section No  Chainage (m)  Distance (m)  RL (m) Remarks
233      AMT13          3300          16.0   12.11      CL
     Section No  Chainage (m)  Distance (m)  RL (m) Remarks
231      AMT13          3300          10.0   12.43      LB
     Section No  Chainage (m)  Distance (m)  RL (m) Remarks
240      AMT13          3300          35.0   12.34      RB
 sencionno=AMT13 CL distance=16.0 RL=12.11
 Finished Section no =AMT13**********************************
 Sucessfully Setup Logger for this programme.............
 Printing Data Matrix Direction.................

       Data Name   Value
0  Package Name  NDR_02
1   Data Matrix       V
 

###############################################


    XsectionNo  chainage   r1   r2 c1 c2     KhalName    GL  Ivert Level  \
0        AMT0         0    5   28  A  C  Amtiol Khal  12.8        11.12   
1        AMT1        80   33   49  A  C  Amtiol Khal  12.8        11.12   
2        AMT2       300   54   67  A  C  Amtiol Khal  12.8        11.12   
3        AMT3       600   70   86  A  C  Amtiol Khal  12.8        11.12   
4        AMT4       900   91  106  A  C  Amtiol Khal  12.8        11.12   
5        AMT5      1200  111  130  A  C  Amtiol Khal  12.8        11.12   
6        AMT6      1500  135  152  A  C  Amtiol Khal  12.8        11.12   
7        AMT7      1800  157  173  A  C  Amtiol Khal  12.8        11.12   
8        AMT8      2000  178  196  A  C  Amtiol Khal  12.8        11.12   
9        AMT9      2200  199  218  A  C  Amtiol Khal  12.8        11.12   
10      AMT10      2500  222  233  A  C  Amtiol Khal  12.8        11.12   
11      AMT11      2700  237  254  A  C  Amtiol Khal  12.8        11.12   
12      AMT12      3000  258  275  A  C  Amtiol Khal  12.8        11.12   
13      AMT13      3300  280  290  A  C  Amtiol Khal  12.8        11.12   

    Retention  Required_Area  Direction  
0         0.6             30          1  
1         0.6             30          1  
2         0.6             30          1  
3         0.6             30          1  
4         0.6             30          1  
5         0.6             30          1  
6         0.6             30          1  
7         0.6             30          1  
8         0.6             30          1  
9         0.6             30          1  
10        0.6             30          1  
11        0.6             30          1  
12        0.6             30          1  
13        0.6             30          1  
 chainage=0 sec=AMT0 row1=5 row2=28 col1=A col2=C 1
 





 {'dist': [0, 4, 5, 6, 7, 8, 9, 10, 12, 14, 16, 18, 20, 22, 24, 25, 26, 27, 28, 30, 32, 35, 40, 45], 'rl': [10.13, 10.17, 10.06, 9.88, 9.75, 9.28, 8.36, 7.81, 7.43, 7.08, 7.06, 7.12, 6.94, 7.32, 7.43, 7.69, 8.21, 8.74, 8.86, 9.27, 9.65, 9.63, 9.48, 9.53], 'remarks': ['', '', 'LB', '', '', '', '', '', '', '', '', 'CL', '', '', '', '', '', '', '', '', 'RB', '', '', ''], 'chainage': [0, 0, 0, 0, 0, 0, 0, 0, 0, 0, 0, 0, 0, 0, 0, 0, 0, 0, 0, 0, 0, 0, 0, 0], 'sectionNo': ['AMT0', 'AMT0', 'AMT0', 'AMT0', 'AMT0', 'AMT0', 'AMT0', 'AMT0', 'AMT0', 'AMT0', 'AMT0', 'AMT0', 'AMT0', 'AMT0', 'AMT0', 'AMT0', 'AMT0', 'AMT0', 'AMT0', 'AMT0', 'AMT0', 'AMT0', 'AMT0', 'AMT0']}
 





 chainage=80 sec=AMT1 row1=33 row2=49 col1=A col2=C 1
 





 {'dist': [0, 2, 4, 6, 8, 11, 14, 15, 16, 19, 22, 25, 27, 29, 31, 35, 40], 'rl': [13.89, 13.19, 12.39, 11.25, 10.33, 9.4, 9.08, 8.68, 8.65, 9.17, 9.44, 9.99, 10.82, 11.94, 12.57, 12.58, 12.61], 'remarks': ['', '', '', '', 'LB', '', '', '', '', 'CL', '', '', '', '', '', 'RB', ''], 'chainage': [80, 80, 80, 80, 80, 80, 80, 80, 80, 80, 80, 80, 80, 80, 80, 80, 80], 'sectionNo': ['AMT1', 'AMT1', 'AMT1', 'AMT1', 'AMT1', 'AMT1', 'AMT1', 'AMT1', 'AMT1', 'AMT1', 'AMT1', 'AMT1', 'AMT1', 'AMT1', 'AMT1', 'AMT1', 'AMT1']}
 





 chainage=300 sec=AMT2 row1=54 row2=67 col1=A col2=C 1
 





 {'dist': [0, 5, 10, 12, 13, 14, 16, 17.5, 19, 21, 23, 25, 30, 35], 'rl': [13.32, 13.36, 13.66, 12.26, 11.76, 10.77, 10.03, 9.44, 10.1, 11.52, 12.06, 13.58, 13.48, 13.43], 'remarks': ['', 'LB', '', '', '', '', 'CL', '', '', '', '', '', 'RB', ''], 'chainage': [300, 300, 300, 300, 300, 300, 300, 300, 300, 300, 300, 300, 300, 300], 'sectionNo': ['AMT2', 'AMT2', 'AMT2', 'AMT2', 'AMT2', 'AMT2', 'AMT2', 'AMT2', 'AMT2', 'AMT2', 'AMT2', 'AMT2', 'AMT2', 'AMT2']}
 





 chainage=600 sec=AMT3 row1=70 row2=86 col1=A col2=C 1
 





 {'dist': [0, 10, 13, 14, 15, 16, 17, 18, 19, 20.5, 21, 22, 24, 26, 27, 32, 40], 'rl': [13.3, 13.44, 13.65, 13.18, 12.72, 12.44, 11.74, 10.89, 10.49, 10.19, 10.29, 10.48, 11.04, 12.09, 13.66, 13.46, 13.4], 'remarks': ['', 'LB', '', '', '', 'CL', '', '', '', '', '', '', '', '', 'RB', '', ''], 'chainage': [600, 600, 600, 600, 600, 600, 600, 600, 600, 600, 600, 600, 600, 600, 600, 600, 600], 'sectionNo': ['AMT3', 'AMT3', 'AMT3', 'AMT3', 'AMT3', 'AMT3', 'AMT3', 'AMT3', 'AMT3', 'AMT3', 'AMT3', 'AMT3', 'AMT3', 'AMT3', 'AMT3', 'AMT3', 'AMT3']}
 





 chainage=900 sec=AMT4 row1=91 row2=106 col1=A col2=C 1
 





 {'dist': [0, 5, 10, 11, 12, 14, 15, 16, 17, 18, 19, 20, 21, 23, 29, 35], 'rl': [13.38, 13.52, 13.63, 13.39, 12.47, 11.38, 10.98, 10.95, 11.05, 11.61, 12.19, 12.84, 13.6, 13.6, 13.56, 13.53], 'remarks': ['', '', 'LB', '', '', '', 'CL', '', '', '', '', '', '', 'RB', '', ''], 'chainage': [900, 900, 900, 900, 900, 900, 900, 900, 900, 900, 900, 900, 900, 900, 900, 900], 'sectionNo': ['AMT4', 'AMT4', 'AMT4', 'AMT4', 'AMT4', 'AMT4', 'AMT4', 'AMT4', 'AMT4', 'AMT4', 'AMT4', 'AMT4', 'AMT4', 'AMT4', 'AMT4', 'AMT4']}
 





 chainage=1200 sec=AMT5 row1=111 row2=130 col1=A col2=C 1
 





 {'dist': [0, 5, 10, 11, 12, 13, 14.5, 15, 16, 17, 18, 19, 20, 21, 22, 24, 25, 26, 30, 35], 'rl': [13.89, 13.87, 13.89, 13.5, 12.87, 12.22, 11.488, 11.208, 10.838, 10.908, 11.017999999999999, 11.017999999999999, 11.088, 11.488, 12.23, 13.23, 13.73, 13.89, 13.83, 13.79], 'remarks': ['', '', 'LB', '', '', 'CL', '', '', '', '', '', 'RB', '', '', '', '', '', '', '', ''], 'chainage': [1200, 1200, 1200, 1200, 1200, 1200, 1200, 1200, 1200, 1200, 1200, 1200, 1200, 1200, 1200, 1200, 1200, 1200, 1200, 1200], 'sectionNo': ['AMT5', 'AMT5', 'AMT5', 'AMT5', 'AMT5', 'AMT5', 'AMT5', 'AMT5', 'AMT5', 'AMT5', 'AMT5', 'AMT5', 'AMT5', 'AMT5', 'AMT5', 'AMT5', 'AMT5', 'AMT5', 'AMT5', 'AMT5']}
 





 chainage=1500 sec=AMT6 row1=135 row2=152 col1=A col2=C 1
 





 {'dist': [0, 5, 8, 9, 10, 11, 12, 13, 14, 15, 16, 17, 18, 19, 21, 24, 25, 30], 'rl': [13.96, 14.05, 14, 13.59, 12.67, 12.15, 11.682000000000002, 11.492000000000003, 11.332000000000003, 11.422000000000002, 11.682000000000002, 12.26, 12.94, 13.87, 14.47, 14.46, 14.02, 13.88], 'remarks': ['', '', 'LB', '', '', '', '', 'CL', '', '', '', '', '', '', '', '', 'RB', ''], 'chainage': [1500, 1500, 1500, 1500, 1500, 1500, 1500, 1500, 1500, 1500, 1500, 1500, 1500, 1500, 1500, 1500, 1500, 1500], 'sectionNo': ['AMT6', 'AMT6', 'AMT6', 'AMT6', 'AMT6', 'AMT6', 'AMT6', 'AMT6', 'AMT6', 'AMT6', 'AMT6', 'AMT6', 'AMT6', 'AMT6', 'AMT6', 'AMT6', 'AMT6', 'AMT6']}
 





 chainage=1800 sec=AMT7 row1=157 row2=173 col1=A col2=C 1
 





 {'dist': [0, 5, 7, 8, 9, 11, 12.5, 13.5, 14, 15, 16, 17, 18, 19, 22, 23, 30], 'rl': [13.36, 13.32, 13.43, 12.29, 11.909, 11.779, 11.76, 11.739, 11.759, 11.799000000000001, 11.909, 12.46, 13.13, 13.96, 13.93, 13.59, 13.45], 'remarks': ['', '', '', 'LB', '', '', '', '', 'CL', '', '', '', '', '', 'RB', '', ''], 'chainage': [1800, 1800, 1800, 1800, 1800, 1800, 1800, 1800, 1800, 1800, 1800, 1800, 1800, 1800, 1800, 1800, 1800], 'sectionNo': ['AMT7', 'AMT7', 'AMT7', 'AMT7', 'AMT7', 'AMT7', 'AMT7', 'AMT7', 'AMT7', 'AMT7', 'AMT7', 'AMT7', 'AMT7', 'AMT7', 'AMT7', 'AMT7', 'AMT7']}
 





 chainage=2000 sec=AMT8 row1=178 row2=196 col1=A col2=C 1
 





 {'dist': [0, 5, 10, 13, 14, 15, 16, 17, 18, 19, 20, 21, 22, 23, 24, 25, 28, 29, 35], 'rl': [13.5, 13.7, 13.7, 13.8, 13.12, 12.165, 11.86, 11.75, 11.74, 11.74, 11.79, 11.91, 12.165, 12.84, 13.7, 14.6, 14.59, 13.66, 13.54], 'remarks': ['', 'LB', '', '', 'CL', '', '', '', '', '', '', '', '', '', '', '', 'RB', '', ''], 'chainage': [2000, 2000, 2000, 2000, 2000, 2000, 2000, 2000, 2000, 2000, 2000, 2000, 2000, 2000, 2000, 2000, 2000, 2000, 2000], 'sectionNo': ['AMT8', 'AMT8', 'AMT8', 'AMT8', 'AMT8', 'AMT8', 'AMT8', 'AMT8', 'AMT8', 'AMT8', 'AMT8', 'AMT8', 'AMT8', 'AMT8', 'AMT8', 'AMT8', 'AMT8', 'AMT8', 'AMT8']}
 





 chainage=2200 sec=AMT9 row1=199 row2=218 col1=A col2=C 1
 





 {'dist': [0, 5, 10, 11, 11.5, 12, 13, 14, 15, 16, 17, 18, 18.5, 19, 20, 21, 22, 25, 26, 35], 'rl': [13.49, 13.54, 13.59, 13.26, 12.165, 11.84, 11.6, 11.45, 11.44, 11.48, 11.55, 11.8, 12.165, 12.51, 13.18, 14.06, 14.35, 14.37, 13.25, 13.2], 'remarks': ['', 'LB', '', '', '', 'CL', '', '', '', '', '', '', '', '', '', '', '', 'RB', '', ''], 'chainage': [2200, 2200, 2200, 2200, 2200, 2200, 2200, 2200, 2200, 2200, 2200, 2200, 2200, 2200, 2200, 2200, 2200, 2200, 2200, 2200], 'sectionNo': ['AMT9', 'AMT9', 'AMT9', 'AMT9', 'AMT9', 'AMT9', 'AMT9', 'AMT9', 'AMT9', 'AMT9', 'AMT9', 'AMT9', 'AMT9', 'AMT9', 'AMT9', 'AMT9', 'AMT9', 'AMT9', 'AMT9', 'AMT9']}
 





 chainage=2500 sec=AMT10 row1=222 row2=233 col1=A col2=C 1
 





 {'dist': [0, 5, 10, 11, 12, 14, 14.5, 17, 18, 19, 25, 35], 'rl': [13.087999999999997, 13.067999999999998, 13.277999999999997, 12.185999999999998, 11.685999999999998, 11.415999999999999, 11.395999999999997, 11.535999999999998, 12.185999999999998, 12.827999999999998, 12.807999999999998, 12.797999999999998], 'remarks': ['', 'LB', '', '', '', 'CL', '', '', '', '', 'RB', ''], 'chainage': [2500, 2500, 2500, 2500, 2500, 2500, 2500, 2500, 2500, 2500, 2500, 2500], 'sectionNo': ['AMT10', 'AMT10', 'AMT10', 'AMT10', 'AMT10', 'AMT10', 'AMT10', 'AMT10', 'AMT10', 'AMT10', 'AMT10', 'AMT10']}
 





 chainage=2700 sec=AMT11 row1=237 row2=254 col1=A col2=C 1
 





 {'dist': [0, 5, 10, 11, 12, 13, 14, 15, 16, 17, 18, 18.5, 19, 20, 22, 23, 30, 35], 'rl': [13.92, 14.17, 14.17, 13.62, 12.199999999999998, 11.78, 11.79, 11.76, 11.78, 11.76, 11.83, 12.199999999999998, 12.54, 13.08, 13.97, 14.15, 14.08, 14.09], 'remarks': ['', 'LB', '', '', '', 'CL', '', '', '', '', '', '', '', '', '', '', 'RB', ''], 'chainage': [2700, 2700, 2700, 2700, 2700, 2700, 2700, 2700, 2700, 2700, 2700, 2700, 2700, 2700, 2700, 2700, 2700, 2700], 'sectionNo': ['AMT11', 'AMT11', 'AMT11', 'AMT11', 'AMT11', 'AMT11', 'AMT11', 'AMT11', 'AMT11', 'AMT11', 'AMT11', 'AMT11', 'AMT11', 'AMT11', 'AMT11', 'AMT11', 'AMT11', 'AMT11']}
 





 chainage=3000 sec=AMT12 row1=258 row2=275 col1=A col2=C 1
 





 {'dist': [0, 5, 6, 8, 10, 11, 13, 15, 15.5, 16.5, 17.5, 18.5, 19.5, 20.5, 21.5, 22, 28, 35], 'rl': [13.36, 13.44, 13.87, 14.09, 13.61, 12.381999999999996, 12.06, 11.96, 11.68, 11.91, 12.03, 12.381999999999996, 12.82, 13.23, 13.72, 13.96, 14.06, 13.72], 'remarks': ['', 'LB', '', '', '', 'CL', '', '', '', '', '', '', '', '', '', '', 'RB', ''], 'chainage': [3000, 3000, 3000, 3000, 3000, 3000, 3000, 3000, 3000, 3000, 3000, 3000, 3000, 3000, 3000, 3000, 3000, 3000], 'sectionNo': ['AMT12', 'AMT12', 'AMT12', 'AMT12', 'AMT12', 'AMT12', 'AMT12', 'AMT12', 'AMT12', 'AMT12', 'AMT12', 'AMT12', 'AMT12', 'AMT12', 'AMT12', 'AMT12', 'AMT12', 'AMT12']}
 





 chainage=3300 sec=AMT13 row1=280 row2=290 col1=A col2=C 1
 





 {'dist': [0, 10, 15, 16, 17, 18, 19, 20, 21, 30, 35], 'rl': [12.45, 12.43, 12.35, 12.11, 12.08, 12.22, 12.17, 12.34, 12.38, 12.32, 12.34], 'remarks': ['', 'LB', '', 'CL', '', '', '', '', '', '', 'RB'], 'chainage': [3300, 3300, 3300, 3300, 3300, 3300, 3300, 3300, 3300, 3300, 3300], 'sectionNo': ['AMT13', 'AMT13', 'AMT13', 'AMT13', 'AMT13', 'AMT13', 'AMT13', 'AMT13', 'AMT13', 'AMT13', 'AMT13']}
 





 


Detailed Debugging of Calcualtion of CL




 



Initiated Section no =AMT0**********************************
    Section No  Chainage (m)  Distance (m)  RL (m) Remarks
11       AMT0             0          18.0    7.12      CL
   Section No  Chainage (m)  Distance (m)  RL (m) Remarks
2       AMT0             0           5.0   10.06      LB
    Section No  Chainage (m)  Distance (m)  RL (m) Remarks
20       AMT0             0          32.0    9.65      RB
 sencionno=AMT0 CL distance=18.0 RL=7.12
 Finished Section no =AMT0**********************************
 



Initiated Section no =AMT1**********************************
    Section No  Chainage (m)  Distance (m)  RL (m) Remarks
33       AMT1            80          19.0    9.17      CL
    Section No  Chainage (m)  Distance (m)  RL (m) Remarks
28       AMT1            80           8.0   10.33      LB
    Section No  Chainage (m)  Distance (m)  RL (m) Remarks
39       AMT1            80          35.0   12.58      RB
 sencionno=AMT1 CL distance=19.0 RL=9.17
 Finished Section no =AMT1**********************************
 



Initiated Section no =AMT2**********************************
    Section No  Chainage (m)  Distance (m)  RL (m) Remarks
47       AMT2           300          16.0   10.03      CL
    Section No  Chainage (m)  Distance (m)  RL (m) Remarks
42       AMT2           300           5.0   13.36      LB
    Section No  Chainage (m)  Distance (m)  RL (m) Remarks
53       AMT2           300          30.0   13.48      RB
 sencionno=AMT2 CL distance=16.0 RL=10.03
 Finished Section no =AMT2**********************************
 



Initiated Section no =AMT3**********************************
    Section No  Chainage (m)  Distance (m)  RL (m) Remarks
60       AMT3           600          16.0   12.44      CL
    Section No  Chainage (m)  Distance (m)  RL (m) Remarks
56       AMT3           600          10.0   13.44      LB
    Section No  Chainage (m)  Distance (m)  RL (m) Remarks
69       AMT3           600          27.0   13.66      RB
 sencionno=AMT3 CL distance=16.0 RL=12.44
 Finished Section no =AMT3**********************************
 



Initiated Section no =AMT4**********************************
    Section No  Chainage (m)  Distance (m)  RL (m) Remarks
78       AMT4           900          15.0   10.98      CL
    Section No  Chainage (m)  Distance (m)  RL (m) Remarks
74       AMT4           900          10.0   13.63      LB
    Section No  Chainage (m)  Distance (m)  RL (m) Remarks
85       AMT4           900          23.0    13.6      RB
 sencionno=AMT4 CL distance=15.0 RL=10.98
 Finished Section no =AMT4**********************************
 



Initiated Section no =AMT5**********************************
    Section No  Chainage (m)  Distance (m)  RL (m) Remarks
93       AMT5          1200          13.0   12.22      CL
    Section No  Chainage (m)  Distance (m)  RL (m) Remarks
90       AMT5          1200          10.0   13.89      LB
    Section No  Chainage (m)  Distance (m)  RL (m) Remarks
99       AMT5          1200          19.0  11.018      RB
 sencionno=AMT5 CL distance=13.0 RL=12.22
 Finished Section no =AMT5**********************************
 



Initiated Section no =AMT6**********************************
     Section No  Chainage (m)  Distance (m)  RL (m) Remarks
115       AMT6          1500          13.0  11.492      CL
     Section No  Chainage (m)  Distance (m)  RL (m) Remarks
110       AMT6          1500           8.0    14.0      LB
     Section No  Chainage (m)  Distance (m)  RL (m) Remarks
124       AMT6          1500          25.0   14.02      RB
 sencionno=AMT6 CL distance=13.0 RL=11.492000000000003
 Finished Section no =AMT6**********************************
 



Initiated Section no =AMT7**********************************
     Section No  Chainage (m)  Distance (m)  RL (m) Remarks
134       AMT7          1800          14.0  11.759      CL
     Section No  Chainage (m)  Distance (m)  RL (m) Remarks
129       AMT7          1800           8.0   12.29      LB
     Section No  Chainage (m)  Distance (m)  RL (m) Remarks
140       AMT7          1800          22.0   13.93      RB
 sencionno=AMT7 CL distance=14.0 RL=11.759
 Finished Section no =AMT7**********************************
 



Initiated Section no =AMT8**********************************
     Section No  Chainage (m)  Distance (m)  RL (m) Remarks
147       AMT8          2000          14.0   13.12      CL
     Section No  Chainage (m)  Distance (m)  RL (m) Remarks
144       AMT8          2000           5.0    13.7      LB
     Section No  Chainage (m)  Distance (m)  RL (m) Remarks
159       AMT8          2000          28.0   14.59      RB
 sencionno=AMT8 CL distance=14.0 RL=13.12
 Finished Section no =AMT8**********************************
 



Initiated Section no =AMT9**********************************
     Section No  Chainage (m)  Distance (m)  RL (m) Remarks
167       AMT9          2200          12.0   11.84      CL
     Section No  Chainage (m)  Distance (m)  RL (m) Remarks
163       AMT9          2200           5.0   13.54      LB
     Section No  Chainage (m)  Distance (m)  RL (m) Remarks
179       AMT9          2200          25.0   14.37      RB
 sencionno=AMT9 CL distance=12.0 RL=11.84
 Finished Section no =AMT9**********************************
 



Initiated Section no =AMT10**********************************
     Section No  Chainage (m)  Distance (m)  RL (m) Remarks
187      AMT10          2500          14.0  11.416      CL
     Section No  Chainage (m)  Distance (m)  RL (m) Remarks
183      AMT10          2500           5.0  13.068      LB
     Section No  Chainage (m)  Distance (m)  RL (m) Remarks
192      AMT10          2500          25.0  12.808      RB
 sencionno=AMT10 CL distance=14.0 RL=11.415999999999999
 Finished Section no =AMT10**********************************
 



Initiated Section no =AMT11**********************************
     Section No  Chainage (m)  Distance (m)  RL (m) Remarks
199      AMT11          2700          13.0   11.78      CL
     Section No  Chainage (m)  Distance (m)  RL (m) Remarks
195      AMT11          2700           5.0   14.17      LB
     Section No  Chainage (m)  Distance (m)  RL (m) Remarks
210      AMT11          2700          30.0   14.08      RB
 sencionno=AMT11 CL distance=13.0 RL=11.78
 Finished Section no =AMT11**********************************
 



Initiated Section no =AMT12**********************************
     Section No  Chainage (m)  Distance (m)  RL (m) Remarks
217      AMT12          3000          11.0  12.382      CL
     Section No  Chainage (m)  Distance (m)  RL (m) Remarks
213      AMT12          3000           5.0   13.44      LB
     Section No  Chainage (m)  Distance (m)  RL (m) Remarks
228      AMT12          3000          28.0   14.06      RB
 sencionno=AMT12 CL distance=11.0 RL=12.381999999999996
 Finished Section no =AMT12**********************************
 



Initiated Section no =AMT13**********************************
     Section No  Chainage (m)  Distance (m)  RL (m) Remarks
233      AMT13          3300          16.0   12.11      CL
     Section No  Chainage (m)  Distance (m)  RL (m) Remarks
231      AMT13          3300          10.0   12.43      LB
     Section No  Chainage (m)  Distance (m)  RL (m) Remarks
240      AMT13          3300          35.0   12.34      RB
 sencionno=AMT13 CL distance=16.0 RL=12.11
 Finished Section no =AMT13**********************************
 


Detailed Debugging of Calcualtion of CL




 



Initiated Section no =AMT0**********************************
    Section No  Chainage (m)  Distance (m)  RL (m) Remarks
11       AMT0             0          18.0    7.12      CL
   Section No  Chainage (m)  Distance (m)  RL (m) Remarks
2       AMT0             0           5.0   10.06      LB
    Section No  Chainage (m)  Distance (m)  RL (m) Remarks
20       AMT0             0          32.0    9.65      RB
 sencionno=AMT0 CL distance=18.0 RL=7.12
 Finished Section no =AMT0**********************************
 



Initiated Section no =AMT1**********************************
    Section No  Chainage (m)  Distance (m)  RL (m) Remarks
33       AMT1            80          19.0    9.17      CL
    Section No  Chainage (m)  Distance (m)  RL (m) Remarks
28       AMT1            80           8.0   10.33      LB
    Section No  Chainage (m)  Distance (m)  RL (m) Remarks
39       AMT1            80          35.0   12.58      RB
 sencionno=AMT1 CL distance=19.0 RL=9.17
 Finished Section no =AMT1**********************************
 



Initiated Section no =AMT2**********************************
    Section No  Chainage (m)  Distance (m)  RL (m) Remarks
47       AMT2           300          16.0   10.03      CL
    Section No  Chainage (m)  Distance (m)  RL (m) Remarks
42       AMT2           300           5.0   13.36      LB
    Section No  Chainage (m)  Distance (m)  RL (m) Remarks
53       AMT2           300          30.0   13.48      RB
 sencionno=AMT2 CL distance=16.0 RL=10.03
 Finished Section no =AMT2**********************************
 



Initiated Section no =AMT3**********************************
    Section No  Chainage (m)  Distance (m)  RL (m) Remarks
60       AMT3           600          16.0   12.44      CL
    Section No  Chainage (m)  Distance (m)  RL (m) Remarks
56       AMT3           600          10.0   13.44      LB
    Section No  Chainage (m)  Distance (m)  RL (m) Remarks
69       AMT3           600          27.0   13.66      RB
 sencionno=AMT3 CL distance=16.0 RL=12.44
 Finished Section no =AMT3**********************************
 



Initiated Section no =AMT4**********************************
    Section No  Chainage (m)  Distance (m)  RL (m) Remarks
78       AMT4           900          15.0   10.98      CL
    Section No  Chainage (m)  Distance (m)  RL (m) Remarks
74       AMT4           900          10.0   13.63      LB
    Section No  Chainage (m)  Distance (m)  RL (m) Remarks
85       AMT4           900          23.0    13.6      RB
 sencionno=AMT4 CL distance=15.0 RL=10.98
 Finished Section no =AMT4**********************************
 



Initiated Section no =AMT5**********************************
    Section No  Chainage (m)  Distance (m)  RL (m) Remarks
93       AMT5          1200          13.0   12.22      CL
    Section No  Chainage (m)  Distance (m)  RL (m) Remarks
90       AMT5          1200          10.0   13.89      LB
    Section No  Chainage (m)  Distance (m)  RL (m) Remarks
99       AMT5          1200          19.0  11.018      RB
 sencionno=AMT5 CL distance=13.0 RL=12.22
 Finished Section no =AMT5**********************************
 



Initiated Section no =AMT6**********************************
     Section No  Chainage (m)  Distance (m)  RL (m) Remarks
115       AMT6          1500          13.0  11.492      CL
     Section No  Chainage (m)  Distance (m)  RL (m) Remarks
110       AMT6          1500           8.0    14.0      LB
     Section No  Chainage (m)  Distance (m)  RL (m) Remarks
124       AMT6          1500          25.0   14.02      RB
 sencionno=AMT6 CL distance=13.0 RL=11.492000000000003
 Finished Section no =AMT6**********************************
 



Initiated Section no =AMT6**********************************
     Section No  Chainage (m)  Distance (m)  RL (m) Remarks
115       AMT6          1500          13.0  11.492      CL
     Section No  Chainage (m)  Distance (m)  RL (m) Remarks
110       AMT6          1500           8.0    14.0      LB
     Section No  Chainage (m)  Distance (m)  RL (m) Remarks
124       AMT6          1500          25.0   14.02      RB
 sencionno=AMT6 CL distance=13.0 RL=11.492000000000003
 Finished Section no =AMT6**********************************
 



Initiated Section no =AMT7**********************************
     Section No  Chainage (m)  Distance (m)  RL (m) Remarks
134       AMT7          1800          14.0  11.759      CL
     Section No  Chainage (m)  Distance (m)  RL (m) Remarks
129       AMT7          1800           8.0   12.29      LB
     Section No  Chainage (m)  Distance (m)  RL (m) Remarks
140       AMT7          1800          22.0   13.93      RB
 sencionno=AMT7 CL distance=14.0 RL=11.759
 Finished Section no =AMT7**********************************
 



Initiated Section no =AMT8**********************************
     Section No  Chainage (m)  Distance (m)  RL (m) Remarks
147       AMT8          2000          14.0   13.12      CL
     Section No  Chainage (m)  Distance (m)  RL (m) Remarks
144       AMT8          2000           5.0    13.7      LB
     Section No  Chainage (m)  Distance (m)  RL (m) Remarks
159       AMT8          2000          28.0   14.59      RB
 sencionno=AMT8 CL distance=14.0 RL=13.12
 Finished Section no =AMT8**********************************
 



Initiated Section no =AMT9**********************************
     Section No  Chainage (m)  Distance (m)  RL (m) Remarks
167       AMT9          2200          12.0   11.84      CL
     Section No  Chainage (m)  Distance (m)  RL (m) Remarks
163       AMT9          2200           5.0   13.54      LB
     Section No  Chainage (m)  Distance (m)  RL (m) Remarks
179       AMT9          2200          25.0   14.37      RB
 sencionno=AMT9 CL distance=12.0 RL=11.84
 Finished Section no =AMT9**********************************
 



Initiated Section no =AMT10**********************************
     Section No  Chainage (m)  Distance (m)  RL (m) Remarks
187      AMT10          2500          14.0  11.416      CL
     Section No  Chainage (m)  Distance (m)  RL (m) Remarks
183      AMT10          2500           5.0  13.068      LB
     Section No  Chainage (m)  Distance (m)  RL (m) Remarks
192      AMT10          2500          25.0  12.808      RB
 sencionno=AMT10 CL distance=14.0 RL=11.415999999999999
 Finished Section no =AMT10**********************************
 



Initiated Section no =AMT11**********************************
     Section No  Chainage (m)  Distance (m)  RL (m) Remarks
199      AMT11          2700          13.0   11.78      CL
     Section No  Chainage (m)  Distance (m)  RL (m) Remarks
195      AMT11          2700           5.0   14.17      LB
     Section No  Chainage (m)  Distance (m)  RL (m) Remarks
210      AMT11          2700          30.0   14.08      RB
 sencionno=AMT11 CL distance=13.0 RL=11.78
 Finished Section no =AMT11**********************************
 



Initiated Section no =AMT12**********************************
     Section No  Chainage (m)  Distance (m)  RL (m) Remarks
217      AMT12          3000          11.0  12.382      CL
     Section No  Chainage (m)  Distance (m)  RL (m) Remarks
213      AMT12          3000           5.0   13.44      LB
     Section No  Chainage (m)  Distance (m)  RL (m) Remarks
228      AMT12          3000          28.0   14.06      RB
 sencionno=AMT12 CL distance=11.0 RL=12.381999999999996
 Finished Section no =AMT12**********************************
 



Initiated Section no =AMT13**********************************
     Section No  Chainage (m)  Distance (m)  RL (m) Remarks
233      AMT13          3300          16.0   12.11      CL
     Section No  Chainage (m)  Distance (m)  RL (m) Remarks
231      AMT13          3300          10.0   12.43      LB
     Section No  Chainage (m)  Distance (m)  RL (m) Remarks
240      AMT13          3300          35.0   12.34      RB
 sencionno=AMT13 CL distance=16.0 RL=12.11
 Finished Section no =AMT13**********************************
A col2=C 1
 





 {'dist': [0, 5, 10, 12, 13, 14, 16, 17.5, 19, 21, 23, 25, 30, 35], 'rl': [13.32, 13.36, 13.66, 12.26, 11.76, 10.77, 10.03, 9.44, 10.1, 11.52, 12.06, 13.58, 13.48, 13.43], 'remarks': ['', 'LB', '', '', '', '', 'CL', '', '', '', '', '', 'RB', ''], 'chainage': [300, 300, 300, 300, 300, 300, 300, 300, 300, 300, 300, 300, 300, 300], 'sectionNo': ['AMT2', 'AMT2', 'AMT2', 'AMT2', 'AMT2', 'AMT2', 'AMT2', 'AMT2', 'AMT2', 'AMT2', 'AMT2', 'AMT2', 'AMT2', 'AMT2']}
 





 chainage=600 sec=AMT3 row1=70 row2=86 col1=A col2=C 1
 





 {'dist': [0, 10, 13, 14, 15, 16, 17, 18, 19, 20.5, 21, 22, 24, 26, 27, 32, 40], 'rl': [13.3, 13.44, 13.65, 13.18, 12.72, 12.44, 11.74, 10.89, 10.49, 10.19, 10.29, 10.48, 11.04, 12.09, 13.66, 13.46, 13.4], 'remarks': ['', 'LB', '', '', '', 'CL', '', '', '', '', '', '', '', '', 'RB', '', ''], 'chainage': [600, 600, 600, 600, 600, 600, 600, 600, 600, 600, 600, 600, 600, 600, 600, 600, 600], 'sectionNo': ['AMT3', 'AMT3', 'AMT3', 'AMT3', 'AMT3', 'AMT3', 'AMT3', 'AMT3', 'AMT3', 'AMT3', 'AMT3', 'AMT3', 'AMT3', 'AMT3', 'AMT3', 'AMT3', 'AMT3']}
 





 chainage=900 sec=AMT4 row1=91 row2=106 col1=A col2=C 1
 





 {'dist': [0, 5, 10, 11, 12, 14, 15, 16, 17, 18, 19, 20, 21, 23, 29, 35], 'rl': [13.38, 13.52, 13.63, 13.39, 12.47, 11.38, 10.98, 10.95, 11.05, 11.61, 12.19, 12.84, 13.6, 13.6, 13.56, 13.53], 'remarks': ['', '', 'LB', '', '', '', 'CL', '', '', '', '', '', '', 'RB', '', ''], 'chainage': [900, 900, 900, 900, 900, 900, 900, 900, 900, 900, 900, 900, 900, 900, 900, 900], 'sectionNo': ['AMT4', 'AMT4', 'AMT4', 'AMT4', 'AMT4', 'AMT4', 'AMT4', 'AMT4', 'AMT4', 'AMT4', 'AMT4', 'AMT4', 'AMT4', 'AMT4', 'AMT4', 'AMT4']}
 





 chainage=1200 sec=AMT5 row1=111 row2=130 col1=A col2=C 1
 





 {'dist': [0, 5, 10, 11, 12, 13, 14.5, 15, 16, 17, 18, 19, 20, 21, 22, 24, 25, 26, 30, 35], 'rl': [13.89, 13.87, 13.89, 13.5, 12.87, 12.22, 11.488, 11.208, 10.838, 10.908, 11.017999999999999, 11.017999999999999, 11.088, 11.488, 12.23, 13.23, 13.73, 13.89, 13.83, 13.79], 'remarks': ['', '', 'LB', '', '', 'CL', '', '', '', '', '', 'RB', '', '', '', '', '', '', '', ''], 'chainage': [1200, 1200, 1200, 1200, 1200, 1200, 1200, 1200, 1200, 1200, 1200, 1200, 1200, 1200, 1200, 1200, 1200, 1200, 1200, 1200], 'sectionNo': ['AMT5', 'AMT5', 'AMT5', 'AMT5', 'AMT5', 'AMT5', 'AMT5', 'AMT5', 'AMT5', 'AMT5', 'AMT5', 'AMT5', 'AMT5', 'AMT5', 'AMT5', 'AMT5', 'AMT5', 'AMT5', 'AMT5', 'AMT5']}
 





 chainage=1500 sec=AMT6 row1=135 row2=152 col1=A col2=C 1
 





 {'dist': [0, 5, 8, 9, 10, 11, 12, 13, 14, 15, 16, 17, 18, 19, 21, 24, 25, 30], 'rl': [13.96, 14.05, 14, 13.59, 12.67, 12.15, 11.682000000000002, 11.492000000000003, 11.332000000000003, 11.422000000000002, 11.682000000000002, 12.26, 12.94, 13.87, 14.47, 14.46, 14.02, 13.88], 'remarks': ['', '', 'LB', '', '', '', '', 'CL', '', '', '', '', '', '', '', '', 'RB', ''], 'chainage': [1500, 1500, 1500, 1500, 1500, 1500, 1500, 1500, 1500, 1500, 1500, 1500, 1500, 1500, 1500, 1500, 1500, 1500], 'sectionNo': ['AMT6', 'AMT6', 'AMT6', 'AMT6', 'AMT6', 'AMT6', 'AMT6', 'AMT6', 'AMT6', 'AMT6', 'AMT6', 'AMT6', 'AMT6', 'AMT6', 'AMT6', 'AMT6', 'AMT6', 'AMT6']}
 





 chainage=1800 sec=AMT7 row1=157 row2=173 col1=A col2=C 1
 





 {'dist': [0, 5, 7, 8, 9, 11, 12.5, 13.5, 14, 15, 16, 17, 18, 19, 22, 23, 30], 'rl': [13.36, 13.32, 13.43, 12.29, 11.909, 11.779, 11.76, 11.739, 11.759, 11.799000000000001, 11.909, 12.46, 13.13, 13.96, 13.93, 13.59, 13.45], 'remarks': ['', '', '', 'LB', '', '', '', '', 'CL', '', '', '', '', '', 'RB', '', ''], 'chainage': [1800, 1800, 1800, 1800, 1800, 1800, 1800, 1800, 1800, 1800, 1800, 1800, 1800, 1800, 1800, 1800, 1800], 'sectionNo': ['AMT7', 'AMT7', 'AMT7', 'AMT7', 'AMT7', 'AMT7', 'AMT7', 'AMT7', 'AMT7', 'AMT7', 'AMT7', 'AMT7', 'AMT7', 'AMT7', 'AMT7', 'AMT7', 'AMT7']}
 





 chainage=2000 sec=AMT8 row1=178 row2=196 col1=A col2=C 1
 





 {'dist': [0, 5, 10, 13, 14, 15, 16, 17, 18, 19, 20, 21, 22, 23, 24, 25, 28, 29, 35], 'rl': [13.5, 13.7, 13.7, 13.8, 13.12, 12.165, 11.86, 11.75, 11.74, 11.74, 11.79, 11.91, 12.165, 12.84, 13.7, 14.6, 14.59, 13.66, 13.54], 'remarks': ['', 'LB', '', '', 'CL', '', '', '', '', '', '', '', '', '', '', '', 'RB', '', ''], 'chainage': [2000, 2000, 2000, 2000, 2000, 2000, 2000, 2000, 2000, 2000, 2000, 2000, 2000, 2000, 2000, 2000, 2000, 2000, 2000], 'sectionNo': ['AMT8', 'AMT8', 'AMT8', 'AMT8', 'AMT8', 'AMT8', 'AMT8', 'AMT8', 'AMT8', 'AMT8', 'AMT8', 'AMT8', 'AMT8', 'AMT8', 'AMT8', 'AMT8', 'AMT8', 'AMT8', 'AMT8']}
 





 chainage=2200 sec=AMT9 row1=199 row2=218 col1=A col2=C 1
 





 {'dist': [0, 5, 10, 11, 11.5, 12, 13, 14, 15, 16, 17, 18, 18.5, 19, 20, 21, 22, 25, 26, 35], 'rl': [13.49, 13.54, 13.59, 13.26, 12.165, 11.84, 11.6, 11.45, 11.44, 11.48, 11.55, 11.8, 12.165, 12.51, 13.18, 14.06, 14.35, 14.37, 13.25, 13.2], 'remarks': ['', 'LB', '', '', '', 'CL', '', '', '', '', '', '', '', '', '', '', '', 'RB', '', ''], 'chainage': [2200, 2200, 2200, 2200, 2200, 2200, 2200, 2200, 2200, 2200, 2200, 2200, 2200, 2200, 2200, 2200, 2200, 2200, 2200, 2200], 'sectionNo': ['AMT9', 'AMT9', 'AMT9', 'AMT9', 'AMT9', 'AMT9', 'AMT9', 'AMT9', 'AMT9', 'AMT9', 'AMT9', 'AMT9', 'AMT9', 'AMT9', 'AMT9', 'AMT9', 'AMT9', 'AMT9', 'AMT9', 'AMT9']}
 





 chainage=2500 sec=AMT10 row1=222 row2=233 col1=A col2=C 1
 





 {'dist': [0, 5, 10, 11, 12, 14, 14.5, 17, 18, 19, 25, 35], 'rl': [13.087999999999997, 13.067999999999998, 13.277999999999997, 12.185999999999998, 11.685999999999998, 11.415999999999999, 11.395999999999997, 11.535999999999998, 12.185999999999998, 12.827999999999998, 12.807999999999998, 12.797999999999998], 'remarks': ['', 'LB', '', '', '', 'CL', '', '', '', '', 'RB', ''], 'chainage': [2500, 2500, 2500, 2500, 2500, 2500, 2500, 2500, 2500, 2500, 2500, 2500], 'sectionNo': ['AMT10', 'AMT10', 'AMT10', 'AMT10', 'AMT10', 'AMT10', 'AMT10', 'AMT10', 'AMT10', 'AMT10', 'AMT10', 'AMT10']}
 





 chainage=2700 sec=AMT11 row1=237 row2=254 col1=A col2=C 1
 





 {'dist': [0, 5, 10, 11, 12, 13, 14, 15, 16, 17, 18, 18.5, 19, 20, 22, 23, 30, 35], 'rl': [13.92, 14.17, 14.17, 13.62, 12.199999999999998, 11.78, 11.79, 11.76, 11.78, 11.76, 11.83, 12.199999999999998, 12.54, 13.08, 13.97, 14.15, 14.08, 14.09], 'remarks': ['', 'LB', '', '', '', 'CL', '', '', '', '', '', '', '', '', '', '', 'RB', ''], 'chainage': [2700, 2700, 2700, 2700, 2700, 2700, 2700, 2700, 2700, 2700, 2700, 2700, 2700, 2700, 2700, 2700, 2700, 2700], 'sectionNo': ['AMT11', 'AMT11', 'AMT11', 'AMT11', 'AMT11', 'AMT11', 'AMT11', 'AMT11', 'AMT11', 'AMT11', 'AMT11', 'AMT11', 'AMT11', 'AMT11', 'AMT11', 'AMT11', 'AMT11', 'AMT11']}
 





 chainage=3000 sec=AMT12 row1=258 row2=275 col1=A col2=C 1
 





 {'dist': [0, 5, 6, 8, 10, 11, 13, 15, 15.5, 16.5, 17.5, 18.5, 19.5, 20.5, 21.5, 22, 28, 35], 'rl': [13.36, 13.44, 13.87, 14.09, 13.61, 12.381999999999996, 12.06, 11.96, 11.68, 11.91, 12.03, 12.381999999999996, 12.82, 13.23, 13.72, 13.96, 14.06, 13.72], 'remarks': ['', 'LB', '', '', '', 'CL', '', '', '', '', '', '', '', '', '', '', 'RB', ''], 'chainage': [3000, 3000, 3000, 3000, 3000, 3000, 3000, 3000, 3000, 3000, 3000, 3000, 3000, 3000, 3000, 3000, 3000, 3000], 'sectionNo': ['AMT12', 'AMT12', 'AMT12', 'AMT12', 'AMT12', 'AMT12', 'AMT12', 'AMT12', 'AMT12', 'AMT12', 'AMT12', 'AMT12', 'AMT12', 'AMT12', 'AMT12', 'AMT12', 'AMT12', 'AMT12']}
 





 chainage=3300 sec=AMT13 row1=280 row2=290 col1=A col2=C 1
 





 {'dist': [0, 10, 15, 16, 17, 18, 19, 20, 21, 30, 35], 'rl': [12.45, 12.43, 12.35, 12.11, 12.08, 12.22, 12.17, 12.34, 12.38, 12.32, 12.34], 'remarks': ['', 'LB', '', 'CL', '', '', '', '', '', '', 'RB'], 'chainage': [3300, 3300, 3300, 3300, 3300, 3300, 3300, 3300, 3300, 3300, 3300], 'sectionNo': ['AMT13', 'AMT13', 'AMT13', 'AMT13', 'AMT13', 'AMT13', 'AMT13', 'AMT13', 'AMT13', 'AMT13', 'AMT13']}
 





 


Detailed Debugging of Calcualtion of CL




 



Initiated Section no =AMT0**********************************
    Section No  Chainage (m)  Distance (m)  RL (m) Remarks
11       AMT0             0          18.0    7.12      CL
   Section No  Chainage (m)  Distance (m)  RL (m) Remarks
2       AMT0             0           5.0   10.06      LB
    Section No  Chainage (m)  Distance (m)  RL (m) Remarks
20       AMT0             0          32.0    9.65      RB
 sencionno=AMT0 CL distance=18.0 RL=7.12
 Finished Section no =AMT0**********************************
 



Initiated Section no =AMT1**********************************
    Section No  Chainage (m)  Distance (m)  RL (m) Remarks
33       AMT1            80          19.0    9.17      CL
    Section No  Chainage (m)  Distance (m)  RL (m) Remarks
28       AMT1            80           8.0   10.33      LB
    Section No  Chainage (m)  Distance (m)  RL (m) Remarks
39       AMT1            80          35.0   12.58      RB
 sencionno=AMT1 CL distance=19.0 RL=9.17
 Finished Section no =AMT1**********************************
 



Initiated Section no =AMT2**********************************
    Section No  Chainage (m)  Distance (m)  RL (m) Remarks
47       AMT2           300          16.0   10.03      CL
    Section No  Chainage (m)  Distance (m)  RL (m) Remarks
42       AMT2           300           5.0   13.36      LB
    Section No  Chainage (m)  Distance (m)  RL (m) Remarks
53       AMT2           300          30.0   13.48      RB
 sencionno=AMT2 CL distance=16.0 RL=10.03
 Finished Section no =AMT2**********************************
 



Initiated Section no =AMT3**********************************
    Section No  Chainage (m)  Distance (m)  RL (m) Remarks
60       AMT3           600          16.0   12.44      CL
    Section No  Chainage (m)  Distance (m)  RL (m) Remarks
56       AMT3           600          10.0   13.44      LB
    Section No  Chainage (m)  Distance (m)  RL (m) Remarks
69       AMT3           600          27.0   13.66      RB
 sencionno=AMT3 CL distance=16.0 RL=12.44
 Finished Section no =AMT3**********************************
 



Initiated Section no =AMT4**********************************
    Section No  Chainage (m)  Distance (m)  RL (m) Remarks
78       AMT4           900          15.0   10.98      CL
    Section No  Chainage (m)  Distance (m)  RL (m) Remarks
74       AMT4           900          10.0   13.63      LB
    Section No  Chainage (m)  Distance (m)  RL (m) Remarks
85       AMT4           900          23.0    13.6      RB
 sencionno=AMT4 CL distance=15.0 RL=10.98
 Finished Section no =AMT4**********************************
 



Initiated Section no =AMT5**********************************
    Section No  Chainage (m)  Distance (m)  RL (m) Remarks
93       AMT5          1200          13.0   12.22      CL
    Section No  Chainage (m)  Distance (m)  RL (m) Remarks
90       AMT5          1200          10.0   13.89      LB
    Section No  Chainage (m)  Distance (m)  RL (m) Remarks
99       AMT5          1200          19.0  11.018      RB
 sencionno=AMT5 CL distance=13.0 RL=12.22
 Finished Section no =AMT5**********************************
 



Initiated Section no =AMT6**********************************
     Section No  Chainage (m)  Distance (m)  RL (m) Remarks
115       AMT6          1500          13.0  11.492      CL
     Section No  Chainage (m)  Distance (m)  RL (m) Remarks
110       AMT6          1500           8.0    14.0      LB
     Section No  Chainage (m)  Distance (m)  RL (m) Remarks
124       AMT6          1500          25.0   14.02      RB
 sencionno=AMT6 CL distance=13.0 RL=11.492000000000003
 Finished Section no =AMT6**********************************
 



Initiated Section no =AMT7**********************************
     Section No  Chainage (m)  Distance (m)  RL (m) Remarks
134       AMT7          1800          14.0  11.759      CL
     Section No  Chainage (m)  Distance (m)  RL (m) Remarks
129       AMT7          1800           8.0   12.29      LB
     Section No  Chainage (m)  Distance (m)  RL (m) Remarks
140       AMT7          1800          22.0   13.93      RB
 sencionno=AMT7 CL distance=14.0 RL=11.759
 Finished Section no =AMT7**********************************
 



Initiated Section no =AMT8**********************************
     Section No  Chainage (m)  Distance (m)  RL (m) Remarks
147       AMT8          2000          14.0   13.12      CL
     Section No  Chainage (m)  Distance (m)  RL (m) Remarks
144       AMT8          2000           5.0    13.7      LB
     Section No  Chainage (m)  Distance (m)  RL (m) Remarks
159       AMT8          2000          28.0   14.59      RB
 sencionno=AMT8 CL distance=14.0 RL=13.12
 Finished Section no =AMT8**********************************
 



Initiated Section no =AMT9**********************************
     Section No  Chainage (m)  Distance (m)  RL (m) Remarks
167       AMT9          2200          12.0   11.84      CL
     Section No  Chainage (m)  Distance (m)  RL (m) Remarks
163       AMT9          2200           5.0   13.54      LB
     Section No  Chainage (m)  Distance (m)  RL (m) Remarks
179       AMT9          2200          25.0   14.37      RB
 sencionno=AMT9 CL distance=12.0 RL=11.84
 Finished Section no =AMT9**********************************
 



Initiated Section no =AMT10**********************************
     Section No  Chainage (m)  Distance (m)  RL (m) Remarks
187      AMT10          2500          14.0  11.416      CL
     Section No  Chainage (m)  Distance (m)  RL (m) Remarks
183      AMT10          2500           5.0  13.068      LB
     Section No  Chainage (m)  Distance (m)  RL (m) Remarks
192      AMT10          2500          25.0  12.808      RB
 sencionno=AMT10 CL distance=14.0 RL=11.415999999999999
 Finished Section no =AMT10**********************************
 



Initiated Section no =AMT11**********************************
     Section No  Chainage (m)  Distance (m)  RL (m) Remarks
199      AMT11          2700          13.0   11.78      CL
     Section No  Chainage (m)  Distance (m)  RL (m) Remarks
195      AMT11          2700           5.0   14.17      LB
     Section No  Chainage (m)  Distance (m)  RL (m) Remarks
210      AMT11          2700          30.0   14.08      RB
 sencionno=AMT11 CL distance=13.0 RL=11.78
 Finished Section no =AMT11**********************************
 



Initiated Section no =AMT12**********************************
     Section No  Chainage (m)  Distance (m)  RL (m) Remarks
217      AMT12          3000          11.0  12.382      CL
     Section No  Chainage (m)  Distance (m)  RL (m) Remarks
213      AMT12          3000           5.0   13.44      LB
     Section No  Chainage (m)  Distance (m)  RL (m) Remarks
228      AMT12          3000          28.0   14.06      RB
 sencionno=AMT12 CL distance=11.0 RL=12.381999999999996
 Finished Section no =AMT12**********************************
 



Initiated Section no =AMT13**********************************
     Section No  Chainage (m)  Distance (m)  RL (m) Remarks
233      AMT13          3300          16.0   12.11      CL
     Section No  Chainage (m)  Distance (m)  RL (m) Remarks
231      AMT13          3300          10.0   12.43      LB
     Section No  Chainage (m)  Distance (m)  RL (m) Remarks
240      AMT13          3300          35.0   12.34      RB
 sencionno=AMT13 CL distance=16.0 RL=12.11
 Finished Section no =AMT13**********************************
 


Detailed Debugging of Calcualtion of CL




 



Initiated Section no =AMT0**********************************
    Section No  Chainage (m)  Distance (m)  RL (m) Remarks
11       AMT0             0          18.0    7.12      CL
   Section No  Chainage (m)  Distance (m)  RL (m) Remarks
2       AMT0             0           5.0   10.06      LB
    Section No  Chainage (m)  Distance (m)  RL (m) Remarks
20       AMT0             0          32.0    9.65      RB
 sencionno=AMT0 CL distance=18.0 RL=7.12
 Finished Section no =AMT0**********************************
 



Initiated Section no =AMT1**********************************
    Section No  Chainage (m)  Distance (m)  RL (m) Remarks
33       AMT1            80          19.0    9.17      CL
    Section No  Chainage (m)  Distance (m)  RL (m) Remarks
28       AMT1            80           8.0   10.33      LB
    Section No  Chainage (m)  Distance (m)  RL (m) Remarks
39       AMT1            80          35.0   12.58      RB
 sencionno=AMT1 CL distance=19.0 RL=9.17
 Finished Section no =AMT1**********************************
 



Initiated Section no =AMT2**********************************
    Section No  Chainage (m)  Distance (m)  RL (m) Remarks
47       AMT2           300          16.0   10.03      CL
    Section No  Chainage (m)  Distance (m)  RL (m) Remarks
42       AMT2           300           5.0   13.36      LB
    Section No  Chainage (m)  Distance (m)  RL (m) Remarks
53       AMT2           300          30.0   13.48      RB
 sencionno=AMT2 CL distance=16.0 RL=10.03
 Finished Section no =AMT2**********************************
 



Initiated Section no =AMT3**********************************
    Section No  Chainage (m)  Distance (m)  RL (m) Remarks
60       AMT3           600          16.0   12.44      CL
    Section No  Chainage (m)  Distance (m)  RL (m) Remarks
56       AMT3           600          10.0   13.44      LB
    Section No  Chainage (m)  Distance (m)  RL (m) Remarks
69       AMT3           600          27.0   13.66      RB
 sencionno=AMT3 CL distance=16.0 RL=12.44
 Finished Section no =AMT3**********************************
 



Initiated Section no =AMT4**********************************
    Section No  Chainage (m)  Distance (m)  RL (m) Remarks
78       AMT4           900          15.0   10.98      CL
    Section No  Chainage (m)  Distance (m)  RL (m) Remarks
74       AMT4           900          10.0   13.63      LB
    Section No  Chainage (m)  Distance (m)  RL (m) Remarks
85       AMT4           900          23.0    13.6      RB
 sencionno=AMT4 CL distance=15.0 RL=10.98
 Finished Section no =AMT4**********************************
 



Initiated Section no =AMT5**********************************
    Section No  Chainage (m)  Distance (m)  RL (m) Remarks
93       AMT5          1200          13.0   12.22      CL
    Section No  Chainage (m)  Distance (m)  RL (m) Remarks
90       AMT5          1200          10.0   13.89      LB
    Section No  Chainage (m)  Distance (m)  RL (m) Remarks
99       AMT5          1200          19.0  11.018      RB
 sencionno=AMT5 CL distance=13.0 RL=12.22
 Finished Section no =AMT5**********************************
 



Initiated Section no =AMT6**********************************
     Section No  Chainage (m)  Distance (m)  RL (m) Remarks
115       AMT6          1500          13.0  11.492      CL
     Section No  Chainage (m)  Distance (m)  RL (m) Remarks
110       AMT6          1500           8.0    14.0      LB
     Section No  Chainage (m)  Distance (m)  RL (m) Remarks
124       AMT6          1500          25.0   14.02      RB
 sencionno=AMT6 CL distance=13.0 RL=11.492000000000003
 Finished Section no =AMT6**********************************
 



Initiated Section no =AMT6**********************************
     Section No  Chainage (m)  Distance (m)  RL (m) Remarks
115       AMT6          1500          13.0  11.492      CL
     Section No  Chainage (m)  Distance (m)  RL (m) Remarks
110       AMT6          1500           8.0    14.0      LB
     Section No  Chainage (m)  Distance (m)  RL (m) Remarks
124       AMT6          1500          25.0   14.02      RB
 sencionno=AMT6 CL distance=13.0 RL=11.492000000000003
 Finished Section no =AMT6**********************************
 



Initiated Section no =AMT7**********************************
     Section No  Chainage (m)  Distance (m)  RL (m) Remarks
134       AMT7          1800          14.0  11.759      CL
     Section No  Chainage (m)  Distance (m)  RL (m) Remarks
129       AMT7          1800           8.0   12.29      LB
     Section No  Chainage (m)  Distance (m)  RL (m) Remarks
140       AMT7          1800          22.0   13.93      RB
 sencionno=AMT7 CL distance=14.0 RL=11.759
 Finished Section no =AMT7**********************************
 



Initiated Section no =AMT8**********************************
     Section No  Chainage (m)  Distance (m)  RL (m) Remarks
147       AMT8          2000          14.0   13.12      CL
     Section No  Chainage (m)  Distance (m)  RL (m) Remarks
144       AMT8          2000           5.0    13.7      LB
     Section No  Chainage (m)  Distance (m)  RL (m) Remarks
159       AMT8          2000          28.0   14.59      RB
 sencionno=AMT8 CL distance=14.0 RL=13.12
 Finished Section no =AMT8**********************************
 



Initiated Section no =AMT9**********************************
     Section No  Chainage (m)  Distance (m)  RL (m) Remarks
167       AMT9          2200          12.0   11.84      CL
     Section No  Chainage (m)  Distance (m)  RL (m) Remarks
163       AMT9          2200           5.0   13.54      LB
     Section No  Chainage (m)  Distance (m)  RL (m) Remarks
179       AMT9          2200          25.0   14.37      RB
 sencionno=AMT9 CL distance=12.0 RL=11.84
 Finished Section no =AMT9**********************************
 



Initiated Section no =AMT10**********************************
     Section No  Chainage (m)  Distance (m)  RL (m) Remarks
187      AMT10          2500          14.0  11.416      CL
     Section No  Chainage (m)  Distance (m)  RL (m) Remarks
183      AMT10          2500           5.0  13.068      LB
     Section No  Chainage (m)  Distance (m)  RL (m) Remarks
192      AMT10          2500          25.0  12.808      RB
 sencionno=AMT10 CL distance=14.0 RL=11.415999999999999
 Finished Section no =AMT10**********************************
 



Initiated Section no =AMT11**********************************
     Section No  Chainage (m)  Distance (m)  RL (m) Remarks
199      AMT11          2700          13.0   11.78      CL
     Section No  Chainage (m)  Distance (m)  RL (m) Remarks
195      AMT11          2700           5.0   14.17      LB
     Section No  Chainage (m)  Distance (m)  RL (m) Remarks
210      AMT11          2700          30.0   14.08      RB
 sencionno=AMT11 CL distance=13.0 RL=11.78
 Finished Section no =AMT11**********************************
 



Initiated Section no =AMT12**********************************
     Section No  Chainage (m)  Distance (m)  RL (m) Remarks
217      AMT12          3000          11.0  12.382      CL
     Section No  Chainage (m)  Distance (m)  RL (m) Remarks
213      AMT12          3000           5.0   13.44      LB
     Section No  Chainage (m)  Distance (m)  RL (m) Remarks
228      AMT12          3000          28.0   14.06      RB
 sencionno=AMT12 CL distance=11.0 RL=12.381999999999996
 Finished Section no =AMT12**********************************
 



Initiated Section no =AMT13**********************************
     Section No  Chainage (m)  Distance (m)  RL (m) Remarks
233      AMT13          3300          16.0   12.11      CL
     Section No  Chainage (m)  Distance (m)  RL (m) Remarks
231      AMT13          3300          10.0   12.43      LB
     Section No  Chainage (m)  Distance (m)  RL (m) Remarks
240      AMT13          3300          35.0   12.34      RB
 sencionno=AMT13 CL distance=16.0 RL=12.11
 Finished Section no =AMT13**********************************
