 Sucessfully Setup Logger for this programme.............
 Printing Data Matrix Direction.................

       Data Name      Value
0  Package Name  TP_KEX_10
1   Data Matrix          V
 

###############################################


   XsectionNo  chainage   r1   r2 c1 c2           KhalName     GL  Ivert Level  \
0       HBK0         0    5   17  B  D  Hiron Branch khal  0.402         -1.6   
1       HBK1       100   21   34  B  D  Hiron Branch khal  0.402         -1.6   
2       HBK2       200   38   49  B  D  Hiron Branch khal  0.402         -1.6   
3       HBK3       300   64   78  B  D  Hiron Branch khal  0.402         -1.6   
4       HBK4       400   81   92  B  D  Hiron Branch khal  0.402         -1.6   
5       HBK5       500   95  108  B  D  Hiron Branch khal  0.402         -1.6   
6       HBK6       600  111  125  B  D  Hiron Branch khal  0.402         -1.6   
7       HBK7       678  130  144  B  D  Hiron Branch khal  0.402         -1.6   

   Retention  Required_Area  Direction  
0        0.6             30          1  
1        0.6             30          1  
2        0.6             30          1  
3        0.6             30          1  
4        0.6             30          1  
5        0.6             30          1  
6        0.6             30          1  
7        0.6             30          1  
 chainage=0 sec=HBK0 row1=5 row2=17 col1=B col2=D 1
 





 {'dist': [0, 5, 10, 12, 14, 16, 18, 20, 22, 24, 26, 30, 35], 'rl': [2.631, 2.627, 2.621, 1.006, 0.727, 0.476, 0.421, 0.47, 0.711, 0.916, 2.691, 2.701, 2.706], 'remarks': ['Road slope', '', 'LB', '', '', '', 'CL', '', '', '', 'RB', '', 'Road slope'], 'chainage': [0, 0, 0, 0, 0, 0, 0, 0, 0, 0, 0, 0, 0], 'sectionNo': ['HBK0', 'HBK0', 'HBK0', 'HBK0', 'HBK0', 'HBK0', 'HBK0', 'HBK0', 'HBK0', 'HBK0', 'HBK0', 'HBK0', 'HBK0']}
 





 chainage=100 sec=HBK1 row1=21 row2=34 col1=B col2=D 1
 





 {'dist': [0, 2, 4, 6, 8, 9, 10, 12, 13, 14, 15, 17, 18, 23], 'rl': [0.196, 0.209, 0.309, 0.899, 0.894, 0.674, 0.194, 0.144, 0.094, 0.148, 0.199, 0.648, 2.599, 2.609], 'remarks': ['Ditch', '', '', '', 'LB', '', '', '', 'CL', '', '', '', 'RB', 'House'], 'chainage': [100, 100, 100, 100, 100, 100, 100, 100, 100, 100, 100, 100, 100, 100], 'sectionNo': ['HBK1', 'HBK1', 'HBK1', 'HBK1', 'HBK1', 'HBK1', 'HBK1', 'HBK1', 'HBK1', 'HBK1', 'HBK1', 'HBK1', 'HBK1', 'HBK1']}
 





 chainage=200 sec=HBK2 row1=38 row2=49 col1=B col2=D 1
 





 {'dist': [0, 5, 10, 11, 12, 13, 14, 15, 16, 17, 18, 21], 'rl': [1.581, 1.576, 1.561, 0.496, 0.311, 0.066, 0.022, 0.06, 0.273, 0.516, 2.05, 2.051], 'remarks': ['Garden', 'LB', '', '', '', '', 'CL', '', '', '', 'RB', 'HBB road'], 'chainage': [200, 200, 200, 200, 200, 200, 200, 200, 200, 200, 200, 200], 'sectionNo': ['HBK2', 'HBK2', 'HBK2', 'HBK2', 'HBK2', 'HBK2', 'HBK2', 'HBK2', 'HBK2', 'HBK2', 'HBK2', 'HBK2']}
 





 chainage=300 sec=HBK3 row1=64 row2=78 col1=B col2=D 1
 





 {'dist': [0, 2, 4, 6, 8, 9, 10, 11, 13, 14, 15, 16, 18, 20, 25], 'rl': [0.355, 0.37, 0.523, 0.68, 0.775, 1.37, 1.375, 0.675, 0.45, 0.27, 0.222, 0.28, 0.455, 2.475, 2.48], 'remarks': ['Ditch', '', '', '', '', '', 'LB', '', '', '', 'CL', '', '', 'RB', 'House area'], 'chainage': [300, 300, 300, 300, 300, 300, 300, 300, 300, 300, 300, 300, 300, 300, 300], 'sectionNo': ['HBK3', 'HBK3', 'HBK3', 'HBK3', 'HBK3', 'HBK3', 'HBK3', 'HBK3', 'HBK3', 'HBK3', 'HBK3', 'HBK3', 'HBK3', 'HBK3', 'HBK3']}
 





 chainage=400 sec=HBK4 row1=81 row2=92 col1=B col2=D 1
 





 {'dist': [0, 5, 10, 12, 13, 14, 15, 16, 17, 18, 20, 25], 'rl': [2.54, 2.538, 2.528, 0.763, 0.528, 0.38, 0.338, 0.377, 0.537, 0.777, 3.528, 3.533], 'remarks': ['Garden', '', 'LB', '', '', '', 'CL', '', '', '', 'RB', 'House'], 'chainage': [400, 400, 400, 400, 400, 400, 400, 400, 400, 400, 400, 400], 'sectionNo': ['HBK4', 'HBK4', 'HBK4', 'HBK4', 'HBK4', 'HBK4', 'HBK4', 'HBK4', 'HBK4', 'HBK4', 'HBK4', 'HBK4']}
 





 chainage=500 sec=HBK5 row1=95 row2=108 col1=B col2=D 1
 





 {'dist': [0, 5, 6, 10, 11, 13, 14, 15, 16, 18, 19, 20, 25, 30], 'rl': [2.898, 2.893, 1.273, 1.268, 0.638, 0.423, 0.273, 0.222, 0.277, 0.423, 0.728, 0.898, 0.907, 0.916], 'remarks': ['House', '', '', 'LB', '', '', '', 'CL', '', '', '', 'RB', '', 'Paddy land'], 'chainage': [500, 500, 500, 500, 500, 500, 500, 500, 500, 500, 500, 500, 500, 500], 'sectionNo': ['HBK5', 'HBK5', 'HBK5', 'HBK5', 'HBK5', 'HBK5', 'HBK5', 'HBK5', 'HBK5', 'HBK5', 'HBK5', 'HBK5', 'HBK5', 'HBK5']}
 





 chainage=600 sec=HBK6 row1=111 row2=125 col1=B col2=D 1
 





 {'dist': [0, 5, 8, 9, 10, 10.5, 11, 11.5, 12, 12.5, 13, 13.5, 14, 20, 25], 'rl': [2.541, 2.536, 2.526, 1.211, 1.216, 0.721, 0.671, 0.546, 0.522, 0.553, 0.611, 0.711, 0.816, 0.821, 0.836], 'remarks': ['Pond bank', '', '', '', 'LB', '', '', '', 'CL', '', '', '', 'RB', '', 'Paddy land'], 'chainage': [600, 600, 600, 600, 600, 600, 600, 600, 600, 600, 600, 600, 600, 600, 600], 'sectionNo': ['HBK6', 'HBK6', 'HBK6', 'HBK6', 'HBK6', 'HBK6', 'HBK6', 'HBK6', 'HBK6', 'HBK6', 'HBK6', 'HBK6', 'HBK6', 'HBK6', 'HBK6']}
 





 chainage=678 sec=HBK7 row1=130 row2=144 col1=B col2=D 1
 





 {'dist': [0, 2, 4, 6, 8, 9, 10, 10.5, 11, 11.5, 12, 12.5, 13, 20, 25], 'rl': [0.165, 0.426, 0.716, 2.346, 2.336, 1.236, 1.221, 0.988, 0.865, 0.836, 0.851, 0.916, 0.991, 0.996, 1.001], 'remarks': ['Pond', '', '', '', '', '', 'LB', '', '', 'CL', '', '', 'RB', '', 'Paddy land'], 'chainage': [678, 678, 678, 678, 678, 678, 678, 678, 678, 678, 678, 678, 678, 678, 678], 'sectionNo': ['HBK7', 'HBK7', 'HBK7', 'HBK7', 'HBK7', 'HBK7', 'HBK7', 'HBK7', 'HBK7', 'HBK7', 'HBK7', 'HBK7', 'HBK7', 'HBK7', 'HBK7']}
 





 


Detailed Debugging of Calcualtion of CL




 



Initiated Section no =HBK0**********************************
   Section No  Chainage (m)  Distance (m)  RL (m) Remarks
6       HBK0             0          18.0   0.421      CL
   Section No  Chainage (m)  Distance (m)  RL (m) Remarks
2       HBK0             0          10.0   2.621      LB
    Section No  Chainage (m)  Distance (m)  RL (m) Remarks
10       HBK0             0          26.0   2.691      RB
 sencionno=HBK0 CL distance=18.0 RL=0.421
 Finished Section no =HBK0**********************************
 



Initiated Section no =HBK1**********************************
    Section No  Chainage (m)  Distance (m)  RL (m) Remarks
21       HBK1           100          13.0   0.094      CL
    Section No  Chainage (m)  Distance (m)  RL (m) Remarks
17       HBK1           100           8.0   0.894      LB
    Section No  Chainage (m)  Distance (m)  RL (m) Remarks
25       HBK1           100          18.0   2.599      RB
 sencionno=HBK1 CL distance=13.0 RL=0.094
 Finished Section no =HBK1**********************************
 



Initiated Section no =HBK2**********************************
    Section No  Chainage (m)  Distance (m)  RL (m) Remarks
33       HBK2           200          14.0   0.022      CL
    Section No  Chainage (m)  Distance (m)  RL (m) Remarks
28       HBK2           200           5.0   1.576      LB
    Section No  Chainage (m)  Distance (m)  RL (m) Remarks
37       HBK2           200          18.0    2.05      RB
 sencionno=HBK2 CL distance=14.0 RL=0.022
 Finished Section no =HBK2**********************************
 



Initiated Section no =HBK3**********************************
    Section No  Chainage (m)  Distance (m)  RL (m) Remarks
49       HBK3           300          15.0   0.222      CL
    Section No  Chainage (m)  Distance (m)  RL (m) Remarks
45       HBK3           300          10.0   1.375      LB
    Section No  Chainage (m)  Distance (m)  RL (m) Remarks
52       HBK3           300          20.0   2.475      RB
 sencionno=HBK3 CL distance=15.0 RL=0.222
 Finished Section no =HBK3**********************************
 



Initiated Section no =HBK4**********************************
    Section No  Chainage (m)  Distance (m)  RL (m) Remarks
60       HBK4           400          15.0   0.338      CL
    Section No  Chainage (m)  Distance (m)  RL (m) Remarks
56       HBK4           400          10.0   2.528      LB
    Section No  Chainage (m)  Distance (m)  RL (m) Remarks
64       HBK4           400          20.0   3.528      RB
 sencionno=HBK4 CL distance=15.0 RL=0.338
 Finished Section no =HBK4**********************************
 



Initiated Section no =HBK5**********************************
    Section No  Chainage (m)  Distance (m)  RL (m) Remarks
73       HBK5           500          15.0   0.222      CL
    Section No  Chainage (m)  Distance (m)  RL (m) Remarks
69       HBK5           500          10.0   1.268      LB
    Section No  Chainage (m)  Distance (m)  RL (m) Remarks
77       HBK5           500          20.0   0.898      RB
 sencionno=HBK5 CL distance=15.0 RL=0.222
 Finished Section no =HBK5**********************************
 



Initiated Section no =HBK6**********************************
    Section No  Chainage (m)  Distance (m)  RL (m) Remarks
88       HBK6           600          12.0   0.522      CL
    Section No  Chainage (m)  Distance (m)  RL (m) Remarks
84       HBK6           600          10.0   1.216      LB
    Section No  Chainage (m)  Distance (m)  RL (m) Remarks
92       HBK6           600          14.0   0.816      RB
 sencionno=HBK6 CL distance=12.0 RL=0.522
 Finished Section no =HBK6**********************************
 



Initiated Section no =HBK7**********************************
     Section No  Chainage (m)  Distance (m)  RL (m) Remarks
104       HBK7           678          11.5   0.836      CL
     Section No  Chainage (m)  Distance (m)  RL (m) Remarks
101       HBK7           678          10.0   1.221      LB
     Section No  Chainage (m)  Distance (m)  RL (m) Remarks
107       HBK7           678          13.0   0.991      RB
 sencionno=HBK7 CL distance=11.5 RL=0.836
 Finished Section no =HBK7**********************************
 


############# We Are Checking Sectional properties.............
 


############# ##################################################
   XsectionNo  chainage   r1   r2 c1 c2           KhalName     GL  Ivert Level  \
0       HBK0         0    5   17  B  D  Hiron Branch khal  0.402         -1.6   
1       HBK1       100   21   34  B  D  Hiron Branch khal  0.402         -1.6   
2       HBK2       200   38   49  B  D  Hiron Branch khal  0.402         -1.6   
3       HBK3       300   64   78  B  D  Hiron Branch khal  0.402         -1.6   
4       HBK4       400   81   92  B  D  Hiron Branch khal  0.402         -1.6   
5       HBK5       500   95  108  B  D  Hiron Branch khal  0.402         -1.6   
6       HBK6       600  111  125  B  D  Hiron Branch khal  0.402         -1.6   
7       HBK7       678  130  144  B  D  Hiron Branch khal  0.402         -1.6   

   Retention  Required_Area  Direction  
0        0.6             30          1  
1        0.6             30          1  
2        0.6             30          1  
3        0.6             30          1  
4        0.6             30          1  
5        0.6             30          1  
6        0.6             30          1  
7        0.6             30          1  
 secno=HBK0
 xvalues=[np.float64(0.0), np.float64(5.0), np.float64(10.0), np.float64(12.0), np.float64(14.0), np.float64(16.0), np.float64(18.0), np.float64(20.0), np.float64(22.0), np.float64(24.0), np.float64(26.0), np.float64(30.0), np.float64(35.0)]
 yvalues=[np.float64(2.631), np.float64(2.627), np.float64(2.621), np.float64(1.006), np.float64(0.727), np.float64(0.476), np.float64(0.421), np.float64(0.47), np.float64(0.711), np.float64(0.916), np.float64(2.691), np.float64(2.701), np.float64(2.706)]
 Remarks=['Road slope', '', 'LB', '', '', '', 'CL', '', '', '', 'RB', '', 'Road slope']
 lb=2.621 type=<class 'numpy.float64'>
 lb=2.621 rb=2.691 lwl=2.621
 idx1=2 idx2=10
 Turncated Remarks................
 #####################Values in constructor #############################
 xvalues for section=[np.float64(10.0), np.float64(12.0), np.float64(14.0), np.float64(16.0), np.float64(18.0), np.float64(20.0), np.float64(22.0), np.float64(24.0), np.float64(26.0)]
 yvalues for section=[np.float64(2.621), np.float64(1.006), np.float64(0.727), np.float64(0.476), np.float64(0.421), np.float64(0.47), np.float64(0.711), np.float64(0.916), np.float64(2.691)]
 #######################################################################
 ########################Displaying Section Properties###########################
 x=[np.float64(10.0), np.float64(12.0), np.float64(14.0), np.float64(16.0), np.float64(18.0), np.float64(20.0), np.float64(22.0), np.float64(24.0), np.float64(26.0)]
 y=[np.float64(2.621), np.float64(1.006), np.float64(0.727), np.float64(0.476), np.float64(0.421), np.float64(0.47), np.float64(0.711), np.float64(0.916), np.float64(2.691)]
 section no=HBK0 total data points=9
 secno=HBK1
 xvalues=[np.float64(0.0), np.float64(2.0), np.float64(4.0), np.float64(6.0), np.float64(8.0), np.float64(9.0), np.float64(10.0), np.float64(12.0), np.float64(13.0), np.float64(14.0), np.float64(15.0), np.float64(17.0), np.float64(18.0), np.float64(23.0)]
 yvalues=[np.float64(0.196), np.float64(0.209), np.float64(0.309), np.float64(0.899), np.float64(0.894), np.float64(0.674), np.float64(0.194), np.float64(0.144), np.float64(0.094), np.float64(0.148), np.float64(0.199), np.float64(0.648), np.float64(2.599), np.float64(2.609)]
 Remarks=['Ditch', '', '', '', 'LB', '', '', '', 'CL', '', '', '', 'RB', 'House']
 lb=0.894 type=<class 'numpy.float64'>
 lb=0.894 rb=2.599 lwl=0.894
 idx1=4 idx2=12
 Turncated Remarks................
 #####################Values in constructor #############################
 xvalues for section=[np.float64(8.0), np.float64(9.0), np.float64(10.0), np.float64(12.0), np.float64(13.0), np.float64(14.0), np.float64(15.0), np.float64(17.0), np.float64(18.0)]
 yvalues for section=[np.float64(0.894), np.float64(0.674), np.float64(0.194), np.float64(0.144), np.float64(0.094), np.float64(0.148), np.float64(0.199), np.float64(0.648), np.float64(2.599)]
 #######################################################################
 ########################Displaying Section Properties###########################
 x=[np.float64(8.0), np.float64(9.0), np.float64(10.0), np.float64(12.0), np.float64(13.0), np.float64(14.0), np.float64(15.0), np.float64(17.0), np.float64(18.0)]
 y=[np.float64(0.894), np.float64(0.674), np.float64(0.194), np.float64(0.144), np.float64(0.094), np.float64(0.148), np.float64(0.199), np.float64(0.648), np.float64(2.599)]
 section no=HBK1 total data points=9
 secno=HBK2
 xvalues=[np.float64(0.0), np.float64(5.0), np.float64(10.0), np.float64(11.0), np.float64(12.0), np.float64(13.0), np.float64(14.0), np.float64(15.0), np.float64(16.0), np.float64(17.0), np.float64(18.0), np.float64(21.0)]
 yvalues=[np.float64(1.581), np.float64(1.576), np.float64(1.561), np.float64(0.496), np.float64(0.311), np.float64(0.066), np.float64(0.022), np.float64(0.06), np.float64(0.273), np.float64(0.516), np.float64(2.05), np.float64(2.051)]
 Remarks=['Garden', 'LB', '', '', '', '', 'CL', '', '', '', 'RB', 'HBB road']
 lb=1.576 type=<class 'numpy.float64'>
 lb=1.576 rb=2.05 lwl=1.576
 idx1=1 idx2=10
 Turncated Remarks................
 #####################Values in constructor #############################
 xvalues for section=[np.float64(5.0), np.float64(10.0), np.float64(11.0), np.float64(12.0), np.float64(13.0), np.float64(14.0), np.float64(15.0), np.float64(16.0), np.float64(17.0), np.float64(18.0)]
 yvalues for section=[np.float64(1.576), np.float64(1.561), np.float64(0.496), np.float64(0.311), np.float64(0.066), np.float64(0.022), np.float64(0.06), np.float64(0.273), np.float64(0.516), np.float64(2.05)]
 #######################################################################
 ########################Displaying Section Properties###########################
 x=[np.float64(5.0), np.float64(10.0), np.float64(11.0), np.float64(12.0), np.float64(13.0), np.float64(14.0), np.float64(15.0), np.float64(16.0), np.float64(17.0), np.float64(18.0)]
 y=[np.float64(1.576), np.float64(1.561), np.float64(0.496), np.float64(0.311), np.float64(0.066), np.float64(0.022), np.float64(0.06), np.float64(0.273), np.float64(0.516), np.float64(2.05)]
 section no=HBK2 total data points=10
 secno=HBK3
 xvalues=[np.float64(0.0), np.float64(2.0), np.float64(4.0), np.float64(6.0), np.float64(8.0), np.float64(9.0), np.float64(10.0), np.float64(11.0), np.float64(13.0), np.float64(14.0), np.float64(15.0), np.float64(16.0), np.float64(18.0), np.float64(20.0), np.float64(25.0)]
 yvalues=[np.float64(0.355), np.float64(0.37), np.float64(0.523), np.float64(0.68), np.float64(0.775), np.float64(1.37), np.float64(1.375), np.float64(0.675), np.float64(0.45), np.float64(0.27), np.float64(0.222), np.float64(0.28), np.float64(0.455), np.float64(2.475), np.float64(2.48)]
 Remarks=['Ditch', '', '', '', '', '', 'LB', '', '', '', 'CL', '', '', 'RB', 'House area']
 lb=1.375 type=<class 'numpy.float64'>
 lb=1.375 rb=2.475 lwl=1.375
 idx1=6 idx2=13
 Turncated Remarks................
 #####################Values in constructor #############################
 xvalues for section=[np.float64(10.0), np.float64(11.0), np.float64(13.0), np.float64(14.0), np.float64(15.0), np.float64(16.0), np.float64(18.0), np.float64(20.0)]
 yvalues for section=[np.float64(1.375), np.float64(0.675), np.float64(0.45), np.float64(0.27), np.float64(0.222), np.float64(0.28), np.float64(0.455), np.float64(2.475)]
 #######################################################################
 ########################Displaying Section Properties###########################
 x=[np.float64(10.0), np.float64(11.0), np.float64(13.0), np.float64(14.0), np.float64(15.0), np.float64(16.0), np.float64(18.0), np.float64(20.0)]
 y=[np.float64(1.375), np.float64(0.675), np.float64(0.45), np.float64(0.27), np.float64(0.222), np.float64(0.28), np.float64(0.455), np.float64(2.475)]
 section no=HBK3 total data points=8
 secno=HBK4
 xvalues=[np.float64(0.0), np.float64(5.0), np.float64(10.0), np.float64(12.0), np.float64(13.0), np.float64(14.0), np.float64(15.0), np.float64(16.0), np.float64(17.0), np.float64(18.0), np.float64(20.0), np.float64(25.0)]
 yvalues=[np.float64(2.54), np.float64(2.538), np.float64(2.528), np.float64(0.763), np.float64(0.528), np.float64(0.38), np.float64(0.338), np.float64(0.377), np.float64(0.537), np.float64(0.777), np.float64(3.528), np.float64(3.533)]
 Remarks=['Garden', '', 'LB', '', '', '', 'CL', '', '', '', 'RB', 'House']
 lb=2.528 type=<class 'numpy.float64'>
 lb=2.528 rb=3.528 lwl=2.528
 idx1=2 idx2=10
 Turncated Remarks................
 #####################Values in constructor #############################
 xvalues for section=[np.float64(10.0), np.float64(12.0), np.float64(13.0), np.float64(14.0), np.float64(15.0), np.float64(16.0), np.float64(17.0), np.float64(18.0), np.float64(20.0)]
 yvalues for section=[np.float64(2.528), np.float64(0.763), np.float64(0.528), np.float64(0.38), np.float64(0.338), np.float64(0.377), np.float64(0.537), np.float64(0.777), np.float64(3.528)]
 #######################################################################
 ########################Displaying Section Properties###########################
 x=[np.float64(10.0), np.float64(12.0), np.float64(13.0), np.float64(14.0), np.float64(15.0), np.float64(16.0), np.float64(17.0), np.float64(18.0), np.float64(20.0)]
 y=[np.float64(2.528), np.float64(0.763), np.float64(0.528), np.float64(0.38), np.float64(0.338), np.float64(0.377), np.float64(0.537), np.float64(0.777), np.float64(3.528)]
 section no=HBK4 total data points=9
 secno=HBK5
 xvalues=[np.float64(0.0), np.float64(5.0), np.float64(6.0), np.float64(10.0), np.float64(11.0), np.float64(13.0), np.float64(14.0), np.float64(15.0), np.float64(16.0), np.float64(18.0), np.float64(19.0), np.float64(20.0), np.float64(25.0), np.float64(30.0)]
 yvalues=[np.float64(2.898), np.float64(2.893), np.float64(1.273), np.float64(1.268), np.float64(0.638), np.float64(0.423), np.float64(0.273), np.float64(0.222), np.float64(0.277), np.float64(0.423), np.float64(0.728), np.float64(0.898), np.float64(0.907), np.float64(0.916)]
 Remarks=['House', '', '', 'LB', '', '', '', 'CL', '', '', '', 'RB', '', 'Paddy land']
 lb=1.268 type=<class 'numpy.float64'>
 lb=1.268 rb=0.898 lwl=0.898
 idx1=3 idx2=11
 Turncated Remarks................
 #####################Values in constructor #############################
 xvalues for section=[np.float64(10.0), np.float64(11.0), np.float64(13.0), np.float64(14.0), np.float64(15.0), np.float64(16.0), np.float64(18.0), np.float64(19.0), np.float64(20.0)]
 yvalues for section=[np.float64(1.268), np.float64(0.638), np.float64(0.423), np.float64(0.273), np.float64(0.222), np.float64(0.277), np.float64(0.423), np.float64(0.728), np.float64(0.898)]
 #######################################################################
 ########################Displaying Section Properties###########################
 x=[np.float64(10.0), np.float64(11.0), np.float64(13.0), np.float64(14.0), np.float64(15.0), np.float64(16.0), np.float64(18.0), np.float64(19.0), np.float64(20.0)]
 y=[np.float64(1.268), np.float64(0.638), np.float64(0.423), np.float64(0.273), np.float64(0.222), np.float64(0.277), np.float64(0.423), np.float64(0.728), np.float64(0.898)]
 section no=HBK5 total data points=9
 secno=HBK6
 xvalues=[np.float64(0.0), np.float64(5.0), np.float64(8.0), np.float64(9.0), np.float64(10.0), np.float64(10.5), np.float64(11.0), np.float64(11.5), np.float64(12.0), np.float64(12.5), np.float64(13.0), np.float64(13.5), np.float64(14.0), np.float64(20.0), np.float64(25.0)]
 yvalues=[np.float64(2.541), np.float64(2.536), np.float64(2.526), np.float64(1.211), np.float64(1.216), np.float64(0.721), np.float64(0.671), np.float64(0.546), np.float64(0.522), np.float64(0.553), np.float64(0.611), np.float64(0.711), np.float64(0.816), np.float64(0.821), np.float64(0.836)]
 Remarks=['Pond bank', '', '', '', 'LB', '', '', '', 'CL', '', '', '', 'RB', '', 'Paddy land']
 lb=1.216 type=<class 'numpy.float64'>
 lb=1.216 rb=0.816 lwl=0.816
 idx1=4 idx2=12
 Turncated Remarks................
 #####################Values in constructor #############################
 xvalues for section=[np.float64(10.0), np.float64(10.5), np.float64(11.0), np.float64(11.5), np.float64(12.0), np.float64(12.5), np.float64(13.0), np.float64(13.5), np.float64(14.0)]
 yvalues for section=[np.float64(1.216), np.float64(0.721), np.float64(0.671), np.float64(0.546), np.float64(0.522), np.float64(0.553), np.float64(0.611), np.float64(0.711), np.float64(0.816)]
 #######################################################################
 ########################Displaying Section Properties###########################
 x=[np.float64(10.0), np.float64(10.5), np.float64(11.0), np.float64(11.5), np.float64(12.0), np.float64(12.5), np.float64(13.0), np.float64(13.5), np.float64(14.0)]
 y=[np.float64(1.216), np.float64(0.721), np.float64(0.671), np.float64(0.546), np.float64(0.522), np.float64(0.553), np.float64(0.611), np.float64(0.711), np.float64(0.816)]
 section no=HBK6 total data points=9
 secno=HBK7
 xvalues=[np.float64(0.0), np.float64(2.0), np.float64(4.0), np.float64(6.0), np.float64(8.0), np.float64(9.0), np.float64(10.0), np.float64(10.5), np.float64(11.0), np.float64(11.5), np.float64(12.0), np.float64(12.5), np.float64(13.0), np.float64(20.0), np.float64(25.0)]
 yvalues=[np.float64(0.165), np.float64(0.426), np.float64(0.716), np.float64(2.346), np.float64(2.336), np.float64(1.236), np.float64(1.221), np.float64(0.988), np.float64(0.865), np.float64(0.836), np.float64(0.851), np.float64(0.916), np.float64(0.991), np.float64(0.996), np.float64(1.001)]
 Remarks=['Pond', '', '', '', '', '', 'LB', '', '', 'CL', '', '', 'RB', '', 'Paddy land']
 lb=1.221 type=<class 'numpy.float64'>
 lb=1.221 rb=0.991 lwl=0.991
 idx1=6 idx2=12
 Turncated Remarks................
 #####################Values in constructor #############################
 xvalues for section=[np.float64(10.0), np.float64(10.5), np.float64(11.0), np.float64(11.5), np.float64(12.0), np.float64(12.5), np.float64(13.0)]
 yvalues for section=[np.float64(1.221), np.float64(0.988), np.float64(0.865), np.float64(0.836), np.float64(0.851), np.float64(0.916), np.float64(0.991)]
 #######################################################################
 ########################Displaying Section Properties###########################
 x=[np.float64(10.0), np.float64(10.5), np.float64(11.0), np.float64(11.5), np.float64(12.0), np.float64(12.5), np.float64(13.0)]
 y=[np.float64(1.221), np.float64(0.988), np.float64(0.865), np.float64(0.836), np.float64(0.851), np.float64(0.916), np.float64(0.991)]
 section no=HBK7 total data points=7
 ############# #################################################



 


Detailed Debugging of Calcualtion of CL




 



Initiated Section no =HBK0**********************************
   Section No  Chainage (m)  Distance (m)  RL (m) Remarks
6       HBK0             0          18.0   0.421      CL
   Section No  Chainage (m)  Distance (m)  RL (m) Remarks
2       HBK0             0          10.0   2.621      LB
    Section No  Chainage (m)  Distance (m)  RL (m) Remarks
10       HBK0             0          26.0   2.691      RB
 sencionno=HBK0 CL distance=18.0 RL=0.421
 Finished Section no =HBK0**********************************
 



Initiated Section no =HBK1**********************************
    Section No  Chainage (m)  Distance (m)  RL (m) Remarks
21       HBK1           100          13.0   0.094      CL
    Section No  Chainage (m)  Distance (m)  RL (m) Remarks
17       HBK1           100           8.0   0.894      LB
    Section No  Chainage (m)  Distance (m)  RL (m) Remarks
25       HBK1           100          18.0   2.599      RB
 sencionno=HBK1 CL distance=13.0 RL=0.094
 Finished Section no =HBK1**********************************
 



Initiated Section no =HBK2**********************************
    Section No  Chainage (m)  Distance (m)  RL (m) Remarks
33       HBK2           200          14.0   0.022      CL
    Section No  Chainage (m)  Distance (m)  RL (m) Remarks
28       HBK2           200           5.0   1.576      LB
    Section No  Chainage (m)  Distance (m)  RL (m) Remarks
37       HBK2           200          18.0    2.05      RB
 sencionno=HBK2 CL distance=14.0 RL=0.022
 Finished Section no =HBK2**********************************
 



Initiated Section no =HBK3**********************************
    Section No  Chainage (m)  Distance (m)  RL (m) Remarks
49       HBK3           300          15.0   0.222      CL
    Section No  Chainage (m)  Distance (m)  RL (m) Remarks
45       HBK3           300          10.0   1.375      LB
    Section No  Chainage (m)  Distance (m)  RL (m) Remarks
52       HBK3           300          20.0   2.475      RB
 sencionno=HBK3 CL distance=15.0 RL=0.222
 Finished Section no =HBK3**********************************
 



Initiated Section no =HBK4**********************************
    Section No  Chainage (m)  Distance (m)  RL (m) Remarks
60       HBK4           400          15.0   0.338      CL
    Section No  Chainage (m)  Distance (m)  RL (m) Remarks
56       HBK4           400          10.0   2.528      LB
    Section No  Chainage (m)  Distance (m)  RL (m) Remarks
64       HBK4           400          20.0   3.528      RB
 sencionno=HBK4 CL distance=15.0 RL=0.338
 Finished Section no =HBK4**********************************
 



Initiated Section no =HBK5**********************************
    Section No  Chainage (m)  Distance (m)  RL (m) Remarks
73       HBK5           500          15.0   0.222      CL
    Section No  Chainage (m)  Distance (m)  RL (m) Remarks
69       HBK5           500          10.0   1.268      LB
    Section No  Chainage (m)  Distance (m)  RL (m) Remarks
77       HBK5           500          20.0   0.898      RB
 sencionno=HBK5 CL distance=15.0 RL=0.222
 Finished Section no =HBK5**********************************
 



Initiated Section no =HBK6**********************************
    Section No  Chainage (m)  Distance (m)  RL (m) Remarks
88       HBK6           600          12.0   0.522      CL
    Section No  Chainage (m)  Distance (m)  RL (m) Remarks
84       HBK6           600          10.0   1.216      LB
    Section No  Chainage (m)  Distance (m)  RL (m) Remarks
92       HBK6           600          14.0   0.816      RB
 sencionno=HBK6 CL distance=12.0 RL=0.522
 Finished Section no =HBK6**********************************
 



Initiated Section no =HBK7**********************************
     Section No  Chainage (m)  Distance (m)  RL (m) Remarks
104       HBK7           678          11.5   0.836      CL
     Section No  Chainage (m)  Distance (m)  RL (m) Remarks
101       HBK7           678          10.0   1.221      LB
     Section No  Chainage (m)  Distance (m)  RL (m) Remarks
107       HBK7           678          13.0   0.991      RB
 sencionno=HBK7 CL distance=11.5 RL=0.836
 Finished Section no =HBK7**********************************
5), np.float64(2.475)]
 section no=HBK3 total data points=8
 secno=HBK4
 xvalues=[np.float64(0.0), np.float64(5.0), np.float64(10.0), np.float64(12.0), np.float64(13.0), np.float64(14.0), np.float64(15.0), np.float64(16.0), np.float64(17.0), np.float64(18.0), np.float64(20.0), np.float64(25.0)]
 yvalues=[np.float64(2.54), np.float64(2.538), np.float64(2.528), np.float64(0.763), np.float64(0.528), np.float64(0.38), np.float64(0.338), np.float64(0.377), np.float64(0.537), np.float64(0.777), np.float64(3.528), np.float64(3.533)]
 Remarks=['Garden', '', 'LB', '', '', '', 'CL', '', '', '', 'RB', 'House']
 lb=2.528 type=<class 'numpy.float64'>
 lb=2.528 rb=3.528 lwl=2.528
 idx1=2 idx2=10
 Turncated Remarks................
 #####################Values in constructor #############################
 xvalues for section=[np.float64(10.0), np.float64(12.0), np.float64(13.0), np.float64(14.0), np.float64(15.0), np.float64(16.0), np.float64(17.0), np.float64(18.0), np.float64(20.0)]
 yvalues for section=[np.float64(2.528), np.float64(0.763), np.float64(0.528), np.float64(0.38), np.float64(0.338), np.float64(0.377), np.float64(0.537), np.float64(0.777), np.float64(3.528)]
 #######################################################################
 ########################Displaying Section Properties###########################
 x=[np.float64(10.0), np.float64(12.0), np.float64(13.0), np.float64(14.0), np.float64(15.0), np.float64(16.0), np.float64(17.0), np.float64(18.0), np.float64(20.0)]
 y=[np.float64(2.528), np.float64(0.763), np.float64(0.528), np.float64(0.38), np.float64(0.338), np.float64(0.377), np.float64(0.537), np.float64(0.777), np.float64(3.528)]
 section no=HBK4 total data points=9
 secno=HBK5
 xvalues=[np.float64(0.0), np.float64(5.0), np.float64(6.0), np.float64(10.0), np.float64(11.0), np.float64(13.0), np.float64(14.0), np.float64(15.0), np.float64(16.0), np.float64(18.0), np.float64(19.0), np.float64(20.0), np.float64(25.0), np.float64(30.0)]
 yvalues=[np.float64(2.898), np.float64(2.893), np.float64(1.273), np.float64(1.268), np.float64(0.638), np.float64(0.423), np.float64(0.273), np.float64(0.222), np.float64(0.277), np.float64(0.423), np.float64(0.728), np.float64(0.898), np.float64(0.907), np.float64(0.916)]
 Remarks=['House', '', '', 'LB', '', '', '', 'CL', '', '', '', 'RB', '', 'Paddy land']
 lb=1.268 type=<class 'numpy.float64'>
 lb=1.268 rb=0.898 lwl=0.898
 idx1=3 idx2=11
 Turncated Remarks................
 #####################Values in constructor #############################
 xvalues for section=[np.float64(10.0), np.float64(11.0), np.float64(13.0), np.float64(14.0), np.float64(15.0), np.float64(16.0), np.float64(18.0), np.float64(19.0), np.float64(20.0)]
 yvalues for section=[np.float64(1.268), np.float64(0.638), np.float64(0.423), np.float64(0.273), np.float64(0.222), np.float64(0.277), np.float64(0.423), np.float64(0.728), np.float64(0.898)]
 #######################################################################
 ########################Displaying Section Properties###########################
 x=[np.float64(10.0), np.float64(11.0), np.float64(13.0), np.float64(14.0), np.float64(15.0), np.float64(16.0), np.float64(18.0), np.float64(19.0), np.float64(20.0)]
 y=[np.float64(1.268), np.float64(0.638), np.float64(0.423), np.float64(0.273), np.float64(0.222), np.float64(0.277), np.float64(0.423), np.float64(0.728), np.float64(0.898)]
 section no=HBK5 total data points=9
 secno=HBK6
 xvalues=[np.float64(0.0), np.float64(5.0), np.float64(8.0), np.float64(9.0), np.float64(10.0), np.float64(10.5), np.float64(11.0), np.float64(11.5), np.float64(12.0), np.float64(12.5), np.float64(13.0), np.float64(13.5), np.float64(14.0), np.float64(20.0), np.float64(25.0)]
 yvalues=[np.float64(2.541), np.float64(2.536), np.float64(2.526), np.float64(1.211), np.float64(1.216), np.float64(0.721), np.float64(0.671), np.float64(0.546), np.float64(0.522), np.float64(0.553), np.float64(0.611), np.float64(0.711), np.float64(0.816), np.float64(0.821), np.float64(0.836)]
 Remarks=['Pond bank', '', '', '', 'LB', '', '', '', 'CL', '', '', '', 'RB', '', 'Paddy land']
 lb=1.216 type=<class 'numpy.float64'>
 lb=1.216 rb=0.816 lwl=0.816
 idx1=4 idx2=12
 Turncated Remarks................
 #####################Values in constructor #############################
 xvalues for section=[np.float64(10.0), np.float64(10.5), np.float64(11.0), np.float64(11.5), np.float64(12.0), np.float64(12.5), np.float64(13.0), np.float64(13.5), np.float64(14.0)]
 yvalues for section=[np.float64(1.216), np.float64(0.721), np.float64(0.671), np.float64(0.546), np.float64(0.522), np.float64(0.553), np.float64(0.611), np.float64(0.711), np.float64(0.816)]
 #######################################################################
 ########################Displaying Section Properties###########################
 x=[np.float64(10.0), np.float64(10.5), np.float64(11.0), np.float64(11.5), np.float64(12.0), np.float64(12.5), np.float64(13.0), np.float64(13.5), np.float64(14.0)]
 y=[np.float64(1.216), np.float64(0.721), np.float64(0.671), np.float64(0.546), np.float64(0.522), np.float64(0.553), np.float64(0.611), np.float64(0.711), np.float64(0.816)]
 section no=HBK6 total data points=9
 secno=HBK7
 xvalues=[np.float64(0.0), np.float64(2.0), np.float64(4.0), np.float64(6.0), np.float64(8.0), np.float64(9.0), np.float64(10.0), np.float64(10.5), np.float64(11.0), np.float64(11.5), np.float64(12.0), np.float64(12.5), np.float64(13.0), np.float64(20.0), np.float64(25.0)]
 yvalues=[np.float64(0.165), np.float64(0.426), np.float64(0.716), np.float64(2.346), np.float64(2.336), np.float64(1.236), np.float64(1.221), np.float64(0.988), np.float64(0.865), np.float64(0.836), np.float64(0.851), np.float64(0.916), np.float64(0.991), np.float64(0.996), np.float64(1.001)]
 Remarks=['Pond', '', '', '', '', '', 'LB', '', '', 'CL', '', '', 'RB', '', 'Paddy land']
 lb=1.221 type=<class 'numpy.float64'>
 lb=1.221 rb=0.991 lwl=0.991
 idx1=6 idx2=12
 Turncated Remarks................
 #####################Values in constructor #############################
 xvalues for section=[np.float64(10.0), np.float64(10.5), np.float64(11.0), np.float64(11.5), np.float64(12.0), np.float64(12.5), np.float64(13.0)]
 yvalues for section=[np.float64(1.221), np.float64(0.988), np.float64(0.865), np.float64(0.836), np.float64(0.851), np.float64(0.916), np.float64(0.991)]
 #######################################################################
 ########################Displaying Section Properties###########################
 x=[np.float64(10.0), np.float64(10.5), np.float64(11.0), np.float64(11.5), np.float64(12.0), np.float64(12.5), np.float64(13.0)]
 y=[np.float64(1.221), np.float64(0.988), np.float64(0.865), np.float64(0.836), np.float64(0.851), np.float64(0.916), np.float64(0.991)]
 section no=HBK7 total data points=7
 ############# #################################################



 


Detailed Debugging of Calcualtion of CL




 



Initiated Section no =HBK0**********************************
   Section No  Chainage (m)  Distance (m)  RL (m) Remarks
6       HBK0             0          18.0   0.421      CL
   Section No  Chainage (m)  Distance (m)  RL (m) Remarks
2       HBK0             0          10.0   2.621      LB
    Section No  Chainage (m)  Distance (m)  RL (m) Remarks
10       HBK0             0          26.0   2.691      RB
 sencionno=HBK0 CL distance=18.0 RL=0.421
 Finished Section no =HBK0**********************************
 



Initiated Section no =HBK1**********************************
    Section No  Chainage (m)  Distance (m)  RL (m) Remarks
21       HBK1           100          13.0   0.094      CL
    Section No  Chainage (m)  Distance (m)  RL (m) Remarks
17       HBK1           100           8.0   0.894      LB
    Section No  Chainage (m)  Distance (m)  RL (m) Remarks
25       HBK1           100          18.0   2.599      RB
 sencionno=HBK1 CL distance=13.0 RL=0.094
 Finished Section no =HBK1**********************************
 



Initiated Section no =HBK2**********************************
    Section No  Chainage (m)  Distance (m)  RL (m) Remarks
33       HBK2           200          14.0   0.022      CL
    Section No  Chainage (m)  Distance (m)  RL (m) Remarks
28       HBK2           200           5.0   1.576      LB
    Section No  Chainage (m)  Distance (m)  RL (m) Remarks
37       HBK2           200          18.0    2.05      RB
 sencionno=HBK2 CL distance=14.0 RL=0.022
 Finished Section no =HBK2**********************************
 



Initiated Section no =HBK3**********************************
    Section No  Chainage (m)  Distance (m)  RL (m) Remarks
49       HBK3           300          15.0   0.222      CL
    Section No  Chainage (m)  Distance (m)  RL (m) Remarks
45       HBK3           300          10.0   1.375      LB
    Section No  Chainage (m)  Distance (m)  RL (m) Remarks
52       HBK3           300          20.0   2.475      RB
 sencionno=HBK3 CL distance=15.0 RL=0.222
 Finished Section no =HBK3**********************************
 



Initiated Section no =HBK4**********************************
    Section No  Chainage (m)  Distance (m)  RL (m) Remarks
60       HBK4           400          15.0   0.338      CL
    Section No  Chainage (m)  Distance (m)  RL (m) Remarks
56       HBK4           400          10.0   2.528      LB
    Section No  Chainage (m)  Distance (m)  RL (m) Remarks
64       HBK4           400          20.0   3.528      RB
 sencionno=HBK4 CL distance=15.0 RL=0.338
 Finished Section no =HBK4**********************************
 



Initiated Section no =HBK5**********************************
    Section No  Chainage (m)  Distance (m)  RL (m) Remarks
73       HBK5           500          15.0   0.222      CL
    Section No  Chainage (m)  Distance (m)  RL (m) Remarks
69       HBK5           500          10.0   1.268      LB
    Section No  Chainage (m)  Distance (m)  RL (m) Remarks
77       HBK5           500          20.0   0.898      RB
 sencionno=HBK5 CL distance=15.0 RL=0.222
 Finished Section no =HBK5**********************************
 



Initiated Section no =HBK6**********************************
    Section No  Chainage (m)  Distance (m)  RL (m) Remarks
88       HBK6           600          12.0   0.522      CL
    Section No  Chainage (m)  Distance (m)  RL (m) Remarks
84       HBK6           600          10.0   1.216      LB
    Section No  Chainage (m)  Distance (m)  RL (m) Remarks
92       HBK6           600          14.0   0.816      RB
 sencionno=HBK6 CL distance=12.0 RL=0.522
 Finished Section no =HBK6**********************************
 



Initiated Section no =HBK7**********************************
     Section No  Chainage (m)  Distance (m)  RL (m) Remarks
104       HBK7           678          11.5   0.836      CL
     Section No  Chainage (m)  Distance (m)  RL (m) Remarks
101       HBK7           678          10.0   1.221      LB
     Section No  Chainage (m)  Distance (m)  RL (m) Remarks
107       HBK7           678          13.0   0.991      RB
 sencionno=HBK7 CL distance=11.5 RL=0.836
 Finished Section no =HBK7**********************************
