 Sucessfully Setup Logger for this programme.............
 Printing Data Matrix Direction.................

       Data Name        Value
0  Package Name  TP_KEX10_02
1   Data Matrix            V
 

###############################################


   XsectionNo  chainage   r1   r2 c1 c2               KhalName     GL  \
0       HMP0         0    5   20  B  D  Hiron Middlepara khal  0.402   
1       HMP1       100   27   38  B  D  Hiron Middlepara khal  0.402   
2       HMP2       200   47   58  B  D  Hiron Middlepara khal  0.402   
3       HMP3       300   64   77  B  D  Hiron Middlepara khal  0.402   
4       HMP4       400   84   98  B  D  Hiron Middlepara khal  0.402   
5       HMP5       500  104  120  B  D  Hiron Middlepara khal  0.402   
6       HMP6       600  128  142  B  D  Hiron Middlepara khal  0.402   
7       HMP7       714  148  162  B  D  Hiron Middlepara khal  0.402   

   Ivert Level  Retention  Required_Area  Direction  
0         -1.6        0.6             30          1  
1         -1.6        0.6             30          1  
2         -1.6        0.6             30          1  
3         -1.6        0.6             30          1  
4         -1.6        0.6             30          1  
5         -1.6        0.6             30          1  
6         -1.6        0.6             30          1  
7         -1.6        0.6             30          1  
 chainage=0 sec=HMP0 row1=5 row2=20 col1=B col2=D 1
 





 {'dist': [0, 2, 4, 5, 6, 8, 10, 11, 12, 13, 14, 16, 18, 20, 21, 25], 'rl': [-0.4, 0.039, 0.7, 2.032, 2.039, 0.085, -0.055, -0.118, -0.169, -0.115, -0.035, 0.195, 2.1, 2.095, 1.69, 1.685], 'remarks': ['Pond', '', '', '', 'LB', '', '', '', 'CL', '', '', '', 'RB', '', 'HBB road', 'House area'], 'chainage': [0, 0, 0, 0, 0, 0, 0, 0, 0, 0, 0, 0, 0, 0, 0, 0], 'sectionNo': ['HMP0', 'HMP0', 'HMP0', 'HMP0', 'HMP0', 'HMP0', 'HMP0', 'HMP0', 'HMP0', 'HMP0', 'HMP0', 'HMP0', 'HMP0', 'HMP0', 'HMP0', 'HMP0']}
 





 chainage=100 sec=HMP1 row1=27 row2=38 col1=B col2=D 1
 





 {'dist': [0, 5, 10, 12, 14, 15, 16, 17, 18, 20, 22, 24], 'rl': [2.122, 2.117, 2.112, 0.368, 0.163, -0.015, -0.071, 0.001, 0.168, 0.363, 2.312, 2.318], 'remarks': ['House area', '', 'LB', '', '', '', 'CL', '', '', '', 'RB', 'House'], 'chainage': [100, 100, 100, 100, 100, 100, 100, 100, 100, 100, 100, 100], 'sectionNo': ['HMP1', 'HMP1', 'HMP1', 'HMP1', 'HMP1', 'HMP1', 'HMP1', 'HMP1', 'HMP1', 'HMP1', 'HMP1', 'HMP1']}
 





 chainage=200 sec=HMP2 row1=47 row2=58 col1=B col2=D 1
 





 {'dist': [0, 2, 4, 6, 7, 8, 9, 10, 12, 14, 20, 25], 'rl': [2.258, 2.248, 0.333, 0.248, 0.083, 0.029, 0.087, 0.038, 0.343, 2.838, 2.843, 2.848], 'remarks': ['House', 'LB', '', '', '', 'CL', '', '', '', 'RB', '', 'House area'], 'chainage': [200, 200, 200, 200, 200, 200, 200, 200, 200, 200, 200, 200], 'sectionNo': ['HMP2', 'HMP2', 'HMP2', 'HMP2', 'HMP2', 'HMP2', 'HMP2', 'HMP2', 'HMP2', 'HMP2', 'HMP2', 'HMP2']}
 





 chainage=300 sec=HMP3 row1=64 row2=77 col1=B col2=D 1
 





 {'dist': [0, 4, 6, 7, 8, 9, 10, 11, 12, 14, 15, 17, 20, 22], 'rl': [2.632, 2.625, 0.867, 0.418, 0.196, 0.129, 0.197, 0.427, 0.797, 2.042, 2.037, 1.002, 0.451, 0.312], 'remarks': ['HBB road', 'LB', '', '', '', 'CL', '', '', '', 'RB', '', '', '', 'Ditch'], 'chainage': [300, 300, 300, 300, 300, 300, 300, 300, 300, 300, 300, 300, 300, 300], 'sectionNo': ['HMP3', 'HMP3', 'HMP3', 'HMP3', 'HMP3', 'HMP3', 'HMP3', 'HMP3', 'HMP3', 'HMP3', 'HMP3', 'HMP3', 'HMP3', 'HMP3']}
 





 chainage=400 sec=HMP4 row1=84 row2=98 col1=B col2=D 1
 





 {'dist': [0, 7, 8, 10, 11, 12, 13, 14, 15, 16, 17, 18, 19, 20, 25], 'rl': [0.97, 0.965, 1.545, 1.55, 0.46, 0.26, 0.09, 0.03, 0.088, 0.245, 0.469, 1.46, 1.455, 1.045, 1.05], 'remarks': ['Paddy land', '', '', 'LB', '', '', '', 'CL', '', '', '', 'RB', '', '', 'Paddy land'], 'chainage': [400, 400, 400, 400, 400, 400, 400, 400, 400, 400, 400, 400, 400, 400, 400], 'sectionNo': ['HMP4', 'HMP4', 'HMP4', 'HMP4', 'HMP4', 'HMP4', 'HMP4', 'HMP4', 'HMP4', 'HMP4', 'HMP4', 'HMP4', 'HMP4', 'HMP4', 'HMP4']}
 





 chainage=500 sec=HMP5 row1=104 row2=120 col1=B col2=D 1
 





 {'dist': [0, 5, 8, 9, 10, 12, 13, 14, 15, 16, 17, 18, 20, 25, 27, 30, 32], 'rl': [0.919, 0.915, 0.91, 1.775, 1.765, 0.435, 0.16, 0.082, 0.029, 0.076, 0.165, 0.455, 1.885, 1.88, 0.17, -0.236, -0.285], 'remarks': ['Paddy land', '', '', '', 'LB', '', '', '', 'CL', '', '', '', 'RB', '', '', '', 'Low land'], 'chainage': [500, 500, 500, 500, 500, 500, 500, 500, 500, 500, 500, 500, 500, 500, 500, 500, 500], 'sectionNo': ['HMP5', 'HMP5', 'HMP5', 'HMP5', 'HMP5', 'HMP5', 'HMP5', 'HMP5', 'HMP5', 'HMP5', 'HMP5', 'HMP5', 'HMP5', 'HMP5', 'HMP5', 'HMP5', 'HMP5']}
 





 chainage=600 sec=HMP6 row1=128 row2=142 col1=B col2=D 1
 





 {'dist': [0, 5, 10, 12, 13, 14, 15, 16, 17, 18, 20, 21, 23, 25, 27], 'rl': [2.59, 2.585, 2.575, 0.853, 0.51, 0.285, 0.229, 0.284, 0.52, 0.85, 2.425, 2.415, 0.925, 0.659, 0.515], 'remarks': ['Garden', '', 'LB', '', '', '', 'CL', '', '', '', 'RB', '', '', '', 'Pond'], 'chainage': [600, 600, 600, 600, 600, 600, 600, 600, 600, 600, 600, 600, 600, 600, 600], 'sectionNo': ['HMP6', 'HMP6', 'HMP6', 'HMP6', 'HMP6', 'HMP6', 'HMP6', 'HMP6', 'HMP6', 'HMP6', 'HMP6', 'HMP6', 'HMP6', 'HMP6', 'HMP6']}
 





 chainage=714 sec=HMP7 row1=148 row2=162 col1=B col2=D 1
 





 {'dist': [0, 2, 4, 6, 8, 10, 12, 14, 16, 18, 20, 21, 22, 25, 30], 'rl': [3.336, 3.331, 0.941, 0.741, 0.426, 0.18, 0.127, 0.183, 0.258, 0.311, 0.391, 0.411, 0.626, 0.645, 0.656], 'remarks': ['Tolite', 'LB', '', '', '', '', 'CL', '', '', '', '', '', 'RB', '', 'Open land'], 'chainage': [714, 714, 714, 714, 714, 714, 714, 714, 714, 714, 714, 714, 714, 714, 714], 'sectionNo': ['HMP7', 'HMP7', 'HMP7', 'HMP7', 'HMP7', 'HMP7', 'HMP7', 'HMP7', 'HMP7', 'HMP7', 'HMP7', 'HMP7', 'HMP7', 'HMP7', 'HMP7']}
 





 


Detailed Debugging of Calcualtion of CL




 



Initiated Section no =HMP0**********************************
   Section No  Chainage (m)  Distance (m)  RL (m) Remarks
8       HMP0             0            12  -0.169      CL
   Section No  Chainage (m)  Distance (m)  RL (m) Remarks
4       HMP0             0             6   2.039      LB
    Section No  Chainage (m)  Distance (m)  RL (m) Remarks
12       HMP0             0            18     2.1      RB
 sencionno=HMP0 CL distance=12 RL=-0.169
 Finished Section no =HMP0**********************************
 



Initiated Section no =HMP1**********************************
    Section No  Chainage (m)  Distance (m)  RL (m) Remarks
22       HMP1           100            16  -0.071      CL
    Section No  Chainage (m)  Distance (m)  RL (m) Remarks
18       HMP1           100            10   2.112      LB
    Section No  Chainage (m)  Distance (m)  RL (m) Remarks
26       HMP1           100            22   2.312      RB
 sencionno=HMP1 CL distance=16 RL=-0.071
 Finished Section no =HMP1**********************************
 



Initiated Section no =HMP2**********************************
    Section No  Chainage (m)  Distance (m)  RL (m) Remarks
33       HMP2           200             8   0.029      CL
    Section No  Chainage (m)  Distance (m)  RL (m) Remarks
29       HMP2           200             2   2.248      LB
    Section No  Chainage (m)  Distance (m)  RL (m) Remarks
37       HMP2           200            14   2.838      RB
 sencionno=HMP2 CL distance=8 RL=0.029
 Finished Section no =HMP2**********************************
 



Initiated Section no =HMP3**********************************
    Section No  Chainage (m)  Distance (m)  RL (m) Remarks
45       HMP3           300             9   0.129      CL
    Section No  Chainage (m)  Distance (m)  RL (m) Remarks
41       HMP3           300             4   2.625      LB
    Section No  Chainage (m)  Distance (m)  RL (m) Remarks
49       HMP3           300            14   2.042      RB
 sencionno=HMP3 CL distance=9 RL=0.129
 Finished Section no =HMP3**********************************
 



Initiated Section no =HMP4**********************************
    Section No  Chainage (m)  Distance (m)  RL (m) Remarks
61       HMP4           400            14    0.03      CL
    Section No  Chainage (m)  Distance (m)  RL (m) Remarks
57       HMP4           400            10    1.55      LB
    Section No  Chainage (m)  Distance (m)  RL (m) Remarks
65       HMP4           400            18    1.46      RB
 sencionno=HMP4 CL distance=14 RL=0.03
 Finished Section no =HMP4**********************************
 



Initiated Section no =HMP5**********************************
    Section No  Chainage (m)  Distance (m)  RL (m) Remarks
77       HMP5           500            15   0.029      CL
    Section No  Chainage (m)  Distance (m)  RL (m) Remarks
73       HMP5           500            10   1.765      LB
    Section No  Chainage (m)  Distance (m)  RL (m) Remarks
81       HMP5           500            20   1.885      RB
 sencionno=HMP5 CL distance=15 RL=0.029
 Finished Section no =HMP5**********************************
 



Initiated Section no =HMP6**********************************
    Section No  Chainage (m)  Distance (m)  RL (m) Remarks
92       HMP6           600            15   0.229      CL
    Section No  Chainage (m)  Distance (m)  RL (m) Remarks
88       HMP6           600            10   2.575      LB
    Section No  Chainage (m)  Distance (m)  RL (m) Remarks
96       HMP6           600            20   2.425      RB
 sencionno=HMP6 CL distance=15 RL=0.229
 Finished Section no =HMP6**********************************
 



Initiated Section no =HMP7**********************************
     Section No  Chainage (m)  Distance (m)  RL (m) Remarks
107       HMP7           714            12   0.127      CL
     Section No  Chainage (m)  Distance (m)  RL (m) Remarks
102       HMP7           714             2   3.331      LB
     Section No  Chainage (m)  Distance (m)  RL (m) Remarks
113       HMP7           714            22   0.626      RB
 sencionno=HMP7 CL distance=12 RL=0.127
 Finished Section no =HMP7**********************************
 


############# We Are Checking Sectional properties.............
 


############# ##################################################
   XsectionNo  chainage   r1   r2 c1 c2               KhalName     GL  \
0       HMP0         0    5   20  B  D  Hiron Middlepara khal  0.402   
1       HMP1       100   27   38  B  D  Hiron Middlepara khal  0.402   
2       HMP2       200   47   58  B  D  Hiron Middlepara khal  0.402   
3       HMP3       300   64   77  B  D  Hiron Middlepara khal  0.402   
4       HMP4       400   84   98  B  D  Hiron Middlepara khal  0.402   
5       HMP5       500  104  120  B  D  Hiron Middlepara khal  0.402   
6       HMP6       600  128  142  B  D  Hiron Middlepara khal  0.402   
7       HMP7       714  148  162  B  D  Hiron Middlepara khal  0.402   

   Ivert Level  Retention  Required_Area  Direction  
0         -1.6        0.6             30          1  
1         -1.6        0.6             30          1  
2         -1.6        0.6             30          1  
3         -1.6        0.6             30          1  
4         -1.6        0.6             30          1  
5         -1.6        0.6             30          1  
6         -1.6        0.6             30          1  
7         -1.6        0.6             30          1  
 secno=HMP0
 xvalues=[np.int64(0), np.int64(2), np.int64(4), np.int64(5), np.int64(6), np.int64(8), np.int64(10), np.int64(11), np.int64(12), np.int64(13), np.int64(14), np.int64(16), np.int64(18), np.int64(20), np.int64(21), np.int64(25)]
 yvalues=[np.float64(-0.4), np.float64(0.039), np.float64(0.7), np.float64(2.032), np.float64(2.039), np.float64(0.085), np.float64(-0.055), np.float64(-0.118), np.float64(-0.169), np.float64(-0.115), np.float64(-0.035), np.float64(0.195), np.float64(2.1), np.float64(2.095), np.float64(1.69), np.float64(1.685)]
 Remarks=['Pond', '', '', '', 'LB', '', '', '', 'CL', '', '', '', 'RB', '', 'HBB road', 'House area']
 lb=2.039 type=<class 'numpy.float64'>
 lb=2.039 rb=2.1 lwl=2.039
 idx1=4 idx2=12
 Turncated Remarks................
 #####################Values in constructor #############################
 xvalues for section=[np.int64(6), np.int64(8), np.int64(10), np.int64(11), np.int64(12), np.int64(13), np.int64(14), np.int64(16), np.int64(18)]
 yvalues for section=[np.float64(2.039), np.float64(0.085), np.float64(-0.055), np.float64(-0.118), np.float64(-0.169), np.float64(-0.115), np.float64(-0.035), np.float64(0.195), np.float64(2.1)]
 #######################################################################
 ########################Displaying Section Properties###########################
 x=[np.int64(6), np.int64(8), np.int64(10), np.int64(11), np.int64(12), np.int64(13), np.int64(14), np.int64(16), np.int64(18)]
 y=[np.float64(2.039), np.float64(0.085), np.float64(-0.055), np.float64(-0.118), np.float64(-0.169), np.float64(-0.115), np.float64(-0.035), np.float64(0.195), np.float64(2.1)]
 section no=HMP0 total data points=9
 secno=HMP1
 xvalues=[np.int64(0), np.int64(5), np.int64(10), np.int64(12), np.int64(14), np.int64(15), np.int64(16), np.int64(17), np.int64(18), np.int64(20), np.int64(22), np.int64(24)]
 yvalues=[np.float64(2.122), np.float64(2.117), np.float64(2.112), np.float64(0.368), np.float64(0.163), np.float64(-0.015), np.float64(-0.071), np.float64(0.001), np.float64(0.168), np.float64(0.363), np.float64(2.312), np.float64(2.318)]
 Remarks=['House area', '', 'LB', '', '', '', 'CL', '', '', '', 'RB', 'House']
 lb=2.112 type=<class 'numpy.float64'>
 lb=2.112 rb=2.312 lwl=2.112
 idx1=2 idx2=10
 Turncated Remarks................
 #####################Values in constructor #############################
 xvalues for section=[np.int64(10), np.int64(12), np.int64(14), np.int64(15), np.int64(16), np.int64(17), np.int64(18), np.int64(20), np.int64(22)]
 yvalues for section=[np.float64(2.112), np.float64(0.368), np.float64(0.163), np.float64(-0.015), np.float64(-0.071), np.float64(0.001), np.float64(0.168), np.float64(0.363), np.float64(2.312)]
 #######################################################################
 ########################Displaying Section Properties###########################
 x=[np.int64(10), np.int64(12), np.int64(14), np.int64(15), np.int64(16), np.int64(17), np.int64(18), np.int64(20), np.int64(22)]
 y=[np.float64(2.112), np.float64(0.368), np.float64(0.163), np.float64(-0.015), np.float64(-0.071), np.float64(0.001), np.float64(0.168), np.float64(0.363), np.float64(2.312)]
 section no=HMP1 total data points=9
 secno=HMP2
 xvalues=[np.int64(0), np.int64(2), np.int64(4), np.int64(6), np.int64(7), np.int64(8), np.int64(9), np.int64(10), np.int64(12), np.int64(14), np.int64(20), np.int64(25)]
 yvalues=[np.float64(2.258), np.float64(2.248), np.float64(0.333), np.float64(0.248), np.float64(0.083), np.float64(0.029), np.float64(0.087), np.float64(0.038), np.float64(0.343), np.float64(2.838), np.float64(2.843), np.float64(2.848)]
 Remarks=['House', 'LB', '', '', '', 'CL', '', '', '', 'RB', '', 'House area']
 lb=2.248 type=<class 'numpy.float64'>
 lb=2.248 rb=2.838 lwl=2.248
 idx1=1 idx2=9
 Turncated Remarks................
 #####################Values in constructor #############################
 xvalues for section=[np.int64(2), np.int64(4), np.int64(6), np.int64(7), np.int64(8), np.int64(9), np.int64(10), np.int64(12), np.int64(14)]
 yvalues for section=[np.float64(2.248), np.float64(0.333), np.float64(0.248), np.float64(0.083), np.float64(0.029), np.float64(0.087), np.float64(0.038), np.float64(0.343), np.float64(2.838)]
 #######################################################################
 ########################Displaying Section Properties###########################
 x=[np.int64(2), np.int64(4), np.int64(6), np.int64(7), np.int64(8), np.int64(9), np.int64(10), np.int64(12), np.int64(14)]
 y=[np.float64(2.248), np.float64(0.333), np.float64(0.248), np.float64(0.083), np.float64(0.029), np.float64(0.087), np.float64(0.038), np.float64(0.343), np.float64(2.838)]
 section no=HMP2 total data points=9
 secno=HMP3
 xvalues=[np.int64(0), np.int64(4), np.int64(6), np.int64(7), np.int64(8), np.int64(9), np.int64(10), np.int64(11), np.int64(12), np.int64(14), np.int64(15), np.int64(17), np.int64(20), np.int64(22)]
 yvalues=[np.float64(2.632), np.float64(2.625), np.float64(0.867), np.float64(0.418), np.float64(0.196), np.float64(0.129), np.float64(0.197), np.float64(0.427), np.float64(0.797), np.float64(2.042), np.float64(2.037), np.float64(1.002), np.float64(0.451), np.float64(0.312)]
 Remarks=['HBB road', 'LB', '', '', '', 'CL', '', '', '', 'RB', '', '', '', 'Ditch']
 lb=2.625 type=<class 'numpy.float64'>
 lb=2.625 rb=2.042 lwl=2.042
 idx1=1 idx2=9
 Turncated Remarks................
 #####################Values in constructor #############################
 xvalues for section=[np.int64(4), np.int64(6), np.int64(7), np.int64(8), np.int64(9), np.int64(10), np.int64(11), np.int64(12), np.int64(14)]
 yvalues for section=[np.float64(2.625), np.float64(0.867), np.float64(0.418), np.float64(0.196), np.float64(0.129), np.float64(0.197), np.float64(0.427), np.float64(0.797), np.float64(2.042)]
 #######################################################################
 ########################Displaying Section Properties###########################
 x=[np.int64(4), np.int64(6), np.int64(7), np.int64(8), np.int64(9), np.int64(10), np.int64(11), np.int64(12), np.int64(14)]
 y=[np.float64(2.625), np.float64(0.867), np.float64(0.418), np.float64(0.196), np.float64(0.129), np.float64(0.197), np.float64(0.427), np.float64(0.797), np.float64(2.042)]
 section no=HMP3 total data points=9
 secno=HMP4
 xvalues=[np.int64(0), np.int64(7), np.int64(8), np.int64(10), np.int64(11), np.int64(12), np.int64(13), np.int64(14), np.int64(15), np.int64(16), np.int64(17), np.int64(18), np.int64(19), np.int64(20), np.int64(25)]
 yvalues=[np.float64(0.97), np.float64(0.965), np.float64(1.545), np.float64(1.55), np.float64(0.46), np.float64(0.26), np.float64(0.09), np.float64(0.03), np.float64(0.088), np.float64(0.245), np.float64(0.469), np.float64(1.46), np.float64(1.455), np.float64(1.045), np.float64(1.05)]
 Remarks=['Paddy land', '', '', 'LB', '', '', '', 'CL', '', '', '', 'RB', '', '', 'Paddy land']
 lb=1.55 type=<class 'numpy.float64'>
 lb=1.55 rb=1.46 lwl=1.46
 idx1=3 idx2=11
 Turncated Remarks................
 #####################Values in constructor #############################
 xvalues for section=[np.int64(10), np.int64(11), np.int64(12), np.int64(13), np.int64(14), np.int64(15), np.int64(16), np.int64(17), np.int64(18)]
 yvalues for section=[np.float64(1.55), np.float64(0.46), np.float64(0.26), np.float64(0.09), np.float64(0.03), np.float64(0.088), np.float64(0.245), np.float64(0.469), np.float64(1.46)]
 #######################################################################
 ########################Displaying Section Properties###########################
 x=[np.int64(10), np.int64(11), np.int64(12), np.int64(13), np.int64(14), np.int64(15), np.int64(16), np.int64(17), np.int64(18)]
 y=[np.float64(1.55), np.float64(0.46), np.float64(0.26), np.float64(0.09), np.float64(0.03), np.float64(0.088), np.float64(0.245), np.float64(0.469), np.float64(1.46)]
 section no=HMP4 total data points=9
 secno=HMP5
 xvalues=[np.int64(0), np.int64(5), np.int64(8), np.int64(9), np.int64(10), np.int64(12), np.int64(13), np.int64(14), np.int64(15), np.int64(16), np.int64(17), np.int64(18), np.int64(20), np.int64(25), np.int64(27), np.int64(30), np.int64(32)]
 yvalues=[np.float64(0.919), np.float64(0.915), np.float64(0.91), np.float64(1.775), np.float64(1.765), np.float64(0.435), np.float64(0.16), np.float64(0.082), np.float64(0.029), np.float64(0.076), np.float64(0.165), np.float64(0.455), np.float64(1.885), np.float64(1.88), np.float64(0.17), np.float64(-0.236), np.float64(-0.285)]
 Remarks=['Paddy land', '', '', '', 'LB', '', '', '', 'CL', '', '', '', 'RB', '', '', '', 'Low land']
 lb=1.765 type=<class 'numpy.float64'>
 lb=1.765 rb=1.885 lwl=1.765
 idx1=4 idx2=12
 Turncated Remarks................
 #####################Values in constructor #############################
 xvalues for section=[np.int64(10), np.int64(12), np.int64(13), np.int64(14), np.int64(15), np.int64(16), np.int64(17), np.int64(18), np.int64(20)]
 yvalues for section=[np.float64(1.765), np.float64(0.435), np.float64(0.16), np.float64(0.082), np.float64(0.029), np.float64(0.076), np.float64(0.165), np.float64(0.455), np.float64(1.885)]
 #######################################################################
 ########################Displaying Section Properties###########################
 x=[np.int64(10), np.int64(12), np.int64(13), np.int64(14), np.int64(15), np.int64(16), np.int64(17), np.int64(18), np.int64(20)]
 y=[np.float64(1.765), np.float64(0.435), np.float64(0.16), np.float64(0.082), np.float64(0.029), np.float64(0.076), np.float64(0.165), np.float64(0.455), np.float64(1.885)]
 section no=HMP5 total data points=9
 secno=HMP6
 xvalues=[np.int64(0), np.int64(5), np.int64(10), np.int64(12), np.int64(13), np.int64(14), np.int64(15), np.int64(16), np.int64(17), np.int64(18), np.int64(20), np.int64(21), np.int64(23), np.int64(25), np.int64(27)]
 yvalues=[np.float64(2.59), np.float64(2.585), np.float64(2.575), np.float64(0.853), np.float64(0.51), np.float64(0.285), np.float64(0.229), np.float64(0.284), np.float64(0.52), np.float64(0.85), np.float64(2.425), np.float64(2.415), np.float64(0.925), np.float64(0.659), np.float64(0.515)]
 Remarks=['Garden', '', 'LB', '', '', '', 'CL', '', '', '', 'RB', '', '', '', 'Pond']
 lb=2.575 type=<class 'numpy.float64'>
 lb=2.575 rb=2.425 lwl=2.425
 idx1=2 idx2=10
 Turncated Remarks................
 #####################Values in constructor #############################
 xvalues for section=[np.int64(10), np.int64(12), np.int64(13), np.int64(14), np.int64(15), np.int64(16), np.int64(17), np.int64(18), np.int64(20)]
 yvalues for section=[np.float64(2.575), np.float64(0.853), np.float64(0.51), np.float64(0.285), np.float64(0.229), np.float64(0.284), np.float64(0.52), np.float64(0.85), np.float64(2.425)]
 #######################################################################
 ########################Displaying Section Properties###########################
 x=[np.int64(10), np.int64(12), np.int64(13), np.int64(14), np.int64(15), np.int64(16), np.int64(17), np.int64(18), np.int64(20)]
 y=[np.float64(2.575), np.float64(0.853), np.float64(0.51), np.float64(0.285), np.float64(0.229), np.float64(0.284), np.float64(0.52), np.float64(0.85), np.float64(2.425)]
 section no=HMP6 total data points=9
 secno=HMP7
 xvalues=[np.int64(0), np.int64(2), np.int64(4), np.int64(6), np.int64(8), np.int64(10), np.int64(12), np.int64(14), np.int64(16), np.int64(18), np.int64(20), np.int64(21), np.int64(22), np.int64(25), np.int64(30)]
 yvalues=[np.float64(3.336), np.float64(3.331), np.float64(0.941), np.float64(0.741), np.float64(0.426), np.float64(0.18), np.float64(0.127), np.float64(0.183), np.float64(0.258), np.float64(0.311), np.float64(0.391), np.float64(0.411), np.float64(0.626), np.float64(0.645), np.float64(0.656)]
 Remarks=['Tolite', 'LB', '', '', '', '', 'CL', '', '', '', '', '', 'RB', '', 'Open land']
 lb=3.331 type=<class 'numpy.float64'>
 lb=3.331 rb=0.626 lwl=0.626
 idx1=1 idx2=12
 Turncated Remarks................
 #####################Values in constructor #############################
 xvalues for section=[np.int64(2), np.int64(4), np.int64(6), np.int64(8), np.int64(10), np.int64(12), np.int64(14), np.int64(16), np.int64(18), np.int64(20), np.int64(21), np.int64(22)]
 yvalues for section=[np.float64(3.331), np.float64(0.941), np.float64(0.741), np.float64(0.426), np.float64(0.18), np.float64(0.127), np.float64(0.183), np.float64(0.258), np.float64(0.311), np.float64(0.391), np.float64(0.411), np.float64(0.626)]
 #######################################################################
 ########################Displaying Section Properties###########################
 x=[np.int64(2), np.int64(4), np.int64(6), np.int64(8), np.int64(10), np.int64(12), np.int64(14), np.int64(16), np.int64(18), np.int64(20), np.int64(21), np.int64(22)]
 y=[np.float64(3.331), np.float64(0.941), np.float64(0.741), np.float64(0.426), np.float64(0.18), np.float64(0.127), np.float64(0.183), np.float64(0.258), np.float64(0.311), np.float64(0.391), np.float64(0.411), np.float64(0.626)]
 section no=HMP7 total data points=12
 ############# #################################################



 


Detailed Debugging of Calcualtion of CL




 



Initiated Section no =HMP0**********************************
   Section No  Chainage (m)  Distance (m)  RL (m) Remarks
8       HMP0             0            12  -0.169      CL
   Section No  Chainage (m)  Distance (m)  RL (m) Remarks
4       HMP0             0             6   2.039      LB
    Section No  Chainage (m)  Distance (m)  RL (m) Remarks
12       HMP0             0            18     2.1      RB
 sencionno=HMP0 CL distance=12 RL=-0.169
 Finished Section no =HMP0**********************************
 



Initiated Section no =HMP1**********************************
    Section No  Chainage (m)  Distance (m)  RL (m) Remarks
22       HMP1           100            16  -0.071      CL
    Section No  Chainage (m)  Distance (m)  RL (m) Remarks
18       HMP1           100            10   2.112      LB
    Section No  Chainage (m)  Distance (m)  RL (m) Remarks
26       HMP1           100            22   2.312      RB
 sencionno=HMP1 CL distance=16 RL=-0.071
 Finished Section no =HMP1**********************************
 



Initiated Section no =HMP2**********************************
    Section No  Chainage (m)  Distance (m)  RL (m) Remarks
33       HMP2           200             8   0.029      CL
    Section No  Chainage (m)  Distance (m)  RL (m) Remarks
29       HMP2           200             2   2.248      LB
    Section No  Chainage (m)  Distance (m)  RL (m) Remarks
37       HMP2           200            14   2.838      RB
 sencionno=HMP2 CL distance=8 RL=0.029
 Finished Section no =HMP2**********************************
 



Initiated Section no =HMP3**********************************
    Section No  Chainage (m)  Distance (m)  RL (m) Remarks
45       HMP3           300             9   0.129      CL
    Section No  Chainage (m)  Distance (m)  RL (m) Remarks
41       HMP3           300             4   2.625      LB
    Section No  Chainage (m)  Distance (m)  RL (m) Remarks
49       HMP3           300            14   2.042      RB
 sencionno=HMP3 CL distance=9 RL=0.129
 Finished Section no =HMP3**********************************
 



Initiated Section no =HMP4**********************************
    Section No  Chainage (m)  Distance (m)  RL (m) Remarks
61       HMP4           400            14    0.03      CL
    Section No  Chainage (m)  Distance (m)  RL (m) Remarks
57       HMP4           400            10    1.55      LB
    Section No  Chainage (m)  Distance (m)  RL (m) Remarks
65       HMP4           400            18    1.46      RB
 sencionno=HMP4 CL distance=14 RL=0.03
 Finished Section no =HMP4**********************************
 



Initiated Section no =HMP5**********************************
    Section No  Chainage (m)  Distance (m)  RL (m) Remarks
77       HMP5           500            15   0.029      CL
    Section No  Chainage (m)  Distance (m)  RL (m) Remarks
73       HMP5           500            10   1.765      LB
    Section No  Chainage (m)  Distance (m)  RL (m) Remarks
81       HMP5           500            20   1.885      RB
 sencionno=HMP5 CL distance=15 RL=0.029
 Finished Section no =HMP5**********************************
 



Initiated Section no =HMP6**********************************
    Section No  Chainage (m)  Distance (m)  RL (m) Remarks
92       HMP6           600            15   0.229      CL
    Section No  Chainage (m)  Distance (m)  RL (m) Remarks
88       HMP6           600            10   2.575      LB
    Section No  Chainage (m)  Distance (m)  RL (m) Remarks
96       HMP6           600            20   2.425      RB
 sencionno=HMP6 CL distance=15 RL=0.229
 Finished Section no =HMP6**********************************
 



Initiated Section no =HMP7**********************************
     Section No  Chainage (m)  Distance (m)  RL (m) Remarks
107       HMP7           714            12   0.127      CL
     Section No  Chainage (m)  Distance (m)  RL (m) Remarks
102       HMP7           714             2   3.331      LB
     Section No  Chainage (m)  Distance (m)  RL (m) Remarks
113       HMP7           714            22   0.626      RB
 sencionno=HMP7 CL distance=12 RL=0.127
 Finished Section no =HMP7**********************************
