 Sucessfully Setup Logger for this programme.............
 Printing Data Matrix Direction.................

               Data Name         Value  \
0          Package Name  TP_KEX_10_21   
1           Data Matrix             V   
2  Long_Slope_Direction             1   

                                         Explanation  
0                               package_name_of_khal  
1                            Data written vertically  
2  1:zero chaiange at outfall 0:zero chainage at ...  
 

###############################################


    XsectionNo  chainage   r1   r2 c1 c2             KhalName     GL  \
0        BBK0         0    5   17  B  D  Bhangar Branch khal  0.402   
1        BBK1       100   21   36  B  D  Bhangar Branch khal  0.402   
2        BBK2       200   40   56  B  D  Bhangar Branch khal  0.402   
3        BBK3       300   65   84  B  D  Bhangar Branch khal  0.402   
4        BBK4       400   88  104  B  D  Bhangar Branch khal  0.402   
5        BBK5       500  108  123  B  D  Bhangar Branch khal  0.402   
6        BBK6       600  130  148  B  D  Bhangar Branch khal  0.402   
7        BBK7       700  152  166  B  D  Bhangar Branch khal  0.402   
8        BBK8       800  170  184  B  D  Bhangar Branch khal  0.402   
9        BBK9       900  195  210  B  D  Bhangar Branch khal  0.402   
10      BBK10      1000  214  227  B  D  Bhangar Branch khal  0.402   
11      BBK11      1100  231  246  B  D  Bhangar Branch khal  0.402   
12      BBK12      1200  259  275  B  D  Bhangar Branch khal  0.402   
13      BBK13      1300  278  289  B  D  Bhangar Branch khal  0.402   
14      BBK14      1400  291  307  B  D  Bhangar Branch khal  0.402   
15      BBK15      1500  309  322  B  D  Bhangar Branch khal  0.402   
16      BBK16      1600  326  341  B  D  Bhangar Branch khal  0.402   
17      BBK17      1700  345  361  B  D  Bhangar Branch khal  0.402   
18      BBK18      1800  365  381  B  D  Bhangar Branch khal  0.402   
19      BBK19      1842  391  407  B  D  Bhangar Branch khal  0.402   

    Ivert Level  Retention  Required_Area  Direction  
0          -1.6        0.6             30          1  
1          -1.6        0.6             30          1  
2          -1.6        0.6             30          1  
3          -1.6        0.6             30          1  
4          -1.6        0.6             30          1  
5          -1.6        0.6             30          1  
6          -1.6        0.6             30          1  
7          -1.6        0.6             30          1  
8          -1.6        0.6             30          1  
9          -1.6        0.6             30          1  
10         -1.6        0.6             30          1  
11         -1.6        0.6             30          1  
12         -1.6        0.6             30          1  
13         -1.6        0.6             30          1  
14         -1.6        0.6             30          1  
15         -1.6        0.6             30          1  
16         -1.6        0.6             30          1  
17         -1.6        0.6             30          1  
18         -1.6        0.6             30          1  
19         -1.6        0.6             30          1  
 chainage=0 sec=BBK0 row1=5 row2=17 col1=B col2=D 1
 





 {'dist': [0, 5, 10, 11, 13, 14, 15, 16, 17, 19, 20, 25, 30], 'rl': [0.268, 0.259, 0.239, -0.111, -0.172, -0.306, -0.379, -0.307, -0.172, -0.011, 0.679, 0.674, 0.659], 'remarks': ['Paddy land', '', 'LB', '', '', '', 'CL', '', '', '', 'RB', '', 'Paddy land'], 'chainage': [0, 0, 0, 0, 0, 0, 0, 0, 0, 0, 0, 0, 0], 'sectionNo': ['BBK0', 'BBK0', 'BBK0', 'BBK0', 'BBK0', 'BBK0', 'BBK0', 'BBK0', 'BBK0', 'BBK0', 'BBK0', 'BBK0', 'BBK0']}
 





 chainage=100 sec=BBK1 row1=21 row2=36 col1=B col2=D 1
 





 {'dist': [0, 5, 8, 9, 10, 11, 12, 13, 14, 15, 16, 17, 18, 25, 30, 35], 'rl': [0.302, 0.293, 0.247, 1.103, 1.098, 0.858, -0.383, -0.638, -0.687, -0.639, -0.368, -0.307, 0.243, 0.232, 0.228, 0.218], 'remarks': ['Paddy land', '', '', '', 'LB', '', '', '', 'CL', '', '', '', 'RB', '', '', 'Paddy land'], 'chainage': [100, 100, 100, 100, 100, 100, 100, 100, 100, 100, 100, 100, 100, 100, 100, 100], 'sectionNo': ['BBK1', 'BBK1', 'BBK1', 'BBK1', 'BBK1', 'BBK1', 'BBK1', 'BBK1', 'BBK1', 'BBK1', 'BBK1', 'BBK1', 'BBK1', 'BBK1', 'BBK1', 'BBK1']}
 





 chainage=200 sec=BBK2 row1=40 row2=56 col1=B col2=D 1
 





 {'dist': [0, 5, 6, 8, 8.5, 10, 11, 12, 13, 14, 15, 16, 17, 18, 25, 30, 35], 'rl': [0.324, 0.299, 1.088, 1.078, 0.573, 0.572, -0.861, -1.122, -1.313, -1.365, -1.312, -1.122, -0.871, 0.229, 0.234, 0.239, 0.249], 'remarks': ['Paddy land', '', '', '', '', 'LB', '', '', '', 'CL', '', '', '', 'RB', '', '', 'Paddy land'], 'chainage': [200, 200, 200, 200, 200, 200, 200, 200, 200, 200, 200, 200, 200, 200, 200, 200, 200], 'sectionNo': ['BBK2', 'BBK2', 'BBK2', 'BBK2', 'BBK2', 'BBK2', 'BBK2', 'BBK2', 'BBK2', 'BBK2', 'BBK2', 'BBK2', 'BBK2', 'BBK2', 'BBK2', 'BBK2', 'BBK2']}
 





 chainage=300 sec=BBK3 row1=65 row2=84 col1=B col2=D 1
 





 {'dist': [0, 5, 10, 12, 14, 16, 17, 18, 19, 20, 21, 22, 23, 24, 25, 26, 27, 30, 35, 40], 'rl': [0.399, 0.388, 0.378, 2.069, 1.919, 0.708, 0.697, -0.622, -0.861, -1.022, -1.223, -1.271, -1.222, -1.022, -0.723, -0.471, 0.133, 0.148, 0.164, 0.174], 'remarks': ['Paddy land', '', '', '', '', '', 'LB', '', '', '', '', 'CL', '', '', '', '', 'RB', '', '', 'Paddy land'], 'chainage': [300, 300, 300, 300, 300, 300, 300, 300, 300, 300, 300, 300, 300, 300, 300, 300, 300, 300, 300, 300], 'sectionNo': ['BBK3', 'BBK3', 'BBK3', 'BBK3', 'BBK3', 'BBK3', 'BBK3', 'BBK3', 'BBK3', 'BBK3', 'BBK3', 'BBK3', 'BBK3', 'BBK3', 'BBK3', 'BBK3', 'BBK3', 'BBK3', 'BBK3', 'BBK3']}
 





 chainage=400 sec=BBK4 row1=88 row2=104 col1=B col2=D 1
 





 {'dist': [0, 5, 10, 16, 18, 20, 22, 23, 24, 25, 26, 27, 28, 29, 30, 35, 40], 'rl': [-0.01, -0.015, -0.02, -0.025, 2.084, 2.079, -0.4, -0.716, -0.946, -0.995, -0.95, -0.717, -0.59, -0.391, 0.179, 0.185, 0.19], 'remarks': ['Paddy land', '', '', '', '', 'LB', '', '', '', 'CL', '', '', '', '', 'RB', '', 'Paddy land'], 'chainage': [400, 400, 400, 400, 400, 400, 400, 400, 400, 400, 400, 400, 400, 400, 400, 400, 400], 'sectionNo': ['BBK4', 'BBK4', 'BBK4', 'BBK4', 'BBK4', 'BBK4', 'BBK4', 'BBK4', 'BBK4', 'BBK4', 'BBK4', 'BBK4', 'BBK4', 'BBK4', 'BBK4', 'BBK4', 'BBK4']}
 





 chainage=500 sec=BBK5 row1=108 row2=123 col1=B col2=D 1
 





 {'dist': [0, 5, 10, 16, 18, 20, 21, 22, 23, 24, 25, 26, 27, 28, 35, 40], 'rl': [0.014, 0.005, 0.006, 0.016, 2.035, 2.03, -0.421, -0.517, -0.795, -0.82, -0.786, -0.516, -0.423, 0.085, 0.04, 0.095], 'remarks': ['Paddy land', '', '', '', '', 'LB', '', '', '', 'CL', '', '', '', 'RB', '', 'Paddy land'], 'chainage': [500, 500, 500, 500, 500, 500, 500, 500, 500, 500, 500, 500, 500, 500, 500, 500], 'sectionNo': ['BBK5', 'BBK5', 'BBK5', 'BBK5', 'BBK5', 'BBK5', 'BBK5', 'BBK5', 'BBK5', 'BBK5', 'BBK5', 'BBK5', 'BBK5', 'BBK5', 'BBK5', 'BBK5']}
 





 chainage=600 sec=BBK6 row1=130 row2=148 col1=B col2=D 1
 





 {'dist': [0, 5, 10, 15, 18, 19, 20, 21, 22, 24, 25, 26, 28, 29, 30, 32, 33, 35, 40], 'rl': [0.143, 0.128, 0.122, 0.113, 0.103, 2.073, 2.122, -0.692, -0.978, -1.262, -1.307, -1.268, -0.979, -0.687, 0.717, 0.708, 0.122, 0.118, 0.112], 'remarks': ['Paddy land', '', '', '', '', '', 'LB', '', '', '', 'CL', '', '', '', 'RB', '', '', '', 'Paddy land'], 'chainage': [600, 600, 600, 600, 600, 600, 600, 600, 600, 600, 600, 600, 600, 600, 600, 600, 600, 600, 600], 'sectionNo': ['BBK6', 'BBK6', 'BBK6', 'BBK6', 'BBK6', 'BBK6', 'BBK6', 'BBK6', 'BBK6', 'BBK6', 'BBK6', 'BBK6', 'BBK6', 'BBK6', 'BBK6', 'BBK6', 'BBK6', 'BBK6', 'BBK6']}
 





 chainage=700 sec=BBK7 row1=152 row2=166 col1=B col2=D 1
 





 {'dist': [0, 5, 10, 15, 20, 21, 23, 24, 25, 26, 27, 29, 30, 35, 40], 'rl': [-0.062, -0.057, -0.067, -0.072, -0.077, -0.683, -0.978, -1.173, -1.217, -1.172, -0.983, -0.678, -0.127, -0.122, -0.117], 'remarks': ['Paddy land', '', '', '', 'LB', '', '', '', 'CL', '', '', '', 'RB', '', 'Paddy land'], 'chainage': [700, 700, 700, 700, 700, 700, 700, 700, 700, 700, 700, 700, 700, 700, 700], 'sectionNo': ['BBK7', 'BBK7', 'BBK7', 'BBK7', 'BBK7', 'BBK7', 'BBK7', 'BBK7', 'BBK7', 'BBK7', 'BBK7', 'BBK7', 'BBK7', 'BBK7', 'BBK7']}
 





 chainage=800 sec=BBK8 row1=170 row2=184 col1=B col2=D 1
 





 {'dist': [0, 5, 10, 15, 20, 22, 24, 25, 26, 27, 28, 30, 32, 35, 45], 'rl': [0.095, 0.084, 0.075, 0.07, 0.064, -0.887, -1.085, -1.287, -1.335, -1.286, -1.087, -0.886, 0.085, 0.09, 0.077], 'remarks': ['Paddy land', '', '', '', 'LB', '', '', '', 'CL', '', '', '', 'RB', '', 'Paddy land'], 'chainage': [800, 800, 800, 800, 800, 800, 800, 800, 800, 800, 800, 800, 800, 800, 800], 'sectionNo': ['BBK8', 'BBK8', 'BBK8', 'BBK8', 'BBK8', 'BBK8', 'BBK8', 'BBK8', 'BBK8', 'BBK8', 'BBK8', 'BBK8', 'BBK8', 'BBK8', 'BBK8']}
 





 chainage=900 sec=BBK9 row1=195 row2=210 col1=B col2=D 1
 





 {'dist': [0, 5, 8, 9, 10, 12, 14, 16, 17, 18, 20, 22, 24, 30, 31, 35], 'rl': [-4.28, -4.132, -4.03, -0.33, -0.336, -1.031, -1.232, -1.381, -1.43, -1.385, -1.231, -1.036, 0.169, 0.179, 1.469, 1.468], 'remarks': ['Ditch', '', '', '', 'LB', '', '', '', 'CL', '', '', '', 'RB', '', '', 'House Area'], 'chainage': [900, 900, 900, 900, 900, 900, 900, 900, 900, 900, 900, 900, 900, 900, 900, 900], 'sectionNo': ['BBK9', 'BBK9', 'BBK9', 'BBK9', 'BBK9', 'BBK9', 'BBK9', 'BBK9', 'BBK9', 'BBK9', 'BBK9', 'BBK9', 'BBK9', 'BBK9', 'BBK9', 'BBK9']}
 





 chainage=1000 sec=BBK10 row1=214 row2=227 col1=B col2=D 1
 





 {'dist': [0, 5, 10, 12, 13, 14, 15, 16, 17, 18, 20, 25, 30, 35], 'rl': [-0.101, -0.11, -0.116, -0.416, -0.62, -0.735, -0.785, -0.716, -0.531, -0.417, -0.016, -0.006, 0.004, 0.015], 'remarks': ['Paddy land', '', 'LB', '', '', '', 'CL', '', '', '', 'RB', '', '', 'Paddy land'], 'chainage': [1000, 1000, 1000, 1000, 1000, 1000, 1000, 1000, 1000, 1000, 1000, 1000, 1000, 1000], 'sectionNo': ['BBK10', 'BBK10', 'BBK10', 'BBK10', 'BBK10', 'BBK10', 'BBK10', 'BBK10', 'BBK10', 'BBK10', 'BBK10', 'BBK10', 'BBK10', 'BBK10']}
 





 chainage=1100 sec=BBK11 row1=231 row2=246 col1=B col2=D 1
 





 {'dist': [0, 5, 7, 10, 12, 14, 15, 16, 17, 18, 20, 22, 25, 27, 29, 30], 'rl': [1.864, 1.859, 0.814, 0.799, -0.252, -0.547, -0.74, -0.786, -0.741, -0.547, -0.296, 0.953, 0.949, -0.486, -0.686, -0.731], 'remarks': ['House', '', '', 'LB', '', '', '', 'CL', '', '', '', 'RB', '', '', '', 'Borrowpit'], 'chainage': [1100, 1100, 1100, 1100, 1100, 1100, 1100, 1100, 1100, 1100, 1100, 1100, 1100, 1100, 1100, 1100], 'sectionNo': ['BBK11', 'BBK11', 'BBK11', 'BBK11', 'BBK11', 'BBK11', 'BBK11', 'BBK11', 'BBK11', 'BBK11', 'BBK11', 'BBK11', 'BBK11', 'BBK11', 'BBK11', 'BBK11']}
 





 chainage=1200 sec=BBK12 row1=259 row2=275 col1=B col2=D 1
 





 {'dist': [0, 5, 10, 15, 20, 21, 22, 23, 24, 25, 26, 27, 28, 30, 32, 35, 40], 'rl': [0.322, 0.322, 0.317, 0.311, 0.301, -0.449, -0.699, -0.912, -0.958, -0.913, -0.7, -0.448, 1.476, 1.472, 0.312, 0.457, 0.452], 'remarks': ['Paddy land', '', '', '', 'LB', '', '', '', 'CL', '', '', '', 'RB', '', '', '', 'Open land'], 'chainage': [1200, 1200, 1200, 1200, 1200, 1200, 1200, 1200, 1200, 1200, 1200, 1200, 1200, 1200, 1200, 1200, 1200], 'sectionNo': ['BBK12', 'BBK12', 'BBK12', 'BBK12', 'BBK12', 'BBK12', 'BBK12', 'BBK12', 'BBK12', 'BBK12', 'BBK12', 'BBK12', 'BBK12', 'BBK12', 'BBK12', 'BBK12', 'BBK12']}
 





 chainage=1300 sec=BBK13 row1=278 row2=289 col1=B col2=D 1
 





 {'dist': [0, 5, 10, 11, 12, 13, 14, 15, 16, 20, 25, 30], 'rl': [0.172, 0.166, 0.157, -0.804, -1.054, -1.104, -1.053, -0.809, 0.177, 0.182, 0.187, 0.192], 'remarks': ['Paddy land', '', 'LB', '', '', 'CL', '', '', 'RB', '', '', 'Paddy land'], 'chainage': [1300, 1300, 1300, 1300, 1300, 1300, 1300, 1300, 1300, 1300, 1300, 1300], 'sectionNo': ['BBK13', 'BBK13', 'BBK13', 'BBK13', 'BBK13', 'BBK13', 'BBK13', 'BBK13', 'BBK13', 'BBK13', 'BBK13', 'BBK13']}
 





 chainage=1400 sec=BBK14 row1=291 row2=307 col1=B col2=D 1
 





 {'dist': [0, 2, 5, 7, 10, 11, 12, 13, 14, 15, 16, 17, 18, 19, 20, 25, 30], 'rl': [-1.321, -1.306, -1.206, -0.16, -0.155, -0.706, -0.962, -1.011, -1.155, -1.013, -0.855, -0.706, -0.011, -0.015, -0.01, -0.001, -0.02], 'remarks': ['Fisheries', '', '', '', 'LB', '', '', '', 'CL', '', '', '', 'RB', '', '', '', 'Open land'], 'chainage': [1400, 1400, 1400, 1400, 1400, 1400, 1400, 1400, 1400, 1400, 1400, 1400, 1400, 1400, 1400, 1400, 1400], 'sectionNo': ['BBK14', 'BBK14', 'BBK14', 'BBK14', 'BBK14', 'BBK14', 'BBK14', 'BBK14', 'BBK14', 'BBK14', 'BBK14', 'BBK14', 'BBK14', 'BBK14', 'BBK14', 'BBK14', 'BBK14']}
 





 chainage=1500 sec=BBK15 row1=309 row2=322 col1=B col2=D 1
 





 {'dist': [0, 3, 4, 6, 7, 8, 10, 12, 13, 14, 16, 20, 25, 30], 'rl': [1.933, 1.327, 1.32, -0.656, -0.806, -0.897, -0.995, -0.9, -0.807, -0.655, -0.155, -0.145, -0.14, -0.135], 'remarks': ['BC road', '', 'LB', '', '', '', 'CL', '', '', '', 'RB', '', '', 'Paddy land'], 'chainage': [1500, 1500, 1500, 1500, 1500, 1500, 1500, 1500, 1500, 1500, 1500, 1500, 1500, 1500], 'sectionNo': ['BBK15', 'BBK15', 'BBK15', 'BBK15', 'BBK15', 'BBK15', 'BBK15', 'BBK15', 'BBK15', 'BBK15', 'BBK15', 'BBK15', 'BBK15', 'BBK15']}
 





 chainage=1600 sec=BBK16 row1=326 row2=341 col1=B col2=D 1
 





 {'dist': [0, 3, 6, 8, 10, 11, 12, 13, 14, 15, 16, 17, 18, 25, 30, 35], 'rl': [-1.264, -0.715, -0.454, -0.31, -0.315, -0.416, -0.615, -0.806, -0.844, -0.805, -0.616, -0.415, -0.086, 0.091, 0.096, 0.106], 'remarks': ['Ditch', '', '', '', 'LB', '', '', '', 'CL', '', '', '', 'RB', '', '', 'Paddy land'], 'chainage': [1600, 1600, 1600, 1600, 1600, 1600, 1600, 1600, 1600, 1600, 1600, 1600, 1600, 1600, 1600, 1600], 'sectionNo': ['BBK16', 'BBK16', 'BBK16', 'BBK16', 'BBK16', 'BBK16', 'BBK16', 'BBK16', 'BBK16', 'BBK16', 'BBK16', 'BBK16', 'BBK16', 'BBK16', 'BBK16', 'BBK16']}
 





 chainage=1700 sec=BBK17 row1=345 row2=361 col1=B col2=D 1
 





 {'dist': [0, 2, 5, 7, 8, 9, 10, 11, 12, 12.5, 13, 13.5, 14, 15, 16, 20, 25], 'rl': [-1.187, -0.978, -0.512, 1.942, 1.937, 0.348, 0.342, 0.073, -0.173, -0.377, -0.422, -0.372, -0.174, 0.087, 0.327, 0.333, 0.338], 'remarks': ['Ditch', '', '', '', '', '', 'LB', '', '', '', 'CL', '', '', '', 'RB', '', 'Paddy land'], 'chainage': [1700, 1700, 1700, 1700, 1700, 1700, 1700, 1700, 1700, 1700, 1700, 1700, 1700, 1700, 1700, 1700, 1700], 'sectionNo': ['BBK17', 'BBK17', 'BBK17', 'BBK17', 'BBK17', 'BBK17', 'BBK17', 'BBK17', 'BBK17', 'BBK17', 'BBK17', 'BBK17', 'BBK17', 'BBK17', 'BBK17', 'BBK17', 'BBK17']}
 





 chainage=1800 sec=BBK18 row1=365 row2=381 col1=B col2=D 1
 





 {'dist': [0, 3, 5, 7, 8, 9, 10, 11, 12, 12.5, 13, 13.5, 14, 15, 16, 20, 30], 'rl': [-2.001, -1.936, -1.87, 1.715, 1.769, 0.26, 0.255, -0.031, -0.195, -0.409, -0.431, -0.408, -0.188, -0.07, 0.42, 0.425, 0.43], 'remarks': ['Ditch', '', '', '', '', '', 'LB', '', '', '', 'CL', '', '', '', 'RB', '', 'Paddy land'], 'chainage': [1800, 1800, 1800, 1800, 1800, 1800, 1800, 1800, 1800, 1800, 1800, 1800, 1800, 1800, 1800, 1800, 1800], 'sectionNo': ['BBK18', 'BBK18', 'BBK18', 'BBK18', 'BBK18', 'BBK18', 'BBK18', 'BBK18', 'BBK18', 'BBK18', 'BBK18', 'BBK18', 'BBK18', 'BBK18', 'BBK18', 'BBK18', 'BBK18']}
 





 chainage=1842 sec=BBK19 row1=391 row2=407 col1=B col2=D 1
 





 {'dist': [0, 3, 5, 7, 8, 9, 10, 11, 12, 12.5, 13, 13.5, 14, 15, 16, 20, 25], 'rl': [-1.831, -1.78, -1.67, 1.715, 1.705, 0.2, 0.185, -0.085, -0.26, -0.355, -0.4, -0.35, -0.255, -0.08, 0.33, 0.335, 0.34], 'remarks': ['Ditch', '', '', '', '', '', 'LB', '', '', '', 'CL', '', '', '', 'RB', '', 'Paddy land'], 'chainage': [1842, 1842, 1842, 1842, 1842, 1842, 1842, 1842, 1842, 1842, 1842, 1842, 1842, 1842, 1842, 1842, 1842], 'sectionNo': ['BBK19', 'BBK19', 'BBK19', 'BBK19', 'BBK19', 'BBK19', 'BBK19', 'BBK19', 'BBK19', 'BBK19', 'BBK19', 'BBK19', 'BBK19', 'BBK19', 'BBK19', 'BBK19', 'BBK19']}
 





 


Detailed Debugging of Calcualtion of CL




 



Initiated Section no =BBK0**********************************
   Section No  Chainage (m)  Distance (m)  RL (m) Remarks
6       BBK0             0          15.0  -0.379      CL
   Section No  Chainage (m)  Distance (m)  RL (m) Remarks
2       BBK0             0          10.0   0.239      LB
    Section No  Chainage (m)  Distance (m)  RL (m) Remarks
10       BBK0             0          20.0   0.679      RB
 sencionno=BBK0 CL distance=15.0 RL=-0.379
 Finished Section no =BBK0**********************************
 



Initiated Section no =BBK1**********************************
    Section No  Chainage (m)  Distance (m)  RL (m) Remarks
21       BBK1           100          14.0  -0.687      CL
    Section No  Chainage (m)  Distance (m)  RL (m) Remarks
17       BBK1           100          10.0   1.098      LB
    Section No  Chainage (m)  Distance (m)  RL (m) Remarks
25       BBK1           100          18.0   0.243      RB
 sencionno=BBK1 CL distance=14.0 RL=-0.687
 Finished Section no =BBK1**********************************
 



Initiated Section no =BBK2**********************************
    Section No  Chainage (m)  Distance (m)  RL (m) Remarks
38       BBK2           200          14.0  -1.365      CL
    Section No  Chainage (m)  Distance (m)  RL (m) Remarks
34       BBK2           200          10.0   0.572      LB
    Section No  Chainage (m)  Distance (m)  RL (m) Remarks
42       BBK2           200          18.0   0.229      RB
 sencionno=BBK2 CL distance=14.0 RL=-1.365
 Finished Section no =BBK2**********************************
 



Initiated Section no =BBK3**********************************
    Section No  Chainage (m)  Distance (m)  RL (m) Remarks
57       BBK3           300          22.0  -1.271      CL
    Section No  Chainage (m)  Distance (m)  RL (m) Remarks
52       BBK3           300          17.0   0.697      LB
    Section No  Chainage (m)  Distance (m)  RL (m) Remarks
62       BBK3           300          27.0   0.133      RB
 sencionno=BBK3 CL distance=22.0 RL=-1.271
 Finished Section no =BBK3**********************************
 



Initiated Section no =BBK4**********************************
    Section No  Chainage (m)  Distance (m)  RL (m) Remarks
75       BBK4           400          25.0  -0.995      CL
    Section No  Chainage (m)  Distance (m)  RL (m) Remarks
71       BBK4           400          20.0   2.079      LB
    Section No  Chainage (m)  Distance (m)  RL (m) Remarks
80       BBK4           400          30.0   0.179      RB
 sencionno=BBK4 CL distance=25.0 RL=-0.995
 Finished Section no =BBK4**********************************
 



Initiated Section no =BBK5**********************************
    Section No  Chainage (m)  Distance (m)  RL (m) Remarks
92       BBK5           500          24.0   -0.82      CL
    Section No  Chainage (m)  Distance (m)  RL (m) Remarks
88       BBK5           500          20.0    2.03      LB
    Section No  Chainage (m)  Distance (m)  RL (m) Remarks
96       BBK5           500          28.0   0.085      RB
 sencionno=BBK5 CL distance=24.0 RL=-0.82
 Finished Section no =BBK5**********************************
 



Initiated Section no =BBK6**********************************
     Section No  Chainage (m)  Distance (m)  RL (m) Remarks
109       BBK6           600          25.0  -1.307      CL
     Section No  Chainage (m)  Distance (m)  RL (m) Remarks
105       BBK6           600          20.0   2.122      LB
     Section No  Chainage (m)  Distance (m)  RL (m) Remarks
113       BBK6           600          30.0   0.717      RB
 sencionno=BBK6 CL distance=25.0 RL=-1.307
 Finished Section no =BBK6**********************************
 



Initiated Section no =BBK7**********************************
     Section No  Chainage (m)  Distance (m)  RL (m) Remarks
126       BBK7           700          25.0  -1.217      CL
     Section No  Chainage (m)  Distance (m)  RL (m) Remarks
122       BBK7           700          20.0  -0.077      LB
     Section No  Chainage (m)  Distance (m)  RL (m) Remarks
130       BBK7           700          30.0  -0.127      RB
 sencionno=BBK7 CL distance=25.0 RL=-1.217
 Finished Section no =BBK7**********************************
 



Initiated Section no =BBK8**********************************
     Section No  Chainage (m)  Distance (m)  RL (m) Remarks
141       BBK8           800          26.0  -1.335      CL
     Section No  Chainage (m)  Distance (m)  RL (m) Remarks
137       BBK8           800          20.0   0.064      LB
     Section No  Chainage (m)  Distance (m)  RL (m) Remarks
145       BBK8           800          32.0   0.085      RB
 sencionno=BBK8 CL distance=26.0 RL=-1.335
 Finished Section no =BBK8**********************************
 



Initiated Section no =BBK9**********************************
     Section No  Chainage (m)  Distance (m)  RL (m) Remarks
156       BBK9           900          17.0   -1.43      CL
     Section No  Chainage (m)  Distance (m)  RL (m) Remarks
152       BBK9           900          10.0  -0.336      LB
     Section No  Chainage (m)  Distance (m)  RL (m) Remarks
160       BBK9           900          24.0   0.169      RB
 sencionno=BBK9 CL distance=17.0 RL=-1.43
 Finished Section no =BBK9**********************************
 



Initiated Section no =BBK10**********************************
     Section No  Chainage (m)  Distance (m)  RL (m) Remarks
170      BBK10          1000          15.0  -0.785      CL
     Section No  Chainage (m)  Distance (m)  RL (m) Remarks
166      BBK10          1000          10.0  -0.116      LB
     Section No  Chainage (m)  Distance (m)  RL (m) Remarks
174      BBK10          1000          20.0  -0.016      RB
 sencionno=BBK10 CL distance=15.0 RL=-0.785
 Finished Section no =BBK10**********************************
 



Initiated Section no =BBK11**********************************
     Section No  Chainage (m)  Distance (m)  RL (m) Remarks
185      BBK11          1100          16.0  -0.786      CL
     Section No  Chainage (m)  Distance (m)  RL (m) Remarks
181      BBK11          1100          10.0   0.799      LB
     Section No  Chainage (m)  Distance (m)  RL (m) Remarks
189      BBK11          1100          22.0   0.953      RB
 sencionno=BBK11 CL distance=16.0 RL=-0.786
 Finished Section no =BBK11**********************************
 



Initiated Section no =BBK12**********************************
     Section No  Chainage (m)  Distance (m)  RL (m) Remarks
202      BBK12          1200          24.0  -0.958      CL
     Section No  Chainage (m)  Distance (m)  RL (m) Remarks
198      BBK12          1200          20.0   0.301      LB
     Section No  Chainage (m)  Distance (m)  RL (m) Remarks
206      BBK12          1200          28.0   1.476      RB
 sencionno=BBK12 CL distance=24.0 RL=-0.958
 Finished Section no =BBK12**********************************
 



Initiated Section no =BBK13**********************************
     Section No  Chainage (m)  Distance (m)  RL (m) Remarks
216      BBK13          1300          13.0  -1.104      CL
     Section No  Chainage (m)  Distance (m)  RL (m) Remarks
213      BBK13          1300          10.0   0.157      LB
     Section No  Chainage (m)  Distance (m)  RL (m) Remarks
219      BBK13          1300          16.0   0.177      RB
 sencionno=BBK13 CL distance=13.0 RL=-1.104
 Finished Section no =BBK13**********************************
 



Initiated Section no =BBK14**********************************
     Section No  Chainage (m)  Distance (m)  RL (m) Remarks
231      BBK14          1400          14.0  -1.155      CL
     Section No  Chainage (m)  Distance (m)  RL (m) Remarks
227      BBK14          1400          10.0  -0.155      LB
     Section No  Chainage (m)  Distance (m)  RL (m) Remarks
235      BBK14          1400          18.0  -0.011      RB
 sencionno=BBK14 CL distance=14.0 RL=-1.155
 Finished Section no =BBK14**********************************
 



Initiated Section no =BBK15**********************************
     Section No  Chainage (m)  Distance (m)  RL (m) Remarks
246      BBK15          1500          10.0  -0.995      CL
     Section No  Chainage (m)  Distance (m)  RL (m) Remarks
242      BBK15          1500           4.0    1.32      LB
     Section No  Chainage (m)  Distance (m)  RL (m) Remarks
250      BBK15          1500          16.0  -0.155      RB
 sencionno=BBK15 CL distance=10.0 RL=-0.995
 Finished Section no =BBK15**********************************
 



Initiated Section no =BBK16**********************************
     Section No  Chainage (m)  Distance (m)  RL (m) Remarks
262      BBK16          1600          14.0  -0.844      CL
     Section No  Chainage (m)  Distance (m)  RL (m) Remarks
258      BBK16          1600          10.0  -0.315      LB
     Section No  Chainage (m)  Distance (m)  RL (m) Remarks
266      BBK16          1600          18.0  -0.086      RB
 sencionno=BBK16 CL distance=14.0 RL=-0.844
 Finished Section no =BBK16**********************************
 



Initiated Section no =BBK17**********************************
     Section No  Chainage (m)  Distance (m)  RL (m) Remarks
280      BBK17          1700          13.0  -0.422      CL
     Section No  Chainage (m)  Distance (m)  RL (m) Remarks
276      BBK17          1700          10.0   0.342      LB
     Section No  Chainage (m)  Distance (m)  RL (m) Remarks
284      BBK17          1700          16.0   0.327      RB
 sencionno=BBK17 CL distance=13.0 RL=-0.422
 Finished Section no =BBK17**********************************
 



Initiated Section no =BBK18**********************************
     Section No  Chainage (m)  Distance (m)  RL (m) Remarks
297      BBK18          1800          13.0  -0.431      CL
     Section No  Chainage (m)  Distance (m)  RL (m) Remarks
293      BBK18          1800          10.0   0.255      LB
     Section No  Chainage (m)  Distance (m)  RL (m) Remarks
301      BBK18          1800          16.0    0.42      RB
 sencionno=BBK18 CL distance=13.0 RL=-0.431
 Finished Section no =BBK18**********************************
 



Initiated Section no =BBK19**********************************
     Section No  Chainage (m)  Distance (m)  RL (m) Remarks
314      BBK19          1842          13.0    -0.4      CL
     Section No  Chainage (m)  Distance (m)  RL (m) Remarks
310      BBK19          1842          10.0   0.185      LB
     Section No  Chainage (m)  Distance (m)  RL (m) Remarks
318      BBK19          1842          16.0    0.33      RB
 sencionno=BBK19 CL distance=13.0 RL=-0.4
 Finished Section no =BBK19**********************************
 


############# We Are Checking Sectional properties.............
 


############# ##################################################
    XsectionNo  chainage   r1   r2 c1 c2             KhalName     GL  \
0        BBK0         0    5   17  B  D  Bhangar Branch khal  0.402   
1        BBK1       100   21   36  B  D  Bhangar Branch khal  0.402   
2        BBK2       200   40   56  B  D  Bhangar Branch khal  0.402   
3        BBK3       300   65   84  B  D  Bhangar Branch khal  0.402   
4        BBK4       400   88  104  B  D  Bhangar Branch khal  0.402   
5        BBK5       500  108  123  B  D  Bhangar Branch khal  0.402   
6        BBK6       600  130  148  B  D  Bhangar Branch khal  0.402   
7        BBK7       700  152  166  B  D  Bhangar Branch khal  0.402   
8        BBK8       800  170  184  B  D  Bhangar Branch khal  0.402   
9        BBK9       900  195  210  B  D  Bhangar Branch khal  0.402   
10      BBK10      1000  214  227  B  D  Bhangar Branch khal  0.402   
11      BBK11      1100  231  246  B  D  Bhangar Branch khal  0.402   
12      BBK12      1200  259  275  B  D  Bhangar Branch khal  0.402   
13      BBK13      1300  278  289  B  D  Bhangar Branch khal  0.402   
14      BBK14      1400  291  307  B  D  Bhangar Branch khal  0.402   
15      BBK15      1500  309  322  B  D  Bhangar Branch khal  0.402   
16      BBK16      1600  326  341  B  D  Bhangar Branch khal  0.402   
17      BBK17      1700  345  361  B  D  Bhangar Branch khal  0.402   
18      BBK18      1800  365  381  B  D  Bhangar Branch khal  0.402   
19      BBK19      1842  391  407  B  D  Bhangar Branch khal  0.402   

    Ivert Level  Retention  Required_Area  Direction  
0          -1.6        0.6             30          1  
1          -1.6        0.6             30          1  
2          -1.6        0.6             30          1  
3          -1.6        0.6             30          1  
4          -1.6        0.6             30          1  
5          -1.6        0.6             30          1  
6          -1.6        0.6             30          1  
7          -1.6        0.6             30          1  
8          -1.6        0.6             30          1  
9          -1.6        0.6             30          1  
10         -1.6        0.6             30          1  
11         -1.6        0.6             30          1  
12         -1.6        0.6             30          1  
13         -1.6        0.6             30          1  
14         -1.6        0.6             30          1  
15         -1.6        0.6             30          1  
16         -1.6        0.6             30          1  
17         -1.6        0.6             30          1  
18         -1.6        0.6             30          1  
19         -1.6        0.6             30          1  
 Intitiated X-sectional Properties Calculation for section no=BBK0 
 xvalues=[np.float64(0.0), np.float64(5.0), np.float64(10.0), np.float64(11.0), np.float64(13.0), np.float64(14.0), np.float64(15.0), np.float64(16.0), np.float64(17.0), np.float64(19.0), np.float64(20.0), np.float64(25.0), np.float64(30.0)]
 yvalues=[np.float64(0.268), np.float64(0.259), np.float64(0.239), np.float64(-0.111), np.float64(-0.172), np.float64(-0.306), np.float64(-0.379), np.float64(-0.307), np.float64(-0.172), np.float64(-0.011), np.float64(0.679), np.float64(0.674), np.float64(0.659)]
 Remarks=['Paddy land', '', 'LB', '', '', '', 'CL', '', '', '', 'RB', '', 'Paddy land']
 lb=0.239 type=<class 'numpy.float64'>
 lb=0.239 rb=0.679 lwl=0.239
 idx1=2 idx2=10
 Turncated Remarks................
 #####################Values in constructor #############################
 xvalues for section=[np.float64(10.0), np.float64(11.0), np.float64(13.0), np.float64(14.0), np.float64(15.0), np.float64(16.0), np.float64(17.0), np.float64(19.0), np.float64(20.0)]
 yvalues for section=[np.float64(0.239), np.float64(-0.111), np.float64(-0.172), np.float64(-0.306), np.float64(-0.379), np.float64(-0.307), np.float64(-0.172), np.float64(-0.011), np.float64(0.679)]
 #######################################################################
 ########################Displaying Section Properties###########################
 x=[np.float64(10.0), np.float64(11.0), np.float64(13.0), np.float64(14.0), np.float64(15.0), np.float64(16.0), np.float64(17.0), np.float64(19.0), np.float64(20.0)]
 y=[np.float64(0.239), np.float64(-0.111), np.float64(-0.172), np.float64(-0.306), np.float64(-0.379), np.float64(-0.307), np.float64(-0.172), np.float64(-0.011), np.float64(0.679)]
 section no=BBK0 total data points=9
 Finished X-sectional Properties Calculation for section no=BBK0




 Intitiated X-sectional Properties Calculation for section no=BBK1 
 xvalues=[np.float64(0.0), np.float64(5.0), np.float64(8.0), np.float64(9.0), np.float64(10.0), np.float64(11.0), np.float64(12.0), np.float64(13.0), np.float64(14.0), np.float64(15.0), np.float64(16.0), np.float64(17.0), np.float64(18.0), np.float64(25.0), np.float64(30.0), np.float64(35.0)]
 yvalues=[np.float64(0.302), np.float64(0.293), np.float64(0.247), np.float64(1.103), np.float64(1.098), np.float64(0.858), np.float64(-0.383), np.float64(-0.638), np.float64(-0.687), np.float64(-0.639), np.float64(-0.368), np.float64(-0.307), np.float64(0.243), np.float64(0.232), np.float64(0.228), np.float64(0.218)]
 Remarks=['Paddy land', '', '', '', 'LB', '', '', '', 'CL', '', '', '', 'RB', '', '', 'Paddy land']
 lb=1.098 type=<class 'numpy.float64'>
 lb=1.098 rb=0.243 lwl=0.243
 idx1=4 idx2=12
 Turncated Remarks................
 #####################Values in constructor #############################
 xvalues for section=[np.float64(10.0), np.float64(11.0), np.float64(12.0), np.float64(13.0), np.float64(14.0), np.float64(15.0), np.float64(16.0), np.float64(17.0), np.float64(18.0)]
 yvalues for section=[np.float64(1.098), np.float64(0.858), np.float64(-0.383), np.float64(-0.638), np.float64(-0.687), np.float64(-0.639), np.float64(-0.368), np.float64(-0.307), np.float64(0.243)]
 #######################################################################
 ########################Displaying Section Properties###########################
 x=[np.float64(10.0), np.float64(11.0), np.float64(12.0), np.float64(13.0), np.float64(14.0), np.float64(15.0), np.float64(16.0), np.float64(17.0), np.float64(18.0)]
 y=[np.float64(1.098), np.float64(0.858), np.float64(-0.383), np.float64(-0.638), np.float64(-0.687), np.float64(-0.639), np.float64(-0.368), np.float64(-0.307), np.float64(0.243)]
 section no=BBK1 total data points=9
 Finished X-sectional Properties Calculation for section no=BBK1




 Intitiated X-sectional Properties Calculation for section no=BBK2 
 xvalues=[np.float64(0.0), np.float64(5.0), np.float64(6.0), np.float64(8.0), np.float64(8.5), np.float64(10.0), np.float64(11.0), np.float64(12.0), np.float64(13.0), np.float64(14.0), np.float64(15.0), np.float64(16.0), np.float64(17.0), np.float64(18.0), np.float64(25.0), np.float64(30.0), np.float64(35.0)]
 yvalues=[np.float64(0.324), np.float64(0.299), np.float64(1.088), np.float64(1.078), np.float64(0.573), np.float64(0.572), np.float64(-0.861), np.float64(-1.122), np.float64(-1.313), np.float64(-1.365), np.float64(-1.312), np.float64(-1.122), np.float64(-0.871), np.float64(0.229), np.float64(0.234), np.float64(0.239), np.float64(0.249)]
 Remarks=['Paddy land', '', '', '', '', 'LB', '', '', '', 'CL', '', '', '', 'RB', '', '', 'Paddy land']
 lb=0.572 type=<class 'numpy.float64'>
 lb=0.572 rb=0.229 lwl=0.229
 idx1=5 idx2=13
 Turncated Remarks................
 #####################Values in constructor #############################
 xvalues for section=[np.float64(10.0), np.float64(11.0), np.float64(12.0), np.float64(13.0), np.float64(14.0), np.float64(15.0), np.float64(16.0), np.float64(17.0), np.float64(18.0)]
 yvalues for section=[np.float64(0.572), np.float64(-0.861), np.float64(-1.122), np.float64(-1.313), np.float64(-1.365), np.float64(-1.312), np.float64(-1.122), np.float64(-0.871), np.float64(0.229)]
 #######################################################################
 ########################Displaying Section Properties###########################
 x=[np.float64(10.0), np.float64(11.0), np.float64(12.0), np.float64(13.0), np.float64(14.0), np.float64(15.0), np.float64(16.0), np.float64(17.0), np.float64(18.0)]
 y=[np.float64(0.572), np.float64(-0.861), np.float64(-1.122), np.float64(-1.313), np.float64(-1.365), np.float64(-1.312), np.float64(-1.122), np.float64(-0.871), np.float64(0.229)]
 section no=BBK2 total data points=9
 Finished X-sectional Properties Calculation for section no=BBK2




 Intitiated X-sectional Properties Calculation for section no=BBK3 
 xvalues=[np.float64(0.0), np.float64(5.0), np.float64(10.0), np.float64(12.0), np.float64(14.0), np.float64(16.0), np.float64(17.0), np.float64(18.0), np.float64(19.0), np.float64(20.0), np.float64(21.0), np.float64(22.0), np.float64(23.0), np.float64(24.0), np.float64(25.0), np.float64(26.0), np.float64(27.0), np.float64(30.0), np.float64(35.0), np.float64(40.0)]
 yvalues=[np.float64(0.399), np.float64(0.388), np.float64(0.378), np.float64(2.069), np.float64(1.919), np.float64(0.708), np.float64(0.697), np.float64(-0.622), np.float64(-0.861), np.float64(-1.022), np.float64(-1.223), np.float64(-1.271), np.float64(-1.222), np.float64(-1.022), np.float64(-0.723), np.float64(-0.471), np.float64(0.133), np.float64(0.148), np.float64(0.164), np.float64(0.174)]
 Remarks=['Paddy land', '', '', '', '', '', 'LB', '', '', '', '', 'CL', '', '', '', '', 'RB', '', '', 'Paddy land']
 lb=0.697 type=<class 'numpy.float64'>
 lb=0.697 rb=0.133 lwl=0.133
 idx1=6 idx2=16
 Turncated Remarks................
 #####################Values in constructor #############################
 xvalues for section=[np.float64(17.0), np.float64(18.0), np.float64(19.0), np.float64(20.0), np.float64(21.0), np.float64(22.0), np.float64(23.0), np.float64(24.0), np.float64(25.0), np.float64(26.0), np.float64(27.0)]
 yvalues for section=[np.float64(0.697), np.float64(-0.622), np.float64(-0.861), np.float64(-1.022), np.float64(-1.223), np.float64(-1.271), np.float64(-1.222), np.float64(-1.022), np.float64(-0.723), np.float64(-0.471), np.float64(0.133)]
 #######################################################################
 ########################Displaying Section Properties###########################
 x=[np.float64(17.0), np.float64(18.0), np.float64(19.0), np.float64(20.0), np.float64(21.0), np.float64(22.0), np.float64(23.0), np.float64(24.0), np.float64(25.0), np.float64(26.0), np.float64(27.0)]
 y=[np.float64(0.697), np.float64(-0.622), np.float64(-0.861), np.float64(-1.022), np.float64(-1.223), np.float64(-1.271), np.float64(-1.222), np.float64(-1.022), np.float64(-0.723), np.float64(-0.471), np.float64(0.133)]
 section no=BBK3 total data points=11
 Finished X-sectional Properties Calculation for section no=BBK3




 Intitiated X-sectional Properties Calculation for section no=BBK4 
 xvalues=[np.float64(0.0), np.float64(5.0), np.float64(10.0), np.float64(16.0), np.float64(18.0), np.float64(20.0), np.float64(22.0), np.float64(23.0), np.float64(24.0), np.float64(25.0), np.float64(26.0), np.float64(27.0), np.float64(28.0), np.float64(29.0), np.float64(30.0), np.float64(35.0), np.float64(40.0)]
 yvalues=[np.float64(-0.01), np.float64(-0.015), np.float64(-0.02), np.float64(-0.025), np.float64(2.084), np.float64(2.079), np.float64(-0.4), np.float64(-0.716), np.float64(-0.946), np.float64(-0.995), np.float64(-0.95), np.float64(-0.717), np.float64(-0.59), np.float64(-0.391), np.float64(0.179), np.float64(0.185), np.float64(0.19)]
 Remarks=['Paddy land', '', '', '', '', 'LB', '', '', '', 'CL', '', '', '', '', 'RB', '', 'Paddy land']
 lb=2.079 type=<class 'numpy.float64'>
 lb=2.079 rb=0.179 lwl=0.179
 idx1=5 idx2=14
 Turncated Remarks................
 #####################Values in constructor #############################
 xvalues for section=[np.float64(20.0), np.float64(22.0), np.float64(23.0), np.float64(24.0), np.float64(25.0), np.float64(26.0), np.float64(27.0), np.float64(28.0), np.float64(29.0), np.float64(30.0)]
 yvalues for section=[np.float64(2.079), np.float64(-0.4), np.float64(-0.716), np.float64(-0.946), np.float64(-0.995), np.float64(-0.95), np.float64(-0.717), np.float64(-0.59), np.float64(-0.391), np.float64(0.179)]
 #######################################################################
 ########################Displaying Section Properties###########################
 x=[np.float64(20.0), np.float64(22.0), np.float64(23.0), np.float64(24.0), np.float64(25.0), np.float64(26.0), np.float64(27.0), np.float64(28.0), np.float64(29.0), np.float64(30.0)]
 y=[np.float64(2.079), np.float64(-0.4), np.float64(-0.716), np.float64(-0.946), np.float64(-0.995), np.float64(-0.95), np.float64(-0.717), np.float64(-0.59), np.float64(-0.391), np.float64(0.179)]
 section no=BBK4 total data points=10
 Finished X-sectional Properties Calculation for section no=BBK4




 Intitiated X-sectional Properties Calculation for section no=BBK5 
 xvalues=[np.float64(0.0), np.float64(5.0), np.float64(10.0), np.float64(16.0), np.float64(18.0), np.float64(20.0), np.float64(21.0), np.float64(22.0), np.float64(23.0), np.float64(24.0), np.float64(25.0), np.float64(26.0), np.float64(27.0), np.float64(28.0), np.float64(35.0), np.float64(40.0)]
 yvalues=[np.float64(0.014), np.float64(0.005), np.float64(0.006), np.float64(0.016), np.float64(2.035), np.float64(2.03), np.float64(-0.421), np.float64(-0.517), np.float64(-0.795), np.float64(-0.82), np.float64(-0.786), np.float64(-0.516), np.float64(-0.423), np.float64(0.085), np.float64(0.04), np.float64(0.095)]
 Remarks=['Paddy land', '', '', '', '', 'LB', '', '', '', 'CL', '', '', '', 'RB', '', 'Paddy land']
 lb=2.03 type=<class 'numpy.float64'>
 lb=2.03 rb=0.085 lwl=0.085
 idx1=5 idx2=13
 Turncated Remarks................
 #####################Values in constructor #############################
 xvalues for section=[np.float64(20.0), np.float64(21.0), np.float64(22.0), np.float64(23.0), np.float64(24.0), np.float64(25.0), np.float64(26.0), np.float64(27.0), np.float64(28.0)]
 yvalues for section=[np.float64(2.03), np.float64(-0.421), np.float64(-0.517), np.float64(-0.795), np.float64(-0.82), np.float64(-0.786), np.float64(-0.516), np.float64(-0.423), np.float64(0.085)]
 #######################################################################
 ########################Displaying Section Properties###########################
 x=[np.float64(20.0), np.float64(21.0), np.float64(22.0), np.float64(23.0), np.float64(24.0), np.float64(25.0), np.float64(26.0), np.float64(27.0), np.float64(28.0)]
 y=[np.float64(2.03), np.float64(-0.421), np.float64(-0.517), np.float64(-0.795), np.float64(-0.82), np.float64(-0.786), np.float64(-0.516), np.float64(-0.423), np.float64(0.085)]
 section no=BBK5 total data points=9
 Finished X-sectional Properties Calculation for section no=BBK5




 Intitiated X-sectional Properties Calculation for section no=BBK6 
 xvalues=[np.float64(0.0), np.float64(5.0), np.float64(10.0), np.float64(15.0), np.float64(18.0), np.float64(19.0), np.float64(20.0), np.float64(21.0), np.float64(22.0), np.float64(24.0), np.float64(25.0), np.float64(26.0), np.float64(28.0), np.float64(29.0), np.float64(30.0), np.float64(32.0), np.float64(33.0), np.float64(35.0), np.float64(40.0)]
 yvalues=[np.float64(0.143), np.float64(0.128), np.float64(0.122), np.float64(0.113), np.float64(0.103), np.float64(2.073), np.float64(2.122), np.float64(-0.692), np.float64(-0.978), np.float64(-1.262), np.float64(-1.307), np.float64(-1.268), np.float64(-0.979), np.float64(-0.687), np.float64(0.717), np.float64(0.708), np.float64(0.122), np.float64(0.118), np.float64(0.112)]
 Remarks=['Paddy land', '', '', '', '', '', 'LB', '', '', '', 'CL', '', '', '', 'RB', '', '', '', 'Paddy land']
 lb=2.122 type=<class 'numpy.float64'>
 lb=2.122 rb=0.717 lwl=0.717
 idx1=6 idx2=14
 Turncated Remarks................
 #####################Values in constructor #############################
 xvalues for section=[np.float64(20.0), np.float64(21.0), np.float64(22.0), np.float64(24.0), np.float64(25.0), np.float64(26.0), np.float64(28.0), np.float64(29.0), np.float64(30.0)]
 yvalues for section=[np.float64(2.122), np.float64(-0.692), np.float64(-0.978), np.float64(-1.262), np.float64(-1.307), np.float64(-1.268), np.float64(-0.979), np.float64(-0.687), np.float64(0.717)]
 #######################################################################
 ########################Displaying Section Properties###########################
 x=[np.float64(20.0), np.float64(21.0), np.float64(22.0), np.float64(24.0), np.float64(25.0), np.float64(26.0), np.float64(28.0), np.float64(29.0), np.float64(30.0)]
 y=[np.float64(2.122), np.float64(-0.692), np.float64(-0.978), np.float64(-1.262), np.float64(-1.307), np.float64(-1.268), np.float64(-0.979), np.float64(-0.687), np.float64(0.717)]
 section no=BBK6 total data points=9
 Finished X-sectional Properties Calculation for section no=BBK6




 Intitiated X-sectional Properties Calculation for section no=BBK7 
 xvalues=[np.float64(0.0), np.float64(5.0), np.float64(10.0), np.float64(15.0), np.float64(20.0), np.float64(21.0), np.float64(23.0), np.float64(24.0), np.float64(25.0), np.float64(26.0), np.float64(27.0), np.float64(29.0), np.float64(30.0), np.float64(35.0), np.float64(40.0)]
 yvalues=[np.float64(-0.062), np.float64(-0.057), np.float64(-0.067), np.float64(-0.072), np.float64(-0.077), np.float64(-0.683), np.float64(-0.978), np.float64(-1.173), np.float64(-1.217), np.float64(-1.172), np.float64(-0.983), np.float64(-0.678), np.float64(-0.127), np.float64(-0.122), np.float64(-0.117)]
 Remarks=['Paddy land', '', '', '', 'LB', '', '', '', 'CL', '', '', '', 'RB', '', 'Paddy land']
 lb=-0.077 type=<class 'numpy.float64'>
 lb=-0.077 rb=-0.127 lwl=-0.127
 idx1=4 idx2=12
 Turncated Remarks................
 #####################Values in constructor #############################
 xvalues for section=[np.float64(20.0), np.float64(21.0), np.float64(23.0), np.float64(24.0), np.float64(25.0), np.float64(26.0), np.float64(27.0), np.float64(29.0), np.float64(30.0)]
 yvalues for section=[np.float64(-0.077), np.float64(-0.683), np.float64(-0.978), np.float64(-1.173), np.float64(-1.217), np.float64(-1.172), np.float64(-0.983), np.float64(-0.678), np.float64(-0.127)]
 #######################################################################
 ########################Displaying Section Properties###########################
 x=[np.float64(20.0), np.float64(21.0), np.float64(23.0), np.float64(24.0), np.float64(25.0), np.float64(26.0), np.float64(27.0), np.float64(29.0), np.float64(30.0)]
 y=[np.float64(-0.077), np.float64(-0.683), np.float64(-0.978), np.float64(-1.173), np.float64(-1.217), np.float64(-1.172), np.float64(-0.983), np.float64(-0.678), np.float64(-0.127)]
 section no=BBK7 total data points=9
 Finished X-sectional Properties Calculation for section no=BBK7




 Intitiated X-sectional Properties Calculation for section no=BBK8 
 xvalues=[np.float64(0.0), np.float64(5.0), np.float64(10.0), np.float64(15.0), np.float64(20.0), np.float64(22.0), np.float64(24.0), np.float64(25.0), np.float64(26.0), np.float64(27.0), np.float64(28.0), np.float64(30.0), np.float64(32.0), np.float64(35.0), np.float64(45.0)]
 yvalues=[np.float64(0.095), np.float64(0.084), np.float64(0.075), np.float64(0.07), np.float64(0.064), np.float64(-0.887), np.float64(-1.085), np.float64(-1.287), np.float64(-1.335), np.float64(-1.286), np.float64(-1.087), np.float64(-0.886), np.float64(0.085), np.float64(0.09), np.float64(0.077)]
 Remarks=['Paddy land', '', '', '', 'LB', '', '', '', 'CL', '', '', '', 'RB', '', 'Paddy land']
 lb=0.064 type=<class 'numpy.float64'>
 lb=0.064 rb=0.085 lwl=0.064
 idx1=4 idx2=12
 Turncated Remarks................
 #####################Values in constructor #############################
 xvalues for section=[np.float64(20.0), np.float64(22.0), np.float64(24.0), np.float64(25.0), np.float64(26.0), np.float64(27.0), np.float64(28.0), np.float64(30.0), np.float64(32.0)]
 yvalues for section=[np.float64(0.064), np.float64(-0.887), np.float64(-1.085), np.float64(-1.287), np.float64(-1.335), np.float64(-1.286), np.float64(-1.087), np.float64(-0.886), np.float64(0.085)]
 #######################################################################
 ########################Displaying Section Properties###########################
 x=[np.float64(20.0), np.float64(22.0), np.float64(24.0), np.float64(25.0), np.float64(26.0), np.float64(27.0), np.float64(28.0), np.float64(30.0), np.float64(32.0)]
 y=[np.float64(0.064), np.float64(-0.887), np.float64(-1.085), np.float64(-1.287), np.float64(-1.335), np.float64(-1.286), np.float64(-1.087), np.float64(-0.886), np.float64(0.085)]
 section no=BBK8 total data points=9
 Finished X-sectional Properties Calculation for section no=BBK8




 Intitiated X-sectional Properties Calculation for section no=BBK9 
 xvalues=[np.float64(0.0), np.float64(5.0), np.float64(8.0), np.float64(9.0), np.float64(10.0), np.float64(12.0), np.float64(14.0), np.float64(16.0), np.float64(17.0), np.float64(18.0), np.float64(20.0), np.float64(22.0), np.float64(24.0), np.float64(30.0), np.float64(31.0), np.float64(35.0)]
 yvalues=[np.float64(-4.28), np.float64(-4.132), np.float64(-4.03), np.float64(-0.33), np.float64(-0.336), np.float64(-1.031), np.float64(-1.232), np.float64(-1.381), np.float64(-1.43), np.float64(-1.385), np.float64(-1.231), np.float64(-1.036), np.float64(0.169), np.float64(0.179), np.float64(1.469), np.float64(1.468)]
 Remarks=['Ditch', '', '', '', 'LB', '', '', '', 'CL', '', '', '', 'RB', '', '', 'House Area']
 lb=-0.336 type=<class 'numpy.float64'>
 lb=-0.336 rb=0.169 lwl=-0.336
 idx1=4 idx2=12
 Turncated Remarks................
 #####################Values in constructor #############################
 xvalues for section=[np.float64(10.0), np.float64(12.0), np.float64(14.0), np.float64(16.0), np.float64(17.0), np.float64(18.0), np.float64(20.0), np.float64(22.0), np.float64(24.0)]
 yvalues for section=[np.float64(-0.336), np.float64(-1.031), np.float64(-1.232), np.float64(-1.381), np.float64(-1.43), np.float64(-1.385), np.float64(-1.231), np.float64(-1.036), np.float64(0.169)]
 #######################################################################
 ########################Displaying Section Properties###########################
 x=[np.float64(10.0), np.float64(12.0), np.float64(14.0), np.float64(16.0), np.float64(17.0), np.float64(18.0), np.float64(20.0), np.float64(22.0), np.float64(24.0)]
 y=[np.float64(-0.336), np.float64(-1.031), np.float64(-1.232), np.float64(-1.381), np.float64(-1.43), np.float64(-1.385), np.float64(-1.231), np.float64(-1.036), np.float64(0.169)]
 section no=BBK9 total data points=9
 Finished X-sectional Properties Calculation for section no=BBK9




 Intitiated X-sectional Properties Calculation for section no=BBK10 
 xvalues=[np.float64(0.0), np.float64(5.0), np.float64(10.0), np.float64(12.0), np.float64(13.0), np.float64(14.0), np.float64(15.0), np.float64(16.0), np.float64(17.0), np.float64(18.0), np.float64(20.0), np.float64(25.0), np.float64(30.0), np.float64(35.0)]
 yvalues=[np.float64(-0.101), np.float64(-0.11), np.float64(-0.116), np.float64(-0.416), np.float64(-0.62), np.float64(-0.735), np.float64(-0.785), np.float64(-0.716), np.float64(-0.531), np.float64(-0.417), np.float64(-0.016), np.float64(-0.006), np.float64(0.004), np.float64(0.015)]
 Remarks=['Paddy land', '', 'LB', '', '', '', 'CL', '', '', '', 'RB', '', '', 'Paddy land']
 lb=-0.116 type=<class 'numpy.float64'>
 lb=-0.116 rb=-0.016 lwl=-0.116
 idx1=2 idx2=10
 Turncated Remarks................
 #####################Values in constructor #############################
 xvalues for section=[np.float64(10.0), np.float64(12.0), np.float64(13.0), np.float64(14.0), np.float64(15.0), np.float64(16.0), np.float64(17.0), np.float64(18.0), np.float64(20.0)]
 yvalues for section=[np.float64(-0.116), np.float64(-0.416), np.float64(-0.62), np.float64(-0.735), np.float64(-0.785), np.float64(-0.716), np.float64(-0.531), np.float64(-0.417), np.float64(-0.016)]
 #######################################################################
 ########################Displaying Section Properties###########################
 x=[np.float64(10.0), np.float64(12.0), np.float64(13.0), np.float64(14.0), np.float64(15.0), np.float64(16.0), np.float64(17.0), np.float64(18.0), np.float64(20.0)]
 y=[np.float64(-0.116), np.float64(-0.416), np.float64(-0.62), np.float64(-0.735), np.float64(-0.785), np.float64(-0.716), np.float64(-0.531), np.float64(-0.417), np.float64(-0.016)]
 section no=BBK10 total data points=9
 Finished X-sectional Properties Calculation for section no=BBK10




 Intitiated X-sectional Properties Calculation for section no=BBK11 
 xvalues=[np.float64(0.0), np.float64(5.0), np.float64(7.0), np.float64(10.0), np.float64(12.0), np.float64(14.0), np.float64(15.0), np.float64(16.0), np.float64(17.0), np.float64(18.0), np.float64(20.0), np.float64(22.0), np.float64(25.0), np.float64(27.0), np.float64(29.0), np.float64(30.0)]
 yvalues=[np.float64(1.864), np.float64(1.859), np.float64(0.814), np.float64(0.799), np.float64(-0.252), np.float64(-0.547), np.float64(-0.74), np.float64(-0.786), np.float64(-0.741), np.float64(-0.547), np.float64(-0.296), np.float64(0.953), np.float64(0.949), np.float64(-0.486), np.float64(-0.686), np.float64(-0.731)]
 Remarks=['House', '', '', 'LB', '', '', '', 'CL', '', '', '', 'RB', '', '', '', 'Borrowpit']
 lb=0.799 type=<class 'numpy.float64'>
 lb=0.799 rb=0.953 lwl=0.799
 idx1=3 idx2=11
 Turncated Remarks................
 #####################Values in constructor #############################
 xvalues for section=[np.float64(10.0), np.float64(12.0), np.float64(14.0), np.float64(15.0), np.float64(16.0), np.float64(17.0), np.float64(18.0), np.float64(20.0), np.float64(22.0)]
 yvalues for section=[np.float64(0.799), np.float64(-0.252), np.float64(-0.547), np.float64(-0.74), np.float64(-0.786), np.float64(-0.741), np.float64(-0.547), np.float64(-0.296), np.float64(0.953)]
 #######################################################################
 ########################Displaying Section Properties###########################
 x=[np.float64(10.0), np.float64(12.0), np.float64(14.0), np.float64(15.0), np.float64(16.0), np.float64(17.0), np.float64(18.0), np.float64(20.0), np.float64(22.0)]
 y=[np.float64(0.799), np.float64(-0.252), np.float64(-0.547), np.float64(-0.74), np.float64(-0.786), np.float64(-0.741), np.float64(-0.547), np.float64(-0.296), np.float64(0.953)]
 section no=BBK11 total data points=9
 Finished X-sectional Properties Calculation for section no=BBK11




 Intitiated X-sectional Properties Calculation for section no=BBK12 
 xvalues=[np.float64(0.0), np.float64(5.0), np.float64(10.0), np.float64(15.0), np.float64(20.0), np.float64(21.0), np.float64(22.0), np.float64(23.0), np.float64(24.0), np.float64(25.0), np.float64(26.0), np.float64(27.0), np.float64(28.0), np.float64(30.0), np.float64(32.0), np.float64(35.0), np.float64(40.0)]
 yvalues=[np.float64(0.322), np.float64(0.322), np.float64(0.317), np.float64(0.311), np.float64(0.301), np.float64(-0.449), np.float64(-0.699), np.float64(-0.912), np.float64(-0.958), np.float64(-0.913), np.float64(-0.7), np.float64(-0.448), np.float64(1.476), np.float64(1.472), np.float64(0.312), np.float64(0.457), np.float64(0.452)]
 Remarks=['Paddy land', '', '', '', 'LB', '', '', '', 'CL', '', '', '', 'RB', '', '', '', 'Open land']
 lb=0.301 type=<class 'numpy.float64'>
 lb=0.301 rb=1.476 lwl=0.301
 idx1=4 idx2=12
 Turncated Remarks................
 #####################Values in constructor #############################
 xvalues for section=[np.float64(20.0), np.float64(21.0), np.float64(22.0), np.float64(23.0), np.float64(24.0), np.float64(25.0), np.float64(26.0), np.float64(27.0), np.float64(28.0)]
 yvalues for section=[np.float64(0.301), np.float64(-0.449), np.float64(-0.699), np.float64(-0.912), np.float64(-0.958), np.float64(-0.913), np.float64(-0.7), np.float64(-0.448), np.float64(1.476)]
 #######################################################################
 ########################Displaying Section Properties###########################
 x=[np.float64(20.0), np.float64(21.0), np.float64(22.0), np.float64(23.0), np.float64(24.0), np.float64(25.0), np.float64(26.0), np.float64(27.0), np.float64(28.0)]
 y=[np.float64(0.301), np.float64(-0.449), np.float64(-0.699), np.float64(-0.912), np.float64(-0.958), np.float64(-0.913), np.float64(-0.7), np.float64(-0.448), np.float64(1.476)]
 section no=BBK12 total data points=9
 Finished X-sectional Properties Calculation for section no=BBK12




 Intitiated X-sectional Properties Calculation for section no=BBK13 
 xvalues=[np.float64(0.0), np.float64(5.0), np.float64(10.0), np.float64(11.0), np.float64(12.0), np.float64(13.0), np.float64(14.0), np.float64(15.0), np.float64(16.0), np.float64(20.0), np.float64(25.0), np.float64(30.0)]
 yvalues=[np.float64(0.172), np.float64(0.166), np.float64(0.157), np.float64(-0.804), np.float64(-1.054), np.float64(-1.104), np.float64(-1.053), np.float64(-0.809), np.float64(0.177), np.float64(0.182), np.float64(0.187), np.float64(0.192)]
 Remarks=['Paddy land', '', 'LB', '', '', 'CL', '', '', 'RB', '', '', 'Paddy land']
 lb=0.157 type=<class 'numpy.float64'>
 lb=0.157 rb=0.177 lwl=0.157
 idx1=2 idx2=8
 Turncated Remarks................
 #####################Values in constructor #############################
 xvalues for section=[np.float64(10.0), np.float64(11.0), np.float64(12.0), np.float64(13.0), np.float64(14.0), np.float64(15.0), np.float64(16.0)]
 yvalues for section=[np.float64(0.157), np.float64(-0.804), np.float64(-1.054), np.float64(-1.104), np.float64(-1.053), np.float64(-0.809), np.float64(0.177)]
 #######################################################################
 ########################Displaying Section Properties###########################
 x=[np.float64(10.0), np.float64(11.0), np.float64(12.0), np.float64(13.0), np.float64(14.0), np.float64(15.0), np.float64(16.0)]
 y=[np.float64(0.157), np.float64(-0.804), np.float64(-1.054), np.float64(-1.104), np.float64(-1.053), np.float64(-0.809), np.float64(0.177)]
 section no=BBK13 total data points=7
 Finished X-sectional Properties Calculation for section no=BBK13




 Intitiated X-sectional Properties Calculation for section no=BBK14 
 xvalues=[np.float64(0.0), np.float64(2.0), np.float64(5.0), np.float64(7.0), np.float64(10.0), np.float64(11.0), np.float64(12.0), np.float64(13.0), np.float64(14.0), np.float64(15.0), np.float64(16.0), np.float64(17.0), np.float64(18.0), np.float64(19.0), np.float64(20.0), np.float64(25.0), np.float64(30.0)]
 yvalues=[np.float64(-1.321), np.float64(-1.306), np.float64(-1.206), np.float64(-0.16), np.float64(-0.155), np.float64(-0.706), np.float64(-0.962), np.float64(-1.011), np.float64(-1.155), np.float64(-1.013), np.float64(-0.855), np.float64(-0.706), np.float64(-0.011), np.float64(-0.015), np.float64(-0.01), np.float64(-0.001), np.float64(-0.02)]
 Remarks=['Fisheries', '', '', '', 'LB', '', '', '', 'CL', '', '', '', 'RB', '', '', '', 'Open land']
 lb=-0.155 type=<class 'numpy.float64'>
 lb=-0.155 rb=-0.011 lwl=-0.155
 idx1=4 idx2=12
 Turncated Remarks................
 #####################Values in constructor #############################
 xvalues for section=[np.float64(10.0), np.float64(11.0), np.float64(12.0), np.float64(13.0), np.float64(14.0), np.float64(15.0), np.float64(16.0), np.float64(17.0), np.float64(18.0)]
 yvalues for section=[np.float64(-0.155), np.float64(-0.706), np.float64(-0.962), np.float64(-1.011), np.float64(-1.155), np.float64(-1.013), np.float64(-0.855), np.float64(-0.706), np.float64(-0.011)]
 #######################################################################
 ########################Displaying Section Properties###########################
 x=[np.float64(10.0), np.float64(11.0), np.float64(12.0), np.float64(13.0), np.float64(14.0), np.float64(15.0), np.float64(16.0), np.float64(17.0), np.float64(18.0)]
 y=[np.float64(-0.155), np.float64(-0.706), np.float64(-0.962), np.float64(-1.011), np.float64(-1.155), np.float64(-1.013), np.float64(-0.855), np.float64(-0.706), np.float64(-0.011)]
 section no=BBK14 total data points=9
 Finished X-sectional Properties Calculation for section no=BBK14




 Intitiated X-sectional Properties Calculation for section no=BBK15 
 xvalues=[np.float64(0.0), np.float64(3.0), np.float64(4.0), np.float64(6.0), np.float64(7.0), np.float64(8.0), np.float64(10.0), np.float64(12.0), np.float64(13.0), np.float64(14.0), np.float64(16.0), np.float64(20.0), np.float64(25.0), np.float64(30.0)]
 yvalues=[np.float64(1.933), np.float64(1.327), np.float64(1.32), np.float64(-0.656), np.float64(-0.806), np.float64(-0.897), np.float64(-0.995), np.float64(-0.9), np.float64(-0.807), np.float64(-0.655), np.float64(-0.155), np.float64(-0.145), np.float64(-0.14), np.float64(-0.135)]
 Remarks=['BC road', '', 'LB', '', '', '', 'CL', '', '', '', 'RB', '', '', 'Paddy land']
 lb=1.32 type=<class 'numpy.float64'>
 lb=1.32 rb=-0.155 lwl=-0.155
 idx1=2 idx2=10
 Turncated Remarks................
 #####################Values in constructor #############################
 xvalues for section=[np.float64(4.0), np.float64(6.0), np.float64(7.0), np.float64(8.0), np.float64(10.0), np.float64(12.0), np.float64(13.0), np.float64(14.0), np.float64(16.0)]
 yvalues for section=[np.float64(1.32), np.float64(-0.656), np.float64(-0.806), np.float64(-0.897), np.float64(-0.995), np.float64(-0.9), np.float64(-0.807), np.float64(-0.655), np.float64(-0.155)]
 #######################################################################
 ########################Displaying Section Properties###########################
 x=[np.float64(4.0), np.float64(6.0), np.float64(7.0), np.float64(8.0), np.float64(10.0), np.float64(12.0), np.float64(13.0), np.float64(14.0), np.float64(16.0)]
 y=[np.float64(1.32), np.float64(-0.656), np.float64(-0.806), np.float64(-0.897), np.float64(-0.995), np.float64(-0.9), np.float64(-0.807), np.float64(-0.655), np.float64(-0.155)]
 section no=BBK15 total data points=9
 Finished X-sectional Properties Calculation for section no=BBK15




 Intitiated X-sectional Properties Calculation for section no=BBK16 
 xvalues=[np.float64(0.0), np.float64(3.0), np.float64(6.0), np.float64(8.0), np.float64(10.0), np.float64(11.0), np.float64(12.0), np.float64(13.0), np.float64(14.0), np.float64(15.0), np.float64(16.0), np.float64(17.0), np.float64(18.0), np.float64(25.0), np.float64(30.0), np.float64(35.0)]
 yvalues=[np.float64(-1.264), np.float64(-0.715), np.float64(-0.454), np.float64(-0.31), np.float64(-0.315), np.float64(-0.416), np.float64(-0.615), np.float64(-0.806), np.float64(-0.844), np.float64(-0.805), np.float64(-0.616), np.float64(-0.415), np.float64(-0.086), np.float64(0.091), np.float64(0.096), np.float64(0.106)]
 Remarks=['Ditch', '', '', '', 'LB', '', '', '', 'CL', '', '', '', 'RB', '', '', 'Paddy land']
 lb=-0.315 type=<class 'numpy.float64'>
 lb=-0.315 rb=-0.086 lwl=-0.315
 idx1=4 idx2=12
 Turncated Remarks................
 #####################Values in constructor #############################
 xvalues for section=[np.float64(10.0), np.float64(11.0), np.float64(12.0), np.float64(13.0), np.float64(14.0), np.float64(15.0), np.float64(16.0), np.float64(17.0), np.float64(18.0)]
 yvalues for section=[np.float64(-0.315), np.float64(-0.416), np.float64(-0.615), np.float64(-0.806), np.float64(-0.844), np.float64(-0.805), np.float64(-0.616), np.float64(-0.415), np.float64(-0.086)]
 #######################################################################
 ########################Displaying Section Properties###########################
 x=[np.float64(10.0), np.float64(11.0), np.float64(12.0), np.float64(13.0), np.float64(14.0), np.float64(15.0), np.float64(16.0), np.float64(17.0), np.float64(18.0)]
 y=[np.float64(-0.315), np.float64(-0.416), np.float64(-0.615), np.float64(-0.806), np.float64(-0.844), np.float64(-0.805), np.float64(-0.616), np.float64(-0.415), np.float64(-0.086)]
 section no=BBK16 total data points=9
 Finished X-sectional Properties Calculation for section no=BBK16




 Intitiated X-sectional Properties Calculation for section no=BBK17 
 xvalues=[np.float64(0.0), np.float64(2.0), np.float64(5.0), np.float64(7.0), np.float64(8.0), np.float64(9.0), np.float64(10.0), np.float64(11.0), np.float64(12.0), np.float64(12.5), np.float64(13.0), np.float64(13.5), np.float64(14.0), np.float64(15.0), np.float64(16.0), np.float64(20.0), np.float64(25.0)]
 yvalues=[np.float64(-1.187), np.float64(-0.978), np.float64(-0.512), np.float64(1.942), np.float64(1.937), np.float64(0.348), np.float64(0.342), np.float64(0.073), np.float64(-0.173), np.float64(-0.377), np.float64(-0.422), np.float64(-0.372), np.float64(-0.174), np.float64(0.087), np.float64(0.327), np.float64(0.333), np.float64(0.338)]
 Remarks=['Ditch', '', '', '', '', '', 'LB', '', '', '', 'CL', '', '', '', 'RB', '', 'Paddy land']
 lb=0.342 type=<class 'numpy.float64'>
 lb=0.342 rb=0.327 lwl=0.327
 idx1=6 idx2=14
 Turncated Remarks................
 #####################Values in constructor #############################
 xvalues for section=[np.float64(10.0), np.float64(11.0), np.float64(12.0), np.float64(12.5), np.float64(13.0), np.float64(13.5), np.float64(14.0), np.float64(15.0), np.float64(16.0)]
 yvalues for section=[np.float64(0.342), np.float64(0.073), np.float64(-0.173), np.float64(-0.377), np.float64(-0.422), np.float64(-0.372), np.float64(-0.174), np.float64(0.087), np.float64(0.327)]
 #######################################################################
 ########################Displaying Section Properties###########################
 x=[np.float64(10.0), np.float64(11.0), np.float64(12.0), np.float64(12.5), np.float64(13.0), np.float64(13.5), np.float64(14.0), np.float64(15.0), np.float64(16.0)]
 y=[np.float64(0.342), np.float64(0.073), np.float64(-0.173), np.float64(-0.377), np.float64(-0.422), np.float64(-0.372), np.float64(-0.174), np.float64(0.087), np.float64(0.327)]
 section no=BBK17 total data points=9
 Finished X-sectional Properties Calculation for section no=BBK17




 Intitiated X-sectional Properties Calculation for section no=BBK18 
 xvalues=[np.float64(0.0), np.float64(3.0), np.float64(5.0), np.float64(7.0), np.float64(8.0), np.float64(9.0), np.float64(10.0), np.float64(11.0), np.float64(12.0), np.float64(12.5), np.float64(13.0), np.float64(13.5), np.float64(14.0), np.float64(15.0), np.float64(16.0), np.float64(20.0), np.float64(30.0)]
 yvalues=[np.float64(-2.001), np.float64(-1.936), np.float64(-1.87), np.float64(1.715), np.float64(1.769), np.float64(0.26), np.float64(0.255), np.float64(-0.031), np.float64(-0.195), np.float64(-0.409), np.float64(-0.431), np.float64(-0.408), np.float64(-0.188), np.float64(-0.07), np.float64(0.42), np.float64(0.425), np.float64(0.43)]
 Remarks=['Ditch', '', '', '', '', '', 'LB', '', '', '', 'CL', '', '', '', 'RB', '', 'Paddy land']
 lb=0.255 type=<class 'numpy.float64'>
 lb=0.255 rb=0.42 lwl=0.255
 idx1=6 idx2=14
 Turncated Remarks................
 #####################Values in constructor #############################
 xvalues for section=[np.float64(10.0), np.float64(11.0), np.float64(12.0), np.float64(12.5), np.float64(13.0), np.float64(13.5), np.float64(14.0), np.float64(15.0), np.float64(16.0)]
 yvalues for section=[np.float64(0.255), np.float64(-0.031), np.float64(-0.195), np.float64(-0.409), np.float64(-0.431), np.float64(-0.408), np.float64(-0.188), np.float64(-0.07), np.float64(0.42)]
 #######################################################################
 ########################Displaying Section Properties###########################
 x=[np.float64(10.0), np.float64(11.0), np.float64(12.0), np.float64(12.5), np.float64(13.0), np.float64(13.5), np.float64(14.0), np.float64(15.0), np.float64(16.0)]
 y=[np.float64(0.255), np.float64(-0.031), np.float64(-0.195), np.float64(-0.409), np.float64(-0.431), np.float64(-0.408), np.float64(-0.188), np.float64(-0.07), np.float64(0.42)]
 section no=BBK18 total data points=9
 Finished X-sectional Properties Calculation for section no=BBK18




 Intitiated X-sectional Properties Calculation for section no=BBK19 
 xvalues=[np.float64(0.0), np.float64(3.0), np.float64(5.0), np.float64(7.0), np.float64(8.0), np.float64(9.0), np.float64(10.0), np.float64(11.0), np.float64(12.0), np.float64(12.5), np.float64(13.0), np.float64(13.5), np.float64(14.0), np.float64(15.0), np.float64(16.0), np.float64(20.0), np.float64(25.0)]
 yvalues=[np.float64(-1.831), np.float64(-1.78), np.float64(-1.67), np.float64(1.715), np.float64(1.705), np.float64(0.2), np.float64(0.185), np.float64(-0.085), np.float64(-0.26), np.float64(-0.355), np.float64(-0.4), np.float64(-0.35), np.float64(-0.255), np.float64(-0.08), np.float64(0.33), np.float64(0.335), np.float64(0.34)]
 Remarks=['Ditch', '', '', '', '', '', 'LB', '', '', '', 'CL', '', '', '', 'RB', '', 'Paddy land']
 lb=0.185 type=<class 'numpy.float64'>
 lb=0.185 rb=0.33 lwl=0.185
 idx1=6 idx2=14
 Turncated Remarks................
 #####################Values in constructor #############################
 xvalues for section=[np.float64(10.0), np.float64(11.0), np.float64(12.0), np.float64(12.5), np.float64(13.0), np.float64(13.5), np.float64(14.0), np.float64(15.0), np.float64(16.0)]
 yvalues for section=[np.float64(0.185), np.float64(-0.085), np.float64(-0.26), np.float64(-0.355), np.float64(-0.4), np.float64(-0.35), np.float64(-0.255), np.float64(-0.08), np.float64(0.33)]
 #######################################################################
 ########################Displaying Section Properties###########################
 x=[np.float64(10.0), np.float64(11.0), np.float64(12.0), np.float64(12.5), np.float64(13.0), np.float64(13.5), np.float64(14.0), np.float64(15.0), np.float64(16.0)]
 y=[np.float64(0.185), np.float64(-0.085), np.float64(-0.26), np.float64(-0.355), np.float64(-0.4), np.float64(-0.35), np.float64(-0.255), np.float64(-0.08), np.float64(0.33)]
 section no=BBK19 total data points=9
 Finished X-sectional Properties Calculation for section no=BBK19




 ############# #################################################



 


Detailed Debugging of Calcualtion of CL




 



Initiated Section no =BBK0**********************************
   Section No  Chainage (m)  Distance (m)  RL (m) Remarks
6       BBK0             0          15.0  -0.379      CL
   Section No  Chainage (m)  Distance (m)  RL (m) Remarks
2       BBK0             0          10.0   0.239      LB
    Section No  Chainage (m)  Distance (m)  RL (m) Remarks
10       BBK0             0          20.0   0.679      RB
 sencionno=BBK0 CL distance=15.0 RL=-0.379
 Finished Section no =BBK0**********************************
 



Initiated Section no =BBK1**********************************
    Section No  Chainage (m)  Distance (m)  RL (m) Remarks
21       BBK1           100          14.0  -0.687      CL
    Section No  Chainage (m)  Distance (m)  RL (m) Remarks
17       BBK1           100          10.0   1.098      LB
    Section No  Chainage (m)  Distance (m)  RL (m) Remarks
25       BBK1           100          18.0   0.243      RB
 sencionno=BBK1 CL distance=14.0 RL=-0.687
 Finished Section no =BBK1**********************************
 



Initiated Section no =BBK2**********************************
    Section No  Chainage (m)  Distance (m)  RL (m) Remarks
38       BBK2           200          14.0  -1.365      CL
    Section No  Chainage (m)  Distance (m)  RL (m) Remarks
34       BBK2           200          10.0   0.572      LB
    Section No  Chainage (m)  Distance (m)  RL (m) Remarks
42       BBK2           200          18.0   0.229      RB
 sencionno=BBK2 CL distance=14.0 RL=-1.365
 Finished Section no =BBK2**********************************
 



Initiated Section no =BBK3**********************************
    Section No  Chainage (m)  Distance (m)  RL (m) Remarks
57       BBK3           300          22.0  -1.271      CL
    Section No  Chainage (m)  Distance (m)  RL (m) Remarks
52       BBK3           300          17.0   0.697      LB
    Section No  Chainage (m)  Distance (m)  RL (m) Remarks
62       BBK3           300          27.0   0.133      RB
 sencionno=BBK3 CL distance=22.0 RL=-1.271
 Finished Section no =BBK3**********************************
 



Initiated Section no =BBK4**********************************
    Section No  Chainage (m)  Distance (m)  RL (m) Remarks
75       BBK4           400          25.0  -0.995      CL
    Section No  Chainage (m)  Distance (m)  RL (m) Remarks
71       BBK4           400          20.0   2.079      LB
    Section No  Chainage (m)  Distance (m)  RL (m) Remarks
80       BBK4           400          30.0   0.179      RB
 sencionno=BBK4 CL distance=25.0 RL=-0.995
 Finished Section no =BBK4**********************************
 



Initiated Section no =BBK5**********************************
    Section No  Chainage (m)  Distance (m)  RL (m) Remarks
92       BBK5           500          24.0   -0.82      CL
    Section No  Chainage (m)  Distance (m)  RL (m) Remarks
88       BBK5           500          20.0    2.03      LB
    Section No  Chainage (m)  Distance (m)  RL (m) Remarks
96       BBK5           500          28.0   0.085      RB
 sencionno=BBK5 CL distance=24.0 RL=-0.82
 Finished Section no =BBK5**********************************
 



Initiated Section no =BBK6**********************************
     Section No  Chainage (m)  Distance (m)  RL (m) Remarks
109       BBK6           600          25.0  -1.307      CL
     Section No  Chainage (m)  Distance (m)  RL (m) Remarks
105       BBK6           600          20.0   2.122      LB
     Section No  Chainage (m)  Distance (m)  RL (m) Remarks
113       BBK6           600          30.0   0.717      RB
 sencionno=BBK6 CL distance=25.0 RL=-1.307
 Finished Section no =BBK6**********************************
 



Initiated Section no =BBK7**********************************
     Section No  Chainage (m)  Distance (m)  RL (m) Remarks
126       BBK7           700          25.0  -1.217      CL
     Section No  Chainage (m)  Distance (m)  RL (m) Remarks
122       BBK7           700          20.0  -0.077      LB
     Section No  Chainage (m)  Distance (m)  RL (m) Remarks
130       BBK7           700          30.0  -0.127      RB
 sencionno=BBK7 CL distance=25.0 RL=-1.217
 Finished Section no =BBK7**********************************
 



Initiated Section no =BBK8**********************************
     Section No  Chainage (m)  Distance (m)  RL (m) Remarks
141       BBK8           800          26.0  -1.335      CL
     Section No  Chainage (m)  Distance (m)  RL (m) Remarks
137       BBK8           800          20.0   0.064      LB
     Section No  Chainage (m)  Distance (m)  RL (m) Remarks
145       BBK8           800          32.0   0.085      RB
 sencionno=BBK8 CL distance=26.0 RL=-1.335
 Finished Section no =BBK8**********************************
 



Initiated Section no =BBK9**********************************
     Section No  Chainage (m)  Distance (m)  RL (m) Remarks
156       BBK9           900          17.0   -1.43      CL
     Section No  Chainage (m)  Distance (m)  RL (m) Remarks
152       BBK9           900          10.0  -0.336      LB
     Section No  Chainage (m)  Distance (m)  RL (m) Remarks
160       BBK9           900          24.0   0.169      RB
 sencionno=BBK9 CL distance=17.0 RL=-1.43
 Finished Section no =BBK9**********************************
 



Initiated Section no =BBK10**********************************
     Section No  Chainage (m)  Distance (m)  RL (m) Remarks
170      BBK10          1000          15.0  -0.785      CL
     Section No  Chainage (m)  Distance (m)  RL (m) Remarks
166      BBK10          1000          10.0  -0.116      LB
     Section No  Chainage (m)  Distance (m)  RL (m) Remarks
174      BBK10          1000          20.0  -0.016      RB
 sencionno=BBK10 CL distance=15.0 RL=-0.785
 Finished Section no =BBK10**********************************
 



Initiated Section no =BBK11**********************************
     Section No  Chainage (m)  Distance (m)  RL (m) Remarks
185      BBK11          1100          16.0  -0.786      CL
     Section No  Chainage (m)  Distance (m)  RL (m) Remarks
181      BBK11          1100          10.0   0.799      LB
     Section No  Chainage (m)  Distance (m)  RL (m) Remarks
189      BBK11          1100          22.0   0.953      RB
 sencionno=BBK11 CL distance=16.0 RL=-0.786
 Finished Section no =BBK11**********************************
 



Initiated Section no =BBK12**********************************
     Section No  Chainage (m)  Distance (m)  RL (m) Remarks
202      BBK12          1200          24.0  -0.958      CL
     Section No  Chainage (m)  Distance (m)  RL (m) Remarks
198      BBK12          1200          20.0   0.301      LB
     Section No  Chainage (m)  Distance (m)  RL (m) Remarks
206      BBK12          1200          28.0   1.476      RB
 sencionno=BBK12 CL distance=24.0 RL=-0.958
 Finished Section no =BBK12**********************************
 



Initiated Section no =BBK13**********************************
     Section No  Chainage (m)  Distance (m)  RL (m) Remarks
216      BBK13          1300          13.0  -1.104      CL
     Section No  Chainage (m)  Distance (m)  RL (m) Remarks
213      BBK13          1300          10.0   0.157      LB
     Section No  Chainage (m)  Distance (m)  RL (m) Remarks
219      BBK13          1300          16.0   0.177      RB
 sencionno=BBK13 CL distance=13.0 RL=-1.104
 Finished Section no =BBK13**********************************
 



Initiated Section no =BBK14**********************************
     Section No  Chainage (m)  Distance (m)  RL (m) Remarks
231      BBK14          1400          14.0  -1.155      CL
     Section No  Chainage (m)  Distance (m)  RL (m) Remarks
227      BBK14          1400          10.0  -0.155      LB
     Section No  Chainage (m)  Distance (m)  RL (m) Remarks
235      BBK14          1400          18.0  -0.011      RB
 sencionno=BBK14 CL distance=14.0 RL=-1.155
 Finished Section no =BBK14**********************************
 



Initiated Section no =BBK15**********************************
     Section No  Chainage (m)  Distance (m)  RL (m) Remarks
246      BBK15          1500          10.0  -0.995      CL
     Section No  Chainage (m)  Distance (m)  RL (m) Remarks
242      BBK15          1500           4.0    1.32      LB
     Section No  Chainage (m)  Distance (m)  RL (m) Remarks
250      BBK15          1500          16.0  -0.155      RB
 sencionno=BBK15 CL distance=10.0 RL=-0.995
 Finished Section no =BBK15**********************************
 



Initiated Section no =BBK16**********************************
     Section No  Chainage (m)  Distance (m)  RL (m) Remarks
262      BBK16          1600          14.0  -0.844      CL
     Section No  Chainage (m)  Distance (m)  RL (m) Remarks
258      BBK16          1600          10.0  -0.315      LB
     Section No  Chainage (m)  Distance (m)  RL (m) Remarks
266      BBK16          1600          18.0  -0.086      RB
 sencionno=BBK16 CL distance=14.0 RL=-0.844
 Finished Section no =BBK16**********************************
 



Initiated Section no =BBK17**********************************
     Section No  Chainage (m)  Distance (m)  RL (m) Remarks
280      BBK17          1700          13.0  -0.422      CL
     Section No  Chainage (m)  Distance (m)  RL (m) Remarks
276      BBK17          1700          10.0   0.342      LB
     Section No  Chainage (m)  Distance (m)  RL (m) Remarks
284      BBK17          1700          16.0   0.327      RB
 sencionno=BBK17 CL distance=13.0 RL=-0.422
 Finished Section no =BBK17**********************************
 



Initiated Section no =BBK18**********************************
     Section No  Chainage (m)  Distance (m)  RL (m) Remarks
297      BBK18          1800          13.0  -0.431      CL
     Section No  Chainage (m)  Distance (m)  RL (m) Remarks
293      BBK18          1800          10.0   0.255      LB
     Section No  Chainage (m)  Distance (m)  RL (m) Remarks
301      BBK18          1800          16.0    0.42      RB
 sencionno=BBK18 CL distance=13.0 RL=-0.431
 Finished Section no =BBK18**********************************
 



Initiated Section no =BBK19**********************************
     Section No  Chainage (m)  Distance (m)  RL (m) Remarks
314      BBK19          1842          13.0    -0.4      CL
     Section No  Chainage (m)  Distance (m)  RL (m) Remarks
310      BBK19          1842          10.0   0.185      LB
     Section No  Chainage (m)  Distance (m)  RL (m) Remarks
318      BBK19          1842          16.0    0.33      RB
 sencionno=BBK19 CL distance=13.0 RL=-0.4
 Finished Section no =BBK19**********************************
