 Sucessfully Setup Logger for this programme.............
      SL Section No  Chainage (m)  Distance (m)    RL (m)     Remarks
0     1       KBK0             0      0.000000  1.032000   Open land
1     1       KBK0             0      5.000000  1.023000         NaN
2     1       KBK0             0     10.000000  1.012000          LB
3     1       KBK0             0     11.000000  0.608000         NaN
4     1       KBK0             0     12.000000 -0.092000         NaN
..   ..        ...           ...           ...       ...         ...
522   1      KBK18          1810     36.000000  2.260000          RB
523   1      KBK18          1810     40.000000  1.955000  House area
524   1      KBK18          1810     40.997106  1.878971         NaN
525   1      KBK18          1810     41.994211  1.802941         NaN
526   1      KBK18          1810     42.991317  1.726912         NaN

[527 rows x 6 columns]
     sl section_id  Design Bed Level  Double CL_X  Bottom Width  Left Slope  \
0    1       KBK0             -6.90         19.5             6           2   
1    2       KBK1             -6.90         21.0             6           2   
2    3       KBK2             -6.89         18.0             6           2   
3    4       KBK3             -6.89         18.0             6           2   
4    5       KBK4             -6.88         19.0             6           2   
5    6       KBK5             -6.88         22.0             6           2   
6    7       KBK6             -6.87         19.5             6           2   
7    8       KBK7             -6.87         20.0             6           2   
8    9       KBK8             -6.86         23.0             6           2   
9   10       KBK9             -6.86         23.0             6           2   
10  11      KBK10             -6.85         27.0             6           2   
11  12      KBK11             -6.85         23.0             6           2   
12  13      KBK12             -6.84         24.0             6           2   
13  14      KBK13             -6.83         19.0             6           2   
14  15      KBK14             -6.83         20.0             6           2   
15  16      KBK15             -6.83         18.0             6           2   
16  17      KBK16             -6.82         18.0             6           2   
17  18      KBK17             -6.82         21.5             6           2   
18  19      KBK18             -6.81         22.0             6           2   

    Right Slope  drawing_sheet Location  \
0             2              4        A   
1             2              4        B   
2             2              5        A   
3             2              5        B   
4             2              6        A   
5             2              6        B   
6             2              7        A   
7             2              7        B   
8             2              8        A   
9             2              8        B   
10            2              9        A   
11            2              9        B   
12            2             10        A   
13            2             10        B   
14            2             11        A   
15            2             11        B   
16            2             12        A   
17            2             12        B   
18            2             13        A   

                                Section Name  Chainage  start_point_app  \
0   Typical Cross Section of Kamla bati khal      0.00            0.000   
1   Typical Cross Section of Kamla bati khal      0.10            0.050   
2   Typical Cross Section of Kamla bati khal      0.20            0.150   
3   Typical Cross Section of Kamla bati khal      0.30            0.250   
4   Typical Cross Section of Kamla bati khal      0.43            0.365   
5   Typical Cross Section of Kamla bati khal      0.50            0.465   
6   Typical Cross Section of Kamla bati khal      0.60            0.550   
7   Typical Cross Section of Kamla bati khal      0.70            0.650   
8   Typical Cross Section of Kamla bati khal      0.80            0.750   
9   Typical Cross Section of Kamla bati khal      0.90            0.850   
10  Typical Cross Section of Kamla bati khal      1.00            0.950   
11  Typical Cross Section of Kamla bati khal      1.10            1.050   
12  Typical Cross Section of Kamla bati khal      1.20            1.150   
13  Typical Cross Section of Kamla bati khal      1.30            1.250   
14  Typical Cross Section of Kamla bati khal      1.40            1.350   
15  Typical Cross Section of Kamla bati khal      1.50            1.450   
16  Typical Cross Section of Kamla bati khal      1.60            1.550   
17  Typical Cross Section of Kamla bati khal      1.70            1.650   
18  Typical Cross Section of Kamla bati khal      1.81            1.755   

    end_point_app  start_rl  end_rl  
0           0.050     -6.90   -6.90  
1           0.150     -6.90   -6.89  
2           0.250     -6.89   -6.89  
3           0.365     -6.89   -6.88  
4           0.465     -6.88   -6.88  
5           0.550     -6.88   -6.87  
6           0.650     -6.87   -6.87  
7           0.750     -6.87   -6.86  
8           0.850     -6.86   -6.86  
9           0.950     -6.86   -6.85  
10          1.050     -6.85   -6.85  
11          1.150     -6.85   -6.84  
12          1.250     -6.84   -6.84  
13          1.350     -6.84   -6.83  
14          1.450     -6.83   -6.83  
15          1.550     -6.83   -6.82  
16          1.650     -6.82   -6.82  
17          1.755     -6.82   -6.81  
18          1.810     -6.81   -6.81  
 



 Processing Section No=KBK0
 Section No=KBK0 CL Shift=7m Right Section=12m
 centerline shifting towrads right by=7m
 extension length=12m
 [1.032, 1.023, 1.012, 0.6079999999999997, -0.09200000000000008, -0.2180000000000004, -0.4870000000000001, -0.5290000000000004, -0.6670000000000003, -0.7070000000000003, -0.6680000000000001, -0.4180000000000001, -0.2290000000000001, -0.1670000000000003, 0.0649999999999995, 0.2819999999999996, 0.5279999999999996, 1.175, 1.913, 1.918, 0.4079999999999999, 0.06799999999999962, -0.5620000000000003, -0.8624465733948616, -1.162893146789723, -1.463339720184584, -5.068698600922891]
 



 Initiated Building combined_df entry for section no=KBK0 




     SL Section No  Chainage (m)  Distance (m)    RL (m)    Remarks
0    1       KBK0             0      0.000000  1.032000  Open land
1    1       KBK0             0      5.000000  1.023000        NaN
2    1       KBK0             0     10.000000  1.012000         LB
3    1       KBK0             0     11.000000  0.608000        NaN
4    1       KBK0             0     12.000000 -0.092000        NaN
5    1       KBK0             0     13.000000 -0.218000        NaN
6    1       KBK0             0     14.000000 -0.487000        NaN
7    1       KBK0             0     15.000000 -0.529000        NaN
8    1       KBK0             0     16.000000 -0.667000        NaN
9    1       KBK0             0     17.500000 -0.707000         CL
10   1       KBK0             0     19.000000 -0.668000        NaN
11   1       KBK0             0     20.000000 -0.418000        NaN
12   1       KBK0             0     21.000000 -0.229000        NaN
13   1       KBK0             0     22.000000 -0.167000        NaN
14   1       KBK0             0     23.000000  0.065000        NaN
15   1       KBK0             0     24.000000  0.282000        NaN
16   1       KBK0             0     25.000000  0.528000        NaN
17   1       KBK0             0     26.000000  1.175000        NaN
18   1       KBK0             0     27.000000  1.913000         RB
19   1       KBK0             0     28.000000  1.918000        NaN
20   1       KBK0             0     30.000000  0.408000        NaN
21   1       KBK0             0     31.000000  0.068000        NaN
22   1       KBK0             0     33.000000 -0.562000       Pond
23   1       KBK0             0     33.953799 -0.862447        NaN
24   1       KBK0             0     34.907597 -1.162893        NaN
25   1       KBK0             0     35.861396 -1.463340        NaN
26   1       KBK0             0     47.306980 -5.068699           
 



 Finished Building combined_df entry for section no=KBK0 




 



 Processing Section No=KBK1
 Section No=KBK1 CL Shift=0m Right Section=7m
 centerline shifting towrads right by=0m
 extension length=7m
 [2.231999999999999, 2.241999999999999, 1.281999999999999, -0.04300000000000104, -0.269000000000001, -0.6530000000000005, -0.7780000000000005, -0.8080000000000007, -0.769000000000001, -0.6380000000000008, -0.3430000000000009, -0.209000000000001, -0.04600000000000071, 0.4319999999999991, 0.4269999999999992, 0.4219999999999993, 0.421000000499999, 0.4200000009999986, 0.4190000014999983, 0.4180000019999979, 0.4170000024999976, 0.4160000029999972, 0.4150000034999969, 0.4140000039999965, 0.4130000044999962, 0.4120000049999958, 0.4110000054999955, 0.4100000059999951, 0.4090000064999948, 0.4080000069999944, 0.4010000104999916]
 



 Initiated Building combined_df entry for section no=KBK1 




     SL Section No  Chainage (m)  Distance (m)  RL (m)    Remarks
0    1       KBK1           100      0.000000   2.232  Pond bank
1    1       KBK1           100      2.000000   2.242         LB
2    1       KBK1           100      3.000000   1.282        NaN
3    1       KBK1           100      4.000000  -0.043        NaN
4    1       KBK1           100      5.000000  -0.269        NaN
5    1       KBK1           100      6.000000  -0.653        NaN
6    1       KBK1           100      7.000000  -0.778        NaN
7    1       KBK1           100      8.000000  -0.808         CL
8    1       KBK1           100      9.000000  -0.769        NaN
9    1       KBK1           100     10.000000  -0.638        NaN
10   1       KBK1           100     11.000000  -0.343        NaN
11   1       KBK1           100     12.000000  -0.209        NaN
12   1       KBK1           100     13.000000  -0.046        NaN
13   1       KBK1           100     14.000000   0.432         RB
14   1       KBK1           100     20.000000   0.427        NaN
15   1       KBK1           100     25.000000   0.422  Fisheries
16   1       KBK1           100     26.000000   0.421        NaN
17   1       KBK1           100     26.999999   0.420        NaN
18   1       KBK1           100     27.999999   0.419        NaN
19   1       KBK1           100     28.999998   0.418        NaN
20   1       KBK1           100     29.999998   0.417        NaN
21   1       KBK1           100     30.999997   0.416        NaN
22   1       KBK1           100     31.999997   0.415        NaN
23   1       KBK1           100     32.999996   0.414        NaN
24   1       KBK1           100     33.999996   0.413        NaN
25   1       KBK1           100     34.999995   0.412        NaN
26   1       KBK1           100     35.999995   0.411        NaN
27   1       KBK1           100     36.999994   0.410        NaN
28   1       KBK1           100     37.999994   0.409        NaN
29   1       KBK1           100     38.999993   0.408        NaN
30   1       KBK1           100     45.999990   0.401           
 



 Finished Building combined_df entry for section no=KBK1 




 



 Processing Section No=KBK2
 Section No=KBK2 CL Shift=7m Right Section=12m
 centerline shifting towrads right by=7m
 extension length=12m
 [0.3299999999999987, 0.3349999999999991, 0.3389999999999991, -0.1850000000000009, -0.3150000000000008, -0.531000000000001, -0.7500000000000013, -0.9450000000000007, -0.9800000000000009, -0.9420000000000015, -0.7450000000000014, -0.5450000000000013, -0.3250000000000015, -0.1020000000000012, 0.367999999999999, 0.3699999999999988, 0.3749999999999991, 0.3759999994999996, 0.376999999, 0.3779999985000005, 0.3789999980000009, 0.3799999975000014, 0.3809999970000019, 0.39299999100000804]
 



 Initiated Building combined_df entry for section no=KBK2 




     SL Section No  Chainage (m)  Distance (m)  RL (m)    Remarks
0    1       KBK2           200      0.000000   0.330  Fisheries
1    1       KBK2           200      5.000000   0.335        NaN
2    1       KBK2           200     10.000000   0.339         LB
3    1       KBK2           200     11.000000  -0.185        NaN
4    1       KBK2           200     12.000000  -0.315        NaN
5    1       KBK2           200     13.000000  -0.531        NaN
6    1       KBK2           200     14.000000  -0.750        NaN
7    1       KBK2           200     15.000000  -0.945        NaN
8    1       KBK2           200     16.000000  -0.980         CL
9    1       KBK2           200     17.000000  -0.942        NaN
10   1       KBK2           200     18.000000  -0.745        NaN
11   1       KBK2           200     19.000000  -0.545        NaN
12   1       KBK2           200     20.000000  -0.325        NaN
13   1       KBK2           200     21.000000  -0.102        NaN
14   1       KBK2           200     22.000000   0.368         RB
15   1       KBK2           200     25.000000   0.370        NaN
16   1       KBK2           200     30.000000   0.375  Fisheries
17   1       KBK2           200     31.000000   0.376        NaN
18   1       KBK2           200     31.999999   0.377        NaN
19   1       KBK2           200     32.999999   0.378        NaN
20   1       KBK2           200     33.999998   0.379        NaN
21   1       KBK2           200     34.999998   0.380        NaN
22   1       KBK2           200     35.999997   0.381        NaN
23   1       KBK2           200     47.999991   0.393           
 



 Finished Building combined_df entry for section no=KBK2 




 



 Processing Section No=KBK3
 Section No=KBK3 CL Shift=7m Right Section=12m
 centerline shifting towrads right by=7m
 extension length=12m
 [0.5229999999999997, 0.5179999999999993, 0.5329999999999995, -0.1420000000000003, -0.5990000000000002, -0.8050000000000006, -0.9970000000000008, -1.138000000000001, -1.177, -1.139, -0.9920000000000009, -0.7420000000000009, -0.5870000000000006, -0.1350000000000007, 0.4979999999999993, 0.5029999999999997, 0.5109999999999997, 0.5125999979520036, 0.5141999959040076, 0.5157999938560115, 0.5173999918080154, 0.5189999897600194, 0.5205999877120233, 0.5397999631360708]
 



 Initiated Building combined_df entry for section no=KBK3 




     SL Section No  Chainage (m)  Distance (m)  RL (m)    Remarks
0    1       KBK3           300      0.000000  0.5230  Fisheries
1    1       KBK3           300      5.000000  0.5180        NaN
2    1       KBK3           300     10.000000  0.5330         LB
3    1       KBK3           300     11.000000 -0.1420        NaN
4    1       KBK3           300     12.000000 -0.5990        NaN
5    1       KBK3           300     13.000000 -0.8050        NaN
6    1       KBK3           300     14.000000 -0.9970        NaN
7    1       KBK3           300     15.000000 -1.1380        NaN
8    1       KBK3           300     16.000000 -1.1770         CL
9    1       KBK3           300     17.000000 -1.1390        NaN
10   1       KBK3           300     18.000000 -0.9920        NaN
11   1       KBK3           300     19.000000 -0.7420        NaN
12   1       KBK3           300     20.000000 -0.5870        NaN
13   1       KBK3           300     21.000000 -0.1350        NaN
14   1       KBK3           300     22.000000  0.4980         RB
15   1       KBK3           300     25.000000  0.5030        NaN
16   1       KBK3           300     30.000000  0.5110  Fisheries
17   1       KBK3           300     30.999999  0.5126        NaN
18   1       KBK3           300     31.999997  0.5142        NaN
19   1       KBK3           300     32.999996  0.5158        NaN
20   1       KBK3           300     33.999995  0.5174        NaN
21   1       KBK3           300     34.999994  0.5190        NaN
22   1       KBK3           300     35.999992  0.5206        NaN
23   1       KBK3           300     47.999977  0.5398           
 



 Finished Building combined_df entry for section no=KBK3 




 



 Processing Section No=KBK4
 Section No=KBK4 CL Shift=7m Right Section=12m
 centerline shifting towrads right by=7m
 extension length=12m
 [0.3039999999999994, 0.3089999999999993, 0.3139999999999992, -0.266, -0.6990000000000007, -1.436000000000001, -2.006, -2.292000000000001, -2.603000000000001, -2.941000000000001, -3.041, -2.943000000000001, -2.625, -2.369000000000001, -2.006, -2.069000000000001, -1.547000000000001, -0.9690000000000003, -0.4660000000000002, 0.3109999999999999, 0.3149999999999995, 0.3289999999999997, 0.3317999890240643, 0.3345999780481289, 0.3681998463369036]
 



 Initiated Building combined_df entry for section no=KBK4 




     SL Section No  Chainage (m)  Distance (m)  RL (m)    Remarks
0    1       KBK4           430      0.000000  0.3040  Fisheries
1    1       KBK4           430      5.000000  0.3090        NaN
2    1       KBK4           430     10.000000  0.3140         LB
3    1       KBK4           430     11.000000 -0.2660        NaN
4    1       KBK4           430     12.000000 -0.6990        NaN
5    1       KBK4           430     13.000000 -1.4360        NaN
6    1       KBK4           430     14.000000 -2.0060        NaN
7    1       KBK4           430     15.000000 -2.2920        NaN
8    1       KBK4           430     16.000000 -2.6030        NaN
9    1       KBK4           430     17.000000 -2.9410        NaN
10   1       KBK4           430     19.000000 -3.0410         CL
11   1       KBK4           430     21.000000 -2.9430        NaN
12   1       KBK4           430     22.000000 -2.6250        NaN
13   1       KBK4           430     23.000000 -2.3690        NaN
14   1       KBK4           430     24.000000 -2.0060        NaN
15   1       KBK4           430     25.000000 -2.0690        NaN
16   1       KBK4           430     26.000000 -1.5470        NaN
17   1       KBK4           430     27.000000 -0.9690        NaN
18   1       KBK4           430     28.000000 -0.4660        NaN
19   1       KBK4           430     29.000000  0.3110         RB
20   1       KBK4           430     30.000000  0.3150        NaN
21   1       KBK4           430     35.000000  0.3290  Fisheries
22   1       KBK4           430     35.999996  0.3318        NaN
23   1       KBK4           430     36.999992  0.3346        NaN
24   1       KBK4           430     48.999945  0.3682           
 



 Finished Building combined_df entry for section no=KBK4 




 



 Processing Section No=KBK5
 Section No=KBK5 CL Shift=3m Right Section=10m
 centerline shifting towrads right by=3m
 extension length=10m
 [-0.01200000000000045, -0.007000000000000561, 0.002999999999999226, -0.6150000000000011, -1.265000000000001, -1.552, -1.785000000000001, -1.919, -2.222, -2.519000000000001, -2.848000000000001, -3.017, -3.061000000000001, -3.021000000000001, -2.849000000000001, -2.565, -2.208100000000001, -1.922000000000001, -1.462000000000001, -0.3820000000000006, 0.1409999999999991, 0.6179999999999994, 1.291999999999999, 1.303999999999999, 3.192999999999999, 3.187999999999999, 3.18675000097656, 3.185500001953121, 3.184250002929683, 3.183000003906244, 3.1705000136718526]
 



 Initiated Building combined_df entry for section no=KBK5 




     SL Section No  Chainage (m)  Distance (m)   RL (m)    Remarks
0    1       KBK5           500      0.000000 -0.01200  Fisheries
1    1       KBK5           500      5.000000 -0.00700        NaN
2    1       KBK5           500     10.000000  0.00300         LB
3    1       KBK5           500     11.000000 -0.61500        NaN
4    1       KBK5           500     12.000000 -1.26500        NaN
5    1       KBK5           500     13.000000 -1.55200        NaN
6    1       KBK5           500     14.000000 -1.78500        NaN
7    1       KBK5           500     15.000000 -1.91900        NaN
8    1       KBK5           500     16.000000 -2.22200        NaN
9    1       KBK5           500     17.000000 -2.51900        NaN
10   1       KBK5           500     18.000000 -2.84800        NaN
11   1       KBK5           500     20.000000 -3.01700        NaN
12   1       KBK5           500     22.000000 -3.06100         CL
13   1       KBK5           500     24.000000 -3.02100        NaN
14   1       KBK5           500     26.000000 -2.84900        NaN
15   1       KBK5           500     27.000000 -2.56500        NaN
16   1       KBK5           500     28.000000 -2.20810        NaN
17   1       KBK5           500     29.000000 -1.92200        NaN
18   1       KBK5           500     30.000000 -1.46200        NaN
19   1       KBK5           500     31.000000 -0.38200        NaN
20   1       KBK5           500     32.000000  0.14100        NaN
21   1       KBK5           500     33.000000  0.61800        NaN
22   1       KBK5           500     34.000000  1.29200         RB
23   1       KBK5           500     36.000000  1.30400        NaN
24   1       KBK5           500     38.000000  3.19300        NaN
25   1       KBK5           500     42.000000  3.18800    Bc road
26   1       KBK5           500     42.999999  3.18675        NaN
27   1       KBK5           500     43.999998  3.18550        NaN
28   1       KBK5           500     44.999998  3.18425        NaN
29   1       KBK5           500     45.999997  3.18300        NaN
30   1       KBK5           500     55.999989  3.17050           
 



 Finished Building combined_df entry for section no=KBK5 




 



 Processing Section No=KBK6
 Section No=KBK6 CL Shift=3m Right Section=10m
 centerline shifting towrads right by=3m
 extension length=10m
 [0.1889999999999992, 0.2209999999999992, 0.2289999999999992, -0.3310000000000004, -0.9120000000000008, -1.564000000000001, -2.331, -3.368, -3.781000000000001, -4.176000000000001, -4.232, -4.177, -3.834000000000001, -3.411, -2.857, -2.666, -2.331, -0.9120000000000008, -0.4340000000000011, 0.3689999999999998, 0.3739999999999997, 0.3747142855320698, 0.38185714085277067]
 



 Initiated Building combined_df entry for section no=KBK6 




     SL Section No  Chainage (m)  Distance (m)    RL (m)    Remarks
0    1       KBK6           600      0.000000  0.189000  Fisheries
1    1       KBK6           600      5.000000  0.221000        NaN
2    1       KBK6           600     10.000000  0.229000         LB
3    1       KBK6           600     11.000000 -0.331000        NaN
4    1       KBK6           600     12.000000 -0.912000        NaN
5    1       KBK6           600     13.000000 -1.564000        NaN
6    1       KBK6           600     14.000000 -2.331000        NaN
7    1       KBK6           600     15.000000 -3.368000        NaN
8    1       KBK6           600     16.000000 -3.781000        NaN
9    1       KBK6           600     18.000000 -4.176000        NaN
10   1       KBK6           600     19.500000 -4.232000         CL
11   1       KBK6           600     21.000000 -4.177000        NaN
12   1       KBK6           600     22.000000 -3.834000        NaN
13   1       KBK6           600     23.000000 -3.411000        NaN
14   1       KBK6           600     24.000000 -2.857000        NaN
15   1       KBK6           600     25.000000 -2.666000        NaN
16   1       KBK6           600     26.000000 -2.331000        NaN
17   1       KBK6           600     27.000000 -0.912000        NaN
18   1       KBK6           600     28.000000 -0.434000        NaN
19   1       KBK6           600     29.000000  0.369000         RB
20   1       KBK6           600     36.000000  0.374000  Fisheries
21   1       KBK6           600     37.000000  0.374714        NaN
22   1       KBK6           600     46.999997  0.381857           
 



 Finished Building combined_df entry for section no=KBK6 




 



 Processing Section No=KBK7
 Section No=KBK7 CL Shift=7m Right Section=12m
 centerline shifting towrads right by=7m
 extension length=12m
 [0.04599999999999937, 0.04999999999999982, 0.06099999999999905, -0.3440000000000003, -1.147, -2.219, -2.547000000000001, -2.803000000000001, -3.179, -3.219, -3.181000000000001, -2.87, -2.481000000000001, -2.247000000000001, -0.9240000000000004, -0.3440000000000003, 0.1909999999999998, 0.2089999999999996, 1.031, 1.04, 1.044499954438192, 1.048999908876384, 1.1029993621346856]
 



 Initiated Building combined_df entry for section no=KBK7 




     SL Section No  Chainage (m)  Distance (m)    RL (m)     Remarks
0    1       KBK7           700      0.000000  0.046000   Fisheries
1    1       KBK7           700      5.000000  0.050000         NaN
2    1       KBK7           700     10.000000  0.061000          LB
3    1       KBK7           700     11.000000 -0.344000         NaN
4    1       KBK7           700     12.000000 -1.147000         NaN
5    1       KBK7           700     14.000000 -2.219000         NaN
6    1       KBK7           700     16.000000 -2.547000         NaN
7    1       KBK7           700     18.000000 -2.803000         NaN
8    1       KBK7           700     19.000000 -3.179000         NaN
9    1       KBK7           700     20.000000 -3.219000          CL
10   1       KBK7           700     21.000000 -3.181000         NaN
11   1       KBK7           700     22.000000 -2.870000         NaN
12   1       KBK7           700     24.000000 -2.481000         NaN
13   1       KBK7           700     26.000000 -2.247000         NaN
14   1       KBK7           700     28.000000 -0.924000         NaN
15   1       KBK7           700     29.000000 -0.344000         NaN
16   1       KBK7           700     30.000000  0.191000          RB
17   1       KBK7           700     34.000000  0.209000         NaN
18   1       KBK7           700     35.000000  1.031000         NaN
19   1       KBK7           700     37.000000  1.040000  Road slove
20   1       KBK7           700     37.999990  1.044500         NaN
21   1       KBK7           700     38.999980  1.049000         NaN
22   1       KBK7           700     50.999858  1.102999            
 



 Finished Building combined_df entry for section no=KBK7 




 



 Processing Section No=KBK8
 Section No=KBK8 CL Shift=5m Right Section=12m
 centerline shifting towrads right by=5m
 extension length=12m
 [0.6839999999999997, 1.314, 1.871, 2.814, 2.819, 1.973, 1.074, 0.4589999999999996, 0.274, 0.01699999999999946, -0.3160000000000007, -0.5490000000000004, -0.6830000000000007, -0.7210000000000001, -0.6850000000000005, -0.4720000000000004, -0.2860000000000005, -0.1260000000000003, 0.2269999999999994, 0.4239999999999995, 0.6539999999999999, 1.044, 1.469, 1.488, 3.229, 3.224, 3.222750000976562, 3.221500001953123, 3.220250002929684, 3.2052500146484197]
 



 Initiated Building combined_df entry for section no=KBK8 




     SL Section No  Chainage (m)  Distance (m)   RL (m)  Remarks
0    1       KBK8           800      0.000000  0.68400     Pond
1    1       KBK8           800      3.000000  1.31400      NaN
2    1       KBK8           800      5.000000  1.87100      NaN
3    1       KBK8           800      7.000000  2.81400      NaN
4    1       KBK8           800     10.000000  2.81900       LB
5    1       KBK8           800     11.000000  1.97300      NaN
6    1       KBK8           800     12.000000  1.07400      NaN
7    1       KBK8           800     13.000000  0.45900      NaN
8    1       KBK8           800     14.000000  0.27400      NaN
9    1       KBK8           800     16.000000  0.01700      NaN
10   1       KBK8           800     18.000000 -0.31600      NaN
11   1       KBK8           800     20.000000 -0.54900      NaN
12   1       KBK8           800     22.000000 -0.68300      NaN
13   1       KBK8           800     23.000000 -0.72100       CL
14   1       KBK8           800     24.000000 -0.68500      NaN
15   1       KBK8           800     26.000000 -0.47200      NaN
16   1       KBK8           800     28.000000 -0.28600      NaN
17   1       KBK8           800     30.000000 -0.12600      NaN
18   1       KBK8           800     32.000000  0.22700      NaN
19   1       KBK8           800     33.000000  0.42400      NaN
20   1       KBK8           800     34.000000  0.65400      NaN
21   1       KBK8           800     35.000000  1.04400      NaN
22   1       KBK8           800     36.000000  1.46900       RB
23   1       KBK8           800     38.000000  1.48800      NaN
24   1       KBK8           800     40.000000  3.22900      NaN
25   1       KBK8           800     44.000000  3.22400  Bc road
26   1       KBK8           800     44.999999  3.22275      NaN
27   1       KBK8           800     45.999998  3.22150      NaN
28   1       KBK8           800     46.999998  3.22025      NaN
29   1       KBK8           800     58.999988  3.20525         
 



 Finished Building combined_df entry for section no=KBK8 




 



 Processing Section No=KBK9
 Section No=KBK9 CL Shift=7m Right Section=12m
 centerline shifting towrads right by=7m
 extension length=12m
 [0.2989999999999995, 0.8639999999999994, 1.539, 2.589, 2.563999999999999, 2.069, 1.539, 0.8579999999999997, 0.3359999999999994, 0.1979999999999995, -0.04100000000000037, -0.08700000000000063, -0.3010000000000002, -0.4960000000000004, -0.5360000000000005, -0.4980000000000002, -0.3060000000000009, -0.1640000000000006, 0.1019999999999994, 0.1559999999999997, 0.3019999999999996, 0.4359999999999995, 0.7389999999999994, 1.069, 1.464, 1.479, 3.133799999999999, 3.129, 3.127800000863999, 3.126600001727998, 3.1122000120959887]
 



 Initiated Building combined_df entry for section no=KBK9 




     SL Section No  Chainage (m)  Distance (m)  RL (m)  Remarks
0    1       KBK9           900      0.000000  0.2990     Pond
1    1       KBK9           900      3.000000  0.8640      NaN
2    1       KBK9           900      6.000000  1.5390      NaN
3    1       KBK9           900      8.000000  2.5890      NaN
4    1       KBK9           900     10.000000  2.5640       LB
5    1       KBK9           900     11.000000  2.0690      NaN
6    1       KBK9           900     12.000000  1.5390      NaN
7    1       KBK9           900     13.000000  0.8580      NaN
8    1       KBK9           900     14.000000  0.3360      NaN
9    1       KBK9           900     15.000000  0.1980      NaN
10   1       KBK9           900     16.000000 -0.0410      NaN
11   1       KBK9           900     18.000000 -0.0870      NaN
12   1       KBK9           900     20.000000 -0.3010      NaN
13   1       KBK9           900     22.000000 -0.4960      NaN
14   1       KBK9           900     23.000000 -0.5360       CL
15   1       KBK9           900     24.000000 -0.4980      NaN
16   1       KBK9           900     26.000000 -0.3060      NaN
17   1       KBK9           900     28.000000 -0.1640      NaN
18   1       KBK9           900     30.000000  0.1020      NaN
19   1       KBK9           900     31.000000  0.1560      NaN
20   1       KBK9           900     32.000000  0.3020      NaN
21   1       KBK9           900     33.000000  0.4360      NaN
22   1       KBK9           900     34.000000  0.7390      NaN
23   1       KBK9           900     35.000000  1.0690      NaN
24   1       KBK9           900     36.000000  1.4640       RB
25   1       KBK9           900     38.000000  1.4790      NaN
26   1       KBK9           900     40.000000  3.1338      NaN
27   1       KBK9           900     44.000000  3.1290  Bc road
28   1       KBK9           900     44.999999  3.1278      NaN
29   1       KBK9           900     45.999999  3.1266      NaN
30   1       KBK9           900     57.999990  3.1122         
 



 Finished Building combined_df entry for section no=KBK9 




 



 Processing Section No=KBK10
 Section No=KBK10 CL Shift=2m Right Section=10m
 centerline shifting towrads right by=2m
 extension length=10m
 [1.173999999999999, 1.418999999999999, 1.938999999999999, 2.518999999999999, 2.513999999999999, 2.010999999999999, 0.9829999999999992, -0.2660000000000009, -1.047000000000001, -3.049000000000001, -3.421000000000001, -3.516000000000001, -3.861000000000001, -4.021000000000001, -4.061000000000002, -4.023000000000001, -3.821000000000002, -3.526000000000001, -3.161, -2.723000000000001, -2.486000000000001, -1.386000000000001, -0.4900000000000011, 0.3109999999999991, 1.308999999999999, 1.350999999999999, 3.182999999999999, 3.178999999999999, 3.169000004999995]
 



 Initiated Building combined_df entry for section no=KBK10 




     SL Section No  Chainage (m)  Distance (m)  RL (m)    Remarks
0    1      KBK10          1000      0.000000   1.174  Fisheries
1    1      KBK10          1000      3.000000   1.419        NaN
2    1      KBK10          1000      6.000000   1.939        NaN
3    1      KBK10          1000      8.000000   2.519        NaN
4    1      KBK10          1000     10.000000   2.514         LB
5    1      KBK10          1000     11.000000   2.011        NaN
6    1      KBK10          1000     12.000000   0.983        NaN
7    1      KBK10          1000     14.000000  -0.266        NaN
8    1      KBK10          1000     16.000000  -1.047        NaN
9    1      KBK10          1000     18.000000  -3.049        NaN
10   1      KBK10          1000     20.000000  -3.421        NaN
11   1      KBK10          1000     22.000000  -3.516        NaN
12   1      KBK10          1000     24.000000  -3.861        NaN
13   1      KBK10          1000     26.000000  -4.021        NaN
14   1      KBK10          1000     27.000000  -4.061         CL
15   1      KBK10          1000     28.000000  -4.023        NaN
16   1      KBK10          1000     30.000000  -3.821        NaN
17   1      KBK10          1000     32.000000  -3.526        NaN
18   1      KBK10          1000     34.000000  -3.161        NaN
19   1      KBK10          1000     36.000000  -2.723        NaN
20   1      KBK10          1000     38.000000  -2.486        NaN
21   1      KBK10          1000     40.000000  -1.386        NaN
22   1      KBK10          1000     42.000000  -0.490        NaN
23   1      KBK10          1000     43.000000   0.311        NaN
24   1      KBK10          1000     44.000000   1.309         RB
25   1      KBK10          1000     46.000000   1.351        NaN
26   1      KBK10          1000     48.000000   3.183        NaN
27   1      KBK10          1000     52.000000   3.179    Bc road
28   1      KBK10          1000     61.999995   3.169           
 



 Finished Building combined_df entry for section no=KBK10 




 



 Processing Section No=KBK11
 Section No=KBK11 CL Shift=5m Right Section=12m
 centerline shifting towrads right by=5m
 extension length=12m
 [0.508999999999999, 1.083999999999999, 1.880999999999999, 2.783999999999999, 2.788999999999999, 1.903999999999999, 0.8089999999999988, 0.1449999999999987, -0.4960000000000013, -2.096000000000001, -2.911000000000001, -3.156000000000001, -3.451000000000001, -3.491000000000001, -3.453000000000001, -3.153000000000001, -2.856000000000001, -2.419800000000001, -1.286000000000001, -0.5160000000000009, 0.2509999999999986, 0.8579999999999988, 1.448999999999999, 2.157699999999999, 3.018999999999999, 3.016999999999999, 3.016500000062499, 3.016000000124999, 3.015500000187499, 3.0095000009375]
 



 Initiated Building combined_df entry for section no=KBK11 




     SL Section No  Chainage (m)  Distance (m)  RL (m)    Remarks
0    1      KBK11          1100      0.000000  0.5090  Fisheries
1    1      KBK11          1100      3.000000  1.0840        NaN
2    1      KBK11          1100      6.000000  1.8810        NaN
3    1      KBK11          1100      8.000000  2.7840        NaN
4    1      KBK11          1100     10.000000  2.7890         LB
5    1      KBK11          1100     11.000000  1.9040        NaN
6    1      KBK11          1100     12.000000  0.8090        NaN
7    1      KBK11          1100     13.000000  0.1450        NaN
8    1      KBK11          1100     14.000000 -0.4960        NaN
9    1      KBK11          1100     16.000000 -2.0960        NaN
10   1      KBK11          1100     18.000000 -2.9110        NaN
11   1      KBK11          1100     20.000000 -3.1560        NaN
12   1      KBK11          1100     22.000000 -3.4510        NaN
13   1      KBK11          1100     23.000000 -3.4910         CL
14   1      KBK11          1100     24.000000 -3.4530        NaN
15   1      KBK11          1100     26.000000 -3.1530        NaN
16   1      KBK11          1100     28.000000 -2.8560        NaN
17   1      KBK11          1100     30.000000 -2.4198        NaN
18   1      KBK11          1100     32.000000 -1.2860        NaN
19   1      KBK11          1100     33.000000 -0.5160        NaN
20   1      KBK11          1100     34.000000  0.2510        NaN
21   1      KBK11          1100     35.000000  0.8580        NaN
22   1      KBK11          1100     36.000000  1.4490         RB
23   1      KBK11          1100     37.000000  2.1577        NaN
24   1      KBK11          1100     39.000000  3.0190        NaN
25   1      KBK11          1100     43.000000  3.0170    Bc road
26   1      KBK11          1100     44.000000  3.0165        NaN
27   1      KBK11          1100     45.000000  3.0160        NaN
28   1      KBK11          1100     46.000000  3.0155        NaN
29   1      KBK11          1100     57.999998  3.0095           
 



 Finished Building combined_df entry for section no=KBK11 




 



 Processing Section No=KBK12
 Section No=KBK12 CL Shift=5m Right Section=12m
 centerline shifting towrads right by=5m
 extension length=12m
 [1.150999999999999, 1.363999999999999, 1.990999999999999, 2.918999999999999, 2.913999999999999, 2.012999999999999, 0.9679999999999991, -0.4060000000000006, -1.243000000000001, -1.842000000000001, -2.231000000000001, -2.609000000000001, -2.883000000000001, -2.921000000000001, -2.862000000000001, -2.609000000000001, -2.243000000000001, -1.932, -1.609000000000001, -1.287000000000001, -0.3060000000000009, 0.5939999999999994, 1.438999999999999, 1.457999999999999, 3.093999999999999, 3.098999999999999, 3.100249999023438, 3.101499998046876, 3.1164999863281295]
 



 Initiated Building combined_df entry for section no=KBK12 




     SL Section No  Chainage (m)  Distance (m)   RL (m)    Remarks
0    1      KBK12          1200      0.000000  1.15100  Fisheries
1    1      KBK12          1200      3.000000  1.36400        NaN
2    1      KBK12          1200      6.000000  1.99100        NaN
3    1      KBK12          1200      8.000000  2.91900        NaN
4    1      KBK12          1200     10.000000  2.91400         LB
5    1      KBK12          1200     11.000000  2.01300        NaN
6    1      KBK12          1200     12.000000  0.96800        NaN
7    1      KBK12          1200     13.000000 -0.40600        NaN
8    1      KBK12          1200     14.000000 -1.24300        NaN
9    1      KBK12          1200     16.000000 -1.84200        NaN
10   1      KBK12          1200     18.000000 -2.23100        NaN
11   1      KBK12          1200     20.000000 -2.60900        NaN
12   1      KBK12          1200     22.000000 -2.88300        NaN
13   1      KBK12          1200     24.000000 -2.92100         CL
14   1      KBK12          1200     26.000000 -2.86200        NaN
15   1      KBK12          1200     28.000000 -2.60900        NaN
16   1      KBK12          1200     30.000000 -2.24300        NaN
17   1      KBK12          1200     32.000000 -1.93200        NaN
18   1      KBK12          1200     34.000000 -1.60900        NaN
19   1      KBK12          1200     35.000000 -1.28700        NaN
20   1      KBK12          1200     36.000000 -0.30600        NaN
21   1      KBK12          1200     37.000000  0.59400        NaN
22   1      KBK12          1200     38.000000  1.43900         RB
23   1      KBK12          1200     39.000000  1.45800        NaN
24   1      KBK12          1200     41.000000  3.09400        NaN
25   1      KBK12          1200     45.000000  3.09900    Bc road
26   1      KBK12          1200     45.999999  3.10025        NaN
27   1      KBK12          1200     46.999998  3.10150        NaN
28   1      KBK12          1200     58.999989  3.11650           
 



 Finished Building combined_df entry for section no=KBK12 




 



 Processing Section No=KBK13
 Section No=KBK13 CL Shift=7m Right Section=12m
 centerline shifting towrads right by=7m
 extension length=12m
 [-0.0420000000000007, -0.05300000000000082, -0.06200000000000028, -0.6180000000000003, -1.387, -1.514, -1.790000000000001, -1.927, -2.290000000000001, -2.437, -2.472, -2.433000000000001, -2.282000000000001, -1.927, -1.713000000000001, -1.267, -0.4520000000000008, 0.01299999999999901, 0.6129999999999995, 1.337999999999999, 1.396999999999999, 3.147999999999999, 3.142999999999999, 3.14175000097656, 3.140500001953122, 3.139250002929683, 3.138000003906244, 3.136750004882805, 3.135500005859367, 3.1205000175781135]
 



 Initiated Building combined_df entry for section no=KBK13 




     SL Section No  Chainage (m)  Distance (m)   RL (m)     Remarks
0    1      KBK13          1300      0.000000 -0.04200  Paddy land
1    1      KBK13          1300      5.000000 -0.05300         NaN
2    1      KBK13          1300     10.000000 -0.06200          LB
3    1      KBK13          1300     11.000000 -0.61800         NaN
4    1      KBK13          1300     12.000000 -1.38700         NaN
5    1      KBK13          1300     13.000000 -1.51400         NaN
6    1      KBK13          1300     15.000000 -1.79000         NaN
7    1      KBK13          1300     16.000000 -1.92700         NaN
8    1      KBK13          1300     17.000000 -2.29000         NaN
9    1      KBK13          1300     18.000000 -2.43700         NaN
10   1      KBK13          1300     19.000000 -2.47200          CL
11   1      KBK13          1300     20.000000 -2.43300         NaN
12   1      KBK13          1300     21.000000 -2.28200         NaN
13   1      KBK13          1300     22.000000 -1.92700         NaN
14   1      KBK13          1300     23.000000 -1.71300         NaN
15   1      KBK13          1300     24.000000 -1.26700         NaN
16   1      KBK13          1300     25.000000 -0.45200         NaN
17   1      KBK13          1300     26.000000  0.01300         NaN
18   1      KBK13          1300     27.000000  0.61300         NaN
19   1      KBK13          1300     28.000000  1.33800          RB
20   1      KBK13          1300     30.000000  1.39700         NaN
21   1      KBK13          1300     32.000000  3.14800         NaN
22   1      KBK13          1300     36.000000  3.14300     Bc road
23   1      KBK13          1300     36.999999  3.14175         NaN
24   1      KBK13          1300     37.999998  3.14050         NaN
25   1      KBK13          1300     38.999998  3.13925         NaN
26   1      KBK13          1300     39.999997  3.13800         NaN
27   1      KBK13          1300     40.999996  3.13675         NaN
28   1      KBK13          1300     41.999995  3.13550         NaN
29   1      KBK13          1300     53.999986  3.12050            
 



 Finished Building combined_df entry for section no=KBK13 




 



 Processing Section No=KBK14
 Section No=KBK14 CL Shift=7m Right Section=12m
 centerline shifting towrads right by=7m
 extension length=12m
 [1.176, 1.17, 1.151, 0.4260000000000002, -0.2549999999999999, -1.074, -1.455, -1.811, -2.109, -2.414, -2.609, -2.649, -2.611, -2.414, -2.1, -1.807, -1.455, -0.5329999999999999, 0.1949999999999998, 0.831, 1.941, 1.951, 1.960999500037497, 1.970999000074994, 1.980998500112491, 1.990998000149987, 2.000997500187484, 2.010997000224981, 2.020996500262478, 2.030996000299975, 2.040995500337472, 2.050995000374968, 2.1709890008249193]
 



 Initiated Building combined_df entry for section no=KBK14 




     SL Section No  Chainage (m)  Distance (m)    RL (m)    Remarks
0    1      KBK14          1400       0.00000  1.176000  Open land
1    1      KBK14          1400       5.00000  1.170000        NaN
2    1      KBK14          1400      10.00000  1.151000         LB
3    1      KBK14          1400      11.00000  0.426000        NaN
4    1      KBK14          1400      12.00000 -0.255000        NaN
5    1      KBK14          1400      13.00000 -1.074000        NaN
6    1      KBK14          1400      14.00000 -1.455000        NaN
7    1      KBK14          1400      15.00000 -1.811000        NaN
8    1      KBK14          1400      16.00000 -2.109000        NaN
9    1      KBK14          1400      17.00000 -2.414000        NaN
10   1      KBK14          1400      18.00000 -2.609000        NaN
11   1      KBK14          1400      20.00000 -2.649000         CL
12   1      KBK14          1400      22.00000 -2.611000        NaN
13   1      KBK14          1400      23.00000 -2.414000        NaN
14   1      KBK14          1400      24.00000 -2.100000        NaN
15   1      KBK14          1400      25.00000 -1.807000        NaN
16   1      KBK14          1400      26.00000 -1.455000        NaN
17   1      KBK14          1400      27.00000 -0.533000        NaN
18   1      KBK14          1400      28.00000  0.195000        NaN
19   1      KBK14          1400      29.00000  0.831000        NaN
20   1      KBK14          1400      30.00000  1.941000         RB
21   1      KBK14          1400      31.00000  1.951000      House
22   1      KBK14          1400      31.99995  1.961000        NaN
23   1      KBK14          1400      32.99990  1.970999        NaN
24   1      KBK14          1400      33.99985  1.980999        NaN
25   1      KBK14          1400      34.99980  1.990998        NaN
26   1      KBK14          1400      35.99975  2.000998        NaN
27   1      KBK14          1400      36.99970  2.010997        NaN
28   1      KBK14          1400      37.99965  2.020997        NaN
29   1      KBK14          1400      38.99960  2.030996        NaN
30   1      KBK14          1400      39.99955  2.040996        NaN
31   1      KBK14          1400      40.99950  2.050995        NaN
32   1      KBK14          1400      52.99890  2.170989           
 



 Finished Building combined_df entry for section no=KBK14 




 



 Processing Section No=KBK15
 Section No=KBK15 CL Shift=8m Right Section=13m
 centerline shifting towrads right by=8m
 extension length=13m
 [0.2410000000000001, 0.2479999999999998, 0.258, -0.165, -0.488, -0.7650000000000001, -1.037, -1.202, -1.382, -1.436, -1.386, -1.002, -0.8649999999999998, -0.5990000000000002, 0.09799999999999986, 0.835, 2.042, 2.038, 2.03666666785185, 2.0353333357037, 2.034000003555551, 2.032666671407401, 2.031333339259251, 2.030000007111102, 2.028666674962952, 2.027333342814802, 2.026000010666653, 2.024666678518503, 2.023333346370353, 2.022000014222204, 2.00466669629627]
 



 Initiated Building combined_df entry for section no=KBK15 




     SL Section No  Chainage (m)  Distance (m)    RL (m)     Remarks
0    1      KBK15          1500      0.000000  0.241000  Paddy land
1    1      KBK15          1500      5.000000  0.248000         NaN
2    1      KBK15          1500     10.000000  0.258000          LB
3    1      KBK15          1500     11.000000 -0.165000         NaN
4    1      KBK15          1500     12.000000 -0.488000         NaN
5    1      KBK15          1500     13.000000 -0.765000         NaN
6    1      KBK15          1500     14.000000 -1.037000         NaN
7    1      KBK15          1500     15.000000 -1.202000         NaN
8    1      KBK15          1500     16.000000 -1.382000         NaN
9    1      KBK15          1500     17.000000 -1.436000          CL
10   1      KBK15          1500     18.000000 -1.386000         NaN
11   1      KBK15          1500     19.000000 -1.002000         NaN
12   1      KBK15          1500     20.000000 -0.865000         NaN
13   1      KBK15          1500     21.000000 -0.599000         NaN
14   1      KBK15          1500     22.000000  0.098000         NaN
15   1      KBK15          1500     23.000000  0.835000         NaN
16   1      KBK15          1500     24.000000  2.042000          RB
17   1      KBK15          1500     27.000000  2.038000       House
18   1      KBK15          1500     27.999999  2.036667         NaN
19   1      KBK15          1500     28.999998  2.035333         NaN
20   1      KBK15          1500     29.999997  2.034000         NaN
21   1      KBK15          1500     30.999996  2.032667         NaN
22   1      KBK15          1500     31.999996  2.031333         NaN
23   1      KBK15          1500     32.999995  2.030000         NaN
24   1      KBK15          1500     33.999994  2.028667         NaN
25   1      KBK15          1500     34.999993  2.027333         NaN
26   1      KBK15          1500     35.999992  2.026000         NaN
27   1      KBK15          1500     36.999991  2.024667         NaN
28   1      KBK15          1500     37.999990  2.023333         NaN
29   1      KBK15          1500     38.999989  2.022000         NaN
30   1      KBK15          1500     51.999978  2.004667            
 



 Finished Building combined_df entry for section no=KBK15 




 



 Processing Section No=KBK16
 Section No=KBK16 CL Shift=8m Right Section=13m
 centerline shifting towrads right by=8m
 extension length=13m
 [0.1039999999999996, 0.09499999999999975, 0.08899999999999997, -0.3130000000000002, -0.6360000000000001, -0.9100000000000001, -0.9770000000000003, -1.205, -1.336, -1.55, -1.585, -1.545, -1.347, -1.31, -1.085, -0.8360000000000003, -0.6800000000000002, -0.05100000000000016, 0.2149999999999999, 0.2199999999999998, 0.2249999999999996, 0.2259999994999999, 0.23899999300000405]
 



 Initiated Building combined_df entry for section no=KBK16 




     SL Section No  Chainage (m)  Distance (m)  RL (m)    Remarks
0    1      KBK16          1600      0.000000   0.104  Open land
1    1      KBK16          1600      5.000000   0.095        NaN
2    1      KBK16          1600     10.000000   0.089         LB
3    1      KBK16          1600     11.000000  -0.313        NaN
4    1      KBK16          1600     12.000000  -0.636        NaN
5    1      KBK16          1600     13.000000  -0.910        NaN
6    1      KBK16          1600     14.000000  -0.977        NaN
7    1      KBK16          1600     15.000000  -1.205        NaN
8    1      KBK16          1600     16.000000  -1.336        NaN
9    1      KBK16          1600     17.000000  -1.550        NaN
10   1      KBK16          1600     18.000000  -1.585         CL
11   1      KBK16          1600     19.000000  -1.545        NaN
12   1      KBK16          1600     20.000000  -1.347        NaN
13   1      KBK16          1600     21.000000  -1.310        NaN
14   1      KBK16          1600     22.000000  -1.085        NaN
15   1      KBK16          1600     23.000000  -0.836        NaN
16   1      KBK16          1600     24.000000  -0.680        NaN
17   1      KBK16          1600     25.000000  -0.051        NaN
18   1      KBK16          1600     26.000000   0.215         RB
19   1      KBK16          1600     30.000000   0.220        NaN
20   1      KBK16          1600     35.000000   0.225  Open land
21   1      KBK16          1600     36.000000   0.226        NaN
22   1      KBK16          1600     48.999993   0.239           
 



 Finished Building combined_df entry for section no=KBK16 




 



 Processing Section No=KBK17
 Section No=KBK17 CL Shift=0m Right Section=10m
 centerline shifting towrads right by=0m
 extension length=10m
 [2.228, 2.225, 0.9469999999999996, 0.528, 0.0479999999999996, -1.152000000000001, -1.715, -1.999, -2.409, -2.596000000000001, -2.637, -2.598, -2.407, -2.098, -1.705000000000001, -0.8119999999999998, -0.4420000000000002, 0.2979999999999996, 1.185, 2.149, 2.153, 2.154999996000012, 2.156999992000024, 2.158999988000036, 2.160999984000048, 2.162999980000059, 2.164999976000071, 2.166999972000083, 2.168999968000095, 2.170999964000107, 2.172999960000119, 2.174999956000131, 2.176999952000143, 2.178999948000155, 2.180999944000166, 2.182999940000178, 2.18499993600019, 2.186999932000202, 2.188999928000214, 2.2089998880003328]
 



 Initiated Building combined_df entry for section no=KBK17 




     SL Section No  Chainage (m)  Distance (m)  RL (m) Remarks
0    1      KBK17          1700      0.000000   2.228   House
1    1      KBK17          1700      4.000000   2.225      LB
2    1      KBK17          1700      5.000000   0.947     NaN
3    1      KBK17          1700      6.000000   0.528     NaN
4    1      KBK17          1700      7.000000   0.048     NaN
5    1      KBK17          1700      8.000000  -1.152     NaN
6    1      KBK17          1700      9.000000  -1.715     NaN
7    1      KBK17          1700     10.000000  -1.999     NaN
8    1      KBK17          1700     11.000000  -2.409     NaN
9    1      KBK17          1700     12.000000  -2.596     NaN
10   1      KBK17          1700     13.500000  -2.637      CL
11   1      KBK17          1700     15.000000  -2.598     NaN
12   1      KBK17          1700     16.000000  -2.407     NaN
13   1      KBK17          1700     17.000000  -2.098     NaN
14   1      KBK17          1700     18.000000  -1.705     NaN
15   1      KBK17          1700     19.000000  -0.812     NaN
16   1      KBK17          1700     20.000000  -0.442     NaN
17   1      KBK17          1700     21.000000   0.298     NaN
18   1      KBK17          1700     22.000000   1.185     NaN
19   1      KBK17          1700     23.000000   2.149      RB
20   1      KBK17          1700     25.000000   2.153   Housr
21   1      KBK17          1700     25.999998   2.155     NaN
22   1      KBK17          1700     26.999996   2.157     NaN
23   1      KBK17          1700     27.999994   2.159     NaN
24   1      KBK17          1700     28.999992   2.161     NaN
25   1      KBK17          1700     29.999990   2.163     NaN
26   1      KBK17          1700     30.999988   2.165     NaN
27   1      KBK17          1700     31.999986   2.167     NaN
28   1      KBK17          1700     32.999984   2.169     NaN
29   1      KBK17          1700     33.999982   2.171     NaN
30   1      KBK17          1700     34.999980   2.173     NaN
31   1      KBK17          1700     35.999978   2.175     NaN
32   1      KBK17          1700     36.999976   2.177     NaN
33   1      KBK17          1700     37.999974   2.179     NaN
34   1      KBK17          1700     38.999972   2.181     NaN
35   1      KBK17          1700     39.999970   2.183     NaN
36   1      KBK17          1700     40.999968   2.185     NaN
37   1      KBK17          1700     41.999966   2.187     NaN
38   1      KBK17          1700     42.999964   2.189     NaN
39   1      KBK17          1700     52.999944   2.209        
 



 Finished Building combined_df entry for section no=KBK17 




 



 Processing Section No=KBK18
 Section No=KBK18 CL Shift=5m Right Section=12m
 centerline shifting towrads right by=5m
 extension length=12m
 [0.5150000000000001, 0.5049999999999999, 0.5, -0.01100000000000012, -0.2680000000000002, -0.5880000000000001, -0.6549999999999998, -0.7879999999999998, -0.8649999999999998, -0.9250000000000003, -1.012, -1.16, -1.215, -1.42, -1.46, -1.422, -1.22, -1.011, -0.9209999999999998, -0.7010000000000001, -0.6880000000000002, -0.5550000000000002, -0.2880000000000003, 0.0349999999999997, 0.5150000000000001, 1.132, 2.26, 1.955, 1.878970699228404, 1.802941398456809, 1.726912097685213, 0.8145604884260635]
 



 Initiated Building combined_df entry for section no=KBK18 




     SL Section No  Chainage (m)  Distance (m)    RL (m)      Remarks
0    1      KBK18          1810      0.000000  0.515000  Paddy kland
1    1      KBK18          1810      5.000000  0.505000          NaN
2    1      KBK18          1810     10.000000  0.500000           LB
3    1      KBK18          1810     11.000000 -0.011000          NaN
4    1      KBK18          1810     12.000000 -0.268000          NaN
5    1      KBK18          1810     13.000000 -0.588000          NaN
6    1      KBK18          1810     14.000000 -0.655000          NaN
7    1      KBK18          1810     15.000000 -0.788000          NaN
8    1      KBK18          1810     16.000000 -0.865000          NaN
9    1      KBK18          1810     17.000000 -0.925000          NaN
10   1      KBK18          1810     18.000000 -1.012000          NaN
11   1      KBK18          1810     19.000000 -1.160000          NaN
12   1      KBK18          1810     20.000000 -1.215000          NaN
13   1      KBK18          1810     22.000000 -1.420000           CL
14   1      KBK18          1810     23.000000 -1.460000          NaN
15   1      KBK18          1810     24.000000 -1.422000          NaN
16   1      KBK18          1810     26.000000 -1.220000          NaN
17   1      KBK18          1810     27.000000 -1.011000          NaN
18   1      KBK18          1810     28.000000 -0.921000          NaN
19   1      KBK18          1810     29.000000 -0.701000          NaN
20   1      KBK18          1810     30.000000 -0.688000          NaN
21   1      KBK18          1810     31.000000 -0.555000          NaN
22   1      KBK18          1810     32.000000 -0.288000          NaN
23   1      KBK18          1810     33.000000  0.035000          NaN
24   1      KBK18          1810     34.000000  0.515000          NaN
25   1      KBK18          1810     35.000000  1.132000          NaN
26   1      KBK18          1810     36.000000  2.260000           RB
27   1      KBK18          1810     40.000000  1.955000   House area
28   1      KBK18          1810     40.997106  1.878971          NaN
29   1      KBK18          1810     41.994211  1.802941          NaN
30   1      KBK18          1810     42.991317  1.726912          NaN
31   1      KBK18          1810     54.956584  0.814560             
 



 Finished Building combined_df entry for section no=KBK18 




