 Sucessfully Setup Logger for this programme.............
 Printing Data Matrix Direction.................

               Data Name         Value  \
0          Package Name  TP_KEX_10_14   
1           Data Matrix             V   
2  Long_Slope_Direction             1   

                                         Explanation  
0                               package_name_of_khal  
1                            Data written vertically  
2  1:zero chaiange at outfall 0:zero chainage at ...  
 

###############################################


    XsectionNo  chainage   r1   r2 c1 c2             KhalName   GL  \
0        CPK0         0    5   17  A  C  Char Pathalia  Khal  1.9   
1        CPK1       100   22   33  A  C  Char Pathalia  Khal  1.9   
2        CPK2       200   37   48  A  C  Char Pathalia  Khal  1.9   
3        CPK3       300   52   66  A  C  Char Pathalia  Khal  1.9   
4        CPK4       400   73   84  A  C  Char Pathalia  Khal  1.9   
5        CPK5       500   89  100  A  C  Char Pathalia  Khal  1.9   
6        CPK6       600  105  120  A  C  Char Pathalia  Khal  1.9   
7        CPK7       700  124  135  A  C  Char Pathalia  Khal  1.9   
8        CPK8       800  144  155  A  C  Char Pathalia  Khal  1.9   
9        CPK9       900  159  173  A  C  Char Pathalia  Khal  1.9   
10      CPK10      1000  178  191  A  C  Char Pathalia  Khal  1.9   
11      CPK11      1100  197  208  A  C  Char Pathalia  Khal  1.9   
12      CPK12      1220  216  230  A  C  Char Pathalia  Khal  1.9   
13      CPK13      1320  234  245  A  C  Char Pathalia  Khal  1.9   
14      CPK14      1420  250  265  A  C  Char Pathalia  Khal  1.9   
15      CPK15      1520  269  282  A  C  Char Pathalia  Khal  1.9   
16      CPK16      1625  288  303  A  C  Char Pathalia  Khal  1.9   
17      CPK17      1725  307  322  A  C  Char Pathalia  Khal  1.9   
18      CPK18      1825  326  339  A  C  Char Pathalia  Khal  1.9   
19      CPK19      1925  342  355  A  C  Char Pathalia  Khal  1.9   
20      CPK20      2025  359  371  A  C  Char Pathalia  Khal  1.9   
21      CPK21      2135  376  389  A  C  Char Pathalia  Khal  1.9   
22      CPK22      2235  393  407  A  C  Char Pathalia  Khal  1.9   
23      CPK23      2340  411  423  A  C  Char Pathalia  Khal  1.9   
24      CPK24      2450  431  443  A  C  Char Pathalia  Khal  1.9   
25      CPK25      2525  447  462  A  C  Char Pathalia  Khal  1.9   

    Ivert Level  Retention  Required_Area  Direction  
0          -1.6        0.6             30          1  
1          -1.6        0.6             30          1  
2          -1.6        0.6             30          1  
3          -1.6        0.6             30          1  
4          -1.6        0.6             30          1  
5          -1.6        0.6             30          1  
6          -1.6        0.6             30          1  
7          -1.6        0.6             30          1  
8          -1.6        0.6             30          1  
9          -1.6        0.6             30          1  
10         -1.6        0.6             30          1  
11         -1.6        0.6             30          1  
12         -1.6        0.6             30          1  
13         -1.6        0.6             30          1  
14         -1.6        0.6             30          1  
15         -1.6        0.6             30          1  
16         -1.6        0.6             30          1  
17         -1.6        0.6             30          1  
18         -1.6        0.6             30          1  
19         -1.6        0.6             30          1  
20         -1.6        0.6             30          1  
21         -1.6        0.6             30          1  
22         -1.6        0.6             30          1  
23         -1.6        0.6             30          1  
24         -1.6        0.6             30          1  
25         -1.6        0.6             30          1  
 --------Intiated Data Transfer for section no=CPK0--------




 chainage=0 sec=CPK0 row1=5 row2=17 col1=A col2=C 1
 





 {'dist': [0, 5, 10, 11, 13, 15, 16, 17, 19, 21, 22, 27, 32], 'rl': [1.809, 1.803, 1.798, 0.833, 0.02, -0.398, -0.497, -0.396, -0.012, 0.639, 1.489, 1.503, 1.51], 'remarks': ['Khal bank', '', 'LB', '', '', '', 'CL', '', '', '', 'RB', '', 'Khal bank'], 'chainage': [0, 0, 0, 0, 0, 0, 0, 0, 0, 0, 0, 0, 0], 'sectionNo': ['CPK0', 'CPK0', 'CPK0', 'CPK0', 'CPK0', 'CPK0', 'CPK0', 'CPK0', 'CPK0', 'CPK0', 'CPK0', 'CPK0', 'CPK0']}
 





 --------Finished Data Transfer for section no=CPK0--------




 --------Intiated Data Transfer for section no=CPK1--------




 chainage=100 sec=CPK1 row1=22 row2=33 col1=A col2=C 1
 





 {'dist': [0, 3, 4, 6, 8, 9, 10, 12, 14, 15, 20, 25], 'rl': [2.911, 2.906, 1.725, 0.652, -0.04, -0.139, -0.038, 0.651, 1.658, 3.139, 3.152, 3.16], 'remarks': ['Toilet', 'LB', '', '', '', 'CL', '', '', '', 'RB', '', 'Home stead'], 'chainage': [100, 100, 100, 100, 100, 100, 100, 100, 100, 100, 100, 100], 'sectionNo': ['CPK1', 'CPK1', 'CPK1', 'CPK1', 'CPK1', 'CPK1', 'CPK1', 'CPK1', 'CPK1', 'CPK1', 'CPK1', 'CPK1']}
 





 --------Finished Data Transfer for section no=CPK1--------




 --------Intiated Data Transfer for section no=CPK2--------




 chainage=200 sec=CPK2 row1=37 row2=48 col1=A col2=C 1
 





 {'dist': [0, 3, 6, 7, 9, 11, 12, 13, 15, 17, 18, 23], 'rl': [3.47, 3.455, 3.5, 1.986, 0.577, -0.457, -0.56, -0.459, 0.387, 1.679, 3.279, 3.293], 'remarks': ['House', 'RCC Road', 'LB', '', '', '', 'CL', '', '', '', 'RB', 'House'], 'chainage': [200, 200, 200, 200, 200, 200, 200, 200, 200, 200, 200, 200], 'sectionNo': ['CPK2', 'CPK2', 'CPK2', 'CPK2', 'CPK2', 'CPK2', 'CPK2', 'CPK2', 'CPK2', 'CPK2', 'CPK2', 'CPK2']}
 





 --------Finished Data Transfer for section no=CPK2--------




 --------Intiated Data Transfer for section no=CPK3--------




 chainage=300 sec=CPK3 row1=52 row2=66 col1=A col2=C 1
 





 {'dist': [0, 2, 4, 5, 8, 9, 11, 13, 14.5, 16, 18, 20, 21, 23, 24], 'rl': [0.897, 1.79, 3.096, 3.302, 3.196, 1.668, 0.65, 0.092, -0.01, 0.091, 0.681, 1.695, 2.991, 2.997, 2.997], 'remarks': ['Pond', '', '', 'RCC Road', 'LB', '', '', '', 'CL', '', '', '', 'RB', 'House', ''], 'chainage': [300, 300, 300, 300, 300, 300, 300, 300, 300, 300, 300, 300, 300, 300, 300], 'sectionNo': ['CPK3', 'CPK3', 'CPK3', 'CPK3', 'CPK3', 'CPK3', 'CPK3', 'CPK3', 'CPK3', 'CPK3', 'CPK3', 'CPK3', 'CPK3', 'CPK3', 'CPK3']}
 





 --------Finished Data Transfer for section no=CPK3--------




 --------Intiated Data Transfer for section no=CPK4--------




 chainage=400 sec=CPK4 row1=73 row2=84 col1=A col2=C 1
 





 {'dist': [0, 7, 10, 11, 13, 15, 16.5, 18, 20, 22, 23, 25], 'rl': [2.935, 2.966, 2.959, 1.436, 0.397, -0.022, -0.121, -0.02, 0.383, 1.379, 2.833, 2.838], 'remarks': ['Home stead', '', 'LB', '', '', '', 'CL', '', '', '', 'RB', 'House'], 'chainage': [400, 400, 400, 400, 400, 400, 400, 400, 400, 400, 400, 400], 'sectionNo': ['CPK4', 'CPK4', 'CPK4', 'CPK4', 'CPK4', 'CPK4', 'CPK4', 'CPK4', 'CPK4', 'CPK4', 'CPK4', 'CPK4']}
 





 --------Finished Data Transfer for section no=CPK4--------




 --------Intiated Data Transfer for section no=CPK5--------




 chainage=500 sec=CPK5 row1=89 row2=100 col1=A col2=C 1
 





 {'dist': [0, 3, 4, 6, 8, 9, 10, 12, 14, 15, 20, 25], 'rl': [3.764, 3.759, 1.978, 0.76, 0.045, -0.052, 0.049, 0.563, 1.93, 3.104, 3.113, 3.121], 'remarks': ['Tin Boundary', 'LB', '', '', '', 'CL', '', '', '', 'RB', '', 'Garden'], 'chainage': [500, 500, 500, 500, 500, 500, 500, 500, 500, 500, 500, 500], 'sectionNo': ['CPK5', 'CPK5', 'CPK5', 'CPK5', 'CPK5', 'CPK5', 'CPK5', 'CPK5', 'CPK5', 'CPK5', 'CPK5', 'CPK5']}
 





 --------Finished Data Transfer for section no=CPK5--------




 --------Intiated Data Transfer for section no=CPK6--------




 chainage=600 sec=CPK6 row1=105 row2=120 col1=A col2=C 1
 





 {'dist': [0, 2, 6, 10, 11, 13, 15, 17, 19, 21, 23, 24, 25, 26, 30, 35], 'rl': [1.973, 1.981, 4.221, 4.21, 2.412, 1.017, 0.203, 0.1, 0.201, 0.974, 2.39, 3.596, 3.591, 2.416, 2.411, 2.397], 'remarks': ['Garden', '', 'BC Road', 'LB', '', '', '', 'CL', '', '', '', 'RB', '', '', '', 'Paddy land'], 'chainage': [600, 600, 600, 600, 600, 600, 600, 600, 600, 600, 600, 600, 600, 600, 600, 600], 'sectionNo': ['CPK6', 'CPK6', 'CPK6', 'CPK6', 'CPK6', 'CPK6', 'CPK6', 'CPK6', 'CPK6', 'CPK6', 'CPK6', 'CPK6', 'CPK6', 'CPK6', 'CPK6', 'CPK6']}
 





 --------Finished Data Transfer for section no=CPK6--------




 --------Intiated Data Transfer for section no=CPK7--------




 chainage=700 sec=CPK7 row1=124 row2=135 col1=A col2=C 1
 





 {'dist': [0, 2, 6, 7, 9, 11, 13, 15, 17, 19, 20, 22], 'rl': [3.532, 3.694, 3.686, 1.84, 0.736, -0.129, -0.227, -0.125, 0.74, 1.814, 2.743, 2.757], 'remarks': ['School', '', 'LB', '', '', '', 'CL', '', '', '', 'RB', 'B.wall'], 'chainage': [700, 700, 700, 700, 700, 700, 700, 700, 700, 700, 700, 700], 'sectionNo': ['CPK7', 'CPK7', 'CPK7', 'CPK7', 'CPK7', 'CPK7', 'CPK7', 'CPK7', 'CPK7', 'CPK7', 'CPK7', 'CPK7']}
 





 --------Finished Data Transfer for section no=CPK7--------




 --------Intiated Data Transfer for section no=CPK8--------




 chainage=800 sec=CPK8 row1=144 row2=155 col1=A col2=C 1
 





 {'dist': [0, 4, 5, 7, 9, 11.5, 14, 16, 18, 19, 25, 30], 'rl': [3.686, 3.726, 2.029, 0.93, 0.087, -0.015, 0.086, 0.941, 2.003, 3.034, 3.039, 3.056], 'remarks': ['House', 'LB', '', '', '', 'CL', '', '', '', 'RB', '', 'Garden'], 'chainage': [800, 800, 800, 800, 800, 800, 800, 800, 800, 800, 800, 800], 'sectionNo': ['CPK8', 'CPK8', 'CPK8', 'CPK8', 'CPK8', 'CPK8', 'CPK8', 'CPK8', 'CPK8', 'CPK8', 'CPK8', 'CPK8']}
 





 --------Finished Data Transfer for section no=CPK8--------




 --------Intiated Data Transfer for section no=CPK9--------




 chainage=900 sec=CPK9 row1=159 row2=173 col1=A col2=C 1
 





 {'dist': [0, 5, 6, 8, 10, 12, 14, 16, 18, 20, 22, 23, 28, 33, 38], 'rl': [3.142, 3.214, 2.247, 1.443, 0.72, 0.021, -0.082, 0.02, 0.598, 1.02, 1.842, 2.787, 2.799, 2.808, 2.813], 'remarks': ['House', 'LB', '', '', '', '', 'CL', '', '', '', '', 'RB', '', '', 'House Area'], 'chainage': [900, 900, 900, 900, 900, 900, 900, 900, 900, 900, 900, 900, 900, 900, 900], 'sectionNo': ['CPK9', 'CPK9', 'CPK9', 'CPK9', 'CPK9', 'CPK9', 'CPK9', 'CPK9', 'CPK9', 'CPK9', 'CPK9', 'CPK9', 'CPK9', 'CPK9', 'CPK9']}
 





 --------Finished Data Transfer for section no=CPK9--------




 --------Intiated Data Transfer for section no=CPK10--------




 chainage=1000 sec=CPK10 row1=178 row2=191 col1=A col2=C 1
 





 {'dist': [0, 4, 10, 11, 13, 15, 17, 18, 19, 21, 23, 25, 26, 30], 'rl': [3.341, 3.346, 3.196, 2.235, 1.342, 0.636, 0.109, 0.006, 0.107, 0.606, 1.331, 2.21, 3.097, 3.104], 'remarks': ['BC Road', '', 'LB', '', '', '', '', 'CL', '', '', '', '', 'RB', 'House'], 'chainage': [1000, 1000, 1000, 1000, 1000, 1000, 1000, 1000, 1000, 1000, 1000, 1000, 1000, 1000], 'sectionNo': ['CPK10', 'CPK10', 'CPK10', 'CPK10', 'CPK10', 'CPK10', 'CPK10', 'CPK10', 'CPK10', 'CPK10', 'CPK10', 'CPK10', 'CPK10', 'CPK10']}
 





 --------Finished Data Transfer for section no=CPK10--------




 --------Intiated Data Transfer for section no=CPK11--------




 chainage=1100 sec=CPK11 row1=197 row2=208 col1=A col2=C 1
 





 {'dist': [0, 2, 3, 5, 7, 9, 11, 13, 15, 16, 20, 21], 'rl': [2.397, 2.39, 1.351, 0.526, -0.08, -0.184, -0.082, 0.517, 1.351, 3.195, 3.2, 3.136], 'remarks': ['House', 'LB', '', '', '', 'CL', '', '', '', 'RB', 'BC Road', 'House'], 'chainage': [1100, 1100, 1100, 1100, 1100, 1100, 1100, 1100, 1100, 1100, 1100, 1100], 'sectionNo': ['CPK11', 'CPK11', 'CPK11', 'CPK11', 'CPK11', 'CPK11', 'CPK11', 'CPK11', 'CPK11', 'CPK11', 'CPK11', 'CPK11']}
 





 --------Finished Data Transfer for section no=CPK11--------




 --------Intiated Data Transfer for section no=CPK12--------




 chainage=1220 sec=CPK12 row1=216 row2=230 col1=A col2=C 1
 





 {'dist': [0, 3, 6, 7, 9, 11, 13, 15, 17, 19, 20, 24, 25, 30, 35], 'rl': [3.583, 3.598, 3.555, 1.782, 0.533, -0.121, -0.223, -0.122, 0.566, 1.753, 3.477, 3.464, 2.484, 2.47, 2.455], 'remarks': ['House', 'HBB road', 'LB', '', '', '', 'CL', '', '', '', 'RB', 'BC Road', '', '', 'Garden'], 'chainage': [1220, 1220, 1220, 1220, 1220, 1220, 1220, 1220, 1220, 1220, 1220, 1220, 1220, 1220, 1220], 'sectionNo': ['CPK12', 'CPK12', 'CPK12', 'CPK12', 'CPK12', 'CPK12', 'CPK12', 'CPK12', 'CPK12', 'CPK12', 'CPK12', 'CPK12', 'CPK12', 'CPK12', 'CPK12']}
 





 --------Finished Data Transfer for section no=CPK12--------




 --------Intiated Data Transfer for section no=CPK13--------




 chainage=1320 sec=CPK13 row1=234 row2=245 col1=A col2=C 1
 





 {'dist': [0, 4, 5, 7, 9, 10, 11, 13, 15, 16, 17, 20], 'rl': [2.609, 2.596, 1.417, 0.515, -0.133, -0.235, -0.134, 0.473, 1.411, 2.704, 2.716, 2.716], 'remarks': ['House', 'LB', '', '', '', 'CL', '', '', '', 'RB', 'House', ''], 'chainage': [1320, 1320, 1320, 1320, 1320, 1320, 1320, 1320, 1320, 1320, 1320, 1320], 'sectionNo': ['CPK13', 'CPK13', 'CPK13', 'CPK13', 'CPK13', 'CPK13', 'CPK13', 'CPK13', 'CPK13', 'CPK13', 'CPK13', 'CPK13']}
 





 --------Finished Data Transfer for section no=CPK13--------




 --------Intiated Data Transfer for section no=CPK14--------




 chainage=1420 sec=CPK14 row1=250 row2=265 col1=A col2=C 1
 





 {'dist': [0, 3, 5, 6, 8, 10, 12, 13, 14, 16, 18, 20, 21, 25, 28, 33], 'rl': [3.055, 3.066, 3.044, 1.812, 1.017, 0.513, 0.093, -0.006, 0.097, 0.494, 1.01, 1.806, 3.498, 3.507, 1.961, 1.953], 'remarks': ['House', 'HBB Road', 'LB', '', '', '', '', 'CL', '', '', '', '', 'RB', 'BC Road', '', 'Open land'], 'chainage': [1420, 1420, 1420, 1420, 1420, 1420, 1420, 1420, 1420, 1420, 1420, 1420, 1420, 1420, 1420, 1420], 'sectionNo': ['CPK14', 'CPK14', 'CPK14', 'CPK14', 'CPK14', 'CPK14', 'CPK14', 'CPK14', 'CPK14', 'CPK14', 'CPK14', 'CPK14', 'CPK14', 'CPK14', 'CPK14', 'CPK14']}
 





 --------Finished Data Transfer for section no=CPK14--------




 --------Intiated Data Transfer for section no=CPK15--------




 chainage=1520 sec=CPK15 row1=269 row2=282 col1=A col2=C 1
 





 {'dist': [0, 3, 4, 6, 8, 10, 12, 14, 16, 18, 20, 21, 25, 28], 'rl': [3.026, 3.012, 1.933, 1.128, 0.481, 0.003, -0.099, 0.002, 0.474, 1.082, 2.131, 3.607, 3.602, 3.589], 'remarks': ['House', 'LB', '', '', '', '', 'CL', '', '', '', '', 'RB', 'BC Road', 'House'], 'chainage': [1520, 1520, 1520, 1520, 1520, 1520, 1520, 1520, 1520, 1520, 1520, 1520, 1520, 1520], 'sectionNo': ['CPK15', 'CPK15', 'CPK15', 'CPK15', 'CPK15', 'CPK15', 'CPK15', 'CPK15', 'CPK15', 'CPK15', 'CPK15', 'CPK15', 'CPK15', 'CPK15']}
 





 --------Finished Data Transfer for section no=CPK15--------




 --------Intiated Data Transfer for section no=CPK16--------




 chainage=1625 sec=CPK16 row1=288 row2=303 col1=A col2=C 1
 





 {'dist': [0, 2, 3, 5, 7, 9, 11, 13, 15, 17, 19, 20, 21, 22, 25, 26], 'rl': [3.118, 3.113, 1.946, 1.133, 0.538, 0.138, 0.037, 0.139, 0.543, 1.151, 1.919, 3.008, 3.016, 3.792, 3.787, 3.78], 'remarks': ['Tin Boundary', 'LB', '', '', '', '', 'CL', '', '', '', '', 'RB', '', '', 'BC Road', 'B.wall'], 'chainage': [1625, 1625, 1625, 1625, 1625, 1625, 1625, 1625, 1625, 1625, 1625, 1625, 1625, 1625, 1625, 1625], 'sectionNo': ['CPK16', 'CPK16', 'CPK16', 'CPK16', 'CPK16', 'CPK16', 'CPK16', 'CPK16', 'CPK16', 'CPK16', 'CPK16', 'CPK16', 'CPK16', 'CPK16', 'CPK16', 'CPK16']}
 





 --------Finished Data Transfer for section no=CPK16--------




 --------Intiated Data Transfer for section no=CPK17--------




 chainage=1725 sec=CPK17 row1=307 row2=322 col1=A col2=C 1
 





 {'dist': [0, 5, 6, 10, 11, 12, 14, 16, 17.5, 19, 21, 23, 24, 25, 30, 35], 'rl': [2.529, 2.542, 3.535, 3.53, 2.406, 1.45, 0.781, 0.296, 0.194, 0.295, 0.799, 1.463, 2.345, 3.339, 3.346, 3.354], 'remarks': ['Open land', '', 'BC Road', 'LB', '', '', '', '', 'CL', '', '', '', '', 'RB', '', 'Garden'], 'chainage': [1725, 1725, 1725, 1725, 1725, 1725, 1725, 1725, 1725, 1725, 1725, 1725, 1725, 1725, 1725, 1725], 'sectionNo': ['CPK17', 'CPK17', 'CPK17', 'CPK17', 'CPK17', 'CPK17', 'CPK17', 'CPK17', 'CPK17', 'CPK17', 'CPK17', 'CPK17', 'CPK17', 'CPK17', 'CPK17', 'CPK17']}
 





 --------Finished Data Transfer for section no=CPK17--------




 --------Intiated Data Transfer for section no=CPK18--------




 chainage=1825 sec=CPK18 row1=326 row2=339 col1=A col2=C 1
 





 {'dist': [0, 5, 6, 10, 11, 13, 15, 17, 19, 21, 23, 24, 25, 27], 'rl': [2.905, 2.914, 3.736, 3.727, 2.164, 0.963, 0.234, 0.132, 0.235, 0.937, 2.095, 3.35, 3.356, 3.356], 'remarks': ['Home stead', '', '', 'LB', '', '', '', 'CL', '', '', '', 'RB', 'House', ''], 'chainage': [1825, 1825, 1825, 1825, 1825, 1825, 1825, 1825, 1825, 1825, 1825, 1825, 1825, 1825], 'sectionNo': ['CPK18', 'CPK18', 'CPK18', 'CPK18', 'CPK18', 'CPK18', 'CPK18', 'CPK18', 'CPK18', 'CPK18', 'CPK18', 'CPK18', 'CPK18', 'CPK18']}
 





 --------Finished Data Transfer for section no=CPK18--------




 --------Intiated Data Transfer for section no=CPK19--------




 chainage=1925 sec=CPK19 row1=342 row2=355 col1=A col2=C 1
 





 {'dist': [0, 3, 7, 8, 10, 12, 13.5, 15, 17, 19, 20, 25, 30, 35], 'rl': [3.627, 3.853, 3.828, 1.808, 0.811, 0.139, 0.037, 0.138, 0.823, 1.83, 3.507, 3.528, 3.533, 3.541], 'remarks': ['House', '', 'LB', '', '', '', 'CL', '', '', '', 'RB', '', '', 'Garden'], 'chainage': [1925, 1925, 1925, 1925, 1925, 1925, 1925, 1925, 1925, 1925, 1925, 1925, 1925, 1925], 'sectionNo': ['CPK19', 'CPK19', 'CPK19', 'CPK19', 'CPK19', 'CPK19', 'CPK19', 'CPK19', 'CPK19', 'CPK19', 'CPK19', 'CPK19', 'CPK19', 'CPK19']}
 





 --------Finished Data Transfer for section no=CPK19--------




 --------Intiated Data Transfer for section no=CPK20--------




 chainage=2025 sec=CPK20 row1=359 row2=371 col1=A col2=C 1
 





 {'dist': [0, 4, 5, 7, 9, 11, 12, 13, 15, 17, 19, 20, 24], 'rl': [3.732, 3.975, 2.788, 1.772, 0.833, 0.254, 0.153, 0.256, 0.878, 1.789, 2.266, 2.632, 2.646], 'remarks': ['House', 'LB', '', '', '', '', 'CL', '', '', '', '', 'RB', 'House'], 'chainage': [2025, 2025, 2025, 2025, 2025, 2025, 2025, 2025, 2025, 2025, 2025, 2025, 2025], 'sectionNo': ['CPK20', 'CPK20', 'CPK20', 'CPK20', 'CPK20', 'CPK20', 'CPK20', 'CPK20', 'CPK20', 'CPK20', 'CPK20', 'CPK20', 'CPK20']}
 





 --------Finished Data Transfer for section no=CPK20--------




 --------Intiated Data Transfer for section no=CPK21--------




 chainage=2135 sec=CPK21 row1=376 row2=389 col1=A col2=C 1
 





 {'dist': [0, 4, 5, 7, 9, 11, 13, 15, 17, 19, 21, 22, 27, 32], 'rl': [4.004, 3.999, 2.798, 1.749, 0.794, 0.001, -0.1, 0.002, 0.298, 0.784, 1.801, 2.662, 2.669, 2.681], 'remarks': ['House', 'LB', '', '', '', '', 'CL', '', '', '', '', 'RB', '', 'Home stead'], 'chainage': [2135, 2135, 2135, 2135, 2135, 2135, 2135, 2135, 2135, 2135, 2135, 2135, 2135, 2135], 'sectionNo': ['CPK21', 'CPK21', 'CPK21', 'CPK21', 'CPK21', 'CPK21', 'CPK21', 'CPK21', 'CPK21', 'CPK21', 'CPK21', 'CPK21', 'CPK21', 'CPK21']}
 





 --------Finished Data Transfer for section no=CPK21--------




 --------Intiated Data Transfer for section no=CPK22--------




 chainage=2235 sec=CPK22 row1=393 row2=407 col1=A col2=C 1
 





 {'dist': [0, 5, 6, 10, 11, 13, 15, 17, 19, 21, 23, 24, 26, 27, 29], 'rl': [3.051, 3.067, 4.334, 4.327, 2.532, 0.556, -0.374, -0.473, -0.372, 0.394, 1.361, 2.543, 2.552, 1.714, 0.953], 'remarks': ['House Area', '', 'BC Road', 'LB', '', '', '', 'CL', '', '', '', 'RB', '', '', 'Fisheries'], 'chainage': [2235, 2235, 2235, 2235, 2235, 2235, 2235, 2235, 2235, 2235, 2235, 2235, 2235, 2235, 2235], 'sectionNo': ['CPK22', 'CPK22', 'CPK22', 'CPK22', 'CPK22', 'CPK22', 'CPK22', 'CPK22', 'CPK22', 'CPK22', 'CPK22', 'CPK22', 'CPK22', 'CPK22', 'CPK22']}
 





 --------Finished Data Transfer for section no=CPK22--------




 --------Intiated Data Transfer for section no=CPK23--------




 chainage=2340 sec=CPK23 row1=411 row2=423 col1=A col2=C 1
 





 {'dist': [0, 5, 10, 11, 12, 13, 14, 15, 16, 17, 18, 23, 28], 'rl': [1.033, 1.019, 1.012, 0.612, 0.199, -0.097, -0.2, -0.098, 0.207, 0.603, 0.976, 0.972, 0.967], 'remarks': ['Paddy land', '', 'LB', '', '', '', 'CL', '', '', '', 'RB', '', 'Paddy land'], 'chainage': [2340, 2340, 2340, 2340, 2340, 2340, 2340, 2340, 2340, 2340, 2340, 2340, 2340], 'sectionNo': ['CPK23', 'CPK23', 'CPK23', 'CPK23', 'CPK23', 'CPK23', 'CPK23', 'CPK23', 'CPK23', 'CPK23', 'CPK23', 'CPK23', 'CPK23']}
 





 --------Finished Data Transfer for section no=CPK23--------




 --------Intiated Data Transfer for section no=CPK24--------




 chainage=2450 sec=CPK24 row1=431 row2=443 col1=A col2=C 1
 





 {'dist': [0, 5, 10, 11, 12, 13, 14, 15, 16, 17, 18, 23, 28], 'rl': [0.854, 0.847, 0.838, 0.463, 0.014, -0.277, -0.381, -0.279, 0.11, 0.764, 1.598, 1.61, 1.617], 'remarks': ['Paddy land', '', 'LB', '', '', '', 'CL', '', '', '', 'RB', '', 'Home stead'], 'chainage': [2450, 2450, 2450, 2450, 2450, 2450, 2450, 2450, 2450, 2450, 2450, 2450, 2450], 'sectionNo': ['CPK24', 'CPK24', 'CPK24', 'CPK24', 'CPK24', 'CPK24', 'CPK24', 'CPK24', 'CPK24', 'CPK24', 'CPK24', 'CPK24', 'CPK24']}
 





 --------Finished Data Transfer for section no=CPK24--------




 --------Intiated Data Transfer for section no=CPK25--------




 chainage=2525 sec=CPK25 row1=447 row2=462 col1=A col2=C 1
 





 {'dist': [0, 7, 8, 10, 12, 14, 16, 18, 20, 22, 24, 26, 28, 30, 35, 40], 'rl': [1.305, 1.294, 2.774, 2.769, 1.863, 1.095, 0.555, 0.16, 0.059, 0.161, 0.562, 1.058, 1.965, 3.594, 3.599, 3.604], 'remarks': ['Khal bank', '', 'HBB road', 'LB', '', '', '', '', 'CL', '', '', '', '', 'RB', '', 'Khal bank'], 'chainage': [2525, 2525, 2525, 2525, 2525, 2525, 2525, 2525, 2525, 2525, 2525, 2525, 2525, 2525, 2525, 2525], 'sectionNo': ['CPK25', 'CPK25', 'CPK25', 'CPK25', 'CPK25', 'CPK25', 'CPK25', 'CPK25', 'CPK25', 'CPK25', 'CPK25', 'CPK25', 'CPK25', 'CPK25', 'CPK25', 'CPK25']}
 





 --------Finished Data Transfer for section no=CPK25--------




 Begin Building Xsection Data Sheet................
 Printing Input Data Frame.............
 


Detailed Debugging of Calcualtion of CL




 



Initiated Section no =CPK0**********************************
    Section No  Chainage (m)  Distance (m)  RL (m)    Remarks
0        CPK0             0           0.0   1.809  Khal bank
1        CPK0             0           5.0   1.803           
2        CPK0             0          10.0   1.798         LB
3        CPK0             0          11.0   0.833           
4        CPK0             0          13.0   0.020           
5        CPK0             0          15.0  -0.398           
6        CPK0             0          16.0  -0.497         CL
7        CPK0             0          17.0  -0.396           
8        CPK0             0          19.0  -0.012           
9        CPK0             0          21.0   0.639           
10       CPK0             0          22.0   1.489         RB
11       CPK0             0          27.0   1.503           
12       CPK0             0          32.0   1.510  Khal bank
   Section No  Chainage (m)  Distance (m)  RL (m) Remarks
6       CPK0             0          16.0  -0.497      CL
   Section No  Chainage (m)  Distance (m)  RL (m) Remarks
2       CPK0             0          10.0   1.798      LB
    Section No  Chainage (m)  Distance (m)  RL (m) Remarks
10       CPK0             0          22.0   1.489      RB
 sencionno=CPK0 CL distance=16.0 RL=-0.497
 Finished Section no =CPK0**********************************
 



Initiated Section no =CPK1**********************************
    Section No  Chainage (m)  Distance (m)  RL (m)     Remarks
13       CPK1           100           0.0   2.911      Toilet
14       CPK1           100           3.0   2.906          LB
15       CPK1           100           4.0   1.725            
16       CPK1           100           6.0   0.652            
17       CPK1           100           8.0  -0.040            
18       CPK1           100           9.0  -0.139          CL
19       CPK1           100          10.0  -0.038            
20       CPK1           100          12.0   0.651            
21       CPK1           100          14.0   1.658            
22       CPK1           100          15.0   3.139          RB
23       CPK1           100          20.0   3.152            
24       CPK1           100          25.0   3.160  Home stead
    Section No  Chainage (m)  Distance (m)  RL (m) Remarks
18       CPK1           100           9.0  -0.139      CL
    Section No  Chainage (m)  Distance (m)  RL (m) Remarks
14       CPK1           100           3.0   2.906      LB
    Section No  Chainage (m)  Distance (m)  RL (m) Remarks
22       CPK1           100          15.0   3.139      RB
 sencionno=CPK1 CL distance=9.0 RL=-0.139
 Finished Section no =CPK1**********************************
 



Initiated Section no =CPK2**********************************
    Section No  Chainage (m)  Distance (m)  RL (m)   Remarks
25       CPK2           200           0.0   3.470     House
26       CPK2           200           3.0   3.455  RCC Road
27       CPK2           200           6.0   3.500        LB
28       CPK2           200           7.0   1.986          
29       CPK2           200           9.0   0.577          
30       CPK2           200          11.0  -0.457          
31       CPK2           200          12.0  -0.560        CL
32       CPK2           200          13.0  -0.459          
33       CPK2           200          15.0   0.387          
34       CPK2           200          17.0   1.679          
35       CPK2           200          18.0   3.279        RB
36       CPK2           200          23.0   3.293     House
    Section No  Chainage (m)  Distance (m)  RL (m) Remarks
31       CPK2           200          12.0   -0.56      CL
    Section No  Chainage (m)  Distance (m)  RL (m) Remarks
27       CPK2           200           6.0     3.5      LB
    Section No  Chainage (m)  Distance (m)  RL (m) Remarks
35       CPK2           200          18.0   3.279      RB
 sencionno=CPK2 CL distance=12.0 RL=-0.56
 Finished Section no =CPK2**********************************
 



Initiated Section no =CPK3**********************************
    Section No  Chainage (m)  Distance (m)  RL (m)   Remarks
37       CPK3           300           0.0   0.897      Pond
38       CPK3           300           2.0   1.790          
39       CPK3           300           4.0   3.096          
40       CPK3           300           5.0   3.302  RCC Road
41       CPK3           300           8.0   3.196        LB
42       CPK3           300           9.0   1.668          
43       CPK3           300          11.0   0.650          
44       CPK3           300          13.0   0.092          
45       CPK3           300          14.5  -0.010        CL
46       CPK3           300          16.0   0.091          
47       CPK3           300          18.0   0.681          
48       CPK3           300          20.0   1.695          
49       CPK3           300          21.0   2.991        RB
50       CPK3           300          23.0   2.997     House
51       CPK3           300          24.0   2.997          
    Section No  Chainage (m)  Distance (m)  RL (m) Remarks
45       CPK3           300          14.5   -0.01      CL
    Section No  Chainage (m)  Distance (m)  RL (m) Remarks
41       CPK3           300           8.0   3.196      LB
    Section No  Chainage (m)  Distance (m)  RL (m) Remarks
49       CPK3           300          21.0   2.991      RB
 sencionno=CPK3 CL distance=14.5 RL=-0.01
 Finished Section no =CPK3**********************************
 



Initiated Section no =CPK4**********************************
    Section No  Chainage (m)  Distance (m)  RL (m)     Remarks
52       CPK4           400           0.0   2.935  Home stead
53       CPK4           400           7.0   2.966            
54       CPK4           400          10.0   2.959          LB
55       CPK4           400          11.0   1.436            
56       CPK4           400          13.0   0.397            
57       CPK4           400          15.0  -0.022            
58       CPK4           400          16.5  -0.121          CL
59       CPK4           400          18.0  -0.020            
60       CPK4           400          20.0   0.383            
61       CPK4           400          22.0   1.379            
62       CPK4           400          23.0   2.833          RB
63       CPK4           400          25.0   2.838       House
    Section No  Chainage (m)  Distance (m)  RL (m) Remarks
58       CPK4           400          16.5  -0.121      CL
    Section No  Chainage (m)  Distance (m)  RL (m) Remarks
54       CPK4           400          10.0   2.959      LB
    Section No  Chainage (m)  Distance (m)  RL (m) Remarks
62       CPK4           400          23.0   2.833      RB
 sencionno=CPK4 CL distance=16.5 RL=-0.121
 Finished Section no =CPK4**********************************
 



Initiated Section no =CPK5**********************************
    Section No  Chainage (m)  Distance (m)  RL (m)       Remarks
64       CPK5           500           0.0   3.764  Tin Boundary
65       CPK5           500           3.0   3.759            LB
66       CPK5           500           4.0   1.978              
67       CPK5           500           6.0   0.760              
68       CPK5           500           8.0   0.045              
69       CPK5           500           9.0  -0.052            CL
70       CPK5           500          10.0   0.049              
71       CPK5           500          12.0   0.563              
72       CPK5           500          14.0   1.930              
73       CPK5           500          15.0   3.104            RB
74       CPK5           500          20.0   3.113              
75       CPK5           500          25.0   3.121        Garden
    Section No  Chainage (m)  Distance (m)  RL (m) Remarks
69       CPK5           500           9.0  -0.052      CL
    Section No  Chainage (m)  Distance (m)  RL (m) Remarks
65       CPK5           500           3.0   3.759      LB
    Section No  Chainage (m)  Distance (m)  RL (m) Remarks
73       CPK5           500          15.0   3.104      RB
 sencionno=CPK5 CL distance=9.0 RL=-0.052
 Finished Section no =CPK5**********************************
 



Initiated Section no =CPK6**********************************
    Section No  Chainage (m)  Distance (m)  RL (m)     Remarks
76       CPK6           600           0.0   1.973      Garden
77       CPK6           600           2.0   1.981            
78       CPK6           600           6.0   4.221     BC Road
79       CPK6           600          10.0   4.210          LB
80       CPK6           600          11.0   2.412            
81       CPK6           600          13.0   1.017            
82       CPK6           600          15.0   0.203            
83       CPK6           600          17.0   0.100          CL
84       CPK6           600          19.0   0.201            
85       CPK6           600          21.0   0.974            
86       CPK6           600          23.0   2.390            
87       CPK6           600          24.0   3.596          RB
88       CPK6           600          25.0   3.591            
89       CPK6           600          26.0   2.416            
90       CPK6           600          30.0   2.411            
91       CPK6           600          35.0   2.397  Paddy land
    Section No  Chainage (m)  Distance (m)  RL (m) Remarks
83       CPK6           600          17.0     0.1      CL
    Section No  Chainage (m)  Distance (m)  RL (m) Remarks
79       CPK6           600          10.0    4.21      LB
    Section No  Chainage (m)  Distance (m)  RL (m) Remarks
87       CPK6           600          24.0   3.596      RB
 sencionno=CPK6 CL distance=17.0 RL=0.1
 Finished Section no =CPK6**********************************
 



Initiated Section no =CPK7**********************************
     Section No  Chainage (m)  Distance (m)  RL (m) Remarks
92        CPK7           700           0.0   3.532  School
93        CPK7           700           2.0   3.694        
94        CPK7           700           6.0   3.686      LB
95        CPK7           700           7.0   1.840        
96        CPK7           700           9.0   0.736        
97        CPK7           700          11.0  -0.129        
98        CPK7           700          13.0  -0.227      CL
99        CPK7           700          15.0  -0.125        
100       CPK7           700          17.0   0.740        
101       CPK7           700          19.0   1.814        
102       CPK7           700          20.0   2.743      RB
103       CPK7           700          22.0   2.757  B.wall
    Section No  Chainage (m)  Distance (m)  RL (m) Remarks
98       CPK7           700          13.0  -0.227      CL
    Section No  Chainage (m)  Distance (m)  RL (m) Remarks
94       CPK7           700           6.0   3.686      LB
     Section No  Chainage (m)  Distance (m)  RL (m) Remarks
102       CPK7           700          20.0   2.743      RB
 sencionno=CPK7 CL distance=13.0 RL=-0.227
 Finished Section no =CPK7**********************************
 



Initiated Section no =CPK8**********************************
     Section No  Chainage (m)  Distance (m)  RL (m) Remarks
104       CPK8           800           0.0   3.686   House
105       CPK8           800           4.0   3.726      LB
106       CPK8           800           5.0   2.029        
107       CPK8           800           7.0   0.930        
108       CPK8           800           9.0   0.087        
109       CPK8           800          11.5  -0.015      CL
110       CPK8           800          14.0   0.086        
111       CPK8           800          16.0   0.941        
112       CPK8           800          18.0   2.003        
113       CPK8           800          19.0   3.034      RB
114       CPK8           800          25.0   3.039        
115       CPK8           800          30.0   3.056  Garden
     Section No  Chainage (m)  Distance (m)  RL (m) Remarks
109       CPK8           800          11.5  -0.015      CL
     Section No  Chainage (m)  Distance (m)  RL (m) Remarks
105       CPK8           800           4.0   3.726      LB
     Section No  Chainage (m)  Distance (m)  RL (m) Remarks
113       CPK8           800          19.0   3.034      RB
 sencionno=CPK8 CL distance=11.5 RL=-0.015
 Finished Section no =CPK8**********************************
 



Initiated Section no =CPK9**********************************
     Section No  Chainage (m)  Distance (m)  RL (m)     Remarks
116       CPK9           900           0.0   3.142       House
117       CPK9           900           5.0   3.214          LB
118       CPK9           900           6.0   2.247            
119       CPK9           900           8.0   1.443            
120       CPK9           900          10.0   0.720            
121       CPK9           900          12.0   0.021            
122       CPK9           900          14.0  -0.082          CL
123       CPK9           900          16.0   0.020            
124       CPK9           900          18.0   0.598            
125       CPK9           900          20.0   1.020            
126       CPK9           900          22.0   1.842            
127       CPK9           900          23.0   2.787          RB
128       CPK9           900          28.0   2.799            
129       CPK9           900          33.0   2.808            
130       CPK9           900          38.0   2.813  House Area
     Section No  Chainage (m)  Distance (m)  RL (m) Remarks
122       CPK9           900          14.0  -0.082      CL
     Section No  Chainage (m)  Distance (m)  RL (m) Remarks
117       CPK9           900           5.0   3.214      LB
     Section No  Chainage (m)  Distance (m)  RL (m) Remarks
127       CPK9           900          23.0   2.787      RB
 sencionno=CPK9 CL distance=14.0 RL=-0.082
 Finished Section no =CPK9**********************************
 



Initiated Section no =CPK10**********************************
     Section No  Chainage (m)  Distance (m)  RL (m)  Remarks
131      CPK10          1000           0.0   3.341  BC Road
132      CPK10          1000           4.0   3.346         
133      CPK10          1000          10.0   3.196       LB
134      CPK10          1000          11.0   2.235         
135      CPK10          1000          13.0   1.342         
136      CPK10          1000          15.0   0.636         
137      CPK10          1000          17.0   0.109         
138      CPK10          1000          18.0   0.006       CL
139      CPK10          1000          19.0   0.107         
140      CPK10          1000          21.0   0.606         
141      CPK10          1000          23.0   1.331         
142      CPK10          1000          25.0   2.210         
143      CPK10          1000          26.0   3.097       RB
144      CPK10          1000          30.0   3.104    House
     Section No  Chainage (m)  Distance (m)  RL (m) Remarks
138      CPK10          1000          18.0   0.006      CL
     Section No  Chainage (m)  Distance (m)  RL (m) Remarks
133      CPK10          1000          10.0   3.196      LB
     Section No  Chainage (m)  Distance (m)  RL (m) Remarks
143      CPK10          1000          26.0   3.097      RB
 sencionno=CPK10 CL distance=18.0 RL=0.006
 Finished Section no =CPK10**********************************
 



Initiated Section no =CPK11**********************************
     Section No  Chainage (m)  Distance (m)  RL (m)  Remarks
145      CPK11          1100           0.0   2.397    House
146      CPK11          1100           2.0   2.390       LB
147      CPK11          1100           3.0   1.351         
148      CPK11          1100           5.0   0.526         
149      CPK11          1100           7.0  -0.080         
150      CPK11          1100           9.0  -0.184       CL
151      CPK11          1100          11.0  -0.082         
152      CPK11          1100          13.0   0.517         
153      CPK11          1100          15.0   1.351         
154      CPK11          1100          16.0   3.195       RB
155      CPK11          1100          20.0   3.200  BC Road
156      CPK11          1100          21.0   3.136    House
     Section No  Chainage (m)  Distance (m)  RL (m) Remarks
150      CPK11          1100           9.0  -0.184      CL
     Section No  Chainage (m)  Distance (m)  RL (m) Remarks
146      CPK11          1100           2.0    2.39      LB
     Section No  Chainage (m)  Distance (m)  RL (m) Remarks
154      CPK11          1100          16.0   3.195      RB
 sencionno=CPK11 CL distance=9.0 RL=-0.184
 Finished Section no =CPK11**********************************
 



Initiated Section no =CPK12**********************************
     Section No  Chainage (m)  Distance (m)  RL (m)   Remarks
157      CPK12          1220           0.0   3.583     House
158      CPK12          1220           3.0   3.598  HBB road
159      CPK12          1220           6.0   3.555        LB
160      CPK12          1220           7.0   1.782          
161      CPK12          1220           9.0   0.533          
162      CPK12          1220          11.0  -0.121          
163      CPK12          1220          13.0  -0.223        CL
164      CPK12          1220          15.0  -0.122          
165      CPK12          1220          17.0   0.566          
166      CPK12          1220          19.0   1.753          
167      CPK12          1220          20.0   3.477        RB
168      CPK12          1220          24.0   3.464   BC Road
169      CPK12          1220          25.0   2.484          
170      CPK12          1220          30.0   2.470          
171      CPK12          1220          35.0   2.455    Garden
     Section No  Chainage (m)  Distance (m)  RL (m) Remarks
163      CPK12          1220          13.0  -0.223      CL
     Section No  Chainage (m)  Distance (m)  RL (m) Remarks
159      CPK12          1220           6.0   3.555      LB
     Section No  Chainage (m)  Distance (m)  RL (m) Remarks
167      CPK12          1220          20.0   3.477      RB
 sencionno=CPK12 CL distance=13.0 RL=-0.223
 Finished Section no =CPK12**********************************
 



Initiated Section no =CPK13**********************************
     Section No  Chainage (m)  Distance (m)  RL (m) Remarks
172      CPK13          1320           0.0   2.609   House
173      CPK13          1320           4.0   2.596      LB
174      CPK13          1320           5.0   1.417        
175      CPK13          1320           7.0   0.515        
176      CPK13          1320           9.0  -0.133        
177      CPK13          1320          10.0  -0.235      CL
178      CPK13          1320          11.0  -0.134        
179      CPK13          1320          13.0   0.473        
180      CPK13          1320          15.0   1.411        
181      CPK13          1320          16.0   2.704      RB
182      CPK13          1320          17.0   2.716   House
183      CPK13          1320          20.0   2.716        
     Section No  Chainage (m)  Distance (m)  RL (m) Remarks
177      CPK13          1320          10.0  -0.235      CL
     Section No  Chainage (m)  Distance (m)  RL (m) Remarks
173      CPK13          1320           4.0   2.596      LB
     Section No  Chainage (m)  Distance (m)  RL (m) Remarks
181      CPK13          1320          16.0   2.704      RB
 sencionno=CPK13 CL distance=10.0 RL=-0.235
 Finished Section no =CPK13**********************************
 



Initiated Section no =CPK14**********************************
     Section No  Chainage (m)  Distance (m)  RL (m)    Remarks
184      CPK14          1420           0.0   3.055      House
185      CPK14          1420           3.0   3.066   HBB Road
186      CPK14          1420           5.0   3.044         LB
187      CPK14          1420           6.0   1.812           
188      CPK14          1420           8.0   1.017           
189      CPK14          1420          10.0   0.513           
190      CPK14          1420          12.0   0.093           
191      CPK14          1420          13.0  -0.006         CL
192      CPK14          1420          14.0   0.097           
193      CPK14          1420          16.0   0.494           
194      CPK14          1420          18.0   1.010           
195      CPK14          1420          20.0   1.806           
196      CPK14          1420          21.0   3.498         RB
197      CPK14          1420          25.0   3.507    BC Road
198      CPK14          1420          28.0   1.961           
199      CPK14          1420          33.0   1.953  Open land
     Section No  Chainage (m)  Distance (m)  RL (m) Remarks
191      CPK14          1420          13.0  -0.006      CL
     Section No  Chainage (m)  Distance (m)  RL (m) Remarks
186      CPK14          1420           5.0   3.044      LB
     Section No  Chainage (m)  Distance (m)  RL (m) Remarks
196      CPK14          1420          21.0   3.498      RB
 sencionno=CPK14 CL distance=13.0 RL=-0.006
 Finished Section no =CPK14**********************************
 



Initiated Section no =CPK15**********************************
     Section No  Chainage (m)  Distance (m)  RL (m)  Remarks
200      CPK15          1520           0.0   3.026    House
201      CPK15          1520           3.0   3.012       LB
202      CPK15          1520           4.0   1.933         
203      CPK15          1520           6.0   1.128         
204      CPK15          1520           8.0   0.481         
205      CPK15          1520          10.0   0.003         
206      CPK15          1520          12.0  -0.099       CL
207      CPK15          1520          14.0   0.002         
208      CPK15          1520          16.0   0.474         
209      CPK15          1520          18.0   1.082         
210      CPK15          1520          20.0   2.131         
211      CPK15          1520          21.0   3.607       RB
212      CPK15          1520          25.0   3.602  BC Road
213      CPK15          1520          28.0   3.589    House
     Section No  Chainage (m)  Distance (m)  RL (m) Remarks
206      CPK15          1520          12.0  -0.099      CL
     Section No  Chainage (m)  Distance (m)  RL (m) Remarks
201      CPK15          1520           3.0   3.012      LB
     Section No  Chainage (m)  Distance (m)  RL (m) Remarks
211      CPK15          1520          21.0   3.607      RB
 sencionno=CPK15 CL distance=12.0 RL=-0.099
 Finished Section no =CPK15**********************************
 



Initiated Section no =CPK16**********************************
     Section No  Chainage (m)  Distance (m)  RL (m)       Remarks
214      CPK16          1625           0.0   3.118  Tin Boundary
215      CPK16          1625           2.0   3.113            LB
216      CPK16          1625           3.0   1.946              
217      CPK16          1625           5.0   1.133              
218      CPK16          1625           7.0   0.538              
219      CPK16          1625           9.0   0.138              
220      CPK16          1625          11.0   0.037            CL
221      CPK16          1625          13.0   0.139              
222      CPK16          1625          15.0   0.543              
223      CPK16          1625          17.0   1.151              
224      CPK16          1625          19.0   1.919              
225      CPK16          1625          20.0   3.008            RB
226      CPK16          1625          21.0   3.016              
227      CPK16          1625          22.0   3.792              
228      CPK16          1625          25.0   3.787       BC Road
229      CPK16          1625          26.0   3.780        B.wall
     Section No  Chainage (m)  Distance (m)  RL (m) Remarks
220      CPK16          1625          11.0   0.037      CL
     Section No  Chainage (m)  Distance (m)  RL (m) Remarks
215      CPK16          1625           2.0   3.113      LB
     Section No  Chainage (m)  Distance (m)  RL (m) Remarks
225      CPK16          1625          20.0   3.008      RB
 sencionno=CPK16 CL distance=11.0 RL=0.037
 Finished Section no =CPK16**********************************
 



Initiated Section no =CPK17**********************************
     Section No  Chainage (m)  Distance (m)  RL (m)    Remarks
230      CPK17          1725           0.0   2.529  Open land
231      CPK17          1725           5.0   2.542           
232      CPK17          1725           6.0   3.535    BC Road
233      CPK17          1725          10.0   3.530         LB
234      CPK17          1725          11.0   2.406           
235      CPK17          1725          12.0   1.450           
236      CPK17          1725          14.0   0.781           
237      CPK17          1725          16.0   0.296           
238      CPK17          1725          17.5   0.194         CL
239      CPK17          1725          19.0   0.295           
240      CPK17          1725          21.0   0.799           
241      CPK17          1725          23.0   1.463           
242      CPK17          1725          24.0   2.345           
243      CPK17          1725          25.0   3.339         RB
244      CPK17          1725          30.0   3.346           
245      CPK17          1725          35.0   3.354     Garden
     Section No  Chainage (m)  Distance (m)  RL (m) Remarks
238      CPK17          1725          17.5   0.194      CL
     Section No  Chainage (m)  Distance (m)  RL (m) Remarks
233      CPK17          1725          10.0    3.53      LB
     Section No  Chainage (m)  Distance (m)  RL (m) Remarks
243      CPK17          1725          25.0   3.339      RB
 sencionno=CPK17 CL distance=17.5 RL=0.194
 Finished Section no =CPK17**********************************
 



Initiated Section no =CPK18**********************************
     Section No  Chainage (m)  Distance (m)  RL (m)     Remarks
246      CPK18          1825           0.0   2.905  Home stead
247      CPK18          1825           5.0   2.914            
248      CPK18          1825           6.0   3.736            
249      CPK18          1825          10.0   3.727          LB
250      CPK18          1825          11.0   2.164            
251      CPK18          1825          13.0   0.963            
252      CPK18          1825          15.0   0.234            
253      CPK18          1825          17.0   0.132          CL
254      CPK18          1825          19.0   0.235            
255      CPK18          1825          21.0   0.937            
256      CPK18          1825          23.0   2.095            
257      CPK18          1825          24.0   3.350          RB
258      CPK18          1825          25.0   3.356       House
259      CPK18          1825          27.0   3.356            
     Section No  Chainage (m)  Distance (m)  RL (m) Remarks
253      CPK18          1825          17.0   0.132      CL
     Section No  Chainage (m)  Distance (m)  RL (m) Remarks
249      CPK18          1825          10.0   3.727      LB
     Section No  Chainage (m)  Distance (m)  RL (m) Remarks
257      CPK18          1825          24.0    3.35      RB
 sencionno=CPK18 CL distance=17.0 RL=0.132
 Finished Section no =CPK18**********************************
 



Initiated Section no =CPK19**********************************
     Section No  Chainage (m)  Distance (m)  RL (m) Remarks
260      CPK19          1925           0.0   3.627   House
261      CPK19          1925           3.0   3.853        
262      CPK19          1925           7.0   3.828      LB
263      CPK19          1925           8.0   1.808        
264      CPK19          1925          10.0   0.811        
265      CPK19          1925          12.0   0.139        
266      CPK19          1925          13.5   0.037      CL
267      CPK19          1925          15.0   0.138        
268      CPK19          1925          17.0   0.823        
269      CPK19          1925          19.0   1.830        
270      CPK19          1925          20.0   3.507      RB
271      CPK19          1925          25.0   3.528        
272      CPK19          1925          30.0   3.533        
273      CPK19          1925          35.0   3.541  Garden
     Section No  Chainage (m)  Distance (m)  RL (m) Remarks
266      CPK19          1925          13.5   0.037      CL
     Section No  Chainage (m)  Distance (m)  RL (m) Remarks
262      CPK19          1925           7.0   3.828      LB
     Section No  Chainage (m)  Distance (m)  RL (m) Remarks
270      CPK19          1925          20.0   3.507      RB
 sencionno=CPK19 CL distance=13.5 RL=0.037
 Finished Section no =CPK19**********************************
 



Initiated Section no =CPK20**********************************
     Section No  Chainage (m)  Distance (m)  RL (m) Remarks
274      CPK20          2025           0.0   3.732   House
275      CPK20          2025           4.0   3.975      LB
276      CPK20          2025           5.0   2.788        
277      CPK20          2025           7.0   1.772        
278      CPK20          2025           9.0   0.833        
279      CPK20          2025          11.0   0.254        
280      CPK20          2025          12.0   0.153      CL
281      CPK20          2025          13.0   0.256        
282      CPK20          2025          15.0   0.878        
283      CPK20          2025          17.0   1.789        
284      CPK20          2025          19.0   2.266        
285      CPK20          2025          20.0   2.632      RB
286      CPK20          2025          24.0   2.646   House
     Section No  Chainage (m)  Distance (m)  RL (m) Remarks
280      CPK20          2025          12.0   0.153      CL
     Section No  Chainage (m)  Distance (m)  RL (m) Remarks
275      CPK20          2025           4.0   3.975      LB
     Section No  Chainage (m)  Distance (m)  RL (m) Remarks
285      CPK20          2025          20.0   2.632      RB
 sencionno=CPK20 CL distance=12.0 RL=0.153
 Finished Section no =CPK20**********************************
 



Initiated Section no =CPK21**********************************
     Section No  Chainage (m)  Distance (m)  RL (m)     Remarks
287      CPK21          2135           0.0   4.004       House
288      CPK21          2135           4.0   3.999          LB
289      CPK21          2135           5.0   2.798            
290      CPK21          2135           7.0   1.749            
291      CPK21          2135           9.0   0.794            
292      CPK21          2135          11.0   0.001            
293      CPK21          2135          13.0  -0.100          CL
294      CPK21          2135          15.0   0.002            
295      CPK21          2135          17.0   0.298            
296      CPK21          2135          19.0   0.784            
297      CPK21          2135          21.0   1.801            
298      CPK21          2135          22.0   2.662          RB
299      CPK21          2135          27.0   2.669            
300      CPK21          2135          32.0   2.681  Home stead
     Section No  Chainage (m)  Distance (m)  RL (m) Remarks
293      CPK21          2135          13.0    -0.1      CL
     Section No  Chainage (m)  Distance (m)  RL (m) Remarks
288      CPK21          2135           4.0   3.999      LB
     Section No  Chainage (m)  Distance (m)  RL (m) Remarks
298      CPK21          2135          22.0   2.662      RB
 sencionno=CPK21 CL distance=13.0 RL=-0.1
 Finished Section no =CPK21**********************************
 



Initiated Section no =CPK22**********************************
     Section No  Chainage (m)  Distance (m)  RL (m)     Remarks
301      CPK22          2235           0.0   3.051  House Area
302      CPK22          2235           5.0   3.067            
303      CPK22          2235           6.0   4.334     BC Road
304      CPK22          2235          10.0   4.327          LB
305      CPK22          2235          11.0   2.532            
306      CPK22          2235          13.0   0.556            
307      CPK22          2235          15.0  -0.374            
308      CPK22          2235          17.0  -0.473          CL
309      CPK22          2235          19.0  -0.372            
310      CPK22          2235          21.0   0.394            
311      CPK22          2235          23.0   1.361            
312      CPK22          2235          24.0   2.543          RB
313      CPK22          2235          26.0   2.552            
314      CPK22          2235          27.0   1.714            
315      CPK22          2235          29.0   0.953   Fisheries
     Section No  Chainage (m)  Distance (m)  RL (m) Remarks
308      CPK22          2235          17.0  -0.473      CL
     Section No  Chainage (m)  Distance (m)  RL (m) Remarks
304      CPK22          2235          10.0   4.327      LB
     Section No  Chainage (m)  Distance (m)  RL (m) Remarks
312      CPK22          2235          24.0   2.543      RB
 sencionno=CPK22 CL distance=17.0 RL=-0.473
 Finished Section no =CPK22**********************************
 



Initiated Section no =CPK23**********************************
     Section No  Chainage (m)  Distance (m)  RL (m)     Remarks
316      CPK23          2340           0.0   1.033  Paddy land
317      CPK23          2340           5.0   1.019            
318      CPK23          2340          10.0   1.012          LB
319      CPK23          2340          11.0   0.612            
320      CPK23          2340          12.0   0.199            
321      CPK23          2340          13.0  -0.097            
322      CPK23          2340          14.0  -0.200          CL
323      CPK23          2340          15.0  -0.098            
324      CPK23          2340          16.0   0.207            
325      CPK23          2340          17.0   0.603            
326      CPK23          2340          18.0   0.976          RB
327      CPK23          2340          23.0   0.972            
328      CPK23          2340          28.0   0.967  Paddy land
     Section No  Chainage (m)  Distance (m)  RL (m) Remarks
322      CPK23          2340          14.0    -0.2      CL
     Section No  Chainage (m)  Distance (m)  RL (m) Remarks
318      CPK23          2340          10.0   1.012      LB
     Section No  Chainage (m)  Distance (m)  RL (m) Remarks
326      CPK23          2340          18.0   0.976      RB
 sencionno=CPK23 CL distance=14.0 RL=-0.2
 Finished Section no =CPK23**********************************
 



Initiated Section no =CPK24**********************************
     Section No  Chainage (m)  Distance (m)  RL (m)     Remarks
329      CPK24          2450           0.0   0.854  Paddy land
330      CPK24          2450           5.0   0.847            
331      CPK24          2450          10.0   0.838          LB
332      CPK24          2450          11.0   0.463            
333      CPK24          2450          12.0   0.014            
334      CPK24          2450          13.0  -0.277            
335      CPK24          2450          14.0  -0.381          CL
336      CPK24          2450          15.0  -0.279            
337      CPK24          2450          16.0   0.110            
338      CPK24          2450          17.0   0.764            
339      CPK24          2450          18.0   1.598          RB
340      CPK24          2450          23.0   1.610            
341      CPK24          2450          28.0   1.617  Home stead
     Section No  Chainage (m)  Distance (m)  RL (m) Remarks
335      CPK24          2450          14.0  -0.381      CL
     Section No  Chainage (m)  Distance (m)  RL (m) Remarks
331      CPK24          2450          10.0   0.838      LB
     Section No  Chainage (m)  Distance (m)  RL (m) Remarks
339      CPK24          2450          18.0   1.598      RB
 sencionno=CPK24 CL distance=14.0 RL=-0.381
 Finished Section no =CPK24**********************************
 



Initiated Section no =CPK25**********************************
     Section No  Chainage (m)  Distance (m)  RL (m)    Remarks
342      CPK25          2525           0.0   1.305  Khal bank
343      CPK25          2525           7.0   1.294           
344      CPK25          2525           8.0   2.774   HBB road
345      CPK25          2525          10.0   2.769         LB
346      CPK25          2525          12.0   1.863           
347      CPK25          2525          14.0   1.095           
348      CPK25          2525          16.0   0.555           
349      CPK25          2525          18.0   0.160           
350      CPK25          2525          20.0   0.059         CL
351      CPK25          2525          22.0   0.161           
352      CPK25          2525          24.0   0.562           
353      CPK25          2525          26.0   1.058           
354      CPK25          2525          28.0   1.965           
355      CPK25          2525          30.0   3.594         RB
356      CPK25          2525          35.0   3.599           
357      CPK25          2525          40.0   3.604  Khal bank
     Section No  Chainage (m)  Distance (m)  RL (m) Remarks
350      CPK25          2525          20.0   0.059      CL
     Section No  Chainage (m)  Distance (m)  RL (m) Remarks
345      CPK25          2525          10.0   2.769      LB
     Section No  Chainage (m)  Distance (m)  RL (m) Remarks
355      CPK25          2525          30.0   3.594      RB
 sencionno=CPK25 CL distance=20.0 RL=0.059
 Finished Section no =CPK25**********************************
 Finished Building Xsection Data Sheet................
 


Detailed Debugging of Calcualtion of CL




 



Initiated Section no =CPK0**********************************
    Section No  Chainage (m)  Distance (m)  RL (m)    Remarks
0        CPK0             0           0.0   1.809  Khal bank
1        CPK0             0           5.0   1.803           
2        CPK0             0          10.0   1.798         LB
3        CPK0             0          11.0   0.833           
4        CPK0             0          13.0   0.020           
5        CPK0             0          15.0  -0.398           
6        CPK0             0          16.0  -0.497         CL
7        CPK0             0          17.0  -0.396           
8        CPK0             0          19.0  -0.012           
9        CPK0             0          21.0   0.639           
10       CPK0             0          22.0   1.489         RB
11       CPK0             0          27.0   1.503           
12       CPK0             0          32.0   1.510  Khal bank
   Section No  Chainage (m)  Distance (m)  RL (m) Remarks
6       CPK0             0          16.0  -0.497      CL
   Section No  Chainage (m)  Distance (m)  RL (m) Remarks
2       CPK0             0          10.0   1.798      LB
    Section No  Chainage (m)  Distance (m)  RL (m) Remarks
10       CPK0             0          22.0   1.489      RB
 sencionno=CPK0 CL distance=16.0 RL=-0.497
 Finished Section no =CPK0**********************************
 



Initiated Section no =CPK1**********************************
    Section No  Chainage (m)  Distance (m)  RL (m)     Remarks
13       CPK1           100           0.0   2.911      Toilet
14       CPK1           100           3.0   2.906          LB
15       CPK1           100           4.0   1.725            
16       CPK1           100           6.0   0.652            
17       CPK1           100           8.0  -0.040            
18       CPK1           100           9.0  -0.139          CL
19       CPK1           100          10.0  -0.038            
20       CPK1           100          12.0   0.651            
21       CPK1           100          14.0   1.658            
22       CPK1           100          15.0   3.139          RB
23       CPK1           100          20.0   3.152            
24       CPK1           100          25.0   3.160  Home stead
    Section No  Chainage (m)  Distance (m)  RL (m) Remarks
18       CPK1           100           9.0  -0.139      CL
    Section No  Chainage (m)  Distance (m)  RL (m) Remarks
14       CPK1           100           3.0   2.906      LB
    Section No  Chainage (m)  Distance (m)  RL (m) Remarks
22       CPK1           100          15.0   3.139      RB
 sencionno=CPK1 CL distance=9.0 RL=-0.139
 Finished Section no =CPK1**********************************
 



Initiated Section no =CPK2**********************************
    Section No  Chainage (m)  Distance (m)  RL (m)   Remarks
25       CPK2           200           0.0   3.470     House
26       CPK2           200           3.0   3.455  RCC Road
27       CPK2           200           6.0   3.500        LB
28       CPK2           200           7.0   1.986          
29       CPK2           200           9.0   0.577          
30       CPK2           200          11.0  -0.457          
31       CPK2           200          12.0  -0.560        CL
32       CPK2           200          13.0  -0.459          
33       CPK2           200          15.0   0.387          
34       CPK2           200          17.0   1.679          
35       CPK2           200          18.0   3.279        RB
36       CPK2           200          23.0   3.293     House
    Section No  Chainage (m)  Distance (m)  RL (m) Remarks
31       CPK2           200          12.0   -0.56      CL
    Section No  Chainage (m)  Distance (m)  RL (m) Remarks
27       CPK2           200           6.0     3.5      LB
    Section No  Chainage (m)  Distance (m)  RL (m) Remarks
35       CPK2           200          18.0   3.279      RB
 sencionno=CPK2 CL distance=12.0 RL=-0.56
 Finished Section no =CPK2**********************************
 



Initiated Section no =CPK3**********************************
    Section No  Chainage (m)  Distance (m)  RL (m)   Remarks
37       CPK3           300           0.0   0.897      Pond
38       CPK3           300           2.0   1.790          
39       CPK3           300           4.0   3.096          
40       CPK3           300           5.0   3.302  RCC Road
41       CPK3           300           8.0   3.196        LB
42       CPK3           300           9.0   1.668          
43       CPK3           300          11.0   0.650          
44       CPK3           300          13.0   0.092          
45       CPK3           300          14.5  -0.010        CL
46       CPK3           300          16.0   0.091          
47       CPK3           300          18.0   0.681          
48       CPK3           300          20.0   1.695          
49       CPK3           300          21.0   2.991        RB
50       CPK3           300          23.0   2.997     House
51       CPK3           300          24.0   2.997          
    Section No  Chainage (m)  Distance (m)  RL (m) Remarks
45       CPK3           300          14.5   -0.01      CL
    Section No  Chainage (m)  Distance (m)  RL (m) Remarks
41       CPK3           300           8.0   3.196      LB
    Section No  Chainage (m)  Distance (m)  RL (m) Remarks
49       CPK3           300          21.0   2.991      RB
 sencionno=CPK3 CL distance=14.5 RL=-0.01
 Finished Section no =CPK3**********************************
 



Initiated Section no =CPK4**********************************
    Section No  Chainage (m)  Distance (m)  RL (m)     Remarks
52       CPK4           400           0.0   2.935  Home stead
53       CPK4           400           7.0   2.966            
54       CPK4           400          10.0   2.959          LB
55       CPK4           400          11.0   1.436            
56       CPK4           400          13.0   0.397            
57       CPK4           400          15.0  -0.022            
58       CPK4           400          16.5  -0.121          CL
59       CPK4           400          18.0  -0.020            
60       CPK4           400          20.0   0.383            
61       CPK4           400          22.0   1.379            
62       CPK4           400          23.0   2.833          RB
63       CPK4           400          25.0   2.838       House
    Section No  Chainage (m)  Distance (m)  RL (m) Remarks
58       CPK4           400          16.5  -0.121      CL
    Section No  Chainage (m)  Distance (m)  RL (m) Remarks
54       CPK4           400          10.0   2.959      LB
    Section No  Chainage (m)  Distance (m)  RL (m) Remarks
62       CPK4           400          23.0   2.833      RB
 sencionno=CPK4 CL distance=16.5 RL=-0.121
 Finished Section no =CPK4**********************************
 



Initiated Section no =CPK5**********************************
    Section No  Chainage (m)  Distance (m)  RL (m)       Remarks
64       CPK5           500           0.0   3.764  Tin Boundary
65       CPK5           500           3.0   3.759            LB
66       CPK5           500           4.0   1.978              
67       CPK5           500           6.0   0.760              
68       CPK5           500           8.0   0.045              
69       CPK5           500           9.0  -0.052            CL
70       CPK5           500          10.0   0.049              
71       CPK5           500          12.0   0.563              
72       CPK5           500          14.0   1.930              
73       CPK5           500          15.0   3.104            RB
74       CPK5           500          20.0   3.113              
75       CPK5           500          25.0   3.121        Garden
    Section No  Chainage (m)  Distance (m)  RL (m) Remarks
69       CPK5           500           9.0  -0.052      CL
    Section No  Chainage (m)  Distance (m)  RL (m) Remarks
65       CPK5           500           3.0   3.759      LB
    Section No  Chainage (m)  Distance (m)  RL (m) Remarks
73       CPK5           500          15.0   3.104      RB
 sencionno=CPK5 CL distance=9.0 RL=-0.052
 Finished Section no =CPK5**********************************
 



Initiated Section no =CPK6**********************************
    Section No  Chainage (m)  Distance (m)  RL (m)     Remarks
76       CPK6           600           0.0   1.973      Garden
77       CPK6           600           2.0   1.981            
78       CPK6           600           6.0   4.221     BC Road
79       CPK6           600          10.0   4.210          LB
80       CPK6           600          11.0   2.412            
81       CPK6           600          13.0   1.017            
82       CPK6           600          15.0   0.203            
83       CPK6           600          17.0   0.100          CL
84       CPK6           600          19.0   0.201            
85       CPK6           600          21.0   0.974            
86       CPK6           600          23.0   2.390            
87       CPK6           600          24.0   3.596          RB
88       CPK6           600          25.0   3.591            
89       CPK6           600          26.0   2.416            
90       CPK6           600          30.0   2.411            
91       CPK6           600          35.0   2.397  Paddy land
    Section No  Chainage (m)  Distance (m)  RL (m) Remarks
83       CPK6           600          17.0     0.1      CL
    Section No  Chainage (m)  Distance (m)  RL (m) Remarks
79       CPK6           600          10.0    4.21      LB
    Section No  Chainage (m)  Distance (m)  RL (m) Remarks
87       CPK6           600          24.0   3.596      RB
 sencionno=CPK6 CL distance=17.0 RL=0.1
 Finished Section no =CPK6**********************************
 



Initiated Section no =CPK7**********************************
     Section No  Chainage (m)  Distance (m)  RL (m) Remarks
92        CPK7           700           0.0   3.532  School
93        CPK7           700           2.0   3.694        
94        CPK7           700           6.0   3.686      LB
95        CPK7           700           7.0   1.840        
96        CPK7           700           9.0   0.736        
97        CPK7           700          11.0  -0.129        
98        CPK7           700          13.0  -0.227      CL
99        CPK7           700          15.0  -0.125        
100       CPK7           700          17.0   0.740        
101       CPK7           700          19.0   1.814        
102       CPK7           700          20.0   2.743      RB
103       CPK7           700          22.0   2.757  B.wall
    Section No  Chainage (m)  Distance (m)  RL (m) Remarks
98       CPK7           700          13.0  -0.227      CL
    Section No  Chainage (m)  Distance (m)  RL (m) Remarks
94       CPK7           700           6.0   3.686      LB
     Section No  Chainage (m)  Distance (m)  RL (m) Remarks
102       CPK7           700          20.0   2.743      RB
 sencionno=CPK7 CL distance=13.0 RL=-0.227
 Finished Section no =CPK7**********************************
 



Initiated Section no =CPK8**********************************
     Section No  Chainage (m)  Distance (m)  RL (m) Remarks
104       CPK8           800           0.0   3.686   House
105       CPK8           800           4.0   3.726      LB
106       CPK8           800           5.0   2.029        
107       CPK8           800           7.0   0.930        
108       CPK8           800           9.0   0.087        
109       CPK8           800          11.5  -0.015      CL
110       CPK8           800          14.0   0.086        
111       CPK8           800          16.0   0.941        
112       CPK8           800          18.0   2.003        
113       CPK8           800          19.0   3.034      RB
114       CPK8           800          25.0   3.039        
115       CPK8           800          30.0   3.056  Garden
     Section No  Chainage (m)  Distance (m)  RL (m) Remarks
109       CPK8           800          11.5  -0.015      CL
     Section No  Chainage (m)  Distance (m)  RL (m) Remarks
105       CPK8           800           4.0   3.726      LB
     Section No  Chainage (m)  Distance (m)  RL (m) Remarks
113       CPK8           800          19.0   3.034      RB
 sencionno=CPK8 CL distance=11.5 RL=-0.015
 Finished Section no =CPK8**********************************
 



Initiated Section no =CPK9**********************************
     Section No  Chainage (m)  Distance (m)  RL (m)     Remarks
116       CPK9           900           0.0   3.142       House
117       CPK9           900           5.0   3.214          LB
118       CPK9           900           6.0   2.247            
119       CPK9           900           8.0   1.443            
120       CPK9           900          10.0   0.720            
121       CPK9           900          12.0   0.021            
122       CPK9           900          14.0  -0.082          CL
123       CPK9           900          16.0   0.020            
124       CPK9           900          18.0   0.598            
125       CPK9           900          20.0   1.020            
126       CPK9           900          22.0   1.842            
127       CPK9           900          23.0   2.787          RB
128       CPK9           900          28.0   2.799            
129       CPK9           900          33.0   2.808            
130       CPK9           900          38.0   2.813  House Area
     Section No  Chainage (m)  Distance (m)  RL (m) Remarks
122       CPK9           900          14.0  -0.082      CL
     Section No  Chainage (m)  Distance (m)  RL (m) Remarks
117       CPK9           900           5.0   3.214      LB
     Section No  Chainage (m)  Distance (m)  RL (m) Remarks
127       CPK9           900          23.0   2.787      RB
 sencionno=CPK9 CL distance=14.0 RL=-0.082
 Finished Section no =CPK9**********************************
 



Initiated Section no =CPK10**********************************
     Section No  Chainage (m)  Distance (m)  RL (m)  Remarks
131      CPK10          1000           0.0   3.341  BC Road
132      CPK10          1000           4.0   3.346         
133      CPK10          1000          10.0   3.196       LB
134      CPK10          1000          11.0   2.235         
135      CPK10          1000          13.0   1.342         
136      CPK10          1000          15.0   0.636         
137      CPK10          1000          17.0   0.109         
138      CPK10          1000          18.0   0.006       CL
139      CPK10          1000          19.0   0.107         
140      CPK10          1000          21.0   0.606         
141      CPK10          1000          23.0   1.331         
142      CPK10          1000          25.0   2.210         
143      CPK10          1000          26.0   3.097       RB
144      CPK10          1000          30.0   3.104    House
     Section No  Chainage (m)  Distance (m)  RL (m) Remarks
138      CPK10          1000          18.0   0.006      CL
     Section No  Chainage (m)  Distance (m)  RL (m) Remarks
133      CPK10          1000          10.0   3.196      LB
     Section No  Chainage (m)  Distance (m)  RL (m) Remarks
143      CPK10          1000          26.0   3.097      RB
 sencionno=CPK10 CL distance=18.0 RL=0.006
 Finished Section no =CPK10**********************************
 



Initiated Section no =CPK11**********************************
     Section No  Chainage (m)  Distance (m)  RL (m)  Remarks
145      CPK11          1100           0.0   2.397    House
146      CPK11          1100           2.0   2.390       LB
147      CPK11          1100           3.0   1.351         
148      CPK11          1100           5.0   0.526         
149      CPK11          1100           7.0  -0.080         
150      CPK11          1100           9.0  -0.184       CL
151      CPK11          1100          11.0  -0.082         
152      CPK11          1100          13.0   0.517         
153      CPK11          1100          15.0   1.351         
154      CPK11          1100          16.0   3.195       RB
155      CPK11          1100          20.0   3.200  BC Road
156      CPK11          1100          21.0   3.136    House
     Section No  Chainage (m)  Distance (m)  RL (m) Remarks
150      CPK11          1100           9.0  -0.184      CL
     Section No  Chainage (m)  Distance (m)  RL (m) Remarks
146      CPK11          1100           2.0    2.39      LB
     Section No  Chainage (m)  Distance (m)  RL (m) Remarks
154      CPK11          1100          16.0   3.195      RB
 sencionno=CPK11 CL distance=9.0 RL=-0.184
 Finished Section no =CPK11**********************************
 



Initiated Section no =CPK12**********************************
     Section No  Chainage (m)  Distance (m)  RL (m)   Remarks
157      CPK12          1220           0.0   3.583     House
158      CPK12          1220           3.0   3.598  HBB road
159      CPK12          1220           6.0   3.555        LB
160      CPK12          1220           7.0   1.782          
161      CPK12          1220           9.0   0.533          
162      CPK12          1220          11.0  -0.121          
163      CPK12          1220          13.0  -0.223        CL
164      CPK12          1220          15.0  -0.122          
165      CPK12          1220          17.0   0.566          
166      CPK12          1220          19.0   1.753          
167      CPK12          1220          20.0   3.477        RB
168      CPK12          1220          24.0   3.464   BC Road
169      CPK12          1220          25.0   2.484          
170      CPK12          1220          30.0   2.470          
171      CPK12          1220          35.0   2.455    Garden
     Section No  Chainage (m)  Distance (m)  RL (m) Remarks
163      CPK12          1220          13.0  -0.223      CL
     Section No  Chainage (m)  Distance (m)  RL (m) Remarks
159      CPK12          1220           6.0   3.555      LB
     Section No  Chainage (m)  Distance (m)  RL (m) Remarks
167      CPK12          1220          20.0   3.477      RB
 sencionno=CPK12 CL distance=13.0 RL=-0.223
 Finished Section no =CPK12**********************************
 



Initiated Section no =CPK13**********************************
     Section No  Chainage (m)  Distance (m)  RL (m) Remarks
172      CPK13          1320           0.0   2.609   House
173      CPK13          1320           4.0   2.596      LB
174      CPK13          1320           5.0   1.417        
175      CPK13          1320           7.0   0.515        
176      CPK13          1320           9.0  -0.133        
177      CPK13          1320          10.0  -0.235      CL
178      CPK13          1320          11.0  -0.134        
179      CPK13          1320          13.0   0.473        
180      CPK13          1320          15.0   1.411        
181      CPK13          1320          16.0   2.704      RB
182      CPK13          1320          17.0   2.716   House
183      CPK13          1320          20.0   2.716        
     Section No  Chainage (m)  Distance (m)  RL (m) Remarks
177      CPK13          1320          10.0  -0.235      CL
     Section No  Chainage (m)  Distance (m)  RL (m) Remarks
173      CPK13          1320           4.0   2.596      LB
     Section No  Chainage (m)  Distance (m)  RL (m) Remarks
181      CPK13          1320          16.0   2.704      RB
 sencionno=CPK13 CL distance=10.0 RL=-0.235
 Finished Section no =CPK13**********************************
 



Initiated Section no =CPK14**********************************
     Section No  Chainage (m)  Distance (m)  RL (m)    Remarks
184      CPK14          1420           0.0   3.055      House
185      CPK14          1420           3.0   3.066   HBB Road
186      CPK14          1420           5.0   3.044         LB
187      CPK14          1420           6.0   1.812           
188      CPK14          1420           8.0   1.017           
189      CPK14          1420          10.0   0.513           
190      CPK14          1420          12.0   0.093           
191      CPK14          1420          13.0  -0.006         CL
192      CPK14          1420          14.0   0.097           
193      CPK14          1420          16.0   0.494           
194      CPK14          1420          18.0   1.010           
195      CPK14          1420          20.0   1.806           
196      CPK14          1420          21.0   3.498         RB
197      CPK14          1420          25.0   3.507    BC Road
198      CPK14          1420          28.0   1.961           
199      CPK14          1420          33.0   1.953  Open land
     Section No  Chainage (m)  Distance (m)  RL (m) Remarks
191      CPK14          1420          13.0  -0.006      CL
     Section No  Chainage (m)  Distance (m)  RL (m) Remarks
186      CPK14          1420           5.0   3.044      LB
     Section No  Chainage (m)  Distance (m)  RL (m) Remarks
196      CPK14          1420          21.0   3.498      RB
 sencionno=CPK14 CL distance=13.0 RL=-0.006
 Finished Section no =CPK14**********************************
 



Initiated Section no =CPK15**********************************
     Section No  Chainage (m)  Distance (m)  RL (m)  Remarks
200      CPK15          1520           0.0   3.026    House
201      CPK15          1520           3.0   3.012       LB
202      CPK15          1520           4.0   1.933         
203      CPK15          1520           6.0   1.128         
204      CPK15          1520           8.0   0.481         
205      CPK15          1520          10.0   0.003         
206      CPK15          1520          12.0  -0.099       CL
207      CPK15          1520          14.0   0.002         
208      CPK15          1520          16.0   0.474         
209      CPK15          1520          18.0   1.082         
210      CPK15          1520          20.0   2.131         
211      CPK15          1520          21.0   3.607       RB
212      CPK15          1520          25.0   3.602  BC Road
213      CPK15          1520          28.0   3.589    House
     Section No  Chainage (m)  Distance (m)  RL (m) Remarks
206      CPK15          1520          12.0  -0.099      CL
     Section No  Chainage (m)  Distance (m)  RL (m) Remarks
201      CPK15          1520           3.0   3.012      LB
     Section No  Chainage (m)  Distance (m)  RL (m) Remarks
211      CPK15          1520          21.0   3.607      RB
 sencionno=CPK15 CL distance=12.0 RL=-0.099
 Finished Section no =CPK15**********************************
 



Initiated Section no =CPK16**********************************
     Section No  Chainage (m)  Distance (m)  RL (m)       Remarks
214      CPK16          1625           0.0   3.118  Tin Boundary
215      CPK16          1625           2.0   3.113            LB
216      CPK16          1625           3.0   1.946              
217      CPK16          1625           5.0   1.133              
218      CPK16          1625           7.0   0.538              
219      CPK16          1625           9.0   0.138              
220      CPK16          1625          11.0   0.037            CL
221      CPK16          1625          13.0   0.139              
222      CPK16          1625          15.0   0.543              
223      CPK16          1625          17.0   1.151              
224      CPK16          1625          19.0   1.919              
225      CPK16          1625          20.0   3.008            RB
226      CPK16          1625          21.0   3.016              
227      CPK16          1625          22.0   3.792              
228      CPK16          1625          25.0   3.787       BC Road
229      CPK16          1625          26.0   3.780        B.wall
     Section No  Chainage (m)  Distance (m)  RL (m) Remarks
220      CPK16          1625          11.0   0.037      CL
     Section No  Chainage (m)  Distance (m)  RL (m) Remarks
215      CPK16          1625           2.0   3.113      LB
     Section No  Chainage (m)  Distance (m)  RL (m) Remarks
225      CPK16          1625          20.0   3.008      RB
 sencionno=CPK16 CL distance=11.0 RL=0.037
 Finished Section no =CPK16**********************************
 



Initiated Section no =CPK17**********************************
     Section No  Chainage (m)  Distance (m)  RL (m)    Remarks
230      CPK17          1725           0.0   2.529  Open land
231      CPK17          1725           5.0   2.542           
232      CPK17          1725           6.0   3.535    BC Road
233      CPK17          1725          10.0   3.530         LB
234      CPK17          1725          11.0   2.406           
235      CPK17          1725          12.0   1.450           
236      CPK17          1725          14.0   0.781           
237      CPK17          1725          16.0   0.296           
238      CPK17          1725          17.5   0.194         CL
239      CPK17          1725          19.0   0.295           
240      CPK17          1725          21.0   0.799           
241      CPK17          1725          23.0   1.463           
242      CPK17          1725          24.0   2.345           
243      CPK17          1725          25.0   3.339         RB
244      CPK17          1725          30.0   3.346           
245      CPK17          1725          35.0   3.354     Garden
     Section No  Chainage (m)  Distance (m)  RL (m) Remarks
238      CPK17          1725          17.5   0.194      CL
     Section No  Chainage (m)  Distance (m)  RL (m) Remarks
233      CPK17          1725          10.0    3.53      LB
     Section No  Chainage (m)  Distance (m)  RL (m) Remarks
243      CPK17          1725          25.0   3.339      RB
 sencionno=CPK17 CL distance=17.5 RL=0.194
 Finished Section no =CPK17**********************************
 



Initiated Section no =CPK18**********************************
     Section No  Chainage (m)  Distance (m)  RL (m)     Remarks
246      CPK18          1825           0.0   2.905  Home stead
247      CPK18          1825           5.0   2.914            
248      CPK18          1825           6.0   3.736            
249      CPK18          1825          10.0   3.727          LB
250      CPK18          1825          11.0   2.164            
251      CPK18          1825          13.0   0.963            
252      CPK18          1825          15.0   0.234            
253      CPK18          1825          17.0   0.132          CL
254      CPK18          1825          19.0   0.235            
255      CPK18          1825          21.0   0.937            
256      CPK18          1825          23.0   2.095            
257      CPK18          1825          24.0   3.350          RB
258      CPK18          1825          25.0   3.356       House
259      CPK18          1825          27.0   3.356            
     Section No  Chainage (m)  Distance (m)  RL (m) Remarks
253      CPK18          1825          17.0   0.132      CL
     Section No  Chainage (m)  Distance (m)  RL (m) Remarks
249      CPK18          1825          10.0   3.727      LB
     Section No  Chainage (m)  Distance (m)  RL (m) Remarks
257      CPK18          1825          24.0    3.35      RB
 sencionno=CPK18 CL distance=17.0 RL=0.132
 Finished Section no =CPK18**********************************
 



Initiated Section no =CPK19**********************************
     Section No  Chainage (m)  Distance (m)  RL (m) Remarks
260      CPK19          1925           0.0   3.627   House
261      CPK19          1925           3.0   3.853        
262      CPK19          1925           7.0   3.828      LB
263      CPK19          1925           8.0   1.808        
264      CPK19          1925          10.0   0.811        
265      CPK19          1925          12.0   0.139        
266      CPK19          1925          13.5   0.037      CL
267      CPK19          1925          15.0   0.138        
268      CPK19          1925          17.0   0.823        
269      CPK19          1925          19.0   1.830        
270      CPK19          1925          20.0   3.507      RB
271      CPK19          1925          25.0   3.528        
272      CPK19          1925          30.0   3.533        
273      CPK19          1925          35.0   3.541  Garden
     Section No  Chainage (m)  Distance (m)  RL (m) Remarks
266      CPK19          1925          13.5   0.037      CL
     Section No  Chainage (m)  Distance (m)  RL (m) Remarks
262      CPK19          1925           7.0   3.828      LB
     Section No  Chainage (m)  Distance (m)  RL (m) Remarks
270      CPK19          1925          20.0   3.507      RB
 sencionno=CPK19 CL distance=13.5 RL=0.037
 Finished Section no =CPK19**********************************
 



Initiated Section no =CPK20**********************************
     Section No  Chainage (m)  Distance (m)  RL (m) Remarks
274      CPK20          2025           0.0   3.732   House
275      CPK20          2025           4.0   3.975      LB
276      CPK20          2025           5.0   2.788        
277      CPK20          2025           7.0   1.772        
278      CPK20          2025           9.0   0.833        
279      CPK20          2025          11.0   0.254        
280      CPK20          2025          12.0   0.153      CL
281      CPK20          2025          13.0   0.256        
282      CPK20          2025          15.0   0.878        
283      CPK20          2025          17.0   1.789        
284      CPK20          2025          19.0   2.266        
285      CPK20          2025          20.0   2.632      RB
286      CPK20          2025          24.0   2.646   House
     Section No  Chainage (m)  Distance (m)  RL (m) Remarks
280      CPK20          2025          12.0   0.153      CL
     Section No  Chainage (m)  Distance (m)  RL (m) Remarks
275      CPK20          2025           4.0   3.975      LB
     Section No  Chainage (m)  Distance (m)  RL (m) Remarks
285      CPK20          2025          20.0   2.632      RB
 sencionno=CPK20 CL distance=12.0 RL=0.153
 Finished Section no =CPK20**********************************
 



Initiated Section no =CPK21**********************************
     Section No  Chainage (m)  Distance (m)  RL (m)     Remarks
287      CPK21          2135           0.0   4.004       House
288      CPK21          2135           4.0   3.999          LB
289      CPK21          2135           5.0   2.798            
290      CPK21          2135           7.0   1.749            
291      CPK21          2135           9.0   0.794            
292      CPK21          2135          11.0   0.001            
293      CPK21          2135          13.0  -0.100          CL
294      CPK21          2135          15.0   0.002            
295      CPK21          2135          17.0   0.298            
296      CPK21          2135          19.0   0.784            
297      CPK21          2135          21.0   1.801            
298      CPK21          2135          22.0   2.662          RB
299      CPK21          2135          27.0   2.669            
300      CPK21          2135          32.0   2.681  Home stead
     Section No  Chainage (m)  Distance (m)  RL (m) Remarks
293      CPK21          2135          13.0    -0.1      CL
     Section No  Chainage (m)  Distance (m)  RL (m) Remarks
288      CPK21          2135           4.0   3.999      LB
     Section No  Chainage (m)  Distance (m)  RL (m) Remarks
298      CPK21          2135          22.0   2.662      RB
 sencionno=CPK21 CL distance=13.0 RL=-0.1
 Finished Section no =CPK21**********************************
 



Initiated Section no =CPK22**********************************
     Section No  Chainage (m)  Distance (m)  RL (m)     Remarks
301      CPK22          2235           0.0   3.051  House Area
302      CPK22          2235           5.0   3.067            
303      CPK22          2235           6.0   4.334     BC Road
304      CPK22          2235          10.0   4.327          LB
305      CPK22          2235          11.0   2.532            
306      CPK22          2235          13.0   0.556            
307      CPK22          2235          15.0  -0.374            
308      CPK22          2235          17.0  -0.473          CL
309      CPK22          2235          19.0  -0.372            
310      CPK22          2235          21.0   0.394            
311      CPK22          2235          23.0   1.361            
312      CPK22          2235          24.0   2.543          RB
313      CPK22          2235          26.0   2.552            
314      CPK22          2235          27.0   1.714            
315      CPK22          2235          29.0   0.953   Fisheries
     Section No  Chainage (m)  Distance (m)  RL (m) Remarks
308      CPK22          2235          17.0  -0.473      CL
     Section No  Chainage (m)  Distance (m)  RL (m) Remarks
304      CPK22          2235          10.0   4.327      LB
     Section No  Chainage (m)  Distance (m)  RL (m) Remarks
312      CPK22          2235          24.0   2.543      RB
 sencionno=CPK22 CL distance=17.0 RL=-0.473
 Finished Section no =CPK22**********************************
 



Initiated Section no =CPK23**********************************
     Section No  Chainage (m)  Distance (m)  RL (m)     Remarks
316      CPK23          2340           0.0   1.033  Paddy land
317      CPK23          2340           5.0   1.019            
318      CPK23          2340          10.0   1.012          LB
319      CPK23          2340          11.0   0.612            
320      CPK23          2340          12.0   0.199            
321      CPK23          2340          13.0  -0.097            
322      CPK23          2340          14.0  -0.200          CL
323      CPK23          2340          15.0  -0.098            
324      CPK23          2340          16.0   0.207            
325      CPK23          2340          17.0   0.603            
326      CPK23          2340          18.0   0.976          RB
327      CPK23          2340          23.0   0.972            
328      CPK23          2340          28.0   0.967  Paddy land
     Section No  Chainage (m)  Distance (m)  RL (m) Remarks
322      CPK23          2340          14.0    -0.2      CL
     Section No  Chainage (m)  Distance (m)  RL (m) Remarks
318      CPK23          2340          10.0   1.012      LB
     Section No  Chainage (m)  Distance (m)  RL (m) Remarks
326      CPK23          2340          18.0   0.976      RB
 sencionno=CPK23 CL distance=14.0 RL=-0.2
 Finished Section no =CPK23**********************************
 



Initiated Section no =CPK24**********************************
     Section No  Chainage (m)  Distance (m)  RL (m)     Remarks
329      CPK24          2450           0.0   0.854  Paddy land
330      CPK24          2450           5.0   0.847            
331      CPK24          2450          10.0   0.838          LB
332      CPK24          2450          11.0   0.463            
333      CPK24          2450          12.0   0.014            
334      CPK24          2450          13.0  -0.277            
335      CPK24          2450          14.0  -0.381          CL
336      CPK24          2450          15.0  -0.279            
337      CPK24          2450          16.0   0.110            
338      CPK24          2450          17.0   0.764            
339      CPK24          2450          18.0   1.598          RB
340      CPK24          2450          23.0   1.610            
341      CPK24          2450          28.0   1.617  Home stead
     Section No  Chainage (m)  Distance (m)  RL (m) Remarks
335      CPK24          2450          14.0  -0.381      CL
     Section No  Chainage (m)  Distance (m)  RL (m) Remarks
331      CPK24          2450          10.0   0.838      LB
     Section No  Chainage (m)  Distance (m)  RL (m) Remarks
339      CPK24          2450          18.0   1.598      RB
 sencionno=CPK24 CL distance=14.0 RL=-0.381
 Finished Section no =CPK24**********************************
 



Initiated Section no =CPK25**********************************
     Section No  Chainage (m)  Distance (m)  RL (m)    Remarks
342      CPK25          2525           0.0   1.305  Khal bank
343      CPK25          2525           7.0   1.294           
344      CPK25          2525           8.0   2.774   HBB road
345      CPK25          2525          10.0   2.769         LB
346      CPK25          2525          12.0   1.863           
347      CPK25          2525          14.0   1.095           
348      CPK25          2525          16.0   0.555           
349      CPK25          2525          18.0   0.160           
350      CPK25          2525          20.0   0.059         CL
351      CPK25          2525          22.0   0.161           
352      CPK25          2525          24.0   0.562           
353      CPK25          2525          26.0   1.058           
354      CPK25          2525          28.0   1.965           
355      CPK25          2525          30.0   3.594         RB
356      CPK25          2525          35.0   3.599           
357      CPK25          2525          40.0   3.604  Khal bank
     Section No  Chainage (m)  Distance (m)  RL (m) Remarks
350      CPK25          2525          20.0   0.059      CL
     Section No  Chainage (m)  Distance (m)  RL (m) Remarks
345      CPK25          2525          10.0   2.769      LB
     Section No  Chainage (m)  Distance (m)  RL (m) Remarks
355      CPK25          2525          30.0   3.594      RB
 sencionno=CPK25 CL distance=20.0 RL=0.059
 Finished Section no =CPK25**********************************
