D:\Faridpur\DDP Permenant PW at Kumar River (Nagarkanda Pourasava)\Kumar River ( Nagarkanda Central Kali Mondir).dwg,Model,1/29/2023 4:43:03 PM,DELL,EPSON L1800 Series,A3 297 x 420 mm,1:220.5,
D:\Faridpur\DDP Permenant PW at Kumar River (Nagarkanda Pourasava)\Kumar River ( KM 38.370-0.495) 24-01-2023 - Copy.dwg,Model,1/29/2023 4:47:32 PM,DELL,EPSON L1800 Series,A3 297 x 420 mm,1:0.2205,
D:\Faridpur\DDP Permenant PW at Kumar River (Nagarkanda Pourasava)\Kumar River ( KM 38.370-0.495) 24-01-2023 - Copy.dwg,Model,1/29/2023 4:47:55 PM,DELL,EPSON L1800 Series,A3 297 x 420 mm,1:0.2205,
D:\Faridpur\DDP Permenant PW at Kumar River (Nagarkanda Pourasava)\Kumar River ( KM 38.370-0.495) 24-01-2023 - Copy.dwg,Model,4/5/2023 11:30:12 AM,DELL,EPSON L1800 Series,A3 297 x 420 mm,1:0.2205,
D:\Faridpur\DDP Permenant PW at Kumar River (Nagarkanda Pourasava)\Kumar River ( KM 38.370-0.495) 24-01-2023 - Copy.dwg,Model,4/5/2023 11:30:34 AM,DELL,EPSON L1800 Series,A3 297 x 420 mm,1:0.2205,
D:\Faridpur\DDP Permenant PW at Kumar River (Nagarkanda Pourasava)\Kumar River ( KM 38.370-0.495) 24-01-2023 - Copy.dwg,Model,4/5/2023 11:30:51 AM,DELL,EPSON L1800 Series,A3 297 x 420 mm,1:0.2205,
G:\DDP Permenant PW at Kumar River (Nagarkanda Pourasava)\Kumar River ( KM 37.800 to KM 38.370).dwg,Model,4/13/2023 11:32:22 AM,DELL,EPSON L1800 Series,A3 297 x 420 mm,1:0.2205,
G:\DDP Permenant PW at Kumar River (Nagarkanda Pourasava)\Kumar River ( KM 37.800 to KM 38.370).dwg,Model,4/13/2023 11:32:42 AM,DELL,EPSON L1800 Series,A3 297 x 420 mm,1:0.2205,
I:\DPP. PW of Kumar River at KM 37.800 to KM 38.370\Kumar River ( KM 37.800 to KM 38.370).dwg,Model,4/30/2023 10:33:40 AM,HP,HP LaserJet Pro M706 PCL 6,A3,1:0.27791,
I:\DPP. PW of Kumar River at KM 37.800 to KM 38.370\Kumar River ( KM 37.800 to KM 38.370).dwg,Model,4/30/2023 10:34:47 AM,HP,HP LaserJet Pro M706 PCL 6,A3,1:0.329672,
I:\DPP. PW of Kumar River at KM 37.800 to KM 38.370\Kumar River ( KM 37.800 to KM 38.370).dwg,Model,4/30/2023 10:35:32 AM,HP,HP LaserJet Pro M706 PCL 6,A3,1:0.329672,
I:\DPP. PW of Kumar River at KM 37.800 to KM 38.370\Kumar River ( KM 37.800 to KM 38.370).dwg,Model,4/30/2023 10:36:26 AM,HP,HP LaserJet Pro M706 PCL 6,A3,1:0.336265,
I:\DPP. PW of Kumar River at KM 37.800 to KM 38.370\Kumar River ( KM 37.800 to KM 38.370).dwg,Model,4/30/2023 10:37:16 AM,HP,HP LaserJet Pro M706 PCL 6,A3,1:0.329672,
I:\DPP. PW of Kumar River at KM 37.800 to KM 38.370\Kumar River ( KM 37.800 to KM 38.370).dwg,Model,4/30/2023 10:38:05 AM,HP,HP LaserJet Pro M706 PCL 6,A3,1:0.221325,
I:\DPP. PW of Kumar River at KM 37.800 to KM 38.370\Kumar River ( KM 37.800 to KM 38.370).dwg,Model,4/30/2023 10:42:41 AM,HP,HP LaserJet Pro M706 PCL 6,A3,1:0.221325,
I:\DPP. PW of Kumar River at KM 37.800 to KM 38.370\Kumar River ( KM 37.800 to KM 38.370).dwg,Model,4/30/2023 10:43:43 AM,HP,HP LaserJet Pro M706 PCL 6,A3,1:0.221325,
I:\DPP. PW of Kumar River at KM 37.800 to KM 38.370\Kumar River ( KM 37.800 to KM 38.370).dwg,Model,4/30/2023 10:45:36 AM,HP,HP LaserJet Pro M706 PCL 6,A3,1:0.263364,
I:\DPP. PW of Kumar River at KM 37.800 to KM 38.370\Kumar River ( KM 37.800 to KM 38.370).dwg,Model,4/30/2023 10:46:25 AM,HP,HP LaserJet Pro M706 PCL 6,A3,1:0.269971,
I:\DPP. PW of Kumar River at KM 37.800 to KM 38.370\Kumar River ( KM 37.800 to KM 38.370).dwg,Model,4/30/2023 10:47:56 AM,HP,HP LaserJet Pro M706 PCL 6,A3,1:0.411456,
I:\DPP. PW of Kumar River at KM 37.800 to KM 38.370\Kumar River ( KM 37.800 to KM 38.370).dwg,Model,4/30/2023 10:48:57 AM,HP,HP LaserJet Pro M706 PCL 6,A3,1:0.269971,
I:\DPP. PW of Kumar River at KM 37.800 to KM 38.370\Kumar River ( KM 37.800 to KM 38.370).dwg,Model,4/30/2023 10:49:47 AM,HP,HP LaserJet Pro M706 PCL 6,A3,1:0.470223,
I:\DPP. PW of Kumar River at KM 37.800 to KM 38.370\Kumar River ( KM 37.800 to KM 38.370).dwg,Model,4/30/2023 10:50:33 AM,HP,HP LaserJet Pro M706 PCL 6,A3,1:0.40889,
E:\present work\DPP. PW of Kumar River at KM 40.677 to KM 41.127\Kumar River.dwg,Model,7/6/2023 9:51:28 AM,DELL,Canon iR2520 UFRII LT,A3,1:0.280173,
E:\present work\DPP. PW of Kumar River at KM 40.677 to KM 41.127\Kumar River.dwg,Model,7/6/2023 9:51:40 AM,DELL,Canon iR2520 UFRII LT,A3,1:0.332356,
E:\present work\DPP. PW of Kumar River at KM 40.677 to KM 41.127\Kumar River.dwg,Model,7/6/2023 9:51:53 AM,DELL,Canon iR2520 UFRII LT,A3,1:0.332356,
E:\present work\DPP. PW of Kumar River at KM 40.677 to KM 41.127\Kumar River.dwg,Model,7/6/2023 9:52:13 AM,DELL,Canon iR2520 UFRII LT,A3,1:0.332356,
E:\present work\DPP. PW of Kumar River at KM 40.677 to KM 41.127\Kumar River.dwg,Model,7/6/2023 9:52:26 AM,DELL,Canon iR2520 UFRII LT,A3,1:0.339003,
E:\present work\DPP. PW of Kumar River at KM 40.677 to KM 41.127\Kumar River.dwg,Model,7/6/2023 10:02:40 AM,DELL,Canon iR2520 UFRII LT,A3,1:0.280173,
E:\present work\DPP. PW of Kumar River at KM 40.677 to KM 41.127\Kumar River.dwg,Model,7/6/2023 10:02:54 AM,DELL,Canon iR2520 UFRII LT,A3,1:0.332356,
E:\present work\DPP. PW of Kumar River at KM 40.677 to KM 41.127\Kumar River.dwg,Model,7/6/2023 10:09:10 AM,DELL,Canon iR2520 UFRII LT,A3,1:0.332356,
E:\present work\DPP. PW of Kumar River at KM 40.677 to KM 41.127\Kumar River.dwg,Model,7/6/2023 10:09:23 AM,DELL,Canon iR2520 UFRII LT,A3,1:0.332356,
E:\present work\DPP. PW of Kumar River at KM 40.677 to KM 41.127\Kumar River.dwg,Model,7/6/2023 10:09:38 AM,DELL,Canon iR2520 UFRII LT,A3,1:0.339003,
E:\present work\DPP. PW of Kumar River at KM 40.677 to KM 41.127\Kumar River.dwg,Model,7/6/2023 10:09:50 AM,DELL,Canon iR2520 UFRII LT,A3,1:0.332356,
E:\present work\DPP. PW of Kumar River at KM 40.677 to KM 41.127\Kumar River.dwg,Model,7/6/2023 10:10:00 AM,DELL,Canon iR2520 UFRII LT,A3,1:0.223805,
E:\present work\DPP. PW of Kumar River at KM 40.677 to KM 41.127\Kumar River.dwg,Model,7/6/2023 10:10:11 AM,DELL,Canon iR2520 UFRII LT,A3,1:0.223805,
E:\present work\DPP. PW of Kumar River at KM 40.677 to KM 41.127\Kumar River.dwg,Model,7/6/2023 10:11:13 AM,DELL,Canon iR2520 UFRII LT,A3,1:0.265508,
E:\present work\DPP. PW of Kumar River at KM 40.677 to KM 41.127\Kumar River.dwg,Model,7/6/2023 10:11:24 AM,DELL,Canon iR2520 UFRII LT,A3,1:0.272169,
E:\present work\DPP. PW of Kumar River at KM 40.677 to KM 41.127\Kumar River.dwg,Model,7/6/2023 10:11:36 AM,DELL,Canon iR2520 UFRII LT,A3,1:0.414806,
E:\present work\DPP. PW of Kumar River at KM 40.677 to KM 41.127\Kumar River.dwg,Model,7/6/2023 10:11:47 AM,DELL,Canon iR2520 UFRII LT,A3,1:0.272169,
E:\present work\DPP. PW of Kumar River at KM 40.677 to KM 41.127\Kumar River.dwg,Model,7/6/2023 10:11:59 AM,DELL,Canon iR2520 UFRII LT,A3,1:0.475493,
E:\present work\DPP. PW of Kumar River at KM 40.677 to KM 41.127\Kumar River.dwg,Model,7/6/2023 10:12:10 AM,DELL,Canon iR2520 UFRII LT,A3,1:0.413473,
C:\Users\user\Desktop\DPP. PW of Kumar River at KM 42.400 to KM 42.800\Kumar River.dwg,Model,7/30/2023 1:45:40 PM,user,HP LaserJet Pro M706 PCL 6.pc3,A3,1:0.243457,
C:\Users\user\Desktop\DPP. PW of Kumar River at KM 42.400 to KM 42.800\Kumar River.dwg,Model,7/30/2023 1:46:13 PM,user,HP LaserJet Pro M706 PCL 6.pc3,A3,1:0.221325,
C:\Users\user\Desktop\DPP. PW of Kumar River at KM 42.400 to KM 42.800\Kumar River.dwg,Model,7/30/2023 1:53:41 PM,user,HP LaserJet Pro M706 PCL 6.pc3,A3,1:0.221325,
K:\DPP. PW of Kumar River at KM 42.160 to KM 42.800\Kumar River.dwg,Model,8/6/2023 11:45:28 AM,user,HP LaserJet Pro M706 PCL 6.pc3,A3,1:0.243457,
K:\DPP. PW of Kumar River at KM 42.160 to KM 42.800\Kumar River.dwg,Model,8/6/2023 11:47:00 AM,user,HP LaserJet Pro M706 PCL 6.pc3,A3,1:0.221325,
K:\DPP. PW of Kumar River at KM 42.160 to KM 42.800\Kumar River.dwg,Model,8/6/2023 12:28:34 PM,user,HP LaserJet Pro M706 PCL 6.pc3,A3,1:0.313188,
K:\DPP. PW of Kumar River at KM 42.160 to KM 42.800\Kumar River.dwg,Model,8/6/2023 12:29:57 PM,user,HP LaserJet Pro M706 PCL 6.pc3,A3,1:0.313188,
K:\DPP. PW of Kumar River at KM 42.160 to KM 42.800\Kumar River.dwg,Model,8/6/2023 12:31:15 PM,user,HP LaserJet Pro M706 PCL 6.pc3,A3,1:0.313188,
K:\DPP. PW of Kumar River at KM 42.160 to KM 42.800\Kumar River.dwg,Model,8/6/2023 12:33:19 PM,user,HP LaserJet Pro M706 PCL 6.pc3,A3,1:0.336265,
K:\DPP. PW of Kumar River at KM 42.160 to KM 42.800\Kumar River.dwg,Model,8/6/2023 12:35:53 PM,user,HP LaserJet Pro M706 PCL 6.pc3,A3,1:0.243457,
K:\DPP. PW of Kumar River at KM 42.160 to KM 42.800\Kumar River.dwg,Model,8/6/2023 12:38:05 PM,user,HP LaserJet Pro M706 PCL 6.pc3,A3,1:0.221325,
K:\DPP. PW of Kumar River at KM 42.160 to KM 42.800\Kumar River.dwg,Model,8/6/2023 12:39:12 PM,user,HP LaserJet Pro M706 PCL 6.pc3,A3,1:0.221325,
K:\DPP. PW of Kumar River at KM 42.160 to KM 42.800\Kumar River.dwg,Model,8/6/2023 12:40:23 PM,user,HP LaserJet Pro M706 PCL 6.pc3,A3,1:0.318761,
K:\DPP. PW of Kumar River at KM 42.160 to KM 42.800\Kumar River.dwg,Model,8/6/2023 12:42:45 PM,user,HP LaserJet Pro M706 PCL 6.pc3,A3,1:0.318761,
E:\present work\(Working) PW of Madhumati River at Salamatpur from KM 0.000 to KM 1.000\Madhumati River ( KM 0.000-1.300) 16-08-2023.dwg,Model,9/7/2023 12:52:35 PM,DELL,Canon iR2520 UFRII LT,A3,1:0.338586,
E:\present work\(Working) PW of Madhumati River at Salamatpur from KM 0.000 to KM 1.000\Madhumati River ( KM 0.000-1.300) 16-08-2023.dwg,Model,9/7/2023 12:52:52 PM,DELL,Canon iR2520 UFRII LT,A3,1:0.338586,
D:\Faridpur\(Working) PW at Salamatpur, Madhumati River, KM 0.000 to KM 1.000\Madhumati River ( KM 0.000-1.000) 16-08-2023.dwg,Model,9/11/2023 2:44:00 PM,DELL,EPSON L1800 Series,A3 297 x 420 mm,1:0.333584,
D:\Faridpur\(Working) PW at Salamatpur, Madhumati River, KM 0.000 to KM 1.000\Madhumati River ( KM 0.000-1.000) 16-08-2023.dwg,Model,9/11/2023 2:45:04 PM,DELL,EPSON L1800 Series,A3 297 x 420 mm,1:0.392295,
D:\Faridpur\(Working) PW at Salamatpur, Madhumati River, KM 0.000 to KM 1.000\Madhumati River ( KM 0.000-1.000) 16-08-2023.dwg,Model,9/11/2023 2:47:25 PM,DELL,EPSON L1800 Series,A3 297 x 420 mm,1:0.411833,
D:\Faridpur\(Working) PW at Salamatpur, Madhumati River, KM 0.000 to KM 1.000\Madhumati River ( KM 0.000-1.000) 16-08-2023.dwg,Model,9/11/2023 2:48:45 PM,DELL,EPSON L1800 Series,A3 297 x 420 mm,1:0.411833,
D:\Faridpur\(Working) PW at Salamatpur, Madhumati River, KM 0.000 to KM 1.000\Site Paln Dredging (Salamatpur).dwg,Model,9/11/2023 3:29:29 PM,DELL,Microsoft Print to PDF,A4,1:13.2914,
D:\Faridpur\(Working) PW at Salamatpur, Madhumati River, KM 0.000 to KM 1.000\Madhumati River ( KM 0.000-1.000) 16-08-2023.dwg,Model,9/11/2023 3:53:44 PM,DELL,Microsoft Print to PDF,A3,1:0.250966,
D:\Faridpur\(Working) PW at Salamatpur, Madhumati River, KM 0.000 to KM 1.000\Madhumati River ( KM 0.000-1.000) 16-08-2023.dwg,Model,9/11/2023 3:54:09 PM,DELL,EPSON L1800 Series,A3 297 x 420 mm,1:0.251657,
D:\Faridpur\(Working) PW at Salamatpur, Madhumati River, KM 0.000 to KM 1.000\Madhumati River ( KM 0.000-1.000) 16-08-2023.dwg,Model,9/11/2023 3:54:38 PM,DELL,EPSON L1800 Series,A3 297 x 420 mm,1:0.251657,
D:\Faridpur\(Working) PW at Salamatpur, Madhumati River, KM 0.000 to KM 1.000\Madhumati River ( KM 0.000-1.000) 16-08-2023.dwg,Model,9/11/2023 3:55:22 PM,DELL,EPSON L1800 Series,A3 297 x 420 mm,1:0.333584,
C:\Users\DELL\Desktop\ARAF\padma river ( KM 56.000-57.862) 25-04-2022.dwg,Model,9/11/2023 5:00:22 PM,DELL,EPSON L1800 Series,A4 210 x 297 mm,1:7469.37,
C:\Users\DELL\Desktop\ARAF\padma river ( KM 56.000-57.862) 25-04-2022.dwg,Model,9/11/2023 5:01:10 PM,DELL,EPSON L1800 Series,A4 210 x 297 mm,1:10870.6,
D:\Faridpur\(Working) PW at Salamatpur, Madhumati River, KM 0.000 to KM 1.000\Madhumati River ( KM 0.000-1.000) 16-08-2023.dwg,Model,9/11/2023 5:25:42 PM,DELL,EPSON L1800 Series,A3 297 x 420 mm,1:0.37683,
D:\Faridpur\FINAL\(Working) PW at Salamatpur, Madhumati River, KM 0.000 to KM 1.000\Madhumati River ( KM 0.000-1.000) 16-08-2023.dwg,Model,9/13/2023 10:33:18 AM,DELL,EPSON L1800 Series,A3 297 x 420 mm,1:0.411833,
D:\Faridpur\FINAL\(Working) PW at Salamatpur, Madhumati River, KM 0.000 to KM 1.000\Madhumati River ( KM 0.000-1.000) 16-08-2023.dwg,Model,9/13/2023 10:33:41 AM,DELL,EPSON L1800 Series,A3 297 x 420 mm,1:0.411833,
D:\Faridpur\FINAL\(Working) PW at Salamatpur, Madhumati River, KM 0.000 to KM 1.000\Madhumati River ( KM 0.000-1.000) 16-08-2023.dwg,Model,9/13/2023 10:34:00 AM,DELL,EPSON L1800 Series,A3 297 x 420 mm,1:0.333584,
D:\Tasmem\Executive Engineer\PW\FARIDPUR\WORKING\12. (Working) PW at Salamatpur, Madhumati River, KM 0.000 to KM 1.000\Madhumati River ( KM 0.000-1.000) 16-08-2023.dwg,Model,9/13/2023 1:04:34 PM,DELL,EPSON L1800 Series,A3 297 x 420 mm,1:0.251657,
D:\Tasmem\Executive Engineer\PW\FARIDPUR\WORKING\12. (Working) PW at Salamatpur, Madhumati River, KM 0.000 to KM 1.000\Madhumati River ( KM 0.000-1.000) 16-08-2023.dwg,Model,9/13/2023 1:05:26 PM,DELL,EPSON L1800 Series,A3 297 x 420 mm,1:0.251657,
D:\Faridpur\(Working) PW at Kamarkhali, Madhumati River, KM 0.000 to KM 1.650\Madhumati River ( KM 0.000-1.650).dwg,Model,10/23/2023 2:07:53 PM,DELL,EPSON L1800 Series,A3 297 x 420 mm,1:0.251657,
D:\Faridpur\(Working) PW at Kamarkhali, Madhumati River, KM 0.000 to KM 1.650\Madhumati River ( KM 0.000-1.650).dwg,Model,10/23/2023 2:08:14 PM,DELL,EPSON L1800 Series,A3 297 x 420 mm,1:0.340256,
D:\Faridpur\(Working) PW at Kamarkhali, Madhumati River, KM 0.000 to KM 1.650\Madhumati River ( KM 0.000-1.650).dwg,Model,10/23/2023 2:08:30 PM,DELL,EPSON L1800 Series,A3 297 x 420 mm,1:0.350264,
D:\Faridpur\(Working) PW at Kamarkhali, Madhumati River, KM 0.000 to KM 1.650\Madhumati River ( KM 0.000-1.650).dwg,Model,10/23/2023 2:09:03 PM,DELL,EPSON L1800 Series.pc3,A3 297 x 420 mm,1:0.350264,
D:\Faridpur\(Working) PW at Kamarkhali, Madhumati River, KM 0.000 to KM 1.650\Madhumati River ( KM 0.000-1.650).dwg,Model,10/23/2023 2:09:22 PM,DELL,EPSON L1800 Series.pc3,A3 297 x 420 mm,1:0.350264,
D:\Faridpur\(Working) PW at Kamarkhali, Madhumati River, KM 0.000 to KM 1.650\Madhumati River ( KM 0.000-1.650).dwg,Model,10/23/2023 2:09:39 PM,DELL,EPSON L1800 Series.pc3,A3 297 x 420 mm,1:0.351755,
D:\Faridpur\(Working) PW at Kamarkhali, Madhumati River, KM 0.000 to KM 1.650\Madhumati River ( KM 0.000-1.650).dwg,Model,10/23/2023 2:09:58 PM,DELL,EPSON L1800 Series.pc3,A3 297 x 420 mm,1:0.333584,
D:\Faridpur\(Working) PW at Kamarkhali, Madhumati River, KM 0.000 to KM 1.650\Madhumati River ( KM 0.000-1.650).dwg,Model,10/23/2023 2:10:16 PM,DELL,EPSON L1800 Series.pc3,A3 297 x 420 mm,1:0.360772,
D:\Faridpur\(Working) PW at Kamarkhali, Madhumati River, KM 0.000 to KM 1.650\Madhumati River ( KM 0.000-1.650).dwg,Model,10/23/2023 2:10:34 PM,DELL,EPSON L1800 Series.pc3,A3 297 x 420 mm,1:0.333584,
D:\Faridpur\(Working) PW at Kamarkhali, Madhumati River, KM 0.000 to KM 1.650\Madhumati River ( KM 0.000-1.650).dwg,Model,10/23/2023 2:10:52 PM,DELL,EPSON L1800 Series.pc3,A3 297 x 420 mm,1:0.335005,
D:\Faridpur\(Working) PW at Kamarkhali, Madhumati River, KM 0.000 to KM 1.650\Madhumati River ( KM 0.000-1.650).dwg,Model,10/23/2023 2:11:13 PM,DELL,EPSON L1800 Series.pc3,A3 297 x 420 mm,1:0.366943,
D:\Faridpur\(Working) PW at Kamarkhali, Madhumati River, KM 0.000 to KM 1.650\Madhumati River ( KM 0.000-1.650).dwg,Model,10/23/2023 2:11:31 PM,DELL,EPSON L1800 Series.pc3,A3 297 x 420 mm,1:0.333584,
D:\Faridpur\(Working) PW at Kamarkhali, Madhumati River, KM 0.000 to KM 1.650\Madhumati River ( KM 0.000-1.650).dwg,Model,10/23/2023 2:12:15 PM,DELL,EPSON L1800 Series.pc3,A3 297 x 420 mm,1:0.335005,
D:\Faridpur\(Working) PW at Kamarkhali, Madhumati River, KM 0.000 to KM 1.650\Madhumati River ( KM 0.000-1.650).dwg,Model,10/23/2023 2:12:30 PM,DELL,EPSON L1800 Series.pc3,A3 297 x 420 mm,1:0.333584,
D:\Faridpur\(Working) PW at Kamarkhali, Madhumati River, KM 0.000 to KM 1.650\Madhumati River ( KM 0.000-1.650).dwg,Model,10/23/2023 2:12:47 PM,DELL,EPSON L1800 Series.pc3,A3 297 x 420 mm,1:0.342645,
D:\Faridpur\(Working) PW at Kamarkhali, Madhumati River, KM 0.000 to KM 1.650\Madhumati River ( KM 0.000-1.650).dwg,Model,10/23/2023 2:13:04 PM,DELL,EPSON L1800 Series.pc3,A3 297 x 420 mm,1:0.370649,
D:\Faridpur\(Working) PW at Kamarkhali, Madhumati River, KM 0.000 to KM 1.650\Madhumati River ( KM 0.000-1.650).dwg,Model,10/23/2023 2:13:28 PM,DELL,EPSON L1800 Series.pc3,A3 297 x 420 mm,1:0.392295,
D:\Faridpur\(Working) PW at Kamarkhali, Madhumati River, KM 0.000 to KM 1.650\Madhumati River ( KM 0.000-1.650).dwg,Model,10/25/2023 1:03:44 PM,DELL,Microsoft Print to PDF,A3,1:0.338844,
D:\Faridpur\(Working) PW at Kamarkhali, Madhumati River, KM 0.000 to KM 1.650\Madhumati River ( KM 0.000-1.650).dwg,Model,11/14/2023 4:41:42 PM,DELL,EPSON L1800 Series,A3 297 x 420 mm,1:0.350264,
D:\Faridpur\(Working) PW at Kamarkhali, Madhumati River, KM 0.000 to KM 1.650\Madhumati River ( KM 0.000-1.650).dwg,Model,11/14/2023 4:43:28 PM,DELL,EPSON L1800 Series,A3 297 x 420 mm,1:0.333584,
D:\Faridpur\(Working) PW at Kamarkhali, Madhumati River, KM 0.000 to KM 1.650\Madhumati River ( KM 0.000-1.650).dwg,Model,11/14/2023 4:44:15 PM,DELL,EPSON L1800 Series,A3 297 x 420 mm,1:0.333584,
D:\Faridpur\(Working) PW at Kamarkhali, Madhumati River, KM 0.000 to KM 1.650\Madhumati River ( KM 0.000-1.650).dwg,Model,11/14/2023 4:44:35 PM,DELL,EPSON L1800 Series,A3 297 x 420 mm,1:0.342645,
D:\Faridpur\(Working) PW at Kamarkhali, Madhumati River, KM 0.000 to KM 1.650\Madhumati River ( KM 0.000-1.650).dwg,Model,11/14/2023 4:44:51 PM,DELL,EPSON L1800 Series,A3 297 x 420 mm,1:0.370649,
E:\Faridpur\(Working) PW at Kamarkhali, Madhumati River, KM 0.000 to KM 1.650\Kamarkhali (KM 0.450-1.225) 04-12-2023.dwg,Model,12/4/2023 2:02:36 PM,DELL,EPSON L1800 Series,A3 297 x 420 mm,1:0.417364,
E:\Faridpur\(Working) PW at Kamarkhali, Madhumati River, KM 0.000 to KM 1.650\Kamarkhali (KM 0.450-1.225) 04-12-2023.dwg,Model,12/4/2023 2:02:54 PM,DELL,EPSON L1800 Series,A3 297 x 420 mm,1:0.398972,
E:\Faridpur\(Working) PW at Kamarkhali, Madhumati River, KM 0.000 to KM 1.650\Kamarkhali (KM 0.450-1.225) 04-12-2023.dwg,Model,12/4/2023 2:03:11 PM,DELL,EPSON L1800 Series,A3 297 x 420 mm,1:0.471126,
E:\Faridpur\(Working) PW at Kamarkhali, Madhumati River, KM 0.000 to KM 1.650\Kamarkhali (KM 0.450-1.225) 04-12-2023.dwg,Model,12/4/2023 2:03:28 PM,DELL,EPSON L1800 Series,A3 297 x 420 mm,1:0.351576,
E:\Faridpur\(Working) PW at Kamarkhali, Madhumati River, KM 0.000 to KM 1.650\Kamarkhali (KM 0.450-1.225) 04-12-2023.dwg,Model,12/4/2023 2:03:46 PM,DELL,EPSON L1800 Series,A3 297 x 420 mm,1:0.39402,
E:\Faridpur\(Working) PW at Kamarkhali, Madhumati River, KM 0.000 to KM 1.650\Kamarkhali (site plan).dwg,Model,12/4/2023 2:32:58 PM,DELL,EPSON L1800 Series,A3 297 x 420 mm,1:5.59514,
E:\Faridpur\(Working) PW at Kamarkhali, Madhumati River, KM 0.000 to KM 1.650\Madhumati River ( KM 0.000-1.650).dwg,Model,12/5/2023 1:08:57 PM,DELL,EPSON L1800 Series,A3 297 x 420 mm,1:0.340256,
E:\Faridpur\(Working) PW at Kamarkhali, Madhumati River, KM 0.000 to KM 1.650\Madhumati River ( KM 0.000-1.650).dwg,Model,12/5/2023 1:09:21 PM,DELL,EPSON L1800 Series,A3 297 x 420 mm,1:0.342645,
E:\Faridpur\(Working) PW at Kamarkhali, Madhumati River, KM 0.000 to KM 1.650\Madhumati River ( KM 0.000-1.650).dwg,Model,12/5/2023 1:16:16 PM,DELL,EPSON L1800 Series,A3 297 x 420 mm,1:0.468475,
E:\Faridpur\(Working) PW at Kamarkhali, Madhumati River, KM 0.000 to KM 1.650\Madhumati River ( KM 0.000-1.650).dwg,Model,12/18/2023 10:46:06 AM,DELL,EPSON L1800 Series,A3 297 x 420 mm,1:0.362877,
E:\Faridpur\(Working) PW at Kamarkhali, Madhumati River, KM 0.000 to KM 1.650\Madhumati River ( KM 0.000-1.650).dwg,Model,12/18/2023 10:46:24 AM,DELL,EPSON L1800 Series,A3 297 x 420 mm,1:0.345333,
E:\Faridpur\(Working) PW at Kamarkhali, Madhumati River, KM 0.000 to KM 1.650\Madhumati River ( KM 0.000-1.650).dwg,Model,1/1/2024 11:00:42 AM,DELL,EPSON L1800 Series,A3 297 x 420 mm,1:0.335005,
E:\Faridpur\(Working) PW at Kamarkhali, Madhumati River, KM 0.000 to KM 1.650\Madhumati River ( KM 0.000-1.650).dwg,Model,1/16/2024 1:07:00 PM,DELL,EPSON L1800 Series,A3 297 x 420 mm,1:0.362877,
E:\Faridpur\(Working) PW at Kamarkhali, Madhumati River, KM 0.000 to KM 1.650\Madhumati River ( KM 0.000-1.650).dwg,Model,1/16/2024 1:07:27 PM,DELL,EPSON L1800 Series,A3 297 x 420 mm,1:0.342645,
G:\(Working) PW at Kamarkhali, Madhumati River, KM 0.000 to KM 1.650\Madhumati River ( KM 0.000-1.650).dwg,Model,1/28/2024 10:43:09 AM,SAMSUNG,HP LaserJet Pro M706 PCL 6,A4,1:0.398608,
G:\(Working) PW at Kamarkhali, Madhumati River, KM 0.000 to KM 1.650\Madhumati River ( KM 0.000-1.650).dwg,Model,1/28/2024 10:43:35 AM,SAMSUNG,HP LaserJet Pro M706 PCL 6,A3,1:0.278986,
G:\(Working) PW at Kamarkhali, Madhumati River, KM 0.000 to KM 1.650\Madhumati River ( KM 0.000-1.650).dwg,Model,1/28/2024 10:43:50 AM,SAMSUNG,HP LaserJet Pro M706 PCL 6,A3,1:0.253234,
G:\(Working) PW at Kamarkhali, Madhumati River, KM 0.000 to KM 1.650\Madhumati River ( KM 0.000-1.650).dwg,Model,1/28/2024 10:44:13 AM,SAMSUNG,HP LaserJet Pro M706 PCL 6,A3,1:0.214925,
G:\(Working) PW at Kamarkhali, Madhumati River, KM 0.000 to KM 1.650\Madhumati River ( KM 0.000-1.650).dwg,Model,1/28/2024 10:44:51 AM,SAMSUNG,HP LaserJet Pro M706 PCL 6,A3,1:0.36515,
G:\(Working) PW at Kamarkhali, Madhumati River, KM 0.000 to KM 1.650\Madhumati River ( KM 0.000-1.650).dwg,Model,1/28/2024 10:45:05 AM,SAMSUNG,HP LaserJet Pro M706 PCL 6,A3,1:0.347496,
G:\(Working) PW at Kamarkhali, Madhumati River, KM 0.000 to KM 1.650\Madhumati River ( KM 0.000-1.650).dwg,Model,1/28/2024 10:45:18 AM,SAMSUNG,HP LaserJet Pro M706 PCL 6,A3,1:0.350134,
G:\(Working) PW at Kamarkhali, Madhumati River, KM 0.000 to KM 1.650\Madhumati River ( KM 0.000-1.650).dwg,Model,1/28/2024 10:45:34 AM,SAMSUNG,HP LaserJet Pro M706 PCL 6,A3,1:0.350134,
G:\(Working) PW at Kamarkhali, Madhumati River, KM 0.000 to KM 1.650\Madhumati River ( KM 0.000-1.650).dwg,Model,1/28/2024 10:45:50 AM,SAMSUNG,HP LaserJet Pro M706 PCL 6,A3,1:0.357136,
G:\(Working) PW at Kamarkhali, Madhumati River, KM 0.000 to KM 1.650\Madhumati River ( KM 0.000-1.650).dwg,Model,1/28/2024 10:46:11 AM,SAMSUNG,HP LaserJet Pro M706 PCL 6,A3,1:0.357136,
G:\(Working) PW at Kamarkhali, Madhumati River, KM 0.000 to KM 1.650\Madhumati River ( KM 0.000-1.650).dwg,Model,1/28/2024 10:46:29 AM,SAMSUNG,HP LaserJet Pro M706 PCL 6,A3,1:0.350134,
G:\(Working) PW at Kamarkhali, Madhumati River, KM 0.000 to KM 1.650\Madhumati River ( KM 0.000-1.650).dwg,Model,1/28/2024 10:46:43 AM,SAMSUNG,HP LaserJet Pro M706 PCL 6,A3,1:0.335252,
G:\(Working) PW at Kamarkhali, Madhumati River, KM 0.000 to KM 1.650\Madhumati River ( KM 0.000-1.650).dwg,Model,1/28/2024 10:47:09 AM,SAMSUNG,HP LaserJet Pro M706 PCL 6,A3,1:0.350134,
G:\(Working) PW at Kamarkhali, Madhumati River, KM 0.000 to KM 1.650\Madhumati River ( KM 0.000-1.650).dwg,Model,1/28/2024 10:47:29 AM,SAMSUNG,HP LaserJet Pro M706 PCL 6,A3,1:0.350134,
G:\(Working) PW at Kamarkhali, Madhumati River, KM 0.000 to KM 1.650\Madhumati River ( KM 0.000-1.650).dwg,Model,1/28/2024 10:47:48 AM,SAMSUNG,HP LaserJet Pro M706 PCL 6,A3,1:0.353566,
G:\(Working) PW at Kamarkhali, Madhumati River, KM 0.000 to KM 1.650\Madhumati River ( KM 0.000-1.650).dwg,Model,1/28/2024 10:48:05 AM,SAMSUNG,HP LaserJet Pro M706 PCL 6,A3,1:0.353566,
G:\(Working) PW at Kamarkhali, Madhumati River, KM 0.000 to KM 1.650\Madhumati River ( KM 0.000-1.650).dwg,Model,1/28/2024 10:48:20 AM,SAMSUNG,HP LaserJet Pro M706 PCL 6,A3,1:0.353566,
G:\(Working) PW at Kamarkhali, Madhumati River, KM 0.000 to KM 1.650\Madhumati River ( KM 0.000-1.650).dwg,Model,1/28/2024 10:48:35 AM,SAMSUNG,HP LaserJet Pro M706 PCL 6,A3,1:0.364173,
G:\(Working) PW at Kamarkhali, Madhumati River, KM 0.000 to KM 1.650\Madhumati River ( KM 0.000-1.650).dwg,Model,1/28/2024 10:48:54 AM,SAMSUNG,HP LaserJet Pro M706 PCL 6,A3,1:0.228014,
G:\(Working) PW at Kamarkhali, Madhumati River, KM 0.000 to KM 1.650\Madhumati River ( KM 0.000-1.650).dwg,Model,1/28/2024 10:49:10 AM,SAMSUNG,HP LaserJet Pro M706 PCL 6,A3,1:0.364173,
G:\(Working) PW at Kamarkhali, Madhumati River, KM 0.000 to KM 1.650\Madhumati River ( KM 0.000-1.650).dwg,Model,1/28/2024 10:49:25 AM,SAMSUNG,HP LaserJet Pro M706 PCL 6,A3,1:0.334592,
G:\(Working) PW at Kamarkhali, Madhumati River, KM 0.000 to KM 1.650\Madhumati River ( KM 0.000-1.650).dwg,Model,1/28/2024 10:49:45 AM,SAMSUNG,HP LaserJet Pro M706 PCL 6,A3,1:0.364173,
G:\(Working) PW at Kamarkhali, Madhumati River, KM 0.000 to KM 1.650\Madhumati River ( KM 0.000-1.650).dwg,Model,1/28/2024 10:50:10 AM,SAMSUNG,HP LaserJet Pro M706 PCL 6,A3,1:0.364173,
G:\(Working) PW at Kamarkhali, Madhumati River, KM 0.000 to KM 1.650\Madhumati River ( KM 0.000-1.650).dwg,Model,1/28/2024 10:50:23 AM,SAMSUNG,HP LaserJet Pro M706 PCL 6,A3,1:0.368888,
G:\(Working) PW at Kamarkhali, Madhumati River, KM 0.000 to KM 1.650\Madhumati River ( KM 0.000-1.650).dwg,Model,1/28/2024 10:50:45 AM,SAMSUNG,HP LaserJet Pro M706 PCL 6,A3,1:0.360638,
G:\(Working) PW at Kamarkhali, Madhumati River, KM 0.000 to KM 1.650\Madhumati River ( KM 0.000-1.650).dwg,Model,1/28/2024 10:51:05 AM,SAMSUNG,HP LaserJet Pro M706 PCL 6,A3,1:0.345678,
G:\(Working) PW at Kamarkhali, Madhumati River, KM 0.000 to KM 1.650\Madhumati River ( KM 0.000-1.650).dwg,Model,1/28/2024 10:51:18 AM,SAMSUNG,HP LaserJet Pro M706 PCL 6,A3,1:0.343268,
G:\(Working) PW at Kamarkhali, Madhumati River, KM 0.000 to KM 1.650\Madhumati River ( KM 0.000-1.650).dwg,Model,1/28/2024 10:51:31 AM,SAMSUNG,HP LaserJet Pro M706 PCL 6,A3,1:0.373931,
G:\(Working) PW at Kamarkhali, Madhumati River, KM 0.000 to KM 1.650\Madhumati River ( KM 0.000-1.650).dwg,Model,1/28/2024 10:51:54 AM,SAMSUNG,HP LaserJet Pro M706 PCL 6,A3,1:0.336538,
G:\(Working) PW at Kamarkhali, Madhumati River, KM 0.000 to KM 1.650\Madhumati River ( KM 0.000-1.650).dwg,Model,1/28/2024 10:52:10 AM,SAMSUNG,HP LaserJet Pro M706 PCL 6,A3,1:0.395768,
G:\(Working) PW at Kamarkhali, Madhumati River, KM 0.000 to KM 1.650\Madhumati River ( KM 0.000-1.650).dwg,Model,1/28/2024 10:52:23 AM,SAMSUNG,HP LaserJet Pro M706 PCL 6,A3,1:0.271016,
G:\(Working) PW at Kamarkhali, Madhumati River, KM 0.000 to KM 1.650\Madhumati River ( KM 0.000-1.650).dwg,Model,1/28/2024 10:52:40 AM,SAMSUNG,HP LaserJet Pro M706 PCL 6,A3,1:0.413049,
G:\(Working) PW at Kamarkhali, Madhumati River, KM 0.000 to KM 1.650\Madhumati River ( KM 0.000-1.650).dwg,Model,1/28/2024 10:52:59 AM,SAMSUNG,HP LaserJet Pro M706 PCL 6,A3,1:0.271016,
G:\(Working) PW at Kamarkhali, Madhumati River, KM 0.000 to KM 1.650\Madhumati River ( KM 0.000-1.650).dwg,Model,1/28/2024 10:53:15 AM,SAMSUNG,HP LaserJet Pro M706 PCL 6,A3,1:0.421323,
G:\(Working) PW at Kamarkhali, Madhumati River, KM 0.000 to KM 1.650\Madhumati River ( KM 0.000-1.650).dwg,Model,1/28/2024 10:53:29 AM,SAMSUNG,HP LaserJet Pro M706 PCL 6,A3,1:0.379191,
G:\(Working) PW at Kamarkhali, Madhumati River, KM 0.000 to KM 1.650\Madhumati River ( KM 0.000-1.650).dwg,Model,1/28/2024 10:53:45 AM,SAMSUNG,HP LaserJet Pro M706 PCL 6,A3,1:0.472622,
G:\(Working) PW at Kamarkhali, Madhumati River, KM 0.000 to KM 1.650\Madhumati River ( KM 0.000-1.650).dwg,Model,1/28/2024 10:54:40 AM,SAMSUNG,HP LaserJet Pro M706 PCL 6,A3,1:0.286294,
G:\(Working) PW at Kamarkhali, Madhumati River, KM 0.000 to KM 1.650\Madhumati River ( KM 0.000-1.650).dwg,Model,1/28/2024 10:54:53 AM,SAMSUNG,HP LaserJet Pro M706 PCL 6,A3,1:0.410971,
F:\present work\(Working) PW at Talbaria, Padma River, KM 6.720 to KM 15.720\Padma River ( KM 6.7201 to KM 15.720).dwg,Model,1/29/2024 12:51:31 PM,SHAMMI,Canon iR2520 UFRII LT,A3,1:0.352265,
E:\KUSHTIA\(Working) PW at Talbaria, Padma River, KM 6.720 to KM 15.720\Padma River ( KM 6.7201 to KM 15.720).dwg,Model,2/11/2024 12:29:12 PM,DELL,EPSON L1800 Series,A3 297 x 420 mm,1:0.520402,
E:\KUSHTIA\(Working) PW at Talbaria, Padma River, KM 6.720 to KM 15.720\Padma River ( KM 6.7201 to KM 15.720).dwg,Model,2/11/2024 12:29:30 PM,DELL,EPSON L1800 Series,A3 297 x 420 mm,1:0.520402,
E:\KUSHTIA\(Working) PW at Talbaria, Padma River, KM 6.720 to KM 15.720\Padma River ( KM 6.7201 to KM 15.720).dwg,Model,2/11/2024 12:29:52 PM,DELL,EPSON L1800 Series,A3 297 x 420 mm,1:0.335466,
E:\KUSHTIA\(Working) PW at Talbaria, Padma River, KM 6.720 to KM 15.720\Padma River ( KM 6.7201 to KM 15.720).dwg,Model,2/11/2024 12:30:10 PM,DELL,EPSON L1800 Series,A3 297 x 420 mm,1:0.328888,
E:\KUSHTIA\(Working) PW at Talbaria, Padma River, KM 6.720 to KM 15.720\Padma River ( KM 6.7201 to KM 15.720).dwg,Model,2/25/2024 12:04:31 PM,DELL,EPSON L1800 Series,A3 297 x 420 mm,1:0.347061,
E:\KUSHTIA\(Working) PW at Talbaria, Padma River, KM 6.720 to KM 15.720\Padma River ( KM 6.7201 to KM 15.720).dwg,Model,2/25/2024 12:04:53 PM,DELL,EPSON L1800 Series,A3 297 x 420 mm,1:0.357473,
E:\KUSHTIA\(Working) PW at Talbaria, Padma River, KM 6.720 to KM 15.720\Padma River ( KM 6.7201 to KM 15.720).dwg,Model,2/25/2024 12:05:13 PM,DELL,EPSON L1800 Series,A3 297 x 420 mm,1:0.367885,
E:\KUSHTIA\(Working) PW at Talbaria, Padma River, KM 6.720 to KM 15.720\Padma River ( KM 6.7201 to KM 15.720).dwg,Model,2/25/2024 12:05:30 PM,DELL,EPSON L1800 Series,A3 297 x 420 mm,1:0.520592,
E:\KUSHTIA\(Working) PW at Talbaria, Padma River, KM 6.720 to KM 15.720\Padma River ( KM 6.7201 to KM 15.720).dwg,Model,2/25/2024 12:05:53 PM,DELL,EPSON L1800 Series,A3 297 x 420 mm,1:0.467584,
E:\KUSHTIA\(Working) PW at Talbaria, Padma River, KM 6.720 to KM 15.720\Padma River ( KM 6.7201 to KM 15.720).dwg,Model,2/25/2024 12:06:09 PM,DELL,EPSON L1800 Series,A3 297 x 420 mm,1:0.426134,
E:\KUSHTIA\(Working) PW at Talbaria, Padma River, KM 6.720 to KM 15.720\Padma River ( KM 6.7201 to KM 15.720).dwg,Model,2/25/2024 12:06:28 PM,DELL,EPSON L1800 Series,A3 297 x 420 mm,1:0.465425,
E:\KUSHTIA\(Working) PW at Talbaria, Padma River, KM 6.720 to KM 15.720\Padma River ( KM 6.7201 to KM 15.720).dwg,Model,2/25/2024 12:06:46 PM,DELL,EPSON L1800 Series,A3 297 x 420 mm,1:0.426134,
E:\KUSHTIA\(Working) PW at Talbaria, Padma River, KM 6.720 to KM 15.720\Padma River ( KM 6.7201 to KM 15.720).dwg,Model,2/25/2024 12:07:52 PM,DELL,EPSON L1800 Series,A3 297 x 420 mm,1:0.340149,
E:\KUSHTIA\(Working) PW at Talbaria, Padma River, KM 6.720 to KM 15.720\Padma River ( KM 6.7201 to KM 15.720).dwg,Model,2/27/2024 10:06:06 AM,DELL,EPSON L1800 Series,A3 297 x 420 mm,1:0.352239,
E:\KUSHTIA\(Working) PW at Talbaria, Padma River, KM 6.720 to KM 15.720\Padma River ( KM 6.7201 to KM 15.720).dwg,Model,2/27/2024 10:06:27 AM,DELL,EPSON L1800 Series,A3 297 x 420 mm,1:0.328888,
E:\KUSHTIA\(Working) PW at Talbaria, Padma River, KM 6.720 to KM 15.720\Padma River ( KM 6.7201 to KM 15.720).dwg,Model,2/27/2024 11:08:51 AM,DELL,EPSON L1800 Series,A3 297 x 420 mm,1:0.376896,
E:\KUSHTIA\(Working) PW at Talbaria, Padma River, KM 6.720 to KM 15.720\Padma River ( KM 6.7201 to KM 15.720).dwg,Model,2/27/2024 3:11:24 PM,DELL,EPSON L1800 Series,A3 297 x 420 mm,1:0.26424,
E:\KUSHTIA\(Working) PW at Talbaria, Padma River, KM 6.720 to KM 15.720\Padma River ( KM 6.7201 to KM 15.720).dwg,Model,2/27/2024 3:12:35 PM,DELL,EPSON L1800 Series,A3 297 x 420 mm,1:0.251657,
E:\Tasmem\Executive Engineer\PW\kushtia\working\12. (Working) PW at Talbaria, Padma River, KM 6.720 to KM 15.720\Padma River ( KM 6.7201 to KM 15.720).dwg,Model,10/16/2024 10:56:30 AM,BWDB D-5,EPSON L1800 Series.pc3,A3 297 x 420 mm,1:0.26424,
C:\Users\BWDB D-5\Desktop\Araf\Padma River ( KM 6.7201 to KM 15.720).dwg,Model,10/16/2024 11:56:55 AM,BWDB D-5,EPSON L1800 Series.pc3,A3 297 x 420 mm,1:0.0705238,
C:\Users\BWDB D-5\Desktop\Araf\Padma River ( KM 6.7201 to KM 15.720).dwg,Model,10/16/2024 12:02:05 PM,BWDB D-5,EPSON L1800 Series.pc3,A3 297 x 420 mm,1:0.0299351,
C:\Users\BWDB D-5\Desktop\Araf\Padma River ( KM 6.7201 to KM 15.720).dwg,Model,10/16/2024 12:03:36 PM,BWDB D-5,EPSON L1800 Series.pc3,A3 297 x 420 mm,1:0.019498,
C:\Users\BWDB D-5\Desktop\Araf\Padma River ( KM 6.7201 to KM 15.720).dwg,Model,10/16/2024 3:26:16 PM,BWDB D-5,EPSON L1800 Series.pc3,A3 297 x 420 mm,1:0.0137463,
C:\Users\BWDB D-5\Desktop\Araf\Padma River ( KM 6.7201 to KM 15.720).dwg,Model,10/16/2024 3:27:23 PM,BWDB D-5,EPSON L1800 Series.pc3,A3 297 x 420 mm,1:0.00378083,
E:\KUSHTIA\12. (Working) PW at Talbaria, Padma River, KM 6.720 to KM 15.720\Padma River ( KM 6.7201 to KM 15.720).dwg,Model,1/8/2025 10:51:40 AM,BWDB D-5,EPSON L1800 Series.pc3,A3 297 x 420 mm,1:0.347061,
E:\KUSHTIA\12. (Working) PW at Talbaria, Padma River, KM 6.720 to KM 15.720\Padma River ( KM 6.7201 to KM 15.720).dwg,Model,1/8/2025 10:52:05 AM,BWDB D-5,EPSON L1800 Series.pc3,A3 297 x 420 mm,1:0.347061,
E:\KUSHTIA\12. (Working) PW at Talbaria, Padma River, KM 6.720 to KM 15.720\Padma River ( KM 6.7201 to KM 15.720).dwg,Model,1/8/2025 10:55:07 AM,BWDB D-5,EPSON L1800 Series.pc3,A3 297 x 420 mm,1:0.347061,
E:\KUSHTIA\12. (Working) PW at Talbaria, Padma River, KM 6.720 to KM 15.720\Padma River ( KM 6.7201 to KM 15.720).dwg,Model,1/9/2025 3:25:31 PM,BWDB D-5,EPSON L1800 Series.pc3,A3 297 x 420 mm,1:0.347061,
E:\KUSHTIA\12. (Working) PW at Talbaria, Padma River, KM 6.720 to KM 15.720\Padma River ( KM 6.7201 to KM 15.720).dwg,Model,1/9/2025 3:25:59 PM,BWDB D-5,EPSON L1800 Series.pc3,A3 297 x 420 mm,1:0.562986,
E:\KUSHTIA\12. (Working) PW at Talbaria, Padma River, KM 6.720 to KM 15.720\Padma River ( KM 6.7201 to KM 15.720).dwg,Model,1/12/2025 11:11:33 AM,BWDB D-5,EPSON L1800 Series.pc3,A3 297 x 420 mm,1:0.347061,
E:\KUSHTIA\12. (Working) PW at Talbaria, Padma River, KM 6.720 to KM 15.720\Padma River ( KM 6.7201 to KM 15.720).dwg,Model,1/12/2025 11:15:12 AM,BWDB D-5,EPSON L1800 Series.pc3,A3 297 x 420 mm,1:0.347061,
E:\KUSHTIA\12. (Working) PW at Talbaria, Padma River, KM 6.720 to KM 15.720\Padma River ( KM 6.7201 to KM 15.720).dwg,Model,1/12/2025 11:15:36 AM,BWDB D-5,EPSON L1800 Series.pc3,A3 297 x 420 mm,1:0.563446,
E:\KUSHTIA\12. (Working) PW at Talbaria, Padma River, KM 6.720 to KM 15.720\Padma River ( KM 6.7201 to KM 15.720).dwg,Model,1/12/2025 11:15:57 AM,BWDB D-5,EPSON L1800 Series.pc3,A3 297 x 420 mm,1:0.573644,
E:\KUSHTIA\12. (Working) PW at Talbaria, Padma River, KM 6.720 to KM 15.720\Padma River ( KM 6.7201 to KM 15.720).dwg,Model,1/12/2025 12:42:04 PM,BWDB D-5,EPSON L1800 Series.pc3,A3 297 x 420 mm,1:0.43439,
E:\KUSHTIA\12. (Working) PW at Talbaria, Padma River, KM 6.720 to KM 15.720\Padma River ( KM 6.7201 to KM 15.720).dwg,Model,1/12/2025 12:56:12 PM,BWDB D-5,EPSON L1800 Series.pc3,A3 297 x 420 mm,1:0.43439,
E:\KUSHTIA\12. (Working) PW at Talbaria, Padma River, KM 6.720 to KM 15.720\Padma River ( KM 6.7201 to KM 15.720).dwg,Model,1/16/2025 11:47:53 AM,BWDB D-5,EPSON L1800 Series.pc3,A3 297 x 420 mm,1:0.347061,
E:\KUSHTIA\12. (Working) PW at Talbaria, Padma River, KM 6.720 to KM 15.720\Padma River ( KM 6.7201 to KM 15.720).dwg,Model,1/16/2025 11:48:16 AM,BWDB D-5,EPSON L1800 Series.pc3,A3 297 x 420 mm,1:0.317706,
E:\KUSHTIA\12. (Working) PW at Talbaria, Padma River, KM 6.720 to KM 15.720\Padma River ( KM 6.7201 to KM 15.720).dwg,Model,1/16/2025 11:48:48 AM,BWDB D-5,EPSON L1800 Series.pc3,A3 297 x 420 mm,1:0.43439,
E:\KUSHTIA\12. (Working) PW at Talbaria, Padma River, KM 6.720 to KM 15.720\Padma River ( KM 6.7201 to KM 15.720).dwg,Model,1/16/2025 11:49:40 AM,BWDB D-5,EPSON L1800 Series.pc3,A3 297 x 420 mm,1:0.43439,
E:\KUSHTIA\12. (Working) PW at Talbaria, Padma River, KM 6.720 to KM 15.720\Padma River ( KM 6.7201 to KM 15.720).dwg,Model,1/16/2025 12:03:03 PM,BWDB D-5,EPSON L1800 Series.pc3,A3 297 x 420 mm,1:0.317706,
E:\KUSHTIA\12. (Working) PW at Talbaria, Padma River, KM 6.720 to KM 15.720\Padma River ( KM 6.7201 to KM 15.720).dwg,Model,1/16/2025 12:52:22 PM,BWDB D-5,EPSON L1800 Series,A3 297 x 420 mm,1:0.376896,
E:\KUSHTIA\12. (Working) PW at Talbaria, Padma River, KM 6.720 to KM 15.720\Padma River ( KM 6.7201 to KM 15.720).dwg,Model,1/16/2025 12:52:40 PM,BWDB D-5,EPSON L1800 Series,A3 297 x 420 mm,1:0.328888,
E:\KUSHTIA\12. (Working) PW at Talbaria, Padma River, KM 6.720 to KM 15.720\Padma River ( KM 6.7201 to KM 15.720).dwg,Model,1/19/2025 3:16:39 PM,BWDB D-5,EPSON L1800 Series,A3 297 x 420 mm,1:0.339206,
E:\KUSHTIA\12. (Working) PW at Talbaria, Padma River, KM 6.720 to KM 15.720\Padma River ( KM 6.7201 to KM 15.720).dwg,Model,1/20/2025 11:06:11 AM,BWDB D-5,EPSON L1800 Series,A3 297 x 420 mm,1:0.199836,
E:\KUSHTIA\12. (Working) PW at Talbaria, Padma River, KM 6.720 to KM 15.720\Padma River ( KM 6.7201 to KM 15.720).dwg,Model,1/20/2025 12:35:36 PM,BWDB D-5,EPSON L1800 Series,A3 297 x 420 mm,1:0.520592,
C:\Users\DC-5\Desktop\20-01-2025\12. (Working) PW at Talbaria, Padma River, KM 6.720 to KM 15.720\Padma River ( KM 6.7201 to KM 15.720).dwg,Model,1/20/2025 4:33:32 PM,DC-5,Canon iR2520 UFRII LT.pc3,A3,1:0.38087,
C:\Users\DC-5\Desktop\20-01-2025\12. (Working) PW at Talbaria, Padma River, KM 6.720 to KM 15.720\Padma River ( KM 6.7201 to KM 15.720).dwg,Model,1/20/2025 4:33:48 PM,DC-5,Canon iR2520 UFRII LT.pc3,A3,1:0.332356,
C:\Users\DC-5\Desktop\20-01-2025\12. (Working) PW at Talbaria, Padma River, KM 6.720 to KM 15.720\Padma River ( KM 6.7201 to KM 15.720).dwg,Model,1/20/2025 4:34:11 PM,DC-5,Canon iR2520 UFRII LT.pc3,A3,1:0.342783,
C:\Users\DC-5\Desktop\20-01-2025\12. (Working) PW at Talbaria, Padma River, KM 6.720 to KM 15.720\Padma River ( KM 6.7201 to KM 15.720).dwg,Model,1/20/2025 4:34:28 PM,DC-5,Canon iR2520 UFRII LT.pc3,A3,1:0.370089,
C:\Users\DC-5\Desktop\20-01-2025\12. (Working) PW at Talbaria, Padma River, KM 6.720 to KM 15.720\Padma River ( KM 6.7201 to KM 15.720).dwg,Model,1/20/2025 4:34:54 PM,DC-5,Canon iR2520 UFRII LT.pc3,A3,1:0.352265,
C:\Users\DC-5\Desktop\20-01-2025\12. (Working) PW at Talbaria, Padma River, KM 6.720 to KM 15.720\Padma River ( KM 6.7201 to KM 15.720).dwg,Model,1/20/2025 4:35:05 PM,DC-5,Canon iR2520 UFRII LT.pc3,A3,1:0.369878,
C:\Users\DC-5\Desktop\20-01-2025\12. (Working) PW at Talbaria, Padma River, KM 6.720 to KM 15.720\Padma River ( KM 6.7201 to KM 15.720).dwg,Model,1/20/2025 4:35:18 PM,DC-5,Canon iR2520 UFRII LT.pc3,A3,1:0.440903,
C:\Users\DC-5\Desktop\20-01-2025\12. (Working) PW at Talbaria, Padma River, KM 6.720 to KM 15.720\Padma River ( KM 6.7201 to KM 15.720).dwg,Model,1/20/2025 4:35:54 PM,DC-5,Canon iR2520 UFRII LT.pc3,A3,1:0.370089,
C:\Users\DC-5\Desktop\20-01-2025\12. (Working) PW at Talbaria, Padma River, KM 6.720 to KM 15.720\Padma River ( KM 6.7201 to KM 15.720).dwg,Model,1/20/2025 4:36:06 PM,DC-5,Canon iR2520 UFRII LT.pc3,A3,1:0.440903,
C:\Users\DC-5\Desktop\20-01-2025\12. (Working) PW at Talbaria, Padma River, KM 6.720 to KM 15.720\Padma River ( KM 6.7201 to KM 15.720).dwg,Model,1/20/2025 4:36:15 PM,DC-5,Canon iR2520 UFRII LT.pc3,A3,1:0.380869,
C:\Users\DC-5\Desktop\20-01-2025\12. (Working) PW at Talbaria, Padma River, KM 6.720 to KM 15.720\Padma River ( KM 6.7201 to KM 15.720).dwg,Model,1/20/2025 4:36:25 PM,DC-5,Canon iR2520 UFRII LT.pc3,A3,1:0.35931,
C:\Users\DC-5\Desktop\20-01-2025\12. (Working) PW at Talbaria, Padma River, KM 6.720 to KM 15.720\Padma River ( KM 6.7201 to KM 15.720).dwg,Model,1/20/2025 4:36:34 PM,DC-5,Canon iR2520 UFRII LT.pc3,A3,1:0.440903,
C:\Users\DC-5\Desktop\20-01-2025\12. (Working) PW at Talbaria, Padma River, KM 6.720 to KM 15.720\Padma River ( KM 6.7201 to KM 15.720).dwg,Model,1/20/2025 4:36:43 PM,DC-5,Canon iR2520 UFRII LT.pc3,A3,1:0.440903,
C:\Users\DC-5\Desktop\20-01-2025\12. (Working) PW at Talbaria, Padma River, KM 6.720 to KM 15.720\Padma River ( KM 6.7201 to KM 15.720).dwg,Model,1/20/2025 4:36:52 PM,DC-5,Canon iR2520 UFRII LT.pc3,A3,1:0.440903,
C:\Users\DC-5\Desktop\20-01-2025\12. (Working) PW at Talbaria, Padma River, KM 6.720 to KM 15.720\Padma River ( KM 6.7201 to KM 15.720).dwg,Model,1/20/2025 4:37:01 PM,DC-5,Canon iR2520 UFRII LT.pc3,A3,1:0.352265,
C:\Users\DC-5\Desktop\20-01-2025\12. (Working) PW at Talbaria, Padma River, KM 6.720 to KM 15.720\Padma River ( KM 6.7201 to KM 15.720).dwg,Model,1/20/2025 4:37:10 PM,DC-5,Canon iR2520 UFRII LT.pc3,A3,1:0.440903,
C:\Users\DC-5\Desktop\20-01-2025\12. (Working) PW at Talbaria, Padma River, KM 6.720 to KM 15.720\Padma River ( KM 6.7201 to KM 15.720).dwg,Model,1/20/2025 4:37:21 PM,DC-5,Canon iR2520 UFRII LT.pc3,A3,1:0.347289,
C:\Users\DC-5\Desktop\20-01-2025\12. (Working) PW at Talbaria, Padma River, KM 6.720 to KM 15.720\Padma River ( KM 6.7201 to KM 15.720).dwg,Model,1/20/2025 4:37:31 PM,DC-5,Canon iR2520 UFRII LT.pc3,A3,1:0.34744,
C:\Users\DC-5\Desktop\20-01-2025\12. (Working) PW at Talbaria, Padma River, KM 6.720 to KM 15.720\Padma River ( KM 6.7201 to KM 15.720).dwg,Model,1/20/2025 4:37:43 PM,DC-5,Canon iR2520 UFRII LT.pc3,A3,1:0.428002,
C:\Users\DC-5\Desktop\20-01-2025\12. (Working) PW at Talbaria, Padma River, KM 6.720 to KM 15.720\Padma River ( KM 6.7201 to KM 15.720).dwg,Model,1/20/2025 4:37:52 PM,DC-5,Canon iR2520 UFRII LT.pc3,A3,1:0.472403,
C:\Users\DC-5\Desktop\20-01-2025\12. (Working) PW at Talbaria, Padma River, KM 6.720 to KM 15.720\Padma River ( KM 6.7201 to KM 15.720).dwg,Model,1/20/2025 4:38:04 PM,DC-5,Canon iR2520 UFRII LT.pc3,A3,1:0.432523,
C:\Users\DC-5\Desktop\20-01-2025\12. (Working) PW at Talbaria, Padma River, KM 6.720 to KM 15.720\Padma River ( KM 6.7201 to KM 15.720).dwg,Model,1/20/2025 4:38:14 PM,DC-5,Canon iR2520 UFRII LT.pc3,A3,1:0.472403,
C:\Users\DC-5\Desktop\20-01-2025\12. (Working) PW at Talbaria, Padma River, KM 6.720 to KM 15.720\Padma River ( KM 6.7201 to KM 15.720).dwg,Model,1/20/2025 4:38:25 PM,DC-5,Canon iR2520 UFRII LT.pc3,A3,1:0.432523,
D:\Data From My Laptop\SE_DC_5\SE_DC_5\Kustia O&M Division\Talbaria\Revetment Drawings\First Draft\First_Draft.dwg,Model,1/21/2025 2:24:14 AM,HP,Foxit PhantomPDF Printer,A3,1:0.395036,
