 Sucessfully Setup Logger for this programme.............
 Printing Data Matrix Direction.................

       Data Name         Value
0  Package Name  TP_KEX_10_07
1   Data Matrix             V
 

###############################################


    XsectionNo  chainage   r1   r2 c1 c2         KhalName     GL  Ivert Level  \
0        SSK0         0    3   16  B  D  Silna-Shir khal  0.402         -1.6   
1        SSK1       100   19   31  B  D  Silna-Shir khal  0.402         -1.6   
2        SSK2       200   34   46  B  D  Silna-Shir khal  0.402         -1.6   
3        SSK3       300   49   61  B  D  Silna-Shir khal  0.402         -1.6   
4        SSK4       400   64   77  B  D  Silna-Shir khal  0.402         -1.6   
5        SSK5       500   80   93  B  D  Silna-Shir khal  0.402         -1.6   
6        SSK6       600   96  110  B  D  Silna-Shir khal  0.402         -1.6   
7        SSK7       700  113  125  B  D  Silna-Shir khal  0.402         -1.6   
8        SSK8       800  130  142  B  D  Silna-Shir khal  0.402         -1.6   
9        SSK9       900  146  158  B  D  Silna-Shir khal  0.402         -1.6   
10      SSK10      1000  162  174  B  D  Silna-Shir khal  0.402         -1.6   
11      SSK11      1100  178  190  B  D  Silna-Shir khal  0.402         -1.6   
12      SSK12      1200  193  208  B  D  Silna-Shir khal  0.402         -1.6   
13      SSK13      1300  211  224  B  D  Silna-Shir khal  0.402         -1.6   
14      SSK14      1400  227  239  B  D  Silna-Shir khal  0.402         -1.6   
15      SSK15      1500  242  255  B  D  Silna-Shir khal  0.402         -1.6   
16      SSK16      1600  259  273  B  D  Silna-Shir khal  0.402         -1.6   
17      SSK17      1700  276  288  B  D  Silna-Shir khal  0.402         -1.6   
18      SSK18      1800  291  303  B  D  Silna-Shir khal  0.402         -1.6   
19      SSK19      1900  307  320  B  D  Silna-Shir khal  0.402         -1.6   
20      SSK20      2000  323  337  B  D  Silna-Shir khal  0.402         -1.6   
21      SSK21      2100  340  355  B  D  Silna-Shir khal  0.402         -1.6   
22      SSK22      2200  358  370  B  D  Silna-Shir khal  0.402         -1.6   
23      SSK23      2325  373  385  B  D  Silna-Shir khal  0.402         -1.6   

    Retention  Required_Area  Direction  
0         0.6             30          1  
1         0.6             30          1  
2         0.6             30          1  
3         0.6             30          1  
4         0.6             30          1  
5         0.6             30          1  
6         0.6             30          1  
7         0.6             30          1  
8         0.6             30          1  
9         0.6             30          1  
10        0.6             30          1  
11        0.6             30          1  
12        0.6             30          1  
13        0.6             30          1  
14        0.6             30          1  
15        0.6             30          1  
16        0.6             30          1  
17        0.6             30          1  
18        0.6             30          1  
19        0.6             30          1  
20        0.6             30          1  
21        0.6             30          1  
22        0.6             30          1  
23        0.6             30          1  
 chainage=0 sec=SSK0 row1=3 row2=16 col1=B col2=D 1
 





 {'dist': [0, 5, 10, 11, 12, 13, 15, 17, 18, 19, 20, 25, 30, 35], 'rl': [2.268, 2.259, 2.248, 1.069, 0.194, -0.405, -0.507, -0.402, 0.198, 1.11, 2.193, 2.185, 2.17, 2.164], 'remarks': ['', '', 'LB', '', '', '', 'CL', '', '', '', 'RB', '', '', ''], 'chainage': [0, 0, 0, 0, 0, 0, 0, 0, 0, 0, 0, 0, 0, 0], 'sectionNo': ['SSK0', 'SSK0', 'SSK0', 'SSK0', 'SSK0', 'SSK0', 'SSK0', 'SSK0', 'SSK0', 'SSK0', 'SSK0', 'SSK0', 'SSK0', 'SSK0']}
 





 chainage=100 sec=SSK1 row1=19 row2=31 col1=B col2=D 1
 





 {'dist': [0, 5, 10, 11, 12, 13, 14, 15, 16, 17, 18, 23, 28], 'rl': [2.62, 2.605, 2.591, 1.268, 0.498, 0.005, -0.105, -0.001, 0.198, 0.39, 0.394, 0.68, 0.669], 'remarks': ['', '', 'LB', '', '', '', 'CL', '', '', 'RB', '', '', ''], 'chainage': [100, 100, 100, 100, 100, 100, 100, 100, 100, 100, 100, 100, 100], 'sectionNo': ['SSK1', 'SSK1', 'SSK1', 'SSK1', 'SSK1', 'SSK1', 'SSK1', 'SSK1', 'SSK1', 'SSK1', 'SSK1', 'SSK1', 'SSK1']}
 





 chainage=200 sec=SSK2 row1=34 row2=46 col1=B col2=D 1
 





 {'dist': [0, 5, 10, 11, 12, 13, 14, 15, 16, 17, 18, 23, 28], 'rl': [0.795, 0.784, 0.768, 0.454, 0.298, 0.102, -0.002, 0.104, 0.214, 0.302, 0.394, 0.38, 0.371], 'remarks': ['', '', 'LB', '', '', '', 'CL', '', '', 'RB', '', '', ''], 'chainage': [200, 200, 200, 200, 200, 200, 200, 200, 200, 200, 200, 200, 200], 'sectionNo': ['SSK2', 'SSK2', 'SSK2', 'SSK2', 'SSK2', 'SSK2', 'SSK2', 'SSK2', 'SSK2', 'SSK2', 'SSK2', 'SSK2', 'SSK2']}
 





 chainage=300 sec=SSK3 row1=49 row2=61 col1=B col2=D 1
 





 {'dist': [0, 5, 10, 11, 12, 13, 15, 17, 18, 19, 20, 25, 30], 'rl': [1.27, 1.283, 1.29, 0.568, 0.287, -0.01, -0.124, -0.018, 0.259, 0.686, 1.202, 1.198, 1.186], 'remarks': ['', '', 'LB', '', '', '', 'CL', '', '', '', 'RB', '', ''], 'chainage': [300, 300, 300, 300, 300, 300, 300, 300, 300, 300, 300, 300, 300], 'sectionNo': ['SSK3', 'SSK3', 'SSK3', 'SSK3', 'SSK3', 'SSK3', 'SSK3', 'SSK3', 'SSK3', 'SSK3', 'SSK3', 'SSK3', 'SSK3']}
 





 chainage=400 sec=SSK4 row1=64 row2=77 col1=B col2=D 1
 





 {'dist': [0, 5, 10, 11, 12, 13, 14.5, 16, 17, 18, 19, 25, 30, 35], 'rl': [1.193, 1.181, 1.159, 0.542, 0.183, -0.098, -0.207, -0.102, 0.197, 0.592, 1.242, 1.237, 1.229, 1.223], 'remarks': ['', '', 'LB', '', '', '', 'CL', '', '', '', 'RB', '', '', ''], 'chainage': [400, 400, 400, 400, 400, 400, 400, 400, 400, 400, 400, 400, 400, 400], 'sectionNo': ['SSK4', 'SSK4', 'SSK4', 'SSK4', 'SSK4', 'SSK4', 'SSK4', 'SSK4', 'SSK4', 'SSK4', 'SSK4', 'SSK4', 'SSK4', 'SSK4']}
 





 chainage=500 sec=SSK5 row1=80 row2=93 col1=B col2=D 1
 





 {'dist': [0, 5, 10, 11, 12, 14, 15.5, 17, 19, 20, 21, 25, 30, 35], 'rl': [1.388, 1.372, 1.367, 0.561, 0.05, -0.318, -0.423, -0.317, 0.042, 0.593, 1.456, 1.437, 1.432, 1.42], 'remarks': ['', '', 'LB', '', '', '', 'CL', '', '', '', 'RB', '', '', ''], 'chainage': [500, 500, 500, 500, 500, 500, 500, 500, 500, 500, 500, 500, 500, 500], 'sectionNo': ['SSK5', 'SSK5', 'SSK5', 'SSK5', 'SSK5', 'SSK5', 'SSK5', 'SSK5', 'SSK5', 'SSK5', 'SSK5', 'SSK5', 'SSK5', 'SSK5']}
 





 chainage=600 sec=SSK6 row1=96 row2=110 col1=B col2=D 1
 





 {'dist': [0, 5, 10, 11, 12, 13, 15, 17, 18, 19, 20, 21, 22, 27, 32], 'rl': [1.91, 1.905, 1.884, 1.804, 0.135, -0.34, -0.44, -0.336, 0.111, 0.886, 2.047, 2.038, 1.076, 1.07, 1.065], 'remarks': ['', '', '', 'LB', '', '', '', 'CL', '', '', 'RB', '', '', '', ''], 'chainage': [600, 600, 600, 600, 600, 600, 600, 600, 600, 600, 600, 600, 600, 600, 600], 'sectionNo': ['SSK6', 'SSK6', 'SSK6', 'SSK6', 'SSK6', 'SSK6', 'SSK6', 'SSK6', 'SSK6', 'SSK6', 'SSK6', 'SSK6', 'SSK6', 'SSK6', 'SSK6']}
 





 chainage=700 sec=SSK7 row1=113 row2=125 col1=B col2=D 1
 





 {'dist': [0, 5, 10, 11, 13, 15, 16, 17, 19, 21, 22, 27, 32], 'rl': [0.942, 0.935, 0.921, 0.293, -0.055, -0.254, -0.355, -0.249, -0.046, 0.257, 0.89, 0.879, 0.875], 'remarks': ['', '', 'LB', '', '', '', 'CL', '', '', '', 'RB', '', ''], 'chainage': [700, 700, 700, 700, 700, 700, 700, 700, 700, 700, 700, 700, 700], 'sectionNo': ['SSK7', 'SSK7', 'SSK7', 'SSK7', 'SSK7', 'SSK7', 'SSK7', 'SSK7', 'SSK7', 'SSK7', 'SSK7', 'SSK7', 'SSK7']}
 





 chainage=800 sec=SSK8 row1=130 row2=142 col1=B col2=D 1
 





 {'dist': [0, 5, 10, 11, 12, 14, 15.5, 17, 19, 20, 21, 25, 30], 'rl': [0.94, 0.921, 0.909, 0.425, 0.111, -0.103, -0.209, -0.104, 0.116, 0.441, 0.855, 0.846, 0.834], 'remarks': ['', '', 'LB', '', '', '', 'CL', '', '', '', 'RB', '', ''], 'chainage': [800, 800, 800, 800, 800, 800, 800, 800, 800, 800, 800, 800, 800], 'sectionNo': ['SSK8', 'SSK8', 'SSK8', 'SSK8', 'SSK8', 'SSK8', 'SSK8', 'SSK8', 'SSK8', 'SSK8', 'SSK8', 'SSK8', 'SSK8']}
 





 chainage=900 sec=SSK9 row1=146 row2=158 col1=B col2=D 1
 





 {'dist': [0, 5, 10, 11, 12, 13, 14.5, 16, 17, 18, 19, 25, 30], 'rl': [0.909, 0.904, 0.891, 0.51, 0.221, 0.021, -0.071, 0.03, 0.214, 0.466, 0.811, 0.8, 0.794], 'remarks': ['', '', 'LB', '', '', '', '', 'CL', '', '', 'RB', '', ''], 'chainage': [900, 900, 900, 900, 900, 900, 900, 900, 900, 900, 900, 900, 900], 'sectionNo': ['SSK9', 'SSK9', 'SSK9', 'SSK9', 'SSK9', 'SSK9', 'SSK9', 'SSK9', 'SSK9', 'SSK9', 'SSK9', 'SSK9', 'SSK9']}
 





 chainage=1000 sec=SSK10 row1=162 row2=174 col1=B col2=D 1
 





 {'dist': [0, 5, 10, 11, 12, 13, 14, 15, 16, 17, 18, 23, 28], 'rl': [0.81, 0.8, 0.795, 0.49, 0.294, 0.111, 0.009, 0.114, 0.23, 0.416, 0.711, 0.697, 0.685], 'remarks': ['', '', 'LB', '', '', '', '', 'CL', '', '', 'RB', '', ''], 'chainage': [1000, 1000, 1000, 1000, 1000, 1000, 1000, 1000, 1000, 1000, 1000, 1000, 1000], 'sectionNo': ['SSK10', 'SSK10', 'SSK10', 'SSK10', 'SSK10', 'SSK10', 'SSK10', 'SSK10', 'SSK10', 'SSK10', 'SSK10', 'SSK10', 'SSK10']}
 





 chainage=1100 sec=SSK11 row1=178 row2=190 col1=B col2=D 1
 





 {'dist': [0, 5, 10, 11, 12, 13, 14.5, 16, 17, 18, 19, 25, 30], 'rl': [1.155, 1.14, 1.127, 0.588, 0.351, 0.164, 0.056, 0.162, 0.34, 0.616, 1.05, 1.035, 1.026], 'remarks': ['', '', 'LB', '', '', '', 'CL', '', '', '', 'RB', '', ''], 'chainage': [1100, 1100, 1100, 1100, 1100, 1100, 1100, 1100, 1100, 1100, 1100, 1100, 1100], 'sectionNo': ['SSK11', 'SSK11', 'SSK11', 'SSK11', 'SSK11', 'SSK11', 'SSK11', 'SSK11', 'SSK11', 'SSK11', 'SSK11', 'SSK11', 'SSK11']}
 





 chainage=1200 sec=SSK12 row1=193 row2=208 col1=B col2=D 1
 





 {'dist': [0, 8, 9, 10, 11, 12, 13, 14, 15, 16, 17, 18, 19, 20, 25, 30], 'rl': [0.936, 0.924, 1.751, 1.74, 0.91, 0.561, 0.334, 0.126, 0.33, 0.649, 1.051, 1.916, 1.905, 1.894, 0.888, 0.88], 'remarks': ['', '', '', 'LB', '', '', '', 'CL', '', '', '', 'RB', '', '', '', ''], 'chainage': [1200, 1200, 1200, 1200, 1200, 1200, 1200, 1200, 1200, 1200, 1200, 1200, 1200, 1200, 1200, 1200], 'sectionNo': ['SSK12', 'SSK12', 'SSK12', 'SSK12', 'SSK12', 'SSK12', 'SSK12', 'SSK12', 'SSK12', 'SSK12', 'SSK12', 'SSK12', 'SSK12', 'SSK12', 'SSK12', 'SSK12']}
 





 chainage=1300 sec=SSK13 row1=211 row2=224 col1=B col2=D 1
 





 {'dist': [0, 5, 10, 11, 12, 13, 14.5, 16, 17, 18, 19, 25, 30, 35], 'rl': [1.236, 1.227, 1.216, 0.75, 0.458, 0.241, 0.136, 0.243, 0.45, 0.727, 1.026, 1.021, 1.01, 1.005], 'remarks': ['', '', 'LB', '', '', '', 'CL', '', '', '', 'RB', '', '', ''], 'chainage': [1300, 1300, 1300, 1300, 1300, 1300, 1300, 1300, 1300, 1300, 1300, 1300, 1300, 1300], 'sectionNo': ['SSK13', 'SSK13', 'SSK13', 'SSK13', 'SSK13', 'SSK13', 'SSK13', 'SSK13', 'SSK13', 'SSK13', 'SSK13', 'SSK13', 'SSK13', 'SSK13']}
 





 chainage=1400 sec=SSK14 row1=227 row2=239 col1=B col2=D 1
 





 {'dist': [0, 5, 10, 11, 12, 13, 14, 15, 16, 17, 18, 23, 28], 'rl': [0.954, 0.946, 0.941, 0.693, 0.46, 0.277, 0.172, 0.275, 0.506, 0.636, 0.921, 0.913, 0.893], 'remarks': ['', '', 'LB', '', '', '', 'CL', '', '', '', 'RB', '', ''], 'chainage': [1400, 1400, 1400, 1400, 1400, 1400, 1400, 1400, 1400, 1400, 1400, 1400, 1400], 'sectionNo': ['SSK14', 'SSK14', 'SSK14', 'SSK14', 'SSK14', 'SSK14', 'SSK14', 'SSK14', 'SSK14', 'SSK14', 'SSK14', 'SSK14', 'SSK14']}
 





 chainage=1500 sec=SSK15 row1=242 row2=255 col1=B col2=D 1
 





 {'dist': [0, 6, 7, 10, 11, 12, 13, 15, 17, 18, 19, 20, 25, 30], 'rl': [0.833, 0.84, 2.058, 2.053, 1.037, 0.473, 0.161, 0.058, 0.164, 0.371, 0.458, 0.774, 0.762, 0.748], 'remarks': ['', '', '', 'LB', '', '', '', 'CL', '', '', '', 'RB', '', ''], 'chainage': [1500, 1500, 1500, 1500, 1500, 1500, 1500, 1500, 1500, 1500, 1500, 1500, 1500, 1500], 'sectionNo': ['SSK15', 'SSK15', 'SSK15', 'SSK15', 'SSK15', 'SSK15', 'SSK15', 'SSK15', 'SSK15', 'SSK15', 'SSK15', 'SSK15', 'SSK15', 'SSK15']}
 





 chainage=1600 sec=SSK16 row1=259 row2=273 col1=B col2=D 1
 





 {'dist': [0, 6, 7, 10, 11, 12, 13, 15, 17, 18, 19, 20, 21, 22, 24], 'rl': [0.962, 0.949, 2.469, 2.453, 1.56, 0.761, 0.367, 0.264, 0.37, 0.767, 1.438, 2.158, 1.153, 1.453, 0.668], 'remarks': ['', '', '', 'LB', '', '', '', 'CL', '', '', 'RB', '', '', '', ''], 'chainage': [1600, 1600, 1600, 1600, 1600, 1600, 1600, 1600, 1600, 1600, 1600, 1600, 1600, 1600, 1600], 'sectionNo': ['SSK16', 'SSK16', 'SSK16', 'SSK16', 'SSK16', 'SSK16', 'SSK16', 'SSK16', 'SSK16', 'SSK16', 'SSK16', 'SSK16', 'SSK16', 'SSK16', 'SSK16']}
 





 chainage=1700 sec=SSK17 row1=276 row2=288 col1=B col2=D 1
 





 {'dist': [0, 5, 10, 11, 13, 15, 16, 17, 19, 21, 22, 27, 32], 'rl': [0.962, 0.957, 0.949, 0.663, 0.442, 0.287, 0.182, 0.283, 0.553, 0.958, 1.751, 1.762, 1.772], 'remarks': ['', '', 'LB', '', '', '', 'CL', '', '', '', 'RB', '', ''], 'chainage': [1700, 1700, 1700, 1700, 1700, 1700, 1700, 1700, 1700, 1700, 1700, 1700, 1700], 'sectionNo': ['SSK17', 'SSK17', 'SSK17', 'SSK17', 'SSK17', 'SSK17', 'SSK17', 'SSK17', 'SSK17', 'SSK17', 'SSK17', 'SSK17', 'SSK17']}
 





 chainage=1800 sec=SSK18 row1=291 row2=303 col1=B col2=D 1
 





 {'dist': [0, 5, 6, 10, 11, 12, 13, 13.5, 14, 15, 16, 17, 20], 'rl': [1.012, 1.025, 2.251, 2.141, 1.208, 0.732, 0.453, 0.282, 0.387, 0.763, 1.253, 2.257, 2.262], 'remarks': ['', '', '', 'LB', '', '', '', 'CL', '', '', '', 'RB', ''], 'chainage': [1800, 1800, 1800, 1800, 1800, 1800, 1800, 1800, 1800, 1800, 1800, 1800, 1800], 'sectionNo': ['SSK18', 'SSK18', 'SSK18', 'SSK18', 'SSK18', 'SSK18', 'SSK18', 'SSK18', 'SSK18', 'SSK18', 'SSK18', 'SSK18', 'SSK18']}
 





 chainage=1900 sec=SSK19 row1=307 row2=320 col1=B col2=D 1
 





 {'dist': [0, 7, 8, 10, 11, 12, 13, 14, 15, 16, 17, 18, 23, 28], 'rl': [1.346, 1.364, 2.161, 2.15, 1.116, 0.461, -0.001, -0.103, 0.001, 0.46, 1.115, 2.41, 2.405, 2.39], 'remarks': ['', '', '', 'LB', '', '', '', '', 'CL', '', '', 'RB', '', ''], 'chainage': [1900, 1900, 1900, 1900, 1900, 1900, 1900, 1900, 1900, 1900, 1900, 1900, 1900, 1900], 'sectionNo': ['SSK19', 'SSK19', 'SSK19', 'SSK19', 'SSK19', 'SSK19', 'SSK19', 'SSK19', 'SSK19', 'SSK19', 'SSK19', 'SSK19', 'SSK19', 'SSK19']}
 





 chainage=2000 sec=SSK20 row1=323 row2=337 col1=B col2=D 1
 





 {'dist': [0, 5, 10, 11, 12, 13, 14.5, 16, 17, 18, 19, 22, 23, 28, 33], 'rl': [1.803, 1.785, 1.776, 1.589, 0.735, 0.03, -0.072, 0.033, 0.649, 1.54, 2.528, 2.514, 1.735, 1.729, 1.703], 'remarks': ['', '', 'LB', '', '', '', '', 'CL', '', '', 'RB', '', '', '', ''], 'chainage': [2000, 2000, 2000, 2000, 2000, 2000, 2000, 2000, 2000, 2000, 2000, 2000, 2000, 2000, 2000], 'sectionNo': ['SSK20', 'SSK20', 'SSK20', 'SSK20', 'SSK20', 'SSK20', 'SSK20', 'SSK20', 'SSK20', 'SSK20', 'SSK20', 'SSK20', 'SSK20', 'SSK20', 'SSK20']}
 





 chainage=2100 sec=SSK21 row1=340 row2=355 col1=B col2=D 1
 





 {'dist': [0, 7, 8, 10, 11, 12, 13, 15, 17, 18, 19, 20, 23, 24, 30, 35], 'rl': [2.023, 2.04, 2.63, 2.615, 1.584, 0.733, 0.113, 0.009, 0.11, 0.729, 1.58, 2.749, 2.734, 1.866, 1.859, 1.854], 'remarks': ['', '', '', 'LB', '', '', '', 'CL', '', '', '', 'RB', '', '', '', ''], 'chainage': [2100, 2100, 2100, 2100, 2100, 2100, 2100, 2100, 2100, 2100, 2100, 2100, 2100, 2100, 2100, 2100], 'sectionNo': ['SSK21', 'SSK21', 'SSK21', 'SSK21', 'SSK21', 'SSK21', 'SSK21', 'SSK21', 'SSK21', 'SSK21', 'SSK21', 'SSK21', 'SSK21', 'SSK21', 'SSK21', 'SSK21']}
 





 chainage=2200 sec=SSK22 row1=358 row2=370 col1=B col2=D 1
 





 {'dist': [0, 1, 2, 4, 6, 7, 8, 10, 12, 13, 16, 20, 25], 'rl': [2.829, 2.82, 1.582, 0.817, 0.34, 0.237, 0.343, 0.782, 1.587, 2.703, 2.709, 2.619, 2.13], 'remarks': ['', 'LB', '', '', '', 'CL', '', '', '', 'RB', '', '', ''], 'chainage': [2200, 2200, 2200, 2200, 2200, 2200, 2200, 2200, 2200, 2200, 2200, 2200, 2200], 'sectionNo': ['SSK22', 'SSK22', 'SSK22', 'SSK22', 'SSK22', 'SSK22', 'SSK22', 'SSK22', 'SSK22', 'SSK22', 'SSK22', 'SSK22', 'SSK22']}
 





 chainage=2325 sec=SSK23 row1=373 row2=385 col1=B col2=D 1
 





 {'dist': [0, 5, 10, 11, 13, 15, 17, 19, 21, 23, 24, 27, 28], 'rl': [3.451, 3.444, 3.439, 2.313, 1.02, 0.198, 0.094, 0.195, 0.989, 2.315, 4.194, 4.18, 4.125], 'remarks': ['', '', 'LB', '', '', 'CL', '', '', '', '', 'RB', '', ''], 'chainage': [2325, 2325, 2325, 2325, 2325, 2325, 2325, 2325, 2325, 2325, 2325, 2325, 2325], 'sectionNo': ['SSK23', 'SSK23', 'SSK23', 'SSK23', 'SSK23', 'SSK23', 'SSK23', 'SSK23', 'SSK23', 'SSK23', 'SSK23', 'SSK23', 'SSK23']}
 





 


Detailed Debugging of Calcualtion of CL




 



Initiated Section no =SSK0**********************************
   Section No  Chainage (m)  Distance (m)  RL (m) Remarks
6       SSK0             0          15.0  -0.507      CL
   Section No  Chainage (m)  Distance (m)  RL (m) Remarks
2       SSK0             0          10.0   2.248      LB
    Section No  Chainage (m)  Distance (m)  RL (m) Remarks
10       SSK0             0          20.0   2.193      RB
 sencionno=SSK0 CL distance=15.0 RL=-0.507
 Finished Section no =SSK0**********************************
 



Initiated Section no =SSK1**********************************
    Section No  Chainage (m)  Distance (m)  RL (m) Remarks
20       SSK1           100          14.0  -0.105      CL
    Section No  Chainage (m)  Distance (m)  RL (m) Remarks
16       SSK1           100          10.0   2.591      LB
    Section No  Chainage (m)  Distance (m)  RL (m) Remarks
23       SSK1           100          17.0    0.39      RB
 sencionno=SSK1 CL distance=14.0 RL=-0.105
 Finished Section no =SSK1**********************************
 



Initiated Section no =SSK2**********************************
    Section No  Chainage (m)  Distance (m)  RL (m) Remarks
33       SSK2           200          14.0  -0.002      CL
    Section No  Chainage (m)  Distance (m)  RL (m) Remarks
29       SSK2           200          10.0   0.768      LB
    Section No  Chainage (m)  Distance (m)  RL (m) Remarks
36       SSK2           200          17.0   0.302      RB
 sencionno=SSK2 CL distance=14.0 RL=-0.002
 Finished Section no =SSK2**********************************
 



Initiated Section no =SSK3**********************************
    Section No  Chainage (m)  Distance (m)  RL (m) Remarks
46       SSK3           300          15.0  -0.124      CL
    Section No  Chainage (m)  Distance (m)  RL (m) Remarks
42       SSK3           300          10.0    1.29      LB
    Section No  Chainage (m)  Distance (m)  RL (m) Remarks
50       SSK3           300          20.0   1.202      RB
 sencionno=SSK3 CL distance=15.0 RL=-0.124
 Finished Section no =SSK3**********************************
 



Initiated Section no =SSK4**********************************
    Section No  Chainage (m)  Distance (m)  RL (m) Remarks
59       SSK4           400          14.5  -0.207      CL
    Section No  Chainage (m)  Distance (m)  RL (m) Remarks
55       SSK4           400          10.0   1.159      LB
    Section No  Chainage (m)  Distance (m)  RL (m) Remarks
63       SSK4           400          19.0   1.242      RB
 sencionno=SSK4 CL distance=14.5 RL=-0.207
 Finished Section no =SSK4**********************************
 



Initiated Section no =SSK5**********************************
    Section No  Chainage (m)  Distance (m)  RL (m) Remarks
73       SSK5           500          15.5  -0.423      CL
    Section No  Chainage (m)  Distance (m)  RL (m) Remarks
69       SSK5           500          10.0   1.367      LB
    Section No  Chainage (m)  Distance (m)  RL (m) Remarks
77       SSK5           500          21.0   1.456      RB
 sencionno=SSK5 CL distance=15.5 RL=-0.423
 Finished Section no =SSK5**********************************
 



Initiated Section no =SSK6**********************************
    Section No  Chainage (m)  Distance (m)  RL (m) Remarks
88       SSK6           600          17.0  -0.336      CL
    Section No  Chainage (m)  Distance (m)  RL (m) Remarks
84       SSK6           600          11.0   1.804      LB
    Section No  Chainage (m)  Distance (m)  RL (m) Remarks
91       SSK6           600          20.0   2.047      RB
 sencionno=SSK6 CL distance=17.0 RL=-0.336
 Finished Section no =SSK6**********************************
 



Initiated Section no =SSK7**********************************
     Section No  Chainage (m)  Distance (m)  RL (m) Remarks
102       SSK7           700          16.0  -0.355      CL
    Section No  Chainage (m)  Distance (m)  RL (m) Remarks
98       SSK7           700          10.0   0.921      LB
     Section No  Chainage (m)  Distance (m)  RL (m) Remarks
106       SSK7           700          22.0    0.89      RB
 sencionno=SSK7 CL distance=16.0 RL=-0.355
 Finished Section no =SSK7**********************************
 



Initiated Section no =SSK8**********************************
     Section No  Chainage (m)  Distance (m)  RL (m) Remarks
115       SSK8           800          15.5  -0.209      CL
     Section No  Chainage (m)  Distance (m)  RL (m) Remarks
111       SSK8           800          10.0   0.909      LB
     Section No  Chainage (m)  Distance (m)  RL (m) Remarks
119       SSK8           800          21.0   0.855      RB
 sencionno=SSK8 CL distance=15.5 RL=-0.209
 Finished Section no =SSK8**********************************
 



Initiated Section no =SSK9**********************************
     Section No  Chainage (m)  Distance (m)  RL (m) Remarks
129       SSK9           900          16.0    0.03      CL
     Section No  Chainage (m)  Distance (m)  RL (m) Remarks
124       SSK9           900          10.0   0.891      LB
     Section No  Chainage (m)  Distance (m)  RL (m) Remarks
132       SSK9           900          19.0   0.811      RB
 sencionno=SSK9 CL distance=16.0 RL=0.03
 Finished Section no =SSK9**********************************
 



Initiated Section no =SSK10**********************************
     Section No  Chainage (m)  Distance (m)  RL (m) Remarks
142      SSK10          1000          15.0   0.114      CL
     Section No  Chainage (m)  Distance (m)  RL (m) Remarks
137      SSK10          1000          10.0   0.795      LB
     Section No  Chainage (m)  Distance (m)  RL (m) Remarks
145      SSK10          1000          18.0   0.711      RB
 sencionno=SSK10 CL distance=15.0 RL=0.114
 Finished Section no =SSK10**********************************
 



Initiated Section no =SSK11**********************************
     Section No  Chainage (m)  Distance (m)  RL (m) Remarks
154      SSK11          1100          14.5   0.056      CL
     Section No  Chainage (m)  Distance (m)  RL (m) Remarks
150      SSK11          1100          10.0   1.127      LB
     Section No  Chainage (m)  Distance (m)  RL (m) Remarks
158      SSK11          1100          19.0    1.05      RB
 sencionno=SSK11 CL distance=14.5 RL=0.056
 Finished Section no =SSK11**********************************
 



Initiated Section no =SSK12**********************************
     Section No  Chainage (m)  Distance (m)  RL (m) Remarks
168      SSK12          1200          14.0   0.126      CL
     Section No  Chainage (m)  Distance (m)  RL (m) Remarks
164      SSK12          1200          10.0    1.74      LB
     Section No  Chainage (m)  Distance (m)  RL (m) Remarks
172      SSK12          1200          18.0   1.916      RB
 sencionno=SSK12 CL distance=14.0 RL=0.126
 Finished Section no =SSK12**********************************
 



Initiated Section no =SSK13**********************************
     Section No  Chainage (m)  Distance (m)  RL (m) Remarks
183      SSK13          1300          14.5   0.136      CL
     Section No  Chainage (m)  Distance (m)  RL (m) Remarks
179      SSK13          1300          10.0   1.216      LB
     Section No  Chainage (m)  Distance (m)  RL (m) Remarks
187      SSK13          1300          19.0   1.026      RB
 sencionno=SSK13 CL distance=14.5 RL=0.136
 Finished Section no =SSK13**********************************
 



Initiated Section no =SSK14**********************************
     Section No  Chainage (m)  Distance (m)  RL (m) Remarks
197      SSK14          1400          14.0   0.172      CL
     Section No  Chainage (m)  Distance (m)  RL (m) Remarks
193      SSK14          1400          10.0   0.941      LB
     Section No  Chainage (m)  Distance (m)  RL (m) Remarks
201      SSK14          1400          18.0   0.921      RB
 sencionno=SSK14 CL distance=14.0 RL=0.172
 Finished Section no =SSK14**********************************
 



Initiated Section no =SSK15**********************************
     Section No  Chainage (m)  Distance (m)  RL (m) Remarks
211      SSK15          1500          15.0   0.058      CL
     Section No  Chainage (m)  Distance (m)  RL (m) Remarks
207      SSK15          1500          10.0   2.053      LB
     Section No  Chainage (m)  Distance (m)  RL (m) Remarks
215      SSK15          1500          20.0   0.774      RB
 sencionno=SSK15 CL distance=15.0 RL=0.058
 Finished Section no =SSK15**********************************
 



Initiated Section no =SSK16**********************************
     Section No  Chainage (m)  Distance (m)  RL (m) Remarks
225      SSK16          1600          15.0   0.264      CL
     Section No  Chainage (m)  Distance (m)  RL (m) Remarks
221      SSK16          1600          10.0   2.453      LB
     Section No  Chainage (m)  Distance (m)  RL (m) Remarks
228      SSK16          1600          19.0   1.438      RB
 sencionno=SSK16 CL distance=15.0 RL=0.264
 Finished Section no =SSK16**********************************
 



Initiated Section no =SSK17**********************************
     Section No  Chainage (m)  Distance (m)  RL (m) Remarks
239      SSK17          1700          16.0   0.182      CL
     Section No  Chainage (m)  Distance (m)  RL (m) Remarks
235      SSK17          1700          10.0   0.949      LB
     Section No  Chainage (m)  Distance (m)  RL (m) Remarks
243      SSK17          1700          22.0   1.751      RB
 sencionno=SSK17 CL distance=16.0 RL=0.182
 Finished Section no =SSK17**********************************
 



Initiated Section no =SSK18**********************************
     Section No  Chainage (m)  Distance (m)  RL (m) Remarks
253      SSK18          1800          13.5   0.282      CL
     Section No  Chainage (m)  Distance (m)  RL (m) Remarks
249      SSK18          1800          10.0   2.141      LB
     Section No  Chainage (m)  Distance (m)  RL (m) Remarks
257      SSK18          1800          17.0   2.257      RB
 sencionno=SSK18 CL distance=13.5 RL=0.282
 Finished Section no =SSK18**********************************
 



Initiated Section no =SSK19**********************************
     Section No  Chainage (m)  Distance (m)  RL (m) Remarks
267      SSK19          1900          15.0   0.001      CL
     Section No  Chainage (m)  Distance (m)  RL (m) Remarks
262      SSK19          1900          10.0    2.15      LB
     Section No  Chainage (m)  Distance (m)  RL (m) Remarks
270      SSK19          1900          18.0    2.41      RB
 sencionno=SSK19 CL distance=15.0 RL=0.001
 Finished Section no =SSK19**********************************
 



Initiated Section no =SSK20**********************************
     Section No  Chainage (m)  Distance (m)  RL (m) Remarks
280      SSK20          2000          16.0   0.033      CL
     Section No  Chainage (m)  Distance (m)  RL (m) Remarks
275      SSK20          2000          10.0   1.776      LB
     Section No  Chainage (m)  Distance (m)  RL (m) Remarks
283      SSK20          2000          19.0   2.528      RB
 sencionno=SSK20 CL distance=16.0 RL=0.033
 Finished Section no =SSK20**********************************
 



Initiated Section no =SSK21**********************************
     Section No  Chainage (m)  Distance (m)  RL (m) Remarks
295      SSK21          2100          15.0   0.009      CL
     Section No  Chainage (m)  Distance (m)  RL (m) Remarks
291      SSK21          2100          10.0   2.615      LB
     Section No  Chainage (m)  Distance (m)  RL (m) Remarks
299      SSK21          2100          20.0   2.749      RB
 sencionno=SSK21 CL distance=15.0 RL=0.009
 Finished Section no =SSK21**********************************
 



Initiated Section no =SSK22**********************************
     Section No  Chainage (m)  Distance (m)  RL (m) Remarks
309      SSK22          2200           7.0   0.237      CL
     Section No  Chainage (m)  Distance (m)  RL (m) Remarks
305      SSK22          2200           1.0    2.82      LB
     Section No  Chainage (m)  Distance (m)  RL (m) Remarks
313      SSK22          2200          13.0   2.703      RB
 sencionno=SSK22 CL distance=7.0 RL=0.237
 Finished Section no =SSK22**********************************
 



Initiated Section no =SSK23**********************************
     Section No  Chainage (m)  Distance (m)  RL (m) Remarks
322      SSK23          2325          15.0   0.198      CL
     Section No  Chainage (m)  Distance (m)  RL (m) Remarks
319      SSK23          2325          10.0   3.439      LB
     Section No  Chainage (m)  Distance (m)  RL (m) Remarks
327      SSK23          2325          24.0   4.194      RB
 sencionno=SSK23 CL distance=15.0 RL=0.198
 Finished Section no =SSK23**********************************
 


############# We Are Checking Sectional properties.............
 


############# ##################################################
    XsectionNo  chainage   r1   r2 c1 c2         KhalName     GL  Ivert Level  \
0        SSK0         0    3   16  B  D  Silna-Shir khal  0.402         -1.6   
1        SSK1       100   19   31  B  D  Silna-Shir khal  0.402         -1.6   
2        SSK2       200   34   46  B  D  Silna-Shir khal  0.402         -1.6   
3        SSK3       300   49   61  B  D  Silna-Shir khal  0.402         -1.6   
4        SSK4       400   64   77  B  D  Silna-Shir khal  0.402         -1.6   
5        SSK5       500   80   93  B  D  Silna-Shir khal  0.402         -1.6   
6        SSK6       600   96  110  B  D  Silna-Shir khal  0.402         -1.6   
7        SSK7       700  113  125  B  D  Silna-Shir khal  0.402         -1.6   
8        SSK8       800  130  142  B  D  Silna-Shir khal  0.402         -1.6   
9        SSK9       900  146  158  B  D  Silna-Shir khal  0.402         -1.6   
10      SSK10      1000  162  174  B  D  Silna-Shir khal  0.402         -1.6   
11      SSK11      1100  178  190  B  D  Silna-Shir khal  0.402         -1.6   
12      SSK12      1200  193  208  B  D  Silna-Shir khal  0.402         -1.6   
13      SSK13      1300  211  224  B  D  Silna-Shir khal  0.402         -1.6   
14      SSK14      1400  227  239  B  D  Silna-Shir khal  0.402         -1.6   
15      SSK15      1500  242  255  B  D  Silna-Shir khal  0.402         -1.6   
16      SSK16      1600  259  273  B  D  Silna-Shir khal  0.402         -1.6   
17      SSK17      1700  276  288  B  D  Silna-Shir khal  0.402         -1.6   
18      SSK18      1800  291  303  B  D  Silna-Shir khal  0.402         -1.6   
19      SSK19      1900  307  320  B  D  Silna-Shir khal  0.402         -1.6   
20      SSK20      2000  323  337  B  D  Silna-Shir khal  0.402         -1.6   
21      SSK21      2100  340  355  B  D  Silna-Shir khal  0.402         -1.6   
22      SSK22      2200  358  370  B  D  Silna-Shir khal  0.402         -1.6   
23      SSK23      2325  373  385  B  D  Silna-Shir khal  0.402         -1.6   

    Retention  Required_Area  Direction  
0         0.6             30          1  
1         0.6             30          1  
2         0.6             30          1  
3         0.6             30          1  
4         0.6             30          1  
5         0.6             30          1  
6         0.6             30          1  
7         0.6             30          1  
8         0.6             30          1  
9         0.6             30          1  
10        0.6             30          1  
11        0.6             30          1  
12        0.6             30          1  
13        0.6             30          1  
14        0.6             30          1  
15        0.6             30          1  
16        0.6             30          1  
17        0.6             30          1  
18        0.6             30          1  
19        0.6             30          1  
20        0.6             30          1  
21        0.6             30          1  
22        0.6             30          1  
23        0.6             30          1  
 secno=SSK0
 xvalues=[np.float64(0.0), np.float64(5.0), np.float64(10.0), np.float64(11.0), np.float64(12.0), np.float64(13.0), np.float64(15.0), np.float64(17.0), np.float64(18.0), np.float64(19.0), np.float64(20.0), np.float64(25.0), np.float64(30.0), np.float64(35.0)]
 yvalues=[np.float64(2.268), np.float64(2.259), np.float64(2.248), np.float64(1.069), np.float64(0.194), np.float64(-0.405), np.float64(-0.507), np.float64(-0.402), np.float64(0.198), np.float64(1.11), np.float64(2.193), np.float64(2.185), np.float64(2.17), np.float64(2.164)]
 Remarks=['', '', 'LB', '', '', '', 'CL', '', '', '', 'RB', '', '', '']
 lb=2.248 type=<class 'numpy.float64'>
 lb=2.248 rb=2.193 lwl=2.193
 idx1=2 idx2=10
 Turncated Remarks................
 #####################Values in constructor #############################
 xvalues for section=[np.float64(10.0), np.float64(11.0), np.float64(12.0), np.float64(13.0), np.float64(15.0), np.float64(17.0), np.float64(18.0), np.float64(19.0), np.float64(20.0)]
 yvalues for section=[np.float64(2.248), np.float64(1.069), np.float64(0.194), np.float64(-0.405), np.float64(-0.507), np.float64(-0.402), np.float64(0.198), np.float64(1.11), np.float64(2.193)]
 #######################################################################
 ########################Displaying Section Properties###########################
 x=[np.float64(10.0), np.float64(11.0), np.float64(12.0), np.float64(13.0), np.float64(15.0), np.float64(17.0), np.float64(18.0), np.float64(19.0), np.float64(20.0)]
 y=[np.float64(2.248), np.float64(1.069), np.float64(0.194), np.float64(-0.405), np.float64(-0.507), np.float64(-0.402), np.float64(0.198), np.float64(1.11), np.float64(2.193)]
 section no=SSK0 total data points=9
 secno=SSK1
 xvalues=[np.float64(0.0), np.float64(5.0), np.float64(10.0), np.float64(11.0), np.float64(12.0), np.float64(13.0), np.float64(14.0), np.float64(15.0), np.float64(16.0), np.float64(17.0), np.float64(18.0), np.float64(23.0), np.float64(28.0)]
 yvalues=[np.float64(2.62), np.float64(2.605), np.float64(2.591), np.float64(1.268), np.float64(0.498), np.float64(0.005), np.float64(-0.105), np.float64(-0.001), np.float64(0.198), np.float64(0.39), np.float64(0.394), np.float64(0.68), np.float64(0.669)]
 Remarks=['', '', 'LB', '', '', '', 'CL', '', '', 'RB', '', '', '']
 lb=2.591 type=<class 'numpy.float64'>
 lb=2.591 rb=0.39 lwl=0.39
 idx1=2 idx2=9
 Turncated Remarks................
 #####################Values in constructor #############################
 xvalues for section=[np.float64(10.0), np.float64(11.0), np.float64(12.0), np.float64(13.0), np.float64(14.0), np.float64(15.0), np.float64(16.0), np.float64(17.0)]
 yvalues for section=[np.float64(2.591), np.float64(1.268), np.float64(0.498), np.float64(0.005), np.float64(-0.105), np.float64(-0.001), np.float64(0.198), np.float64(0.39)]
 #######################################################################
 ########################Displaying Section Properties###########################
 x=[np.float64(10.0), np.float64(11.0), np.float64(12.0), np.float64(13.0), np.float64(14.0), np.float64(15.0), np.float64(16.0), np.float64(17.0)]
 y=[np.float64(2.591), np.float64(1.268), np.float64(0.498), np.float64(0.005), np.float64(-0.105), np.float64(-0.001), np.float64(0.198), np.float64(0.39)]
 section no=SSK1 total data points=8
 secno=SSK2
 xvalues=[np.float64(0.0), np.float64(5.0), np.float64(10.0), np.float64(11.0), np.float64(12.0), np.float64(13.0), np.float64(14.0), np.float64(15.0), np.float64(16.0), np.float64(17.0), np.float64(18.0), np.float64(23.0), np.float64(28.0)]
 yvalues=[np.float64(0.795), np.float64(0.784), np.float64(0.768), np.float64(0.454), np.float64(0.298), np.float64(0.102), np.float64(-0.002), np.float64(0.104), np.float64(0.214), np.float64(0.302), np.float64(0.394), np.float64(0.38), np.float64(0.371)]
 Remarks=['', '', 'LB', '', '', '', 'CL', '', '', 'RB', '', '', '']
 lb=0.768 type=<class 'numpy.float64'>
 lb=0.768 rb=0.302 lwl=0.302
 idx1=2 idx2=9
 Turncated Remarks................
 #####################Values in constructor #############################
 xvalues for section=[np.float64(10.0), np.float64(11.0), np.float64(12.0), np.float64(13.0), np.float64(14.0), np.float64(15.0), np.float64(16.0), np.float64(17.0)]
 yvalues for section=[np.float64(0.768), np.float64(0.454), np.float64(0.298), np.float64(0.102), np.float64(-0.002), np.float64(0.104), np.float64(0.214), np.float64(0.302)]
 #######################################################################
 ########################Displaying Section Properties###########################
 x=[np.float64(10.0), np.float64(11.0), np.float64(12.0), np.float64(13.0), np.float64(14.0), np.float64(15.0), np.float64(16.0), np.float64(17.0)]
 y=[np.float64(0.768), np.float64(0.454), np.float64(0.298), np.float64(0.102), np.float64(-0.002), np.float64(0.104), np.float64(0.214), np.float64(0.302)]
 section no=SSK2 total data points=8
 secno=SSK3
 xvalues=[np.float64(0.0), np.float64(5.0), np.float64(10.0), np.float64(11.0), np.float64(12.0), np.float64(13.0), np.float64(15.0), np.float64(17.0), np.float64(18.0), np.float64(19.0), np.float64(20.0), np.float64(25.0), np.float64(30.0)]
 yvalues=[np.float64(1.27), np.float64(1.283), np.float64(1.29), np.float64(0.568), np.float64(0.287), np.float64(-0.01), np.float64(-0.124), np.float64(-0.018), np.float64(0.259), np.float64(0.686), np.float64(1.202), np.float64(1.198), np.float64(1.186)]
 Remarks=['', '', 'LB', '', '', '', 'CL', '', '', '', 'RB', '', '']
 lb=1.29 type=<class 'numpy.float64'>
 lb=1.29 rb=1.202 lwl=1.202
 idx1=2 idx2=10
 Turncated Remarks................
 #####################Values in constructor #############################
 xvalues for section=[np.float64(10.0), np.float64(11.0), np.float64(12.0), np.float64(13.0), np.float64(15.0), np.float64(17.0), np.float64(18.0), np.float64(19.0), np.float64(20.0)]
 yvalues for section=[np.float64(1.29), np.float64(0.568), np.float64(0.287), np.float64(-0.01), np.float64(-0.124), np.float64(-0.018), np.float64(0.259), np.float64(0.686), np.float64(1.202)]
 #######################################################################
 ########################Displaying Section Properties###########################
 x=[np.float64(10.0), np.float64(11.0), np.float64(12.0), np.float64(13.0), np.float64(15.0), np.float64(17.0), np.float64(18.0), np.float64(19.0), np.float64(20.0)]
 y=[np.float64(1.29), np.float64(0.568), np.float64(0.287), np.float64(-0.01), np.float64(-0.124), np.float64(-0.018), np.float64(0.259), np.float64(0.686), np.float64(1.202)]
 section no=SSK3 total data points=9
 secno=SSK4
 xvalues=[np.float64(0.0), np.float64(5.0), np.float64(10.0), np.float64(11.0), np.float64(12.0), np.float64(13.0), np.float64(14.5), np.float64(16.0), np.float64(17.0), np.float64(18.0), np.float64(19.0), np.float64(25.0), np.float64(30.0), np.float64(35.0)]
 yvalues=[np.float64(1.193), np.float64(1.181), np.float64(1.159), np.float64(0.542), np.float64(0.183), np.float64(-0.098), np.float64(-0.207), np.float64(-0.102), np.float64(0.197), np.float64(0.592), np.float64(1.242), np.float64(1.237), np.float64(1.229), np.float64(1.223)]
 Remarks=['', '', 'LB', '', '', '', 'CL', '', '', '', 'RB', '', '', '']
 lb=1.159 type=<class 'numpy.float64'>
 lb=1.159 rb=1.242 lwl=1.159
 idx1=2 idx2=10
 Turncated Remarks................
 #####################Values in constructor #############################
 xvalues for section=[np.float64(10.0), np.float64(11.0), np.float64(12.0), np.float64(13.0), np.float64(14.5), np.float64(16.0), np.float64(17.0), np.float64(18.0), np.float64(19.0)]
 yvalues for section=[np.float64(1.159), np.float64(0.542), np.float64(0.183), np.float64(-0.098), np.float64(-0.207), np.float64(-0.102), np.float64(0.197), np.float64(0.592), np.float64(1.242)]
 #######################################################################
 ########################Displaying Section Properties###########################
 x=[np.float64(10.0), np.float64(11.0), np.float64(12.0), np.float64(13.0), np.float64(14.5), np.float64(16.0), np.float64(17.0), np.float64(18.0), np.float64(19.0)]
 y=[np.float64(1.159), np.float64(0.542), np.float64(0.183), np.float64(-0.098), np.float64(-0.207), np.float64(-0.102), np.float64(0.197), np.float64(0.592), np.float64(1.242)]
 section no=SSK4 total data points=9
 secno=SSK5
 xvalues=[np.float64(0.0), np.float64(5.0), np.float64(10.0), np.float64(11.0), np.float64(12.0), np.float64(14.0), np.float64(15.5), np.float64(17.0), np.float64(19.0), np.float64(20.0), np.float64(21.0), np.float64(25.0), np.float64(30.0), np.float64(35.0)]
 yvalues=[np.float64(1.388), np.float64(1.372), np.float64(1.367), np.float64(0.561), np.float64(0.05), np.float64(-0.318), np.float64(-0.423), np.float64(-0.317), np.float64(0.042), np.float64(0.593), np.float64(1.456), np.float64(1.437), np.float64(1.432), np.float64(1.42)]
 Remarks=['', '', 'LB', '', '', '', 'CL', '', '', '', 'RB', '', '', '']
 lb=1.367 type=<class 'numpy.float64'>
 lb=1.367 rb=1.456 lwl=1.367
 idx1=2 idx2=10
 Turncated Remarks................
 #####################Values in constructor #############################
 xvalues for section=[np.float64(10.0), np.float64(11.0), np.float64(12.0), np.float64(14.0), np.float64(15.5), np.float64(17.0), np.float64(19.0), np.float64(20.0), np.float64(21.0)]
 yvalues for section=[np.float64(1.367), np.float64(0.561), np.float64(0.05), np.float64(-0.318), np.float64(-0.423), np.float64(-0.317), np.float64(0.042), np.float64(0.593), np.float64(1.456)]
 #######################################################################
 ########################Displaying Section Properties###########################
 x=[np.float64(10.0), np.float64(11.0), np.float64(12.0), np.float64(14.0), np.float64(15.5), np.float64(17.0), np.float64(19.0), np.float64(20.0), np.float64(21.0)]
 y=[np.float64(1.367), np.float64(0.561), np.float64(0.05), np.float64(-0.318), np.float64(-0.423), np.float64(-0.317), np.float64(0.042), np.float64(0.593), np.float64(1.456)]
 section no=SSK5 total data points=9
 secno=SSK6
 xvalues=[np.float64(0.0), np.float64(5.0), np.float64(10.0), np.float64(11.0), np.float64(12.0), np.float64(13.0), np.float64(15.0), np.float64(17.0), np.float64(18.0), np.float64(19.0), np.float64(20.0), np.float64(21.0), np.float64(22.0), np.float64(27.0), np.float64(32.0)]
 yvalues=[np.float64(1.91), np.float64(1.905), np.float64(1.884), np.float64(1.804), np.float64(0.135), np.float64(-0.34), np.float64(-0.44), np.float64(-0.336), np.float64(0.111), np.float64(0.886), np.float64(2.047), np.float64(2.038), np.float64(1.076), np.float64(1.07), np.float64(1.065)]
 Remarks=['', '', '', 'LB', '', '', '', 'CL', '', '', 'RB', '', '', '', '']
 lb=1.804 type=<class 'numpy.float64'>
 lb=1.804 rb=2.047 lwl=1.804
 idx1=3 idx2=10
 Turncated Remarks................
 #####################Values in constructor #############################
 xvalues for section=[np.float64(11.0), np.float64(12.0), np.float64(13.0), np.float64(15.0), np.float64(17.0), np.float64(18.0), np.float64(19.0), np.float64(20.0)]
 yvalues for section=[np.float64(1.804), np.float64(0.135), np.float64(-0.34), np.float64(-0.44), np.float64(-0.336), np.float64(0.111), np.float64(0.886), np.float64(2.047)]
 #######################################################################
 ########################Displaying Section Properties###########################
 x=[np.float64(11.0), np.float64(12.0), np.float64(13.0), np.float64(15.0), np.float64(17.0), np.float64(18.0), np.float64(19.0), np.float64(20.0)]
 y=[np.float64(1.804), np.float64(0.135), np.float64(-0.34), np.float64(-0.44), np.float64(-0.336), np.float64(0.111), np.float64(0.886), np.float64(2.047)]
 section no=SSK6 total data points=8
 secno=SSK7
 xvalues=[np.float64(0.0), np.float64(5.0), np.float64(10.0), np.float64(11.0), np.float64(13.0), np.float64(15.0), np.float64(16.0), np.float64(17.0), np.float64(19.0), np.float64(21.0), np.float64(22.0), np.float64(27.0), np.float64(32.0)]
 yvalues=[np.float64(0.942), np.float64(0.935), np.float64(0.921), np.float64(0.293), np.float64(-0.055), np.float64(-0.254), np.float64(-0.355), np.float64(-0.249), np.float64(-0.046), np.float64(0.257), np.float64(0.89), np.float64(0.879), np.float64(0.875)]
 Remarks=['', '', 'LB', '', '', '', 'CL', '', '', '', 'RB', '', '']
 lb=0.921 type=<class 'numpy.float64'>
 lb=0.921 rb=0.89 lwl=0.89
 idx1=2 idx2=10
 Turncated Remarks................
 #####################Values in constructor #############################
 xvalues for section=[np.float64(10.0), np.float64(11.0), np.float64(13.0), np.float64(15.0), np.float64(16.0), np.float64(17.0), np.float64(19.0), np.float64(21.0), np.float64(22.0)]
 yvalues for section=[np.float64(0.921), np.float64(0.293), np.float64(-0.055), np.float64(-0.254), np.float64(-0.355), np.float64(-0.249), np.float64(-0.046), np.float64(0.257), np.float64(0.89)]
 #######################################################################
 ########################Displaying Section Properties###########################
 x=[np.float64(10.0), np.float64(11.0), np.float64(13.0), np.float64(15.0), np.float64(16.0), np.float64(17.0), np.float64(19.0), np.float64(21.0), np.float64(22.0)]
 y=[np.float64(0.921), np.float64(0.293), np.float64(-0.055), np.float64(-0.254), np.float64(-0.355), np.float64(-0.249), np.float64(-0.046), np.float64(0.257), np.float64(0.89)]
 section no=SSK7 total data points=9
 secno=SSK8
 xvalues=[np.float64(0.0), np.float64(5.0), np.float64(10.0), np.float64(11.0), np.float64(12.0), np.float64(14.0), np.float64(15.5), np.float64(17.0), np.float64(19.0), np.float64(20.0), np.float64(21.0), np.float64(25.0), np.float64(30.0)]
 yvalues=[np.float64(0.94), np.float64(0.921), np.float64(0.909), np.float64(0.425), np.float64(0.111), np.float64(-0.103), np.float64(-0.209), np.float64(-0.104), np.float64(0.116), np.float64(0.441), np.float64(0.855), np.float64(0.846), np.float64(0.834)]
 Remarks=['', '', 'LB', '', '', '', 'CL', '', '', '', 'RB', '', '']
 lb=0.909 type=<class 'numpy.float64'>
 lb=0.909 rb=0.855 lwl=0.855
 idx1=2 idx2=10
 Turncated Remarks................
 #####################Values in constructor #############################
 xvalues for section=[np.float64(10.0), np.float64(11.0), np.float64(12.0), np.float64(14.0), np.float64(15.5), np.float64(17.0), np.float64(19.0), np.float64(20.0), np.float64(21.0)]
 yvalues for section=[np.float64(0.909), np.float64(0.425), np.float64(0.111), np.float64(-0.103), np.float64(-0.209), np.float64(-0.104), np.float64(0.116), np.float64(0.441), np.float64(0.855)]
 #######################################################################
 ########################Displaying Section Properties###########################
 x=[np.float64(10.0), np.float64(11.0), np.float64(12.0), np.float64(14.0), np.float64(15.5), np.float64(17.0), np.float64(19.0), np.float64(20.0), np.float64(21.0)]
 y=[np.float64(0.909), np.float64(0.425), np.float64(0.111), np.float64(-0.103), np.float64(-0.209), np.float64(-0.104), np.float64(0.116), np.float64(0.441), np.float64(0.855)]
 section no=SSK8 total data points=9
 secno=SSK9
 xvalues=[np.float64(0.0), np.float64(5.0), np.float64(10.0), np.float64(11.0), np.float64(12.0), np.float64(13.0), np.float64(14.5), np.float64(16.0), np.float64(17.0), np.float64(18.0), np.float64(19.0), np.float64(25.0), np.float64(30.0)]
 yvalues=[np.float64(0.909), np.float64(0.904), np.float64(0.891), np.float64(0.51), np.float64(0.221), np.float64(0.021), np.float64(-0.071), np.float64(0.03), np.float64(0.214), np.float64(0.466), np.float64(0.811), np.float64(0.8), np.float64(0.794)]
 Remarks=['', '', 'LB', '', '', '', '', 'CL', '', '', 'RB', '', '']
 lb=0.891 type=<class 'numpy.float64'>
 lb=0.891 rb=0.811 lwl=0.811
 idx1=2 idx2=10
 Turncated Remarks................
 #####################Values in constructor #############################
 xvalues for section=[np.float64(10.0), np.float64(11.0), np.float64(12.0), np.float64(13.0), np.float64(14.5), np.float64(16.0), np.float64(17.0), np.float64(18.0), np.float64(19.0)]
 yvalues for section=[np.float64(0.891), np.float64(0.51), np.float64(0.221), np.float64(0.021), np.float64(-0.071), np.float64(0.03), np.float64(0.214), np.float64(0.466), np.float64(0.811)]
 #######################################################################
 ########################Displaying Section Properties###########################
 x=[np.float64(10.0), np.float64(11.0), np.float64(12.0), np.float64(13.0), np.float64(14.5), np.float64(16.0), np.float64(17.0), np.float64(18.0), np.float64(19.0)]
 y=[np.float64(0.891), np.float64(0.51), np.float64(0.221), np.float64(0.021), np.float64(-0.071), np.float64(0.03), np.float64(0.214), np.float64(0.466), np.float64(0.811)]
 section no=SSK9 total data points=9
 secno=SSK10
 xvalues=[np.float64(0.0), np.float64(5.0), np.float64(10.0), np.float64(11.0), np.float64(12.0), np.float64(13.0), np.float64(14.0), np.float64(15.0), np.float64(16.0), np.float64(17.0), np.float64(18.0), np.float64(23.0), np.float64(28.0)]
 yvalues=[np.float64(0.81), np.float64(0.8), np.float64(0.795), np.float64(0.49), np.float64(0.294), np.float64(0.111), np.float64(0.009), np.float64(0.114), np.float64(0.23), np.float64(0.416), np.float64(0.711), np.float64(0.697), np.float64(0.685)]
 Remarks=['', '', 'LB', '', '', '', '', 'CL', '', '', 'RB', '', '']
 lb=0.795 type=<class 'numpy.float64'>
 lb=0.795 rb=0.711 lwl=0.711
 idx1=2 idx2=10
 Turncated Remarks................
 #####################Values in constructor #############################
 xvalues for section=[np.float64(10.0), np.float64(11.0), np.float64(12.0), np.float64(13.0), np.float64(14.0), np.float64(15.0), np.float64(16.0), np.float64(17.0), np.float64(18.0)]
 yvalues for section=[np.float64(0.795), np.float64(0.49), np.float64(0.294), np.float64(0.111), np.float64(0.009), np.float64(0.114), np.float64(0.23), np.float64(0.416), np.float64(0.711)]
 #######################################################################
 ########################Displaying Section Properties###########################
 x=[np.float64(10.0), np.float64(11.0), np.float64(12.0), np.float64(13.0), np.float64(14.0), np.float64(15.0), np.float64(16.0), np.float64(17.0), np.float64(18.0)]
 y=[np.float64(0.795), np.float64(0.49), np.float64(0.294), np.float64(0.111), np.float64(0.009), np.float64(0.114), np.float64(0.23), np.float64(0.416), np.float64(0.711)]
 section no=SSK10 total data points=9
 secno=SSK11
 xvalues=[np.float64(0.0), np.float64(5.0), np.float64(10.0), np.float64(11.0), np.float64(12.0), np.float64(13.0), np.float64(14.5), np.float64(16.0), np.float64(17.0), np.float64(18.0), np.float64(19.0), np.float64(25.0), np.float64(30.0)]
 yvalues=[np.float64(1.155), np.float64(1.14), np.float64(1.127), np.float64(0.588), np.float64(0.351), np.float64(0.164), np.float64(0.056), np.float64(0.162), np.float64(0.34), np.float64(0.616), np.float64(1.05), np.float64(1.035), np.float64(1.026)]
 Remarks=['', '', 'LB', '', '', '', 'CL', '', '', '', 'RB', '', '']
 lb=1.127 type=<class 'numpy.float64'>
 lb=1.127 rb=1.05 lwl=1.05
 idx1=2 idx2=10
 Turncated Remarks................
 #####################Values in constructor #############################
 xvalues for section=[np.float64(10.0), np.float64(11.0), np.float64(12.0), np.float64(13.0), np.float64(14.5), np.float64(16.0), np.float64(17.0), np.float64(18.0), np.float64(19.0)]
 yvalues for section=[np.float64(1.127), np.float64(0.588), np.float64(0.351), np.float64(0.164), np.float64(0.056), np.float64(0.162), np.float64(0.34), np.float64(0.616), np.float64(1.05)]
 #######################################################################
 ########################Displaying Section Properties###########################
 x=[np.float64(10.0), np.float64(11.0), np.float64(12.0), np.float64(13.0), np.float64(14.5), np.float64(16.0), np.float64(17.0), np.float64(18.0), np.float64(19.0)]
 y=[np.float64(1.127), np.float64(0.588), np.float64(0.351), np.float64(0.164), np.float64(0.056), np.float64(0.162), np.float64(0.34), np.float64(0.616), np.float64(1.05)]
 section no=SSK11 total data points=9
 secno=SSK12
 xvalues=[np.float64(0.0), np.float64(8.0), np.float64(9.0), np.float64(10.0), np.float64(11.0), np.float64(12.0), np.float64(13.0), np.float64(14.0), np.float64(15.0), np.float64(16.0), np.float64(17.0), np.float64(18.0), np.float64(19.0), np.float64(20.0), np.float64(25.0), np.float64(30.0)]
 yvalues=[np.float64(0.936), np.float64(0.924), np.float64(1.751), np.float64(1.74), np.float64(0.91), np.float64(0.561), np.float64(0.334), np.float64(0.126), np.float64(0.33), np.float64(0.649), np.float64(1.051), np.float64(1.916), np.float64(1.905), np.float64(1.894), np.float64(0.888), np.float64(0.88)]
 Remarks=['', '', '', 'LB', '', '', '', 'CL', '', '', '', 'RB', '', '', '', '']
 lb=1.74 type=<class 'numpy.float64'>
 lb=1.74 rb=1.916 lwl=1.74
 idx1=3 idx2=11
 Turncated Remarks................
 #####################Values in constructor #############################
 xvalues for section=[np.float64(10.0), np.float64(11.0), np.float64(12.0), np.float64(13.0), np.float64(14.0), np.float64(15.0), np.float64(16.0), np.float64(17.0), np.float64(18.0)]
 yvalues for section=[np.float64(1.74), np.float64(0.91), np.float64(0.561), np.float64(0.334), np.float64(0.126), np.float64(0.33), np.float64(0.649), np.float64(1.051), np.float64(1.916)]
 #######################################################################
 ########################Displaying Section Properties###########################
 x=[np.float64(10.0), np.float64(11.0), np.float64(12.0), np.float64(13.0), np.float64(14.0), np.float64(15.0), np.float64(16.0), np.float64(17.0), np.float64(18.0)]
 y=[np.float64(1.74), np.float64(0.91), np.float64(0.561), np.float64(0.334), np.float64(0.126), np.float64(0.33), np.float64(0.649), np.float64(1.051), np.float64(1.916)]
 section no=SSK12 total data points=9
 secno=SSK13
 xvalues=[np.float64(0.0), np.float64(5.0), np.float64(10.0), np.float64(11.0), np.float64(12.0), np.float64(13.0), np.float64(14.5), np.float64(16.0), np.float64(17.0), np.float64(18.0), np.float64(19.0), np.float64(25.0), np.float64(30.0), np.float64(35.0)]
 yvalues=[np.float64(1.236), np.float64(1.227), np.float64(1.216), np.float64(0.75), np.float64(0.458), np.float64(0.241), np.float64(0.136), np.float64(0.243), np.float64(0.45), np.float64(0.727), np.float64(1.026), np.float64(1.021), np.float64(1.01), np.float64(1.005)]
 Remarks=['', '', 'LB', '', '', '', 'CL', '', '', '', 'RB', '', '', '']
 lb=1.216 type=<class 'numpy.float64'>
 lb=1.216 rb=1.026 lwl=1.026
 idx1=2 idx2=10
 Turncated Remarks................
 #####################Values in constructor #############################
 xvalues for section=[np.float64(10.0), np.float64(11.0), np.float64(12.0), np.float64(13.0), np.float64(14.5), np.float64(16.0), np.float64(17.0), np.float64(18.0), np.float64(19.0)]
 yvalues for section=[np.float64(1.216), np.float64(0.75), np.float64(0.458), np.float64(0.241), np.float64(0.136), np.float64(0.243), np.float64(0.45), np.float64(0.727), np.float64(1.026)]
 #######################################################################
 ########################Displaying Section Properties###########################
 x=[np.float64(10.0), np.float64(11.0), np.float64(12.0), np.float64(13.0), np.float64(14.5), np.float64(16.0), np.float64(17.0), np.float64(18.0), np.float64(19.0)]
 y=[np.float64(1.216), np.float64(0.75), np.float64(0.458), np.float64(0.241), np.float64(0.136), np.float64(0.243), np.float64(0.45), np.float64(0.727), np.float64(1.026)]
 section no=SSK13 total data points=9
 secno=SSK14
 xvalues=[np.float64(0.0), np.float64(5.0), np.float64(10.0), np.float64(11.0), np.float64(12.0), np.float64(13.0), np.float64(14.0), np.float64(15.0), np.float64(16.0), np.float64(17.0), np.float64(18.0), np.float64(23.0), np.float64(28.0)]
 yvalues=[np.float64(0.954), np.float64(0.946), np.float64(0.941), np.float64(0.693), np.float64(0.46), np.float64(0.277), np.float64(0.172), np.float64(0.275), np.float64(0.506), np.float64(0.636), np.float64(0.921), np.float64(0.913), np.float64(0.893)]
 Remarks=['', '', 'LB', '', '', '', 'CL', '', '', '', 'RB', '', '']
 lb=0.941 type=<class 'numpy.float64'>
 lb=0.941 rb=0.921 lwl=0.921
 idx1=2 idx2=10
 Turncated Remarks................
 #####################Values in constructor #############################
 xvalues for section=[np.float64(10.0), np.float64(11.0), np.float64(12.0), np.float64(13.0), np.float64(14.0), np.float64(15.0), np.float64(16.0), np.float64(17.0), np.float64(18.0)]
 yvalues for section=[np.float64(0.941), np.float64(0.693), np.float64(0.46), np.float64(0.277), np.float64(0.172), np.float64(0.275), np.float64(0.506), np.float64(0.636), np.float64(0.921)]
 #######################################################################
 ########################Displaying Section Properties###########################
 x=[np.float64(10.0), np.float64(11.0), np.float64(12.0), np.float64(13.0), np.float64(14.0), np.float64(15.0), np.float64(16.0), np.float64(17.0), np.float64(18.0)]
 y=[np.float64(0.941), np.float64(0.693), np.float64(0.46), np.float64(0.277), np.float64(0.172), np.float64(0.275), np.float64(0.506), np.float64(0.636), np.float64(0.921)]
 section no=SSK14 total data points=9
 secno=SSK15
 xvalues=[np.float64(0.0), np.float64(6.0), np.float64(7.0), np.float64(10.0), np.float64(11.0), np.float64(12.0), np.float64(13.0), np.float64(15.0), np.float64(17.0), np.float64(18.0), np.float64(19.0), np.float64(20.0), np.float64(25.0), np.float64(30.0)]
 yvalues=[np.float64(0.833), np.float64(0.84), np.float64(2.058), np.float64(2.053), np.float64(1.037), np.float64(0.473), np.float64(0.161), np.float64(0.058), np.float64(0.164), np.float64(0.371), np.float64(0.458), np.float64(0.774), np.float64(0.762), np.float64(0.748)]
 Remarks=['', '', '', 'LB', '', '', '', 'CL', '', '', '', 'RB', '', '']
 lb=2.053 type=<class 'numpy.float64'>
 lb=2.053 rb=0.774 lwl=0.774
 idx1=3 idx2=11
 Turncated Remarks................
 #####################Values in constructor #############################
 xvalues for section=[np.float64(10.0), np.float64(11.0), np.float64(12.0), np.float64(13.0), np.float64(15.0), np.float64(17.0), np.float64(18.0), np.float64(19.0), np.float64(20.0)]
 yvalues for section=[np.float64(2.053), np.float64(1.037), np.float64(0.473), np.float64(0.161), np.float64(0.058), np.float64(0.164), np.float64(0.371), np.float64(0.458), np.float64(0.774)]
 #######################################################################
 ########################Displaying Section Properties###########################
 x=[np.float64(10.0), np.float64(11.0), np.float64(12.0), np.float64(13.0), np.float64(15.0), np.float64(17.0), np.float64(18.0), np.float64(19.0), np.float64(20.0)]
 y=[np.float64(2.053), np.float64(1.037), np.float64(0.473), np.float64(0.161), np.float64(0.058), np.float64(0.164), np.float64(0.371), np.float64(0.458), np.float64(0.774)]
 section no=SSK15 total data points=9
 secno=SSK16
 xvalues=[np.float64(0.0), np.float64(6.0), np.float64(7.0), np.float64(10.0), np.float64(11.0), np.float64(12.0), np.float64(13.0), np.float64(15.0), np.float64(17.0), np.float64(18.0), np.float64(19.0), np.float64(20.0), np.float64(21.0), np.float64(22.0), np.float64(24.0)]
 yvalues=[np.float64(0.962), np.float64(0.949), np.float64(2.469), np.float64(2.453), np.float64(1.56), np.float64(0.761), np.float64(0.367), np.float64(0.264), np.float64(0.37), np.float64(0.767), np.float64(1.438), np.float64(2.158), np.float64(1.153), np.float64(1.453), np.float64(0.668)]
 Remarks=['', '', '', 'LB', '', '', '', 'CL', '', '', 'RB', '', '', '', '']
 lb=2.453 type=<class 'numpy.float64'>
 lb=2.453 rb=1.438 lwl=1.438
 idx1=3 idx2=10
 Turncated Remarks................
 #####################Values in constructor #############################
 xvalues for section=[np.float64(10.0), np.float64(11.0), np.float64(12.0), np.float64(13.0), np.float64(15.0), np.float64(17.0), np.float64(18.0), np.float64(19.0)]
 yvalues for section=[np.float64(2.453), np.float64(1.56), np.float64(0.761), np.float64(0.367), np.float64(0.264), np.float64(0.37), np.float64(0.767), np.float64(1.438)]
 #######################################################################
 ########################Displaying Section Properties###########################
 x=[np.float64(10.0), np.float64(11.0), np.float64(12.0), np.float64(13.0), np.float64(15.0), np.float64(17.0), np.float64(18.0), np.float64(19.0)]
 y=[np.float64(2.453), np.float64(1.56), np.float64(0.761), np.float64(0.367), np.float64(0.264), np.float64(0.37), np.float64(0.767), np.float64(1.438)]
 section no=SSK16 total data points=8
 secno=SSK17
 xvalues=[np.float64(0.0), np.float64(5.0), np.float64(10.0), np.float64(11.0), np.float64(13.0), np.float64(15.0), np.float64(16.0), np.float64(17.0), np.float64(19.0), np.float64(21.0), np.float64(22.0), np.float64(27.0), np.float64(32.0)]
 yvalues=[np.float64(0.962), np.float64(0.957), np.float64(0.949), np.float64(0.663), np.float64(0.442), np.float64(0.287), np.float64(0.182), np.float64(0.283), np.float64(0.553), np.float64(0.958), np.float64(1.751), np.float64(1.762), np.float64(1.772)]
 Remarks=['', '', 'LB', '', '', '', 'CL', '', '', '', 'RB', '', '']
 lb=0.949 type=<class 'numpy.float64'>
 lb=0.949 rb=1.751 lwl=0.949
 idx1=2 idx2=10
 Turncated Remarks................
 #####################Values in constructor #############################
 xvalues for section=[np.float64(10.0), np.float64(11.0), np.float64(13.0), np.float64(15.0), np.float64(16.0), np.float64(17.0), np.float64(19.0), np.float64(21.0), np.float64(22.0)]
 yvalues for section=[np.float64(0.949), np.float64(0.663), np.float64(0.442), np.float64(0.287), np.float64(0.182), np.float64(0.283), np.float64(0.553), np.float64(0.958), np.float64(1.751)]
 #######################################################################
 ########################Displaying Section Properties###########################
 x=[np.float64(10.0), np.float64(11.0), np.float64(13.0), np.float64(15.0), np.float64(16.0), np.float64(17.0), np.float64(19.0), np.float64(21.0), np.float64(22.0)]
 y=[np.float64(0.949), np.float64(0.663), np.float64(0.442), np.float64(0.287), np.float64(0.182), np.float64(0.283), np.float64(0.553), np.float64(0.958), np.float64(1.751)]
 section no=SSK17 total data points=9
 secno=SSK18
 xvalues=[np.float64(0.0), np.float64(5.0), np.float64(6.0), np.float64(10.0), np.float64(11.0), np.float64(12.0), np.float64(13.0), np.float64(13.5), np.float64(14.0), np.float64(15.0), np.float64(16.0), np.float64(17.0), np.float64(20.0)]
 yvalues=[np.float64(1.012), np.float64(1.025), np.float64(2.251), np.float64(2.141), np.float64(1.208), np.float64(0.732), np.float64(0.453), np.float64(0.282), np.float64(0.387), np.float64(0.763), np.float64(1.253), np.float64(2.257), np.float64(2.262)]
 Remarks=['', '', '', 'LB', '', '', '', 'CL', '', '', '', 'RB', '']
 lb=2.141 type=<class 'numpy.float64'>
 lb=2.141 rb=2.257 lwl=2.141
 idx1=3 idx2=11
 Turncated Remarks................
 #####################Values in constructor #############################
 xvalues for section=[np.float64(10.0), np.float64(11.0), np.float64(12.0), np.float64(13.0), np.float64(13.5), np.float64(14.0), np.float64(15.0), np.float64(16.0), np.float64(17.0)]
 yvalues for section=[np.float64(2.141), np.float64(1.208), np.float64(0.732), np.float64(0.453), np.float64(0.282), np.float64(0.387), np.float64(0.763), np.float64(1.253), np.float64(2.257)]
 #######################################################################
 ########################Displaying Section Properties###########################
 x=[np.float64(10.0), np.float64(11.0), np.float64(12.0), np.float64(13.0), np.float64(13.5), np.float64(14.0), np.float64(15.0), np.float64(16.0), np.float64(17.0)]
 y=[np.float64(2.141), np.float64(1.208), np.float64(0.732), np.float64(0.453), np.float64(0.282), np.float64(0.387), np.float64(0.763), np.float64(1.253), np.float64(2.257)]
 section no=SSK18 total data points=9
 secno=SSK19
 xvalues=[np.float64(0.0), np.float64(7.0), np.float64(8.0), np.float64(10.0), np.float64(11.0), np.float64(12.0), np.float64(13.0), np.float64(14.0), np.float64(15.0), np.float64(16.0), np.float64(17.0), np.float64(18.0), np.float64(23.0), np.float64(28.0)]
 yvalues=[np.float64(1.346), np.float64(1.364), np.float64(2.161), np.float64(2.15), np.float64(1.116), np.float64(0.461), np.float64(-0.001), np.float64(-0.103), np.float64(0.001), np.float64(0.46), np.float64(1.115), np.float64(2.41), np.float64(2.405), np.float64(2.39)]
 Remarks=['', '', '', 'LB', '', '', '', '', 'CL', '', '', 'RB', '', '']
 lb=2.15 type=<class 'numpy.float64'>
 lb=2.15 rb=2.41 lwl=2.15
 idx1=3 idx2=11
 Turncated Remarks................
 #####################Values in constructor #############################
 xvalues for section=[np.float64(10.0), np.float64(11.0), np.float64(12.0), np.float64(13.0), np.float64(14.0), np.float64(15.0), np.float64(16.0), np.float64(17.0), np.float64(18.0)]
 yvalues for section=[np.float64(2.15), np.float64(1.116), np.float64(0.461), np.float64(-0.001), np.float64(-0.103), np.float64(0.001), np.float64(0.46), np.float64(1.115), np.float64(2.41)]
 #######################################################################
 ########################Displaying Section Properties###########################
 x=[np.float64(10.0), np.float64(11.0), np.float64(12.0), np.float64(13.0), np.float64(14.0), np.float64(15.0), np.float64(16.0), np.float64(17.0), np.float64(18.0)]
 y=[np.float64(2.15), np.float64(1.116), np.float64(0.461), np.float64(-0.001), np.float64(-0.103), np.float64(0.001), np.float64(0.46), np.float64(1.115), np.float64(2.41)]
 section no=SSK19 total data points=9
 secno=SSK20
 xvalues=[np.float64(0.0), np.float64(5.0), np.float64(10.0), np.float64(11.0), np.float64(12.0), np.float64(13.0), np.float64(14.5), np.float64(16.0), np.float64(17.0), np.float64(18.0), np.float64(19.0), np.float64(22.0), np.float64(23.0), np.float64(28.0), np.float64(33.0)]
 yvalues=[np.float64(1.803), np.float64(1.785), np.float64(1.776), np.float64(1.589), np.float64(0.735), np.float64(0.03), np.float64(-0.072), np.float64(0.033), np.float64(0.649), np.float64(1.54), np.float64(2.528), np.float64(2.514), np.float64(1.735), np.float64(1.729), np.float64(1.703)]
 Remarks=['', '', 'LB', '', '', '', '', 'CL', '', '', 'RB', '', '', '', '']
 lb=1.776 type=<class 'numpy.float64'>
 lb=1.776 rb=2.528 lwl=1.776
 idx1=2 idx2=10
 Turncated Remarks................
 #####################Values in constructor #############################
 xvalues for section=[np.float64(10.0), np.float64(11.0), np.float64(12.0), np.float64(13.0), np.float64(14.5), np.float64(16.0), np.float64(17.0), np.float64(18.0), np.float64(19.0)]
 yvalues for section=[np.float64(1.776), np.float64(1.589), np.float64(0.735), np.float64(0.03), np.float64(-0.072), np.float64(0.033), np.float64(0.649), np.float64(1.54), np.float64(2.528)]
 #######################################################################
 ########################Displaying Section Properties###########################
 x=[np.float64(10.0), np.float64(11.0), np.float64(12.0), np.float64(13.0), np.float64(14.5), np.float64(16.0), np.float64(17.0), np.float64(18.0), np.float64(19.0)]
 y=[np.float64(1.776), np.float64(1.589), np.float64(0.735), np.float64(0.03), np.float64(-0.072), np.float64(0.033), np.float64(0.649), np.float64(1.54), np.float64(2.528)]
 section no=SSK20 total data points=9
 secno=SSK21
 xvalues=[np.float64(0.0), np.float64(7.0), np.float64(8.0), np.float64(10.0), np.float64(11.0), np.float64(12.0), np.float64(13.0), np.float64(15.0), np.float64(17.0), np.float64(18.0), np.float64(19.0), np.float64(20.0), np.float64(23.0), np.float64(24.0), np.float64(30.0), np.float64(35.0)]
 yvalues=[np.float64(2.023), np.float64(2.04), np.float64(2.63), np.float64(2.615), np.float64(1.584), np.float64(0.733), np.float64(0.113), np.float64(0.009), np.float64(0.11), np.float64(0.729), np.float64(1.58), np.float64(2.749), np.float64(2.734), np.float64(1.866), np.float64(1.859), np.float64(1.854)]
 Remarks=['', '', '', 'LB', '', '', '', 'CL', '', '', '', 'RB', '', '', '', '']
 lb=2.615 type=<class 'numpy.float64'>
 lb=2.615 rb=2.749 lwl=2.615
 idx1=3 idx2=11
 Turncated Remarks................
 #####################Values in constructor #############################
 xvalues for section=[np.float64(10.0), np.float64(11.0), np.float64(12.0), np.float64(13.0), np.float64(15.0), np.float64(17.0), np.float64(18.0), np.float64(19.0), np.float64(20.0)]
 yvalues for section=[np.float64(2.615), np.float64(1.584), np.float64(0.733), np.float64(0.113), np.float64(0.009), np.float64(0.11), np.float64(0.729), np.float64(1.58), np.float64(2.749)]
 #######################################################################
 ########################Displaying Section Properties###########################
 x=[np.float64(10.0), np.float64(11.0), np.float64(12.0), np.float64(13.0), np.float64(15.0), np.float64(17.0), np.float64(18.0), np.float64(19.0), np.float64(20.0)]
 y=[np.float64(2.615), np.float64(1.584), np.float64(0.733), np.float64(0.113), np.float64(0.009), np.float64(0.11), np.float64(0.729), np.float64(1.58), np.float64(2.749)]
 section no=SSK21 total data points=9
 secno=SSK22
 xvalues=[np.float64(0.0), np.float64(1.0), np.float64(2.0), np.float64(4.0), np.float64(6.0), np.float64(7.0), np.float64(8.0), np.float64(10.0), np.float64(12.0), np.float64(13.0), np.float64(16.0), np.float64(20.0), np.float64(25.0)]
 yvalues=[np.float64(2.829), np.float64(2.82), np.float64(1.582), np.float64(0.817), np.float64(0.34), np.float64(0.237), np.float64(0.343), np.float64(0.782), np.float64(1.587), np.float64(2.703), np.float64(2.709), np.float64(2.619), np.float64(2.13)]
 Remarks=['', 'LB', '', '', '', 'CL', '', '', '', 'RB', '', '', '']
 lb=2.82 type=<class 'numpy.float64'>
 lb=2.82 rb=2.703 lwl=2.703
 idx1=1 idx2=9
 Turncated Remarks................
 #####################Values in constructor #############################
 xvalues for section=[np.float64(1.0), np.float64(2.0), np.float64(4.0), np.float64(6.0), np.float64(7.0), np.float64(8.0), np.float64(10.0), np.float64(12.0), np.float64(13.0)]
 yvalues for section=[np.float64(2.82), np.float64(1.582), np.float64(0.817), np.float64(0.34), np.float64(0.237), np.float64(0.343), np.float64(0.782), np.float64(1.587), np.float64(2.703)]
 #######################################################################
 ########################Displaying Section Properties###########################
 x=[np.float64(1.0), np.float64(2.0), np.float64(4.0), np.float64(6.0), np.float64(7.0), np.float64(8.0), np.float64(10.0), np.float64(12.0), np.float64(13.0)]
 y=[np.float64(2.82), np.float64(1.582), np.float64(0.817), np.float64(0.34), np.float64(0.237), np.float64(0.343), np.float64(0.782), np.float64(1.587), np.float64(2.703)]
 section no=SSK22 total data points=9
 secno=SSK23
 xvalues=[np.float64(0.0), np.float64(5.0), np.float64(10.0), np.float64(11.0), np.float64(13.0), np.float64(15.0), np.float64(17.0), np.float64(19.0), np.float64(21.0), np.float64(23.0), np.float64(24.0), np.float64(27.0), np.float64(28.0)]
 yvalues=[np.float64(3.451), np.float64(3.444), np.float64(3.439), np.float64(2.313), np.float64(1.02), np.float64(0.198), np.float64(0.094), np.float64(0.195), np.float64(0.989), np.float64(2.315), np.float64(4.194), np.float64(4.18), np.float64(4.125)]
 Remarks=['', '', 'LB', '', '', 'CL', '', '', '', '', 'RB', '', '']
 lb=3.439 type=<class 'numpy.float64'>
 lb=3.439 rb=4.194 lwl=3.439
 idx1=2 idx2=10
 Turncated Remarks................
 #####################Values in constructor #############################
 xvalues for section=[np.float64(10.0), np.float64(11.0), np.float64(13.0), np.float64(15.0), np.float64(17.0), np.float64(19.0), np.float64(21.0), np.float64(23.0), np.float64(24.0)]
 yvalues for section=[np.float64(3.439), np.float64(2.313), np.float64(1.02), np.float64(0.198), np.float64(0.094), np.float64(0.195), np.float64(0.989), np.float64(2.315), np.float64(4.194)]
 #######################################################################
 ########################Displaying Section Properties###########################
 x=[np.float64(10.0), np.float64(11.0), np.float64(13.0), np.float64(15.0), np.float64(17.0), np.float64(19.0), np.float64(21.0), np.float64(23.0), np.float64(24.0)]
 y=[np.float64(3.439), np.float64(2.313), np.float64(1.02), np.float64(0.198), np.float64(0.094), np.float64(0.195), np.float64(0.989), np.float64(2.315), np.float64(4.194)]
 section no=SSK23 total data points=9
 ############# #################################################



 


Detailed Debugging of Calcualtion of CL




 



Initiated Section no =SSK0**********************************
   Section No  Chainage (m)  Distance (m)  RL (m) Remarks
6       SSK0             0          15.0  -0.507      CL
   Section No  Chainage (m)  Distance (m)  RL (m) Remarks
2       SSK0             0          10.0   2.248      LB
    Section No  Chainage (m)  Distance (m)  RL (m) Remarks
10       SSK0             0          20.0   2.193      RB
 sencionno=SSK0 CL distance=15.0 RL=-0.507
 Finished Section no =SSK0**********************************
 



Initiated Section no =SSK1**********************************
    Section No  Chainage (m)  Distance (m)  RL (m) Remarks
20       SSK1           100          14.0  -0.105      CL
    Section No  Chainage (m)  Distance (m)  RL (m) Remarks
16       SSK1           100          10.0   2.591      LB
    Section No  Chainage (m)  Distance (m)  RL (m) Remarks
23       SSK1           100          17.0    0.39      RB
 sencionno=SSK1 CL distance=14.0 RL=-0.105
 Finished Section no =SSK1**********************************
 



Initiated Section no =SSK2**********************************
    Section No  Chainage (m)  Distance (m)  RL (m) Remarks
33       SSK2           200          14.0  -0.002      CL
    Section No  Chainage (m)  Distance (m)  RL (m) Remarks
29       SSK2           200          10.0   0.768      LB
    Section No  Chainage (m)  Distance (m)  RL (m) Remarks
36       SSK2           200          17.0   0.302      RB
 sencionno=SSK2 CL distance=14.0 RL=-0.002
 Finished Section no =SSK2**********************************
 



Initiated Section no =SSK3**********************************
    Section No  Chainage (m)  Distance (m)  RL (m) Remarks
46       SSK3           300          15.0  -0.124      CL
    Section No  Chainage (m)  Distance (m)  RL (m) Remarks
42       SSK3           300          10.0    1.29      LB
    Section No  Chainage (m)  Distance (m)  RL (m) Remarks
50       SSK3           300          20.0   1.202      RB
 sencionno=SSK3 CL distance=15.0 RL=-0.124
 Finished Section no =SSK3**********************************
 



Initiated Section no =SSK4**********************************
    Section No  Chainage (m)  Distance (m)  RL (m) Remarks
59       SSK4           400          14.5  -0.207      CL
    Section No  Chainage (m)  Distance (m)  RL (m) Remarks
55       SSK4           400          10.0   1.159      LB
    Section No  Chainage (m)  Distance (m)  RL (m) Remarks
63       SSK4           400          19.0   1.242      RB
 sencionno=SSK4 CL distance=14.5 RL=-0.207
 Finished Section no =SSK4**********************************
 



Initiated Section no =SSK5**********************************
    Section No  Chainage (m)  Distance (m)  RL (m) Remarks
73       SSK5           500          15.5  -0.423      CL
    Section No  Chainage (m)  Distance (m)  RL (m) Remarks
69       SSK5           500          10.0   1.367      LB
    Section No  Chainage (m)  Distance (m)  RL (m) Remarks
77       SSK5           500          21.0   1.456      RB
 sencionno=SSK5 CL distance=15.5 RL=-0.423
 Finished Section no =SSK5**********************************
 



Initiated Section no =SSK6**********************************
    Section No  Chainage (m)  Distance (m)  RL (m) Remarks
88       SSK6           600          17.0  -0.336      CL
    Section No  Chainage (m)  Distance (m)  RL (m) Remarks
84       SSK6           600          11.0   1.804      LB
    Section No  Chainage (m)  Distance (m)  RL (m) Remarks
91       SSK6           600          20.0   2.047      RB
 sencionno=SSK6 CL distance=17.0 RL=-0.336
 Finished Section no =SSK6**********************************
 



Initiated Section no =SSK7**********************************
     Section No  Chainage (m)  Distance (m)  RL (m) Remarks
102       SSK7           700          16.0  -0.355      CL
    Section No  Chainage (m)  Distance (m)  RL (m) Remarks
98       SSK7           700          10.0   0.921      LB
     Section No  Chainage (m)  Distance (m)  RL (m) Remarks
106       SSK7           700          22.0    0.89      RB
 sencionno=SSK7 CL distance=16.0 RL=-0.355
 Finished Section no =SSK7**********************************
 



Initiated Section no =SSK8**********************************
     Section No  Chainage (m)  Distance (m)  RL (m) Remarks
115       SSK8           800          15.5  -0.209      CL
     Section No  Chainage (m)  Distance (m)  RL (m) Remarks
111       SSK8           800          10.0   0.909      LB
     Section No  Chainage (m)  Distance (m)  RL (m) Remarks
119       SSK8           800          21.0   0.855      RB
 sencionno=SSK8 CL distance=15.5 RL=-0.209
 Finished Section no =SSK8**********************************
 



Initiated Section no =SSK9**********************************
     Section No  Chainage (m)  Distance (m)  RL (m) Remarks
129       SSK9           900          16.0    0.03      CL
     Section No  Chainage (m)  Distance (m)  RL (m) Remarks
124       SSK9           900          10.0   0.891      LB
     Section No  Chainage (m)  Distance (m)  RL (m) Remarks
132       SSK9           900          19.0   0.811      RB
 sencionno=SSK9 CL distance=16.0 RL=0.03
 Finished Section no =SSK9**********************************
 



Initiated Section no =SSK10**********************************
     Section No  Chainage (m)  Distance (m)  RL (m) Remarks
142      SSK10          1000          15.0   0.114      CL
     Section No  Chainage (m)  Distance (m)  RL (m) Remarks
137      SSK10          1000          10.0   0.795      LB
     Section No  Chainage (m)  Distance (m)  RL (m) Remarks
145      SSK10          1000          18.0   0.711      RB
 sencionno=SSK10 CL distance=15.0 RL=0.114
 Finished Section no =SSK10**********************************
 



Initiated Section no =SSK11**********************************
     Section No  Chainage (m)  Distance (m)  RL (m) Remarks
154      SSK11          1100          14.5   0.056      CL
     Section No  Chainage (m)  Distance (m)  RL (m) Remarks
150      SSK11          1100          10.0   1.127      LB
     Section No  Chainage (m)  Distance (m)  RL (m) Remarks
158      SSK11          1100          19.0    1.05      RB
 sencionno=SSK11 CL distance=14.5 RL=0.056
 Finished Section no =SSK11**********************************
 



Initiated Section no =SSK12**********************************
     Section No  Chainage (m)  Distance (m)  RL (m) Remarks
168      SSK12          1200          14.0   0.126      CL
     Section No  Chainage (m)  Distance (m)  RL (m) Remarks
164      SSK12          1200          10.0    1.74      LB
     Section No  Chainage (m)  Distance (m)  RL (m) Remarks
172      SSK12          1200          18.0   1.916      RB
 sencionno=SSK12 CL distance=14.0 RL=0.126
 Finished Section no =SSK12**********************************
 



Initiated Section no =SSK13**********************************
     Section No  Chainage (m)  Distance (m)  RL (m) Remarks
183      SSK13          1300          14.5   0.136      CL
     Section No  Chainage (m)  Distance (m)  RL (m) Remarks
179      SSK13          1300          10.0   1.216      LB
     Section No  Chainage (m)  Distance (m)  RL (m) Remarks
187      SSK13          1300          19.0   1.026      RB
 sencionno=SSK13 CL distance=14.5 RL=0.136
 Finished Section no =SSK13**********************************
 



Initiated Section no =SSK14**********************************
     Section No  Chainage (m)  Distance (m)  RL (m) Remarks
197      SSK14          1400          14.0   0.172      CL
     Section No  Chainage (m)  Distance (m)  RL (m) Remarks
193      SSK14          1400          10.0   0.941      LB
     Section No  Chainage (m)  Distance (m)  RL (m) Remarks
201      SSK14          1400          18.0   0.921      RB
 sencionno=SSK14 CL distance=14.0 RL=0.172
 Finished Section no =SSK14**********************************
 



Initiated Section no =SSK15**********************************
     Section No  Chainage (m)  Distance (m)  RL (m) Remarks
211      SSK15          1500          15.0   0.058      CL
     Section No  Chainage (m)  Distance (m)  RL (m) Remarks
207      SSK15          1500          10.0   2.053      LB
     Section No  Chainage (m)  Distance (m)  RL (m) Remarks
215      SSK15          1500          20.0   0.774      RB
 sencionno=SSK15 CL distance=15.0 RL=0.058
 Finished Section no =SSK15**********************************
 



Initiated Section no =SSK16**********************************
     Section No  Chainage (m)  Distance (m)  RL (m) Remarks
225      SSK16          1600          15.0   0.264      CL
     Section No  Chainage (m)  Distance (m)  RL (m) Remarks
221      SSK16          1600          10.0   2.453      LB
     Section No  Chainage (m)  Distance (m)  RL (m) Remarks
228      SSK16          1600          19.0   1.438      RB
 sencionno=SSK16 CL distance=15.0 RL=0.264
 Finished Section no =SSK16**********************************
 



Initiated Section no =SSK17**********************************
     Section No  Chainage (m)  Distance (m)  RL (m) Remarks
239      SSK17          1700          16.0   0.182      CL
     Section No  Chainage (m)  Distance (m)  RL (m) Remarks
235      SSK17          1700          10.0   0.949      LB
     Section No  Chainage (m)  Distance (m)  RL (m) Remarks
243      SSK17          1700          22.0   1.751      RB
 sencionno=SSK17 CL distance=16.0 RL=0.182
 Finished Section no =SSK17**********************************
 



Initiated Section no =SSK18**********************************
     Section No  Chainage (m)  Distance (m)  RL (m) Remarks
253      SSK18          1800          13.5   0.282      CL
     Section No  Chainage (m)  Distance (m)  RL (m) Remarks
249      SSK18          1800          10.0   2.141      LB
     Section No  Chainage (m)  Distance (m)  RL (m) Remarks
257      SSK18          1800          17.0   2.257      RB
 sencionno=SSK18 CL distance=13.5 RL=0.282
 Finished Section no =SSK18**********************************
 



Initiated Section no =SSK19**********************************
     Section No  Chainage (m)  Distance (m)  RL (m) Remarks
267      SSK19          1900          15.0   0.001      CL
     Section No  Chainage (m)  Distance (m)  RL (m) Remarks
262      SSK19          1900          10.0    2.15      LB
     Section No  Chainage (m)  Distance (m)  RL (m) Remarks
270      SSK19          1900          18.0    2.41      RB
 sencionno=SSK19 CL distance=15.0 RL=0.001
 Finished Section no =SSK19**********************************
 



Initiated Section no =SSK20**********************************
     Section No  Chainage (m)  Distance (m)  RL (m) Remarks
280      SSK20          2000          16.0   0.033      CL
     Section No  Chainage (m)  Distance (m)  RL (m) Remarks
275      SSK20          2000          10.0   1.776      LB
     Section No  Chainage (m)  Distance (m)  RL (m) Remarks
283      SSK20          2000          19.0   2.528      RB
 sencionno=SSK20 CL distance=16.0 RL=0.033
 Finished Section no =SSK20**********************************
 



Initiated Section no =SSK21**********************************
     Section No  Chainage (m)  Distance (m)  RL (m) Remarks
295      SSK21          2100          15.0   0.009      CL
     Section No  Chainage (m)  Distance (m)  RL (m) Remarks
291      SSK21          2100          10.0   2.615      LB
     Section No  Chainage (m)  Distance (m)  RL (m) Remarks
299      SSK21          2100          20.0   2.749      RB
 sencionno=SSK21 CL distance=15.0 RL=0.009
 Finished Section no =SSK21**********************************
 



Initiated Section no =SSK22**********************************
     Section No  Chainage (m)  Distance (m)  RL (m) Remarks
309      SSK22          2200           7.0   0.237      CL
     Section No  Chainage (m)  Distance (m)  RL (m) Remarks
305      SSK22          2200           1.0    2.82      LB
     Section No  Chainage (m)  Distance (m)  RL (m) Remarks
313      SSK22          2200          13.0   2.703      RB
 sencionno=SSK22 CL distance=7.0 RL=0.237
 Finished Section no =SSK22**********************************
 



Initiated Section no =SSK23**********************************
     Section No  Chainage (m)  Distance (m)  RL (m) Remarks
322      SSK23          2325          15.0   0.198      CL
     Section No  Chainage (m)  Distance (m)  RL (m) Remarks
319      SSK23          2325          10.0   3.439      LB
     Section No  Chainage (m)  Distance (m)  RL (m) Remarks
327      SSK23          2325          24.0   4.194      RB
 sencionno=SSK23 CL distance=15.0 RL=0.198
 Finished Section no =SSK23**********************************
