 Sucessfully Setup Logger for this programme.............
 Printing Data Matrix Direction.................

               Data Name         Value  \
0          Package Name  TP_KEX_10_14   
1           Data Matrix             V   
2  Long_Slope_Direction             1   

                                         Explanation  
0                               package_name_of_khal  
1                            Data written vertically  
2  1:zero chaiange at outfall 0:zero chainage at ...  
 

###############################################


    XsectionNo  chainage   r1   r2 c1 c2       KhalName  GL  Ivert Level  \
0        CPL0         0    5   25  A  C  Chaprail khal  -2         -1.6   
1        CPL1       100   30   54  A  C  Chaprail khal  -2         -1.6   
2        CPL2       200   69   91  A  C  Chaprail khal  -2         -1.6   
3        CPL3       300   94  118  A  C  Chaprail khal  -2         -1.6   
4        CPL4       400  140  162  A  C  Chaprail khal  -2         -1.6   
5        CPL5       550  165  187  A  C  Chaprail khal  -2         -1.6   
6        CPL6       700  212  236  A  C  Chaprail khal  -2         -1.6   
7        CPL7       850  239  260  A  C  Chaprail khal  -2         -1.6   
8        CPL8      1000  263  282  A  C  Chaprail khal  -2         -1.6   
9        CPL9      1150  284  304  A  C  Chaprail khal  -2         -1.6   
10      CPL10      1300  307  327  A  C  Chaprail khal  -2         -1.6   
11      CPL11      1450  330  354  A  C  Chaprail khal  -2         -1.6   
12      CPL12      1600  356  376  A  C  Chaprail khal  -2         -1.6   
13      CPL13      1750  378  398  A  C  Chaprail khal  -2         -1.6   
14      CPL14      1850  400  420  A  C  Chaprail khal  -2         -1.6   

    Retention  Required_Area  Direction  
0         0.6             30          1  
1         0.6             30          1  
2         0.6             30          1  
3         0.6             30          1  
4         0.6             30          1  
5         0.6             30          1  
6         0.6             30          1  
7         0.6             30          1  
8         0.6             30          1  
9         0.6             30          1  
10        0.6             30          1  
11        0.6             30          1  
12        0.6             30          1  
13        0.6             30          1  
14        0.6             30          1  
 --------Intiated Data Transfer for section no=CPL0--------




 chainage=0 sec=CPL0 row1=5 row2=25 col1=A col2=C 1
 





 {'dist': [0, 5, 10, 11, 12, 13, 14, 15, 16, 17, 18, 19, 20, 21, 22, 23, 24, 25, 26, 30, 35], 'rl': [0.7569999999999997, 0.7619999999999996, 0.7669999999999999, 0.16569999999999974, -0.08800000000000008, -0.20800000000000018, -0.3340000000000001, -0.6350000000000002, -0.8730000000000002, -0.9480000000000004, -0.9830000000000001, -0.9450000000000003, -0.8350000000000004, -0.6350000000000002, -0.4730000000000003, -0.23900000000000032, -0.008000000000000007, 0.20899999999999963, 0.6669999999999998, 0.6619999999999999, 0.6519999999999997], 'remarks': ['Paddy land', '', 'LB', '', '', '', '', '', 'CL', '', '', '', '', '', '', '', '', '', 'RB', '', 'Paddy land'], 'chainage': [0, 0, 0, 0, 0, 0, 0, 0, 0, 0, 0, 0, 0, 0, 0, 0, 0, 0, 0, 0, 0], 'sectionNo': ['CPL0', 'CPL0', 'CPL0', 'CPL0', 'CPL0', 'CPL0', 'CPL0', 'CPL0', 'CPL0', 'CPL0', 'CPL0', 'CPL0', 'CPL0', 'CPL0', 'CPL0', 'CPL0', 'CPL0', 'CPL0', 'CPL0', 'CPL0', 'CPL0']}
 





 --------Finished Data Transfer for section no=CPL0--------




 --------Intiated Data Transfer for section no=CPL1--------




 chainage=100 sec=CPL1 row1=30 row2=54 col1=A col2=C 1
 





 {'dist': [0, 5, 10, 11, 12, 13, 14, 15, 16, 17, 18, 19, 20, 21, 22, 23, 24, 25, 26, 27, 28, 29, 30, 35, 40], 'rl': [0.8049999999999999, 0.8099999999999998, 0.815, -0.07299999999999995, -0.8380000000000001, -1.6110000000000002, -1.81, -2.043, -2.266, -2.4800000000000004, -2.667, -2.8870000000000005, -2.925, -2.886, -2.6770000000000005, -2.465, -2.1799999999999997, -1.92, -1.6800000000000002, -1.42, -1.0700000000000003, -0.8399999999999999, 0.7349999999999999, 0.74, 0.744], 'remarks': ['Paddy land', '', 'LB', '', '', '', '', '', '', '', '', '', 'CL', '', '', '', '', '', '', '', '', '', 'RB', '', 'Paddy land'], 'chainage': [100, 100, 100, 100, 100, 100, 100, 100, 100, 100, 100, 100, 100, 100, 100, 100, 100, 100, 100, 100, 100, 100, 100, 100, 100], 'sectionNo': ['CPL1', 'CPL1', 'CPL1', 'CPL1', 'CPL1', 'CPL1', 'CPL1', 'CPL1', 'CPL1', 'CPL1', 'CPL1', 'CPL1', 'CPL1', 'CPL1', 'CPL1', 'CPL1', 'CPL1', 'CPL1', 'CPL1', 'CPL1', 'CPL1', 'CPL1', 'CPL1', 'CPL1', 'CPL1']}
 





 --------Finished Data Transfer for section no=CPL1--------




 --------Intiated Data Transfer for section no=CPL2--------




 chainage=200 sec=CPL2 row1=69 row2=91 col1=A col2=C 1
 





 {'dist': [0, 5, 10, 11, 12, 13, 14, 15, 16, 17, 18, 20, 22, 23, 24, 25, 26, 27, 28, 29, 30, 35, 40], 'rl': [0.75, 0.74, 0.734, -0.7429999999999999, -1.2800000000000002, -1.81, -2.577, -2.92, -3.1799999999999997, -3.466, -3.7800000000000002, -3.825, -3.777, -3.466, -3.1799999999999997, -3.013, -2.84, -1.31, -0.8399999999999999, -0.40100000000000025, 0.7349999999999999, 0.73, 0.7249999999999999], 'remarks': ['Paddy land', '', 'LB', '', '', '', '', '', '', '', '', 'CL', '', '', '', '', '', '', '', '', 'RB', '', 'Paddy land'], 'chainage': [200, 200, 200, 200, 200, 200, 200, 200, 200, 200, 200, 200, 200, 200, 200, 200, 200, 200, 200, 200, 200, 200, 200], 'sectionNo': ['CPL2', 'CPL2', 'CPL2', 'CPL2', 'CPL2', 'CPL2', 'CPL2', 'CPL2', 'CPL2', 'CPL2', 'CPL2', 'CPL2', 'CPL2', 'CPL2', 'CPL2', 'CPL2', 'CPL2', 'CPL2', 'CPL2', 'CPL2', 'CPL2', 'CPL2', 'CPL2']}
 





 --------Finished Data Transfer for section no=CPL2--------




 --------Intiated Data Transfer for section no=CPL3--------




 chainage=300 sec=CPL3 row1=94 row2=118 col1=A col2=C 1
 





 {'dist': [0, 5, 10, 11, 12, 13, 14, 15, 16, 17, 18, 20, 21, 22, 24, 25, 26, 27, 28, 29, 30, 31, 32, 35, 40], 'rl': [0.5799999999999998, 0.585, 0.595, -0.22100000000000009, -0.8399999999999999, -1.343, -1.6099999999999999, -1.8170000000000002, -2.043, -2.183, -2.4800000000000004, -2.6850000000000005, -2.3280000000000003, -2.6770000000000005, -2.4749999999999996, -2.21, -2.04, -1.7760000000000002, -1.5750000000000002, -1.3130000000000002, -0.81, -0.24299999999999988, 0.565, 0.5699999999999998, 0.575], 'remarks': ['Paddy land', '', 'LB', '', '', '', '', '', '', '', '', '', 'CL', '', '', '', '', '', '', '', '', '', 'RB', '', 'Paddy land'], 'chainage': [300, 300, 300, 300, 300, 300, 300, 300, 300, 300, 300, 300, 300, 300, 300, 300, 300, 300, 300, 300, 300, 300, 300, 300, 300], 'sectionNo': ['CPL3', 'CPL3', 'CPL3', 'CPL3', 'CPL3', 'CPL3', 'CPL3', 'CPL3', 'CPL3', 'CPL3', 'CPL3', 'CPL3', 'CPL3', 'CPL3', 'CPL3', 'CPL3', 'CPL3', 'CPL3', 'CPL3', 'CPL3', 'CPL3', 'CPL3', 'CPL3', 'CPL3', 'CPL3']}
 





 --------Finished Data Transfer for section no=CPL3--------




 --------Intiated Data Transfer for section no=CPL4--------




 chainage=400 sec=CPL4 row1=140 row2=162 col1=A col2=C 1
 





 {'dist': [0, 5, 10, 11, 12, 13, 14, 15, 16, 17, 18, 20, 22, 23, 24, 25, 26, 27, 28, 29, 30, 35, 40], 'rl': [0.665, 0.6599999999999999, 0.665, -0.2200000000000002, -0.42100000000000026, -0.5700000000000003, -0.835, -1.0430000000000001, -1.1430000000000002, -1.1800000000000002, -1.38, -1.415, -1.3770000000000002, -1.1750000000000003, -0.98, -0.94, -0.81, -0.617, -0.31000000000000005, -0.14300000000000024, 0.633, 0.6299999999999999, 0.625], 'remarks': ['Paddy land', '', 'LB', '', '', '', '', '', '', '', '', 'CL', '', '', '', '', '', '', '', '', 'RB', '', 'Paddy land'], 'chainage': [400, 400, 400, 400, 400, 400, 400, 400, 400, 400, 400, 400, 400, 400, 400, 400, 400, 400, 400, 400, 400, 400, 400], 'sectionNo': ['CPL4', 'CPL4', 'CPL4', 'CPL4', 'CPL4', 'CPL4', 'CPL4', 'CPL4', 'CPL4', 'CPL4', 'CPL4', 'CPL4', 'CPL4', 'CPL4', 'CPL4', 'CPL4', 'CPL4', 'CPL4', 'CPL4', 'CPL4', 'CPL4', 'CPL4', 'CPL4']}
 





 --------Finished Data Transfer for section no=CPL4--------




 --------Intiated Data Transfer for section no=CPL5--------




 chainage=550 sec=CPL5 row1=165 row2=187 col1=A col2=C 1
 





 {'dist': [0, 5, 10, 11, 12, 13, 14, 15, 16, 18, 20, 22, 24, 26, 28, 29, 30, 31, 32, 33, 34, 40, 45], 'rl': [0.4259999999999997, 0.4209999999999998, 0.4159999999999999, 0.020999999999999908, -0.27600000000000025, -0.4460000000000002, -0.7120000000000002, -0.8089999999999997, -0.8519999999999999, -1.009, -1.0859999999999999, -1.2840000000000003, -1.246, -1.0859999999999999, -0.9090000000000003, -0.6389999999999998, -0.4460000000000002, -0.274, -0.03500000000000014, 0.2879999999999998, 0.4910000000000001, 0.496, 0.5009999999999999], 'remarks': ['Paddy land', '', 'LB', '', '', '', '', '', '', '', '', 'CL', '', '', '', '', '', '', '', '', 'RB', '', 'Paddy land'], 'chainage': [550, 550, 550, 550, 550, 550, 550, 550, 550, 550, 550, 550, 550, 550, 550, 550, 550, 550, 550, 550, 550, 550, 550], 'sectionNo': ['CPL5', 'CPL5', 'CPL5', 'CPL5', 'CPL5', 'CPL5', 'CPL5', 'CPL5', 'CPL5', 'CPL5', 'CPL5', 'CPL5', 'CPL5', 'CPL5', 'CPL5', 'CPL5', 'CPL5', 'CPL5', 'CPL5', 'CPL5', 'CPL5', 'CPL5', 'CPL5']}
 





 --------Finished Data Transfer for section no=CPL5--------




 --------Intiated Data Transfer for section no=CPL6--------




 chainage=700 sec=CPL6 row1=212 row2=236 col1=A col2=C 1
 





 {'dist': [0, 5, 10, 11, 12, 13, 14, 15, 16, 17, 18, 19, 20, 22, 24, 25, 26, 27, 28, 29, 30, 31, 32, 35, 40], 'rl': [0.5009999999999999, 0.496, 0.4910000000000001, 0.36499999999999977, 0.1559999999999997, -0.03500000000000014, -0.2789999999999999, -0.43500000000000005, -0.7090000000000001, -0.8119999999999998, -0.839, -1.004, -1.1439999999999997, -1.1839999999999997, -1.1460000000000004, -1.0050000000000003, -0.8460000000000005, -0.7120000000000002, -0.4810000000000003, -0.3440000000000003, 0.7109999999999999, 1.0099999999999998, 1.41, 1.416, 1.4209999999999998], 'remarks': ['Paddy land', '', 'LB', '', '', '', '', '', '', '', '', '', '', 'CL', '', '', '', '', '', '', '', '', 'RB', '', 'Paddy land'], 'chainage': [700, 700, 700, 700, 700, 700, 700, 700, 700, 700, 700, 700, 700, 700, 700, 700, 700, 700, 700, 700, 700, 700, 700, 700, 700], 'sectionNo': ['CPL6', 'CPL6', 'CPL6', 'CPL6', 'CPL6', 'CPL6', 'CPL6', 'CPL6', 'CPL6', 'CPL6', 'CPL6', 'CPL6', 'CPL6', 'CPL6', 'CPL6', 'CPL6', 'CPL6', 'CPL6', 'CPL6', 'CPL6', 'CPL6', 'CPL6', 'CPL6', 'CPL6', 'CPL6']}
 





 --------Finished Data Transfer for section no=CPL6--------




 --------Intiated Data Transfer for section no=CPL7--------




 chainage=850 sec=CPL7 row1=239 row2=260 col1=A col2=C 1
 





 {'dist': [0, 5, 10, 11, 12, 14, 16, 18, 20, 22, 24, 25, 26, 28, 30, 32, 34, 36, 38, 39, 40, 43], 'rl': [0.40599999999999925, 0.4109999999999996, 0.4159999999999995, 0.2909999999999995, 0.12599999999999945, -0.05200000000000049, -0.23900000000000077, -0.47900000000000054, -0.6360000000000001, -0.8090000000000002, -0.9660000000000002, -1.0040000000000004, -0.9650000000000007, -0.814000000000001, -0.6350000000000007, -0.4360000000000004, -0.2760000000000007, 0.25799999999999956, 0.5209999999999995, 1.1109999999999993, 2.3159999999999994, 2.3109999999999995], 'remarks': ['Paddy land', '', 'LB', '', '', '', '', '', '', '', '', 'CL', '', '', '', '', '', '', '', '', 'RB', 'Pond bank'], 'chainage': [850, 850, 850, 850, 850, 850, 850, 850, 850, 850, 850, 850, 850, 850, 850, 850, 850, 850, 850, 850, 850, 850], 'sectionNo': ['CPL7', 'CPL7', 'CPL7', 'CPL7', 'CPL7', 'CPL7', 'CPL7', 'CPL7', 'CPL7', 'CPL7', 'CPL7', 'CPL7', 'CPL7', 'CPL7', 'CPL7', 'CPL7', 'CPL7', 'CPL7', 'CPL7', 'CPL7', 'CPL7', 'CPL7']}
 





 --------Finished Data Transfer for section no=CPL7--------




 --------Intiated Data Transfer for section no=CPL8--------




 chainage=1000 sec=CPL8 row1=263 row2=282 col1=A col2=C 1
 





 {'dist': [0, 5, 10, 11, 12, 14, 16, 18, 20, 21, 22, 24, 26, 28, 30, 31, 32, 33, 40, 45], 'rl': [0.38099999999999934, 0.38599999999999923, 0.39099999999999957, 0.0829999999999993, -0.10400000000000054, -0.36500000000000066, -0.5370000000000004, -0.6010000000000004, -0.7730000000000006, -0.8090000000000006, -0.7710000000000004, -0.5930000000000004, -0.5340000000000007, -0.4370000000000007, -0.37400000000000055, -0.2140000000000004, 0.03999999999999959, 0.4409999999999994, 0.4359999999999995, 0.4309999999999996], 'remarks': ['Paddy land', '', 'LB', '', '', '', '', '', '', 'CL', '', '', '', '', '', '', '', 'RB', '', 'Paddy land'], 'chainage': [1000, 1000, 1000, 1000, 1000, 1000, 1000, 1000, 1000, 1000, 1000, 1000, 1000, 1000, 1000, 1000, 1000, 1000, 1000, 1000], 'sectionNo': ['CPL8', 'CPL8', 'CPL8', 'CPL8', 'CPL8', 'CPL8', 'CPL8', 'CPL8', 'CPL8', 'CPL8', 'CPL8', 'CPL8', 'CPL8', 'CPL8', 'CPL8', 'CPL8', 'CPL8', 'CPL8', 'CPL8', 'CPL8']}
 





 --------Finished Data Transfer for section no=CPL8--------




 --------Intiated Data Transfer for section no=CPL9--------




 chainage=1150 sec=CPL9 row1=284 row2=304 col1=A col2=C 1
 





 {'dist': [0, 5, 10, 11, 12, 13, 14, 15, 16, 18, 20, 22, 24, 25, 26, 27, 28, 29, 30, 35, 40], 'rl': [0.37599999999999945, 0.38099999999999934, 0.38599999999999923, -0.004000000000000448, -0.25400000000000045, -0.4290000000000007, -0.4590000000000005, -0.6290000000000004, -0.7090000000000005, -0.7590000000000003, -0.7890000000000006, -0.7500000000000004, -0.7170000000000005, -0.5500000000000007, -0.47100000000000053, -0.36400000000000077, -0.20400000000000063, 0.08499999999999952, 0.37099999999999955, 0.36599999999999966, 0.37099999999999955], 'remarks': ['Paddy land', '', 'LB', '', '', '', '', '', '', '', 'CL', '', '', '', '', '', '', '', 'RB', '', 'Paddy land'], 'chainage': [1150, 1150, 1150, 1150, 1150, 1150, 1150, 1150, 1150, 1150, 1150, 1150, 1150, 1150, 1150, 1150, 1150, 1150, 1150, 1150, 1150], 'sectionNo': ['CPL9', 'CPL9', 'CPL9', 'CPL9', 'CPL9', 'CPL9', 'CPL9', 'CPL9', 'CPL9', 'CPL9', 'CPL9', 'CPL9', 'CPL9', 'CPL9', 'CPL9', 'CPL9', 'CPL9', 'CPL9', 'CPL9', 'CPL9', 'CPL9']}
 





 --------Finished Data Transfer for section no=CPL9--------




 --------Intiated Data Transfer for section no=CPL10--------




 chainage=1300 sec=CPL10 row1=307 row2=327 col1=A col2=C 1
 





 {'dist': [0, 5, 10, 11, 12, 13, 14, 15, 16, 18, 20, 22, 24, 25, 26, 27, 28, 29, 30, 35, 40], 'rl': [0.3859999999999988, 0.3909999999999991, 0.395999999999999, -0.03700000000000081, -0.16000000000000103, -0.43400000000000105, -0.5140000000000011, -0.5740000000000012, -0.729000000000001, -0.7590000000000008, -0.9070000000000009, -0.8970000000000011, -0.7600000000000011, -0.5600000000000009, -0.5040000000000009, -0.2600000000000011, -0.13400000000000079, 0.08599999999999897, 0.4629999999999992, 0.4559999999999991, 0.45299999999999896], 'remarks': ['Paddy land', '', 'LB', '', '', '', '', '', '', '', 'CL', '', '', '', '', '', '', '', 'RB', '', 'Paddy land'], 'chainage': [1300, 1300, 1300, 1300, 1300, 1300, 1300, 1300, 1300, 1300, 1300, 1300, 1300, 1300, 1300, 1300, 1300, 1300, 1300, 1300, 1300], 'sectionNo': ['CPL10', 'CPL10', 'CPL10', 'CPL10', 'CPL10', 'CPL10', 'CPL10', 'CPL10', 'CPL10', 'CPL10', 'CPL10', 'CPL10', 'CPL10', 'CPL10', 'CPL10', 'CPL10', 'CPL10', 'CPL10', 'CPL10', 'CPL10', 'CPL10']}
 





 --------Finished Data Transfer for section no=CPL10--------




 --------Intiated Data Transfer for section no=CPL11--------




 chainage=1450 sec=CPL11 row1=330 row2=354 col1=A col2=C 1
 





 {'dist': [0, 5, 10, 11, 12, 13, 14, 15, 16, 17, 18, 19, 20, 21, 22, 23, 24, 25, 26, 27, 28, 29, 30, 35, 40], 'rl': [0.3809999999999989, 0.3859999999999988, 0.3909999999999991, 0.06299999999999883, -0.06000000000000094, -0.32900000000000107, -0.42900000000000116, -0.45000000000000107, -0.5290000000000008, -0.5490000000000008, -0.6290000000000009, -0.6690000000000009, -0.709000000000001, -0.6710000000000012, -0.5990000000000011, -0.5290000000000008, -0.43000000000000105, -0.3610000000000011, -0.3370000000000011, -0.16000000000000103, -0.11400000000000121, 0.08299999999999885, 0.3709999999999991, 0.375999999999999, 0.3809999999999989], 'remarks': ['Paddy land', '', 'LB', '', '', '', '', '', '', '', '', '', 'CL', '', '', '', '', '', '', 'RB', '', '', '', '', 'Paddy land'], 'chainage': [1450, 1450, 1450, 1450, 1450, 1450, 1450, 1450, 1450, 1450, 1450, 1450, 1450, 1450, 1450, 1450, 1450, 1450, 1450, 1450, 1450, 1450, 1450, 1450, 1450], 'sectionNo': ['CPL11', 'CPL11', 'CPL11', 'CPL11', 'CPL11', 'CPL11', 'CPL11', 'CPL11', 'CPL11', 'CPL11', 'CPL11', 'CPL11', 'CPL11', 'CPL11', 'CPL11', 'CPL11', 'CPL11', 'CPL11', 'CPL11', 'CPL11', 'CPL11', 'CPL11', 'CPL11', 'CPL11', 'CPL11']}
 





 --------Finished Data Transfer for section no=CPL11--------




 --------Intiated Data Transfer for section no=CPL12--------




 chainage=1600 sec=CPL12 row1=356 row2=376 col1=A col2=C 1
 





 {'dist': [0, 5, 10, 11, 12, 13, 14, 15, 16, 18, 20, 22, 24, 25, 26, 27, 28, 29, 30, 35, 40], 'rl': [0.5279999999999989, 0.5329999999999988, 0.5379999999999989, 0.11699999999999888, -0.029000000000001025, -0.372000000000001, -0.4820000000000013, -0.5280000000000011, -0.6970000000000012, -0.7420000000000011, -0.7770000000000012, -0.739000000000001, -0.602000000000001, -0.5280000000000011, -0.4670000000000012, -0.3420000000000012, -0.08200000000000118, 0.21499999999999897, 0.5229999999999988, 0.5179999999999989, 0.5129999999999988], 'remarks': ['Paddy land', '', 'LB', '', '', '', '', '', '', '', 'CL', '', '', '', '', '', '', '', 'RB', '', 'Paddy land'], 'chainage': [1600, 1600, 1600, 1600, 1600, 1600, 1600, 1600, 1600, 1600, 1600, 1600, 1600, 1600, 1600, 1600, 1600, 1600, 1600, 1600, 1600], 'sectionNo': ['CPL12', 'CPL12', 'CPL12', 'CPL12', 'CPL12', 'CPL12', 'CPL12', 'CPL12', 'CPL12', 'CPL12', 'CPL12', 'CPL12', 'CPL12', 'CPL12', 'CPL12', 'CPL12', 'CPL12', 'CPL12', 'CPL12', 'CPL12', 'CPL12']}
 





 --------Finished Data Transfer for section no=CPL12--------




 --------Intiated Data Transfer for section no=CPL13--------




 chainage=1750 sec=CPL13 row1=378 row2=398 col1=A col2=C 1
 





 {'dist': [0, 5, 10, 11, 12, 13, 14, 15, 16, 18, 20, 22, 24, 25, 26, 27, 28, 29, 30, 35, 40], 'rl': [0.512999999999999, 0.5179999999999991, 0.522999999999999, 0.2149999999999992, 0.060999999999999055, -0.20500000000000096, -0.3670000000000009, -0.42810000000000104, -0.6770000000000009, -0.8190000000000008, -0.8670000000000009, -0.828100000000001, -0.628000000000001, -0.47700000000000076, -0.3850000000000007, -0.16900000000000093, 0.07199999999999918, 0.21799999999999908, 0.5029999999999992, 0.4979999999999991, 0.4929999999999992], 'remarks': ['Paddy land', '', 'LB', '', '', '', '', '', '', '', 'CL', '', '', '', '', '', '', '', 'RB', '', 'Paddy land'], 'chainage': [1750, 1750, 1750, 1750, 1750, 1750, 1750, 1750, 1750, 1750, 1750, 1750, 1750, 1750, 1750, 1750, 1750, 1750, 1750, 1750, 1750], 'sectionNo': ['CPL13', 'CPL13', 'CPL13', 'CPL13', 'CPL13', 'CPL13', 'CPL13', 'CPL13', 'CPL13', 'CPL13', 'CPL13', 'CPL13', 'CPL13', 'CPL13', 'CPL13', 'CPL13', 'CPL13', 'CPL13', 'CPL13', 'CPL13', 'CPL13']}
 





 --------Finished Data Transfer for section no=CPL13--------




 --------Intiated Data Transfer for section no=CPL14--------




 chainage=1850 sec=CPL14 row1=400 row2=420 col1=A col2=C 1
 





 {'dist': [0, 5, 10, 11, 12, 13, 14, 15, 16, 18, 20, 22, 24, 25, 26, 27, 28, 29, 30, 35, 40], 'rl': [0.4729999999999992, 0.4679999999999991, 0.4629999999999992, 0.027999999999999137, -0.18300000000000072, -0.382000000000001, -0.4370000000000007, -0.628000000000001, -0.7281000000000009, -0.8790000000000009, -0.9170000000000007, -0.8770000000000007, -0.7320000000000011, -0.6770000000000009, -0.5290000000000008, -0.4050000000000007, -0.17200000000000104, 0.09419999999999917, 0.4829999999999992, 0.4729999999999992, 0.4679999999999991], 'remarks': ['Paddy land', '', 'LB', '', '', '', '', '', '', '', 'CL', '', '', '', '', '', '', '', 'RB', '', 'Paddy land'], 'chainage': [1850, 1850, 1850, 1850, 1850, 1850, 1850, 1850, 1850, 1850, 1850, 1850, 1850, 1850, 1850, 1850, 1850, 1850, 1850, 1850, 1850], 'sectionNo': ['CPL14', 'CPL14', 'CPL14', 'CPL14', 'CPL14', 'CPL14', 'CPL14', 'CPL14', 'CPL14', 'CPL14', 'CPL14', 'CPL14', 'CPL14', 'CPL14', 'CPL14', 'CPL14', 'CPL14', 'CPL14', 'CPL14', 'CPL14', 'CPL14']}
 





 --------Finished Data Transfer for section no=CPL14--------




 Begin Building Xsection Data Sheet................
 Printing Input Data Frame.............
 


Detailed Debugging of Calcualtion of CL




 



Initiated Section no =CPL0**********************************
    Section No  Chainage (m)  Distance (m)  RL (m)     Remarks
0        CPL0             0             0  0.7570  Paddy land
1        CPL0             0             5  0.7620            
2        CPL0             0            10  0.7670          LB
3        CPL0             0            11  0.1657            
4        CPL0             0            12 -0.0880            
5        CPL0             0            13 -0.2080            
6        CPL0             0            14 -0.3340            
7        CPL0             0            15 -0.6350            
8        CPL0             0            16 -0.8730          CL
9        CPL0             0            17 -0.9480            
10       CPL0             0            18 -0.9830            
11       CPL0             0            19 -0.9450            
12       CPL0             0            20 -0.8350            
13       CPL0             0            21 -0.6350            
14       CPL0             0            22 -0.4730            
15       CPL0             0            23 -0.2390            
16       CPL0             0            24 -0.0080            
17       CPL0             0            25  0.2090            
18       CPL0             0            26  0.6670          RB
19       CPL0             0            30  0.6620            
20       CPL0             0            35  0.6520  Paddy land
   Section No  Chainage (m)  Distance (m)  RL (m) Remarks
8       CPL0             0            16  -0.873      CL
   Section No  Chainage (m)  Distance (m)  RL (m) Remarks
2       CPL0             0            10   0.767      LB
    Section No  Chainage (m)  Distance (m)  RL (m) Remarks
18       CPL0             0            26   0.667      RB
 sencionno=CPL0 CL distance=16 RL=-0.8730000000000002
 Finished Section no =CPL0**********************************
 



Initiated Section no =CPL1**********************************
    Section No  Chainage (m)  Distance (m)  RL (m)     Remarks
21       CPL1           100             0   0.805  Paddy land
22       CPL1           100             5   0.810            
23       CPL1           100            10   0.815          LB
24       CPL1           100            11  -0.073            
25       CPL1           100            12  -0.838            
26       CPL1           100            13  -1.611            
27       CPL1           100            14  -1.810            
28       CPL1           100            15  -2.043            
29       CPL1           100            16  -2.266            
30       CPL1           100            17  -2.480            
31       CPL1           100            18  -2.667            
32       CPL1           100            19  -2.887            
33       CPL1           100            20  -2.925          CL
34       CPL1           100            21  -2.886            
35       CPL1           100            22  -2.677            
36       CPL1           100            23  -2.465            
37       CPL1           100            24  -2.180            
38       CPL1           100            25  -1.920            
39       CPL1           100            26  -1.680            
40       CPL1           100            27  -1.420            
41       CPL1           100            28  -1.070            
42       CPL1           100            29  -0.840            
43       CPL1           100            30   0.735          RB
44       CPL1           100            35   0.740            
45       CPL1           100            40   0.744  Paddy land
    Section No  Chainage (m)  Distance (m)  RL (m) Remarks
33       CPL1           100            20  -2.925      CL
    Section No  Chainage (m)  Distance (m)  RL (m) Remarks
23       CPL1           100            10   0.815      LB
    Section No  Chainage (m)  Distance (m)  RL (m) Remarks
43       CPL1           100            30   0.735      RB
 sencionno=CPL1 CL distance=20 RL=-2.925
 Finished Section no =CPL1**********************************
 



Initiated Section no =CPL2**********************************
    Section No  Chainage (m)  Distance (m)  RL (m)     Remarks
46       CPL2           200             0   0.750  Paddy land
47       CPL2           200             5   0.740            
48       CPL2           200            10   0.734          LB
49       CPL2           200            11  -0.743            
50       CPL2           200            12  -1.280            
51       CPL2           200            13  -1.810            
52       CPL2           200            14  -2.577            
53       CPL2           200            15  -2.920            
54       CPL2           200            16  -3.180            
55       CPL2           200            17  -3.466            
56       CPL2           200            18  -3.780            
57       CPL2           200            20  -3.825          CL
58       CPL2           200            22  -3.777            
59       CPL2           200            23  -3.466            
60       CPL2           200            24  -3.180            
61       CPL2           200            25  -3.013            
62       CPL2           200            26  -2.840            
63       CPL2           200            27  -1.310            
64       CPL2           200            28  -0.840            
65       CPL2           200            29  -0.401            
66       CPL2           200            30   0.735          RB
67       CPL2           200            35   0.730            
68       CPL2           200            40   0.725  Paddy land
    Section No  Chainage (m)  Distance (m)  RL (m) Remarks
57       CPL2           200            20  -3.825      CL
    Section No  Chainage (m)  Distance (m)  RL (m) Remarks
48       CPL2           200            10   0.734      LB
    Section No  Chainage (m)  Distance (m)  RL (m) Remarks
66       CPL2           200            30   0.735      RB
 sencionno=CPL2 CL distance=20 RL=-3.825
 Finished Section no =CPL2**********************************
 



Initiated Section no =CPL3**********************************
    Section No  Chainage (m)  Distance (m)  RL (m)     Remarks
69       CPL3           300             0   0.580  Paddy land
70       CPL3           300             5   0.585            
71       CPL3           300            10   0.595          LB
72       CPL3           300            11  -0.221            
73       CPL3           300            12  -0.840            
74       CPL3           300            13  -1.343            
75       CPL3           300            14  -1.610            
76       CPL3           300            15  -1.817            
77       CPL3           300            16  -2.043            
78       CPL3           300            17  -2.183            
79       CPL3           300            18  -2.480            
80       CPL3           300            20  -2.685            
81       CPL3           300            21  -2.328          CL
82       CPL3           300            22  -2.677            
83       CPL3           300            24  -2.475            
84       CPL3           300            25  -2.210            
85       CPL3           300            26  -2.040            
86       CPL3           300            27  -1.776            
87       CPL3           300            28  -1.575            
88       CPL3           300            29  -1.313            
89       CPL3           300            30  -0.810            
90       CPL3           300            31  -0.243            
91       CPL3           300            32   0.565          RB
92       CPL3           300            35   0.570            
93       CPL3           300            40   0.575  Paddy land
    Section No  Chainage (m)  Distance (m)  RL (m) Remarks
81       CPL3           300            21  -2.328      CL
    Section No  Chainage (m)  Distance (m)  RL (m) Remarks
71       CPL3           300            10   0.595      LB
    Section No  Chainage (m)  Distance (m)  RL (m) Remarks
91       CPL3           300            32   0.565      RB
 sencionno=CPL3 CL distance=21 RL=-2.3280000000000003
 Finished Section no =CPL3**********************************
 



Initiated Section no =CPL4**********************************
     Section No  Chainage (m)  Distance (m)  RL (m)     Remarks
94        CPL4           400             0   0.665  Paddy land
95        CPL4           400             5   0.660            
96        CPL4           400            10   0.665          LB
97        CPL4           400            11  -0.220            
98        CPL4           400            12  -0.421            
99        CPL4           400            13  -0.570            
100       CPL4           400            14  -0.835            
101       CPL4           400            15  -1.043            
102       CPL4           400            16  -1.143            
103       CPL4           400            17  -1.180            
104       CPL4           400            18  -1.380            
105       CPL4           400            20  -1.415          CL
106       CPL4           400            22  -1.377            
107       CPL4           400            23  -1.175            
108       CPL4           400            24  -0.980            
109       CPL4           400            25  -0.940            
110       CPL4           400            26  -0.810            
111       CPL4           400            27  -0.617            
112       CPL4           400            28  -0.310            
113       CPL4           400            29  -0.143            
114       CPL4           400            30   0.633          RB
115       CPL4           400            35   0.630            
116       CPL4           400            40   0.625  Paddy land
     Section No  Chainage (m)  Distance (m)  RL (m) Remarks
105       CPL4           400            20  -1.415      CL
    Section No  Chainage (m)  Distance (m)  RL (m) Remarks
96       CPL4           400            10   0.665      LB
     Section No  Chainage (m)  Distance (m)  RL (m) Remarks
114       CPL4           400            30   0.633      RB
 sencionno=CPL4 CL distance=20 RL=-1.415
 Finished Section no =CPL4**********************************
 



Initiated Section no =CPL5**********************************
     Section No  Chainage (m)  Distance (m)  RL (m)     Remarks
117       CPL5           550             0   0.426  Paddy land
118       CPL5           550             5   0.421            
119       CPL5           550            10   0.416          LB
120       CPL5           550            11   0.021            
121       CPL5           550            12  -0.276            
122       CPL5           550            13  -0.446            
123       CPL5           550            14  -0.712            
124       CPL5           550            15  -0.809            
125       CPL5           550            16  -0.852            
126       CPL5           550            18  -1.009            
127       CPL5           550            20  -1.086            
128       CPL5           550            22  -1.284          CL
129       CPL5           550            24  -1.246            
130       CPL5           550            26  -1.086            
131       CPL5           550            28  -0.909            
132       CPL5           550            29  -0.639            
133       CPL5           550            30  -0.446            
134       CPL5           550            31  -0.274            
135       CPL5           550            32  -0.035            
136       CPL5           550            33   0.288            
137       CPL5           550            34   0.491          RB
138       CPL5           550            40   0.496            
139       CPL5           550            45   0.501  Paddy land
     Section No  Chainage (m)  Distance (m)  RL (m) Remarks
128       CPL5           550            22  -1.284      CL
     Section No  Chainage (m)  Distance (m)  RL (m) Remarks
119       CPL5           550            10   0.416      LB
     Section No  Chainage (m)  Distance (m)  RL (m) Remarks
137       CPL5           550            34   0.491      RB
 sencionno=CPL5 CL distance=22 RL=-1.2840000000000003
 Finished Section no =CPL5**********************************
 



Initiated Section no =CPL6**********************************
     Section No  Chainage (m)  Distance (m)  RL (m)     Remarks
140       CPL6           700             0   0.501  Paddy land
141       CPL6           700             5   0.496            
142       CPL6           700            10   0.491          LB
143       CPL6           700            11   0.365            
144       CPL6           700            12   0.156            
145       CPL6           700            13  -0.035            
146       CPL6           700            14  -0.279            
147       CPL6           700            15  -0.435            
148       CPL6           700            16  -0.709            
149       CPL6           700            17  -0.812            
150       CPL6           700            18  -0.839            
151       CPL6           700            19  -1.004            
152       CPL6           700            20  -1.144            
153       CPL6           700            22  -1.184          CL
154       CPL6           700            24  -1.146            
155       CPL6           700            25  -1.005            
156       CPL6           700            26  -0.846            
157       CPL6           700            27  -0.712            
158       CPL6           700            28  -0.481            
159       CPL6           700            29  -0.344            
160       CPL6           700            30   0.711            
161       CPL6           700            31   1.010            
162       CPL6           700            32   1.410          RB
163       CPL6           700            35   1.416            
164       CPL6           700            40   1.421  Paddy land
     Section No  Chainage (m)  Distance (m)  RL (m) Remarks
153       CPL6           700            22  -1.184      CL
     Section No  Chainage (m)  Distance (m)  RL (m) Remarks
142       CPL6           700            10   0.491      LB
     Section No  Chainage (m)  Distance (m)  RL (m) Remarks
162       CPL6           700            32    1.41      RB
 sencionno=CPL6 CL distance=22 RL=-1.1839999999999997
 Finished Section no =CPL6**********************************
 



Initiated Section no =CPL7**********************************
     Section No  Chainage (m)  Distance (m)  RL (m)     Remarks
165       CPL7           850             0   0.406  Paddy land
166       CPL7           850             5   0.411            
167       CPL7           850            10   0.416          LB
168       CPL7           850            11   0.291            
169       CPL7           850            12   0.126            
170       CPL7           850            14  -0.052            
171       CPL7           850            16  -0.239            
172       CPL7           850            18  -0.479            
173       CPL7           850            20  -0.636            
174       CPL7           850            22  -0.809            
175       CPL7           850            24  -0.966            
176       CPL7           850            25  -1.004          CL
177       CPL7           850            26  -0.965            
178       CPL7           850            28  -0.814            
179       CPL7           850            30  -0.635            
180       CPL7           850            32  -0.436            
181       CPL7           850            34  -0.276            
182       CPL7           850            36   0.258            
183       CPL7           850            38   0.521            
184       CPL7           850            39   1.111            
185       CPL7           850            40   2.316          RB
186       CPL7           850            43   2.311   Pond bank
     Section No  Chainage (m)  Distance (m)  RL (m) Remarks
176       CPL7           850            25  -1.004      CL
     Section No  Chainage (m)  Distance (m)  RL (m) Remarks
167       CPL7           850            10   0.416      LB
     Section No  Chainage (m)  Distance (m)  RL (m) Remarks
185       CPL7           850            40   2.316      RB
 sencionno=CPL7 CL distance=25 RL=-1.0040000000000004
 Finished Section no =CPL7**********************************
 



Initiated Section no =CPL8**********************************
     Section No  Chainage (m)  Distance (m)  RL (m)     Remarks
187       CPL8          1000             0   0.381  Paddy land
188       CPL8          1000             5   0.386            
189       CPL8          1000            10   0.391          LB
190       CPL8          1000            11   0.083            
191       CPL8          1000            12  -0.104            
192       CPL8          1000            14  -0.365            
193       CPL8          1000            16  -0.537            
194       CPL8          1000            18  -0.601            
195       CPL8          1000            20  -0.773            
196       CPL8          1000            21  -0.809          CL
197       CPL8          1000            22  -0.771            
198       CPL8          1000            24  -0.593            
199       CPL8          1000            26  -0.534            
200       CPL8          1000            28  -0.437            
201       CPL8          1000            30  -0.374            
202       CPL8          1000            31  -0.214            
203       CPL8          1000            32   0.040            
204       CPL8          1000            33   0.441          RB
205       CPL8          1000            40   0.436            
206       CPL8          1000            45   0.431  Paddy land
     Section No  Chainage (m)  Distance (m)  RL (m) Remarks
196       CPL8          1000            21  -0.809      CL
     Section No  Chainage (m)  Distance (m)  RL (m) Remarks
189       CPL8          1000            10   0.391      LB
     Section No  Chainage (m)  Distance (m)  RL (m) Remarks
204       CPL8          1000            33   0.441      RB
 sencionno=CPL8 CL distance=21 RL=-0.8090000000000006
 Finished Section no =CPL8**********************************
 



Initiated Section no =CPL9**********************************
     Section No  Chainage (m)  Distance (m)  RL (m)     Remarks
207       CPL9          1150             0   0.376  Paddy land
208       CPL9          1150             5   0.381            
209       CPL9          1150            10   0.386          LB
210       CPL9          1150            11  -0.004            
211       CPL9          1150            12  -0.254            
212       CPL9          1150            13  -0.429            
213       CPL9          1150            14  -0.459            
214       CPL9          1150            15  -0.629            
215       CPL9          1150            16  -0.709            
216       CPL9          1150            18  -0.759            
217       CPL9          1150            20  -0.789          CL
218       CPL9          1150            22  -0.750            
219       CPL9          1150            24  -0.717            
220       CPL9          1150            25  -0.550            
221       CPL9          1150            26  -0.471            
222       CPL9          1150            27  -0.364            
223       CPL9          1150            28  -0.204            
224       CPL9          1150            29   0.085            
225       CPL9          1150            30   0.371          RB
226       CPL9          1150            35   0.366            
227       CPL9          1150            40   0.371  Paddy land
     Section No  Chainage (m)  Distance (m)  RL (m) Remarks
217       CPL9          1150            20  -0.789      CL
     Section No  Chainage (m)  Distance (m)  RL (m) Remarks
209       CPL9          1150            10   0.386      LB
     Section No  Chainage (m)  Distance (m)  RL (m) Remarks
225       CPL9          1150            30   0.371      RB
 sencionno=CPL9 CL distance=20 RL=-0.7890000000000006
 Finished Section no =CPL9**********************************
 



Initiated Section no =CPL10**********************************
     Section No  Chainage (m)  Distance (m)  RL (m)     Remarks
228      CPL10          1300             0   0.386  Paddy land
229      CPL10          1300             5   0.391            
230      CPL10          1300            10   0.396          LB
231      CPL10          1300            11  -0.037            
232      CPL10          1300            12  -0.160            
233      CPL10          1300            13  -0.434            
234      CPL10          1300            14  -0.514            
235      CPL10          1300            15  -0.574            
236      CPL10          1300            16  -0.729            
237      CPL10          1300            18  -0.759            
238      CPL10          1300            20  -0.907          CL
239      CPL10          1300            22  -0.897            
240      CPL10          1300            24  -0.760            
241      CPL10          1300            25  -0.560            
242      CPL10          1300            26  -0.504            
243      CPL10          1300            27  -0.260            
244      CPL10          1300            28  -0.134            
245      CPL10          1300            29   0.086            
246      CPL10          1300            30   0.463          RB
247      CPL10          1300            35   0.456            
248      CPL10          1300            40   0.453  Paddy land
     Section No  Chainage (m)  Distance (m)  RL (m) Remarks
238      CPL10          1300            20  -0.907      CL
     Section No  Chainage (m)  Distance (m)  RL (m) Remarks
230      CPL10          1300            10   0.396      LB
     Section No  Chainage (m)  Distance (m)  RL (m) Remarks
246      CPL10          1300            30   0.463      RB
 sencionno=CPL10 CL distance=20 RL=-0.9070000000000009
 Finished Section no =CPL10**********************************
 



Initiated Section no =CPL11**********************************
     Section No  Chainage (m)  Distance (m)  RL (m)     Remarks
249      CPL11          1450             0   0.381  Paddy land
250      CPL11          1450             5   0.386            
251      CPL11          1450            10   0.391          LB
252      CPL11          1450            11   0.063            
253      CPL11          1450            12  -0.060            
254      CPL11          1450            13  -0.329            
255      CPL11          1450            14  -0.429            
256      CPL11          1450            15  -0.450            
257      CPL11          1450            16  -0.529            
258      CPL11          1450            17  -0.549            
259      CPL11          1450            18  -0.629            
260      CPL11          1450            19  -0.669            
261      CPL11          1450            20  -0.709          CL
262      CPL11          1450            21  -0.671            
263      CPL11          1450            22  -0.599            
264      CPL11          1450            23  -0.529            
265      CPL11          1450            24  -0.430            
266      CPL11          1450            25  -0.361            
267      CPL11          1450            26  -0.337            
268      CPL11          1450            27  -0.160          RB
269      CPL11          1450            28  -0.114            
270      CPL11          1450            29   0.083            
271      CPL11          1450            30   0.371            
272      CPL11          1450            35   0.376            
273      CPL11          1450            40   0.381  Paddy land
     Section No  Chainage (m)  Distance (m)  RL (m) Remarks
261      CPL11          1450            20  -0.709      CL
     Section No  Chainage (m)  Distance (m)  RL (m) Remarks
251      CPL11          1450            10   0.391      LB
     Section No  Chainage (m)  Distance (m)  RL (m) Remarks
268      CPL11          1450            27   -0.16      RB
 sencionno=CPL11 CL distance=20 RL=-0.709000000000001
 Finished Section no =CPL11**********************************
 



Initiated Section no =CPL12**********************************
     Section No  Chainage (m)  Distance (m)  RL (m)     Remarks
274      CPL12          1600             0   0.528  Paddy land
275      CPL12          1600             5   0.533            
276      CPL12          1600            10   0.538          LB
277      CPL12          1600            11   0.117            
278      CPL12          1600            12  -0.029            
279      CPL12          1600            13  -0.372            
280      CPL12          1600            14  -0.482            
281      CPL12          1600            15  -0.528            
282      CPL12          1600            16  -0.697            
283      CPL12          1600            18  -0.742            
284      CPL12          1600            20  -0.777          CL
285      CPL12          1600            22  -0.739            
286      CPL12          1600            24  -0.602            
287      CPL12          1600            25  -0.528            
288      CPL12          1600            26  -0.467            
289      CPL12          1600            27  -0.342            
290      CPL12          1600            28  -0.082            
291      CPL12          1600            29   0.215            
292      CPL12          1600            30   0.523          RB
293      CPL12          1600            35   0.518            
294      CPL12          1600            40   0.513  Paddy land
     Section No  Chainage (m)  Distance (m)  RL (m) Remarks
284      CPL12          1600            20  -0.777      CL
     Section No  Chainage (m)  Distance (m)  RL (m) Remarks
276      CPL12          1600            10   0.538      LB
     Section No  Chainage (m)  Distance (m)  RL (m) Remarks
292      CPL12          1600            30   0.523      RB
 sencionno=CPL12 CL distance=20 RL=-0.7770000000000012
 Finished Section no =CPL12**********************************
 



Initiated Section no =CPL13**********************************
     Section No  Chainage (m)  Distance (m)  RL (m)     Remarks
295      CPL13          1750             0  0.5130  Paddy land
296      CPL13          1750             5  0.5180            
297      CPL13          1750            10  0.5230          LB
298      CPL13          1750            11  0.2150            
299      CPL13          1750            12  0.0610            
300      CPL13          1750            13 -0.2050            
301      CPL13          1750            14 -0.3670            
302      CPL13          1750            15 -0.4281            
303      CPL13          1750            16 -0.6770            
304      CPL13          1750            18 -0.8190            
305      CPL13          1750            20 -0.8670          CL
306      CPL13          1750            22 -0.8281            
307      CPL13          1750            24 -0.6280            
308      CPL13          1750            25 -0.4770            
309      CPL13          1750            26 -0.3850            
310      CPL13          1750            27 -0.1690            
311      CPL13          1750            28  0.0720            
312      CPL13          1750            29  0.2180            
313      CPL13          1750            30  0.5030          RB
314      CPL13          1750            35  0.4980            
315      CPL13          1750            40  0.4930  Paddy land
     Section No  Chainage (m)  Distance (m)  RL (m) Remarks
305      CPL13          1750            20  -0.867      CL
     Section No  Chainage (m)  Distance (m)  RL (m) Remarks
297      CPL13          1750            10   0.523      LB
     Section No  Chainage (m)  Distance (m)  RL (m) Remarks
313      CPL13          1750            30   0.503      RB
 sencionno=CPL13 CL distance=20 RL=-0.8670000000000009
 Finished Section no =CPL13**********************************
 



Initiated Section no =CPL14**********************************
     Section No  Chainage (m)  Distance (m)  RL (m)     Remarks
316      CPL14          1850             0  0.4730  Paddy land
317      CPL14          1850             5  0.4680            
318      CPL14          1850            10  0.4630          LB
319      CPL14          1850            11  0.0280            
320      CPL14          1850            12 -0.1830            
321      CPL14          1850            13 -0.3820            
322      CPL14          1850            14 -0.4370            
323      CPL14          1850            15 -0.6280            
324      CPL14          1850            16 -0.7281            
325      CPL14          1850            18 -0.8790            
326      CPL14          1850            20 -0.9170          CL
327      CPL14          1850            22 -0.8770            
328      CPL14          1850            24 -0.7320            
329      CPL14          1850            25 -0.6770            
330      CPL14          1850            26 -0.5290            
331      CPL14          1850            27 -0.4050            
332      CPL14          1850            28 -0.1720            
333      CPL14          1850            29  0.0942            
334      CPL14          1850            30  0.4830          RB
335      CPL14          1850            35  0.4730            
336      CPL14          1850            40  0.4680  Paddy land
     Section No  Chainage (m)  Distance (m)  RL (m) Remarks
326      CPL14          1850            20  -0.917      CL
     Section No  Chainage (m)  Distance (m)  RL (m) Remarks
318      CPL14          1850            10   0.463      LB
     Section No  Chainage (m)  Distance (m)  RL (m) Remarks
334      CPL14          1850            30   0.483      RB
 sencionno=CPL14 CL distance=20 RL=-0.9170000000000007
 Finished Section no =CPL14**********************************
 Finished Building Xsection Data Sheet................
 


Detailed Debugging of Calcualtion of CL




 



Initiated Section no =CPL0**********************************
    Section No  Chainage (m)  Distance (m)  RL (m)     Remarks
0        CPL0             0             0  0.7570  Paddy land
1        CPL0             0             5  0.7620            
2        CPL0             0            10  0.7670          LB
3        CPL0             0            11  0.1657            
4        CPL0             0            12 -0.0880            
5        CPL0             0            13 -0.2080            
6        CPL0             0            14 -0.3340            
7        CPL0             0            15 -0.6350            
8        CPL0             0            16 -0.8730          CL
9        CPL0             0            17 -0.9480            
10       CPL0             0            18 -0.9830            
11       CPL0             0            19 -0.9450            
12       CPL0             0            20 -0.8350            
13       CPL0             0            21 -0.6350            
14       CPL0             0            22 -0.4730            
15       CPL0             0            23 -0.2390            
16       CPL0             0            24 -0.0080            
17       CPL0             0            25  0.2090            
18       CPL0             0            26  0.6670          RB
19       CPL0             0            30  0.6620            
20       CPL0             0            35  0.6520  Paddy land
   Section No  Chainage (m)  Distance (m)  RL (m) Remarks
8       CPL0             0            16  -0.873      CL
   Section No  Chainage (m)  Distance (m)  RL (m) Remarks
2       CPL0             0            10   0.767      LB
    Section No  Chainage (m)  Distance (m)  RL (m) Remarks
18       CPL0             0            26   0.667      RB
 sencionno=CPL0 CL distance=16 RL=-0.8730000000000002
 Finished Section no =CPL0**********************************
 



Initiated Section no =CPL1**********************************
    Section No  Chainage (m)  Distance (m)  RL (m)     Remarks
21       CPL1           100             0   0.805  Paddy land
22       CPL1           100             5   0.810            
23       CPL1           100            10   0.815          LB
24       CPL1           100            11  -0.073            
25       CPL1           100            12  -0.838            
26       CPL1           100            13  -1.611            
27       CPL1           100            14  -1.810            
28       CPL1           100            15  -2.043            
29       CPL1           100            16  -2.266            
30       CPL1           100            17  -2.480            
31       CPL1           100            18  -2.667            
32       CPL1           100            19  -2.887            
33       CPL1           100            20  -2.925          CL
34       CPL1           100            21  -2.886            
35       CPL1           100            22  -2.677            
36       CPL1           100            23  -2.465            
37       CPL1           100            24  -2.180            
38       CPL1           100            25  -1.920            
39       CPL1           100            26  -1.680            
40       CPL1           100            27  -1.420            
41       CPL1           100            28  -1.070            
42       CPL1           100            29  -0.840            
43       CPL1           100            30   0.735          RB
44       CPL1           100            35   0.740            
45       CPL1           100            40   0.744  Paddy land
    Section No  Chainage (m)  Distance (m)  RL (m) Remarks
33       CPL1           100            20  -2.925      CL
    Section No  Chainage (m)  Distance (m)  RL (m) Remarks
23       CPL1           100            10   0.815      LB
    Section No  Chainage (m)  Distance (m)  RL (m) Remarks
43       CPL1           100            30   0.735      RB
 sencionno=CPL1 CL distance=20 RL=-2.925
 Finished Section no =CPL1**********************************
 



Initiated Section no =CPL2**********************************
    Section No  Chainage (m)  Distance (m)  RL (m)     Remarks
46       CPL2           200             0   0.750  Paddy land
47       CPL2           200             5   0.740            
48       CPL2           200            10   0.734          LB
49       CPL2           200            11  -0.743            
50       CPL2           200            12  -1.280            
51       CPL2           200            13  -1.810            
52       CPL2           200            14  -2.577            
53       CPL2           200            15  -2.920            
54       CPL2           200            16  -3.180            
55       CPL2           200            17  -3.466            
56       CPL2           200            18  -3.780            
57       CPL2           200            20  -3.825          CL
58       CPL2           200            22  -3.777            
59       CPL2           200            23  -3.466            
60       CPL2           200            24  -3.180            
61       CPL2           200            25  -3.013            
62       CPL2           200            26  -2.840            
63       CPL2           200            27  -1.310            
64       CPL2           200            28  -0.840            
65       CPL2           200            29  -0.401            
66       CPL2           200            30   0.735          RB
67       CPL2           200            35   0.730            
68       CPL2           200            40   0.725  Paddy land
    Section No  Chainage (m)  Distance (m)  RL (m) Remarks
57       CPL2           200            20  -3.825      CL
    Section No  Chainage (m)  Distance (m)  RL (m) Remarks
48       CPL2           200            10   0.734      LB
    Section No  Chainage (m)  Distance (m)  RL (m) Remarks
66       CPL2           200            30   0.735      RB
 sencionno=CPL2 CL distance=20 RL=-3.825
 Finished Section no =CPL2**********************************
 



Initiated Section no =CPL3**********************************
    Section No  Chainage (m)  Distance (m)  RL (m)     Remarks
69       CPL3           300             0   0.580  Paddy land
70       CPL3           300             5   0.585            
71       CPL3           300            10   0.595          LB
72       CPL3           300            11  -0.221            
73       CPL3           300            12  -0.840            
74       CPL3           300            13  -1.343            
75       CPL3           300            14  -1.610            
76       CPL3           300            15  -1.817            
77       CPL3           300            16  -2.043            
78       CPL3           300            17  -2.183            
79       CPL3           300            18  -2.480            
80       CPL3           300            20  -2.685            
81       CPL3           300            21  -2.328          CL
82       CPL3           300            22  -2.677            
83       CPL3           300            24  -2.475            
84       CPL3           300            25  -2.210            
85       CPL3           300            26  -2.040            
86       CPL3           300            27  -1.776            
87       CPL3           300            28  -1.575            
88       CPL3           300            29  -1.313            
89       CPL3           300            30  -0.810            
90       CPL3           300            31  -0.243            
91       CPL3           300            32   0.565          RB
92       CPL3           300            35   0.570            
93       CPL3           300            40   0.575  Paddy land
    Section No  Chainage (m)  Distance (m)  RL (m) Remarks
81       CPL3           300            21  -2.328      CL
    Section No  Chainage (m)  Distance (m)  RL (m) Remarks
71       CPL3           300            10   0.595      LB
    Section No  Chainage (m)  Distance (m)  RL (m) Remarks
91       CPL3           300            32   0.565      RB
 sencionno=CPL3 CL distance=21 RL=-2.3280000000000003
 Finished Section no =CPL3**********************************
 



Initiated Section no =CPL4**********************************
     Section No  Chainage (m)  Distance (m)  RL (m)     Remarks
94        CPL4           400             0   0.665  Paddy land
95        CPL4           400             5   0.660            
96        CPL4           400            10   0.665          LB
97        CPL4           400            11  -0.220            
98        CPL4           400            12  -0.421            
99        CPL4           400            13  -0.570            
100       CPL4           400            14  -0.835            
101       CPL4           400            15  -1.043            
102       CPL4           400            16  -1.143            
103       CPL4           400            17  -1.180            
104       CPL4           400            18  -1.380            
105       CPL4           400            20  -1.415          CL
106       CPL4           400            22  -1.377            
107       CPL4           400            23  -1.175            
108       CPL4           400            24  -0.980            
109       CPL4           400            25  -0.940            
110       CPL4           400            26  -0.810            
111       CPL4           400            27  -0.617            
112       CPL4           400            28  -0.310            
113       CPL4           400            29  -0.143            
114       CPL4           400            30   0.633          RB
115       CPL4           400            35   0.630            
116       CPL4           400            40   0.625  Paddy land
     Section No  Chainage (m)  Distance (m)  RL (m) Remarks
105       CPL4           400            20  -1.415      CL
    Section No  Chainage (m)  Distance (m)  RL (m) Remarks
96       CPL4           400            10   0.665      LB
     Section No  Chainage (m)  Distance (m)  RL (m) Remarks
114       CPL4           400            30   0.633      RB
 sencionno=CPL4 CL distance=20 RL=-1.415
 Finished Section no =CPL4**********************************
 



Initiated Section no =CPL5**********************************
     Section No  Chainage (m)  Distance (m)  RL (m)     Remarks
117       CPL5           550             0   0.426  Paddy land
118       CPL5           550             5   0.421            
119       CPL5           550            10   0.416          LB
120       CPL5           550            11   0.021            
121       CPL5           550            12  -0.276            
122       CPL5           550            13  -0.446            
123       CPL5           550            14  -0.712            
124       CPL5           550            15  -0.809            
125       CPL5           550            16  -0.852            
126       CPL5           550            18  -1.009            
127       CPL5           550            20  -1.086            
128       CPL5           550            22  -1.284          CL
129       CPL5           550            24  -1.246            
130       CPL5           550            26  -1.086            
131       CPL5           550            28  -0.909            
132       CPL5           550            29  -0.639            
133       CPL5           550            30  -0.446            
134       CPL5           550            31  -0.274            
135       CPL5           550            32  -0.035            
136       CPL5           550            33   0.288            
137       CPL5           550            34   0.491          RB
138       CPL5           550            40   0.496            
139       CPL5           550            45   0.501  Paddy land
     Section No  Chainage (m)  Distance (m)  RL (m) Remarks
128       CPL5           550            22  -1.284      CL
     Section No  Chainage (m)  Distance (m)  RL (m) Remarks
119       CPL5           550            10   0.416      LB
     Section No  Chainage (m)  Distance (m)  RL (m) Remarks
137       CPL5           550            34   0.491      RB
 sencionno=CPL5 CL distance=22 RL=-1.2840000000000003
 Finished Section no =CPL5**********************************
 



Initiated Section no =CPL6**********************************
     Section No  Chainage (m)  Distance (m)  RL (m)     Remarks
140       CPL6           700             0   0.501  Paddy land
141       CPL6           700             5   0.496            
142       CPL6           700            10   0.491          LB
143       CPL6           700            11   0.365            
144       CPL6           700            12   0.156            
145       CPL6           700            13  -0.035            
146       CPL6           700            14  -0.279            
147       CPL6           700            15  -0.435            
148       CPL6           700            16  -0.709            
149       CPL6           700            17  -0.812            
150       CPL6           700            18  -0.839            
151       CPL6           700            19  -1.004            
152       CPL6           700            20  -1.144            
153       CPL6           700            22  -1.184          CL
154       CPL6           700            24  -1.146            
155       CPL6           700            25  -1.005            
156       CPL6           700            26  -0.846            
157       CPL6           700            27  -0.712            
158       CPL6           700            28  -0.481            
159       CPL6           700            29  -0.344            
160       CPL6           700            30   0.711            
161       CPL6           700            31   1.010            
162       CPL6           700            32   1.410          RB
163       CPL6           700            35   1.416            
164       CPL6           700            40   1.421  Paddy land
     Section No  Chainage (m)  Distance (m)  RL (m) Remarks
153       CPL6           700            22  -1.184      CL
     Section No  Chainage (m)  Distance (m)  RL (m) Remarks
142       CPL6           700            10   0.491      LB
     Section No  Chainage (m)  Distance (m)  RL (m) Remarks
162       CPL6           700            32    1.41      RB
 sencionno=CPL6 CL distance=22 RL=-1.1839999999999997
 Finished Section no =CPL6**********************************
 



Initiated Section no =CPL7**********************************
     Section No  Chainage (m)  Distance (m)  RL (m)     Remarks
165       CPL7           850             0   0.406  Paddy land
166       CPL7           850             5   0.411            
167       CPL7           850            10   0.416          LB
168       CPL7           850            11   0.291            
169       CPL7           850            12   0.126            
170       CPL7           850            14  -0.052            
171       CPL7           850            16  -0.239            
172       CPL7           850            18  -0.479            
173       CPL7           850            20  -0.636            
174       CPL7           850            22  -0.809            
175       CPL7           850            24  -0.966            
176       CPL7           850            25  -1.004          CL
177       CPL7           850            26  -0.965            
178       CPL7           850            28  -0.814            
179       CPL7           850            30  -0.635            
180       CPL7           850            32  -0.436            
181       CPL7           850            34  -0.276            
182       CPL7           850            36   0.258            
183       CPL7           850            38   0.521            
184       CPL7           850            39   1.111            
185       CPL7           850            40   2.316          RB
186       CPL7           850            43   2.311   Pond bank
     Section No  Chainage (m)  Distance (m)  RL (m) Remarks
176       CPL7           850            25  -1.004      CL
     Section No  Chainage (m)  Distance (m)  RL (m) Remarks
167       CPL7           850            10   0.416      LB
     Section No  Chainage (m)  Distance (m)  RL (m) Remarks
185       CPL7           850            40   2.316      RB
 sencionno=CPL7 CL distance=25 RL=-1.0040000000000004
 Finished Section no =CPL7**********************************
 



Initiated Section no =CPL8**********************************
     Section No  Chainage (m)  Distance (m)  RL (m)     Remarks
187       CPL8          1000             0   0.381  Paddy land
188       CPL8          1000             5   0.386            
189       CPL8          1000            10   0.391          LB
190       CPL8          1000            11   0.083            
191       CPL8          1000            12  -0.104            
192       CPL8          1000            14  -0.365            
193       CPL8          1000            16  -0.537            
194       CPL8          1000            18  -0.601            
195       CPL8          1000            20  -0.773            
196       CPL8          1000            21  -0.809          CL
197       CPL8          1000            22  -0.771            
198       CPL8          1000            24  -0.593            
199       CPL8          1000            26  -0.534            
200       CPL8          1000            28  -0.437            
201       CPL8          1000            30  -0.374            
202       CPL8          1000            31  -0.214            
203       CPL8          1000            32   0.040            
204       CPL8          1000            33   0.441          RB
205       CPL8          1000            40   0.436            
206       CPL8          1000            45   0.431  Paddy land
     Section No  Chainage (m)  Distance (m)  RL (m) Remarks
196       CPL8          1000            21  -0.809      CL
     Section No  Chainage (m)  Distance (m)  RL (m) Remarks
189       CPL8          1000            10   0.391      LB
     Section No  Chainage (m)  Distance (m)  RL (m) Remarks
204       CPL8          1000            33   0.441      RB
 sencionno=CPL8 CL distance=21 RL=-0.8090000000000006
 Finished Section no =CPL8**********************************
 



Initiated Section no =CPL9**********************************
     Section No  Chainage (m)  Distance (m)  RL (m)     Remarks
207       CPL9          1150             0   0.376  Paddy land
208       CPL9          1150             5   0.381            
209       CPL9          1150            10   0.386          LB
210       CPL9          1150            11  -0.004            
211       CPL9          1150            12  -0.254            
212       CPL9          1150            13  -0.429            
213       CPL9          1150            14  -0.459            
214       CPL9          1150            15  -0.629            
215       CPL9          1150            16  -0.709            
216       CPL9          1150            18  -0.759            
217       CPL9          1150            20  -0.789          CL
218       CPL9          1150            22  -0.750            
219       CPL9          1150            24  -0.717            
220       CPL9          1150            25  -0.550            
221       CPL9          1150            26  -0.471            
222       CPL9          1150            27  -0.364            
223       CPL9          1150            28  -0.204            
224       CPL9          1150            29   0.085            
225       CPL9          1150            30   0.371          RB
226       CPL9          1150            35   0.366            
227       CPL9          1150            40   0.371  Paddy land
     Section No  Chainage (m)  Distance (m)  RL (m) Remarks
217       CPL9          1150            20  -0.789      CL
     Section No  Chainage (m)  Distance (m)  RL (m) Remarks
209       CPL9          1150            10   0.386      LB
     Section No  Chainage (m)  Distance (m)  RL (m) Remarks
225       CPL9          1150            30   0.371      RB
 sencionno=CPL9 CL distance=20 RL=-0.7890000000000006
 Finished Section no =CPL9**********************************
 



Initiated Section no =CPL10**********************************
     Section No  Chainage (m)  Distance (m)  RL (m)     Remarks
228      CPL10          1300             0   0.386  Paddy land
229      CPL10          1300             5   0.391            
230      CPL10          1300            10   0.396          LB
231      CPL10          1300            11  -0.037            
232      CPL10          1300            12  -0.160            
233      CPL10          1300            13  -0.434            
234      CPL10          1300            14  -0.514            
235      CPL10          1300            15  -0.574            
236      CPL10          1300            16  -0.729            
237      CPL10          1300            18  -0.759            
238      CPL10          1300            20  -0.907          CL
239      CPL10          1300            22  -0.897            
240      CPL10          1300            24  -0.760            
241      CPL10          1300            25  -0.560            
242      CPL10          1300            26  -0.504            
243      CPL10          1300            27  -0.260            
244      CPL10          1300            28  -0.134            
245      CPL10          1300            29   0.086            
246      CPL10          1300            30   0.463          RB
247      CPL10          1300            35   0.456            
248      CPL10          1300            40   0.453  Paddy land
     Section No  Chainage (m)  Distance (m)  RL (m) Remarks
238      CPL10          1300            20  -0.907      CL
     Section No  Chainage (m)  Distance (m)  RL (m) Remarks
230      CPL10          1300            10   0.396      LB
     Section No  Chainage (m)  Distance (m)  RL (m) Remarks
246      CPL10          1300            30   0.463      RB
 sencionno=CPL10 CL distance=20 RL=-0.9070000000000009
 Finished Section no =CPL10**********************************
 



Initiated Section no =CPL11**********************************
     Section No  Chainage (m)  Distance (m)  RL (m)     Remarks
249      CPL11          1450             0   0.381  Paddy land
250      CPL11          1450             5   0.386            
251      CPL11          1450            10   0.391          LB
252      CPL11          1450            11   0.063            
253      CPL11          1450            12  -0.060            
254      CPL11          1450            13  -0.329            
255      CPL11          1450            14  -0.429            
256      CPL11          1450            15  -0.450            
257      CPL11          1450            16  -0.529            
258      CPL11          1450            17  -0.549            
259      CPL11          1450            18  -0.629            
260      CPL11          1450            19  -0.669            
261      CPL11          1450            20  -0.709          CL
262      CPL11          1450            21  -0.671            
263      CPL11          1450            22  -0.599            
264      CPL11          1450            23  -0.529            
265      CPL11          1450            24  -0.430            
266      CPL11          1450            25  -0.361            
267      CPL11          1450            26  -0.337            
268      CPL11          1450            27  -0.160          RB
269      CPL11          1450            28  -0.114            
270      CPL11          1450            29   0.083            
271      CPL11          1450            30   0.371            
272      CPL11          1450            35   0.376            
273      CPL11          1450            40   0.381  Paddy land
     Section No  Chainage (m)  Distance (m)  RL (m) Remarks
261      CPL11          1450            20  -0.709      CL
     Section No  Chainage (m)  Distance (m)  RL (m) Remarks
251      CPL11          1450            10   0.391      LB
     Section No  Chainage (m)  Distance (m)  RL (m) Remarks
268      CPL11          1450            27   -0.16      RB
 sencionno=CPL11 CL distance=20 RL=-0.709000000000001
 Finished Section no =CPL11**********************************
 



Initiated Section no =CPL12**********************************
     Section No  Chainage (m)  Distance (m)  RL (m)     Remarks
274      CPL12          1600             0   0.528  Paddy land
275      CPL12          1600             5   0.533            
276      CPL12          1600            10   0.538          LB
277      CPL12          1600            11   0.117            
278      CPL12          1600            12  -0.029            
279      CPL12          1600            13  -0.372            
280      CPL12          1600            14  -0.482            
281      CPL12          1600            15  -0.528            
282      CPL12          1600            16  -0.697            
283      CPL12          1600            18  -0.742            
284      CPL12          1600            20  -0.777          CL
285      CPL12          1600            22  -0.739            
286      CPL12          1600            24  -0.602            
287      CPL12          1600            25  -0.528            
288      CPL12          1600            26  -0.467            
289      CPL12          1600            27  -0.342            
290      CPL12          1600            28  -0.082            
291      CPL12          1600            29   0.215            
292      CPL12          1600            30   0.523          RB
293      CPL12          1600            35   0.518            
294      CPL12          1600            40   0.513  Paddy land
     Section No  Chainage (m)  Distance (m)  RL (m) Remarks
284      CPL12          1600            20  -0.777      CL
     Section No  Chainage (m)  Distance (m)  RL (m) Remarks
276      CPL12          1600            10   0.538      LB
     Section No  Chainage (m)  Distance (m)  RL (m) Remarks
292      CPL12          1600            30   0.523      RB
 sencionno=CPL12 CL distance=20 RL=-0.7770000000000012
 Finished Section no =CPL12**********************************
 



Initiated Section no =CPL13**********************************
     Section No  Chainage (m)  Distance (m)  RL (m)     Remarks
295      CPL13          1750             0  0.5130  Paddy land
296      CPL13          1750             5  0.5180            
297      CPL13          1750            10  0.5230          LB
298      CPL13          1750            11  0.2150            
299      CPL13          1750            12  0.0610            
300      CPL13          1750            13 -0.2050            
301      CPL13          1750            14 -0.3670            
302      CPL13          1750            15 -0.4281            
303      CPL13          1750            16 -0.6770            
304      CPL13          1750            18 -0.8190            
305      CPL13          1750            20 -0.8670          CL
306      CPL13          1750            22 -0.8281            
307      CPL13          1750            24 -0.6280            
308      CPL13          1750            25 -0.4770            
309      CPL13          1750            26 -0.3850            
310      CPL13          1750            27 -0.1690            
311      CPL13          1750            28  0.0720            
312      CPL13          1750            29  0.2180            
313      CPL13          1750            30  0.5030          RB
314      CPL13          1750            35  0.4980            
315      CPL13          1750            40  0.4930  Paddy land
     Section No  Chainage (m)  Distance (m)  RL (m) Remarks
305      CPL13          1750            20  -0.867      CL
     Section No  Chainage (m)  Distance (m)  RL (m) Remarks
297      CPL13          1750            10   0.523      LB
     Section No  Chainage (m)  Distance (m)  RL (m) Remarks
313      CPL13          1750            30   0.503      RB
 sencionno=CPL13 CL distance=20 RL=-0.8670000000000009
 Finished Section no =CPL13**********************************
 



Initiated Section no =CPL14**********************************
     Section No  Chainage (m)  Distance (m)  RL (m)     Remarks
316      CPL14          1850             0  0.4730  Paddy land
317      CPL14          1850             5  0.4680            
318      CPL14          1850            10  0.4630          LB
319      CPL14          1850            11  0.0280            
320      CPL14          1850            12 -0.1830            
321      CPL14          1850            13 -0.3820            
322      CPL14          1850            14 -0.4370            
323      CPL14          1850            15 -0.6280            
324      CPL14          1850            16 -0.7281            
325      CPL14          1850            18 -0.8790            
326      CPL14          1850            20 -0.9170          CL
327      CPL14          1850            22 -0.8770            
328      CPL14          1850            24 -0.7320            
329      CPL14          1850            25 -0.6770            
330      CPL14          1850            26 -0.5290            
331      CPL14          1850            27 -0.4050            
332      CPL14          1850            28 -0.1720            
333      CPL14          1850            29  0.0942            
334      CPL14          1850            30  0.4830          RB
335      CPL14          1850            35  0.4730            
336      CPL14          1850            40  0.4680  Paddy land
     Section No  Chainage (m)  Distance (m)  RL (m) Remarks
326      CPL14          1850            20  -0.917      CL
     Section No  Chainage (m)  Distance (m)  RL (m) Remarks
318      CPL14          1850            10   0.463      LB
     Section No  Chainage (m)  Distance (m)  RL (m) Remarks
334      CPL14          1850            30   0.483      RB
 sencionno=CPL14 CL distance=20 RL=-0.9170000000000007
 Finished Section no =CPL14**********************************
