 Sucessfully Setup Logger for this programme.............
 Printing Data Matrix Direction.................

               Data Name      Value  \
0          Package Name  TP_KEX_19   
1           Data Matrix          V   
2  Long_Slope_Direction          1   

                                         Explanation  
0                               package_name_of_khal  
1                            Data written vertically  
2  1:zero chaiange at outfall 0:zero chainage at ...  
 

###############################################


    XsectionNo  chainage   r1   r2 c1 c2       KhalName  GL  Ivert Level  \
0        NWK0         0    3   15  B  D  Nawdanga khal   1           -1   
1        NWK1       100   18   30  B  D  Nawdanga khal   1           -1   
2        NWK2       200   33   45  B  D  Nawdanga khal   1           -1   
3        NWK3       300   48   60  B  D  Nawdanga khal   1           -1   
4        NWK4       400   64   76  B  D  Nawdanga khal   1           -1   
5        NWK5       500   79   95  B  D  Nawdanga khal   1           -1   
6        NWK6       600   98  110  B  D  Nawdanga khal   1           -1   
7        NWK7       700  113  126  B  D  Nawdanga khal   1           -1   
8        NWK8       800  131  143  B  D  Nawdanga khal   1           -1   
9        NWK9       900  147  159  B  D  Nawdanga khal   1           -1   
10      NWK10      1002  163  177  B  D  Nawdanga khal   1           -1   

    Retention  Required_Area  Direction  
0         0.6             30          1  
1         0.6             30          1  
2         0.6             30          1  
3         0.6             30          1  
4         0.6             30          1  
5         0.6             30          1  
6         0.6             30          1  
7         0.6             30          1  
8         0.6             30          1  
9         0.6             30          1  
10        0.6             30          1  
 --------Intiated Data Transfer for section no=NWK0--------




 chainage=0 sec=NWK0 row1=3 row2=15 col1=B col2=D 1
 





 {'dist': [0, 5, 10, 11, 13, 15, 16, 17, 19, 21, 22, 25, 30], 'rl': [1.909, 1.919, 1.939, 0.488, 0.239, 0.079, 0.019, 0.074, 0.232, 0.449, 1.929, 1.919, 1.904], 'remarks': ['House area', '', 'LB', '', '', '', 'CL', '', '', '', 'RB', '', 'Earthen road'], 'chainage': [0, 0, 0, 0, 0, 0, 0, 0, 0, 0, 0, 0, 0], 'sectionNo': ['NWK0', 'NWK0', 'NWK0', 'NWK0', 'NWK0', 'NWK0', 'NWK0', 'NWK0', 'NWK0', 'NWK0', 'NWK0', 'NWK0', 'NWK0']}
 





 --------Finished Data Transfer for section no=NWK0--------




 --------Intiated Data Transfer for section no=NWK1--------




 chainage=100 sec=NWK1 row1=18 row2=30 col1=B col2=D 1
 





 {'dist': [0, 5, 10, 10.5, 11, 11.5, 12, 12.5, 13, 13.5, 14, 20, 25], 'rl': [0.685, 0.69, 0.695, 0.085, 0.019, -0.026, -0.055, -0.027, 0.015, 0.09, 0.695, 0.7, 0.705], 'remarks': ['Paddy land', '', 'LB', '', '', '', 'CL', '', '', '', 'RB', '', 'Paddy land'], 'chainage': [100, 100, 100, 100, 100, 100, 100, 100, 100, 100, 100, 100, 100], 'sectionNo': ['NWK1', 'NWK1', 'NWK1', 'NWK1', 'NWK1', 'NWK1', 'NWK1', 'NWK1', 'NWK1', 'NWK1', 'NWK1', 'NWK1', 'NWK1']}
 





 --------Finished Data Transfer for section no=NWK1--------




 --------Intiated Data Transfer for section no=NWK2--------




 chainage=200 sec=NWK2 row1=33 row2=45 col1=B col2=D 1
 





 {'dist': [0, 5, 10, 10.5, 11, 11.5, 12, 12.5, 13, 13.5, 14, 20, 25], 'rl': [0.355, 0.36, 0.365, 0.199, 0.085, 0.024, 0.005, 0.02, 0.079, 0.205, 0.38, 0.385, 0.39], 'remarks': ['Paddy land', '', 'LB', '', '', '', 'CL', '', '', '', 'RB', '', 'Paddy land'], 'chainage': [200, 200, 200, 200, 200, 200, 200, 200, 200, 200, 200, 200, 200], 'sectionNo': ['NWK2', 'NWK2', 'NWK2', 'NWK2', 'NWK2', 'NWK2', 'NWK2', 'NWK2', 'NWK2', 'NWK2', 'NWK2', 'NWK2', 'NWK2']}
 





 --------Finished Data Transfer for section no=NWK2--------




 --------Intiated Data Transfer for section no=NWK3--------




 chainage=300 sec=NWK3 row1=48 row2=60 col1=B col2=D 1
 





 {'dist': [0, 5, 10, 10.5, 11, 11.5, 12, 12.5, 13, 13.5, 14, 20, 25], 'rl': [0.45, 0.455, 0.459, 0.31, 0.22, 0.145, 0.11, 0.146, 0.225, 0.325, 0.505, 0.51, 0.52], 'remarks': ['Paddy land', '', 'LB', '', '', '', 'CL', '', '', '', 'RB', '', 'Paddy land'], 'chainage': [300, 300, 300, 300, 300, 300, 300, 300, 300, 300, 300, 300, 300], 'sectionNo': ['NWK3', 'NWK3', 'NWK3', 'NWK3', 'NWK3', 'NWK3', 'NWK3', 'NWK3', 'NWK3', 'NWK3', 'NWK3', 'NWK3', 'NWK3']}
 





 --------Finished Data Transfer for section no=NWK3--------




 --------Intiated Data Transfer for section no=NWK4--------




 chainage=400 sec=NWK4 row1=64 row2=76 col1=B col2=D 1
 





 {'dist': [0, 5, 10, 10.5, 11, 11.5, 12, 12.5, 13, 13.5, 14, 20, 25], 'rl': [0.513, 0.508, 0.503, 0.288, 0.197, 0.067, 0.008, 0.058, 0.197, 0.258, 0.363, 0.358, -0.942], 'remarks': ['Paddy land', '', 'LB', '', '', '', 'CL', '', '', '', 'RB', '', 'Paddy land'], 'chainage': [400, 400, 400, 400, 400, 400, 400, 400, 400, 400, 400, 400, 400], 'sectionNo': ['NWK4', 'NWK4', 'NWK4', 'NWK4', 'NWK4', 'NWK4', 'NWK4', 'NWK4', 'NWK4', 'NWK4', 'NWK4', 'NWK4', 'NWK4']}
 





 --------Finished Data Transfer for section no=NWK4--------




 --------Intiated Data Transfer for section no=NWK5--------




 chainage=500 sec=NWK5 row1=79 row2=95 col1=B col2=D 1
 





 {'dist': [0, 2, 3, 5, 6, 7, 7.5, 8, 8.5, 9, 9.5, 10, 11, 12, 15, 17, 19], 'rl': [-0.668, -0.607, -0.307, -0.073, 0.678, 0.683, -0.042, -0.072, -0.097, -0.075, -0.022, 0.678, 0.673, -0.207, -0.347, -0.607, -0.852], 'remarks': ['Ditch', '', '', '', '', 'LB', '', '', 'CL', '', '', 'RB', '', '', '', '', 'Ditch'], 'chainage': [500, 500, 500, 500, 500, 500, 500, 500, 500, 500, 500, 500, 500, 500, 500, 500, 500], 'sectionNo': ['NWK5', 'NWK5', 'NWK5', 'NWK5', 'NWK5', 'NWK5', 'NWK5', 'NWK5', 'NWK5', 'NWK5', 'NWK5', 'NWK5', 'NWK5', 'NWK5', 'NWK5', 'NWK5', 'NWK5']}
 





 --------Finished Data Transfer for section no=NWK5--------




 --------Intiated Data Transfer for section no=NWK6--------




 chainage=600 sec=NWK6 row1=98 row2=110 col1=B col2=D 1
 





 {'dist': [0, 5, 10, 10.5, 11, 11.5, 12, 12.5, 13, 13.5, 14, 20, 25], 'rl': [0.283, 0.288, 0.292, 0.212, 0.123, 0.082, 0.053, 0.081, 0.122, 0.205, 0.323, 0.328, 0.333], 'remarks': ['Home', '', 'LB', '', '', '', 'CL', '', '', '', 'RB', '', 'Paddy land'], 'chainage': [600, 600, 600, 600, 600, 600, 600, 600, 600, 600, 600, 600, 600], 'sectionNo': ['NWK6', 'NWK6', 'NWK6', 'NWK6', 'NWK6', 'NWK6', 'NWK6', 'NWK6', 'NWK6', 'NWK6', 'NWK6', 'NWK6', 'NWK6']}
 





 --------Finished Data Transfer for section no=NWK6--------




 --------Intiated Data Transfer for section no=NWK7--------




 chainage=700 sec=NWK7 row1=113 row2=126 col1=B col2=D 1
 





 {'dist': [0, 5, 10, 11, 12, 13, 14, 15, 16, 17, 18, 20, 22, 24], 'rl': [-2.948, -2.888, -2.913, -3.035, -3.054, -3.105, -3.133, -3.104, -3.055, -3.034, -2.913, -2.883, -2.964, -3.079], 'remarks': ['Ditch', '', 'LB', '', '', '', 'CL', '', '', '', 'RB', '', '', 'Ditch'], 'chainage': [700, 700, 700, 700, 700, 700, 700, 700, 700, 700, 700, 700, 700, 700], 'sectionNo': ['NWK7', 'NWK7', 'NWK7', 'NWK7', 'NWK7', 'NWK7', 'NWK7', 'NWK7', 'NWK7', 'NWK7', 'NWK7', 'NWK7', 'NWK7', 'NWK7']}
 





 --------Finished Data Transfer for section no=NWK7--------




 --------Intiated Data Transfer for section no=NWK8--------




 chainage=800 sec=NWK8 row1=131 row2=143 col1=B col2=D 1
 





 {'dist': [0, 5, 10, 10.5, 11, 11.5, 12, 12.5, 13, 13.5, 14, 20, 25], 'rl': [0.166, 0.161, 0.156, -0.116, -0.189, -0.249, -0.184, -0.252, -0.186, -0.119, 0.176, 0.121, 0.186], 'remarks': ['Paddy land', '', 'LB', '', '', '', 'CL', '', '', '', 'RB', '', 'Paddy land'], 'chainage': [800, 800, 800, 800, 800, 800, 800, 800, 800, 800, 800, 800, 800], 'sectionNo': ['NWK8', 'NWK8', 'NWK8', 'NWK8', 'NWK8', 'NWK8', 'NWK8', 'NWK8', 'NWK8', 'NWK8', 'NWK8', 'NWK8', 'NWK8']}
 





 --------Finished Data Transfer for section no=NWK8--------




 --------Intiated Data Transfer for section no=NWK9--------




 chainage=900 sec=NWK9 row1=147 row2=159 col1=B col2=D 1
 





 {'dist': [0, 5, 10, 10.5, 11, 11.5, 12, 12.5, 13.5, 14, 20, 25, 25], 'rl': [0.156, 0.161, 0.166, 0.109, -0.049, -0.104, -0.135, -0.106, -0.044, -0.095, 0.181, 0.186, 0.191], 'remarks': ['Paddy land', '', 'LB', '', '', '', 'CL', '', '', '', 'RB', '', 'Paddy land'], 'chainage': [900, 900, 900, 900, 900, 900, 900, 900, 900, 900, 900, 900, 900], 'sectionNo': ['NWK9', 'NWK9', 'NWK9', 'NWK9', 'NWK9', 'NWK9', 'NWK9', 'NWK9', 'NWK9', 'NWK9', 'NWK9', 'NWK9', 'NWK9']}
 





 --------Finished Data Transfer for section no=NWK9--------




 --------Intiated Data Transfer for section no=NWK10--------




 chainage=1002 sec=NWK10 row1=163 row2=177 col1=B col2=D 1
 





 {'dist': [0, 5, 8.5, 9, 10, 10.5, 11, 11.5, 12, 12.5, 13, 13.5, 14, 20, 25], 'rl': [-0.072, -0.067, -0.062, 0.72, 0.728, 0.096, 0.056, 0.032, 0.028, 0.03, 0.057, 0.093, 0.218, 0.223, 0.228], 'remarks': ['Low land', '', '', '', 'LB', '', '', '', 'CL', '', '', '', 'RB', '', 'Paddy land'], 'chainage': [1002, 1002, 1002, 1002, 1002, 1002, 1002, 1002, 1002, 1002, 1002, 1002, 1002, 1002, 1002], 'sectionNo': ['NWK10', 'NWK10', 'NWK10', 'NWK10', 'NWK10', 'NWK10', 'NWK10', 'NWK10', 'NWK10', 'NWK10', 'NWK10', 'NWK10', 'NWK10', 'NWK10', 'NWK10']}
 





 --------Finished Data Transfer for section no=NWK10--------




 


Detailed Debugging of Calcualtion of CL




 



Initiated Section no =NWK0**********************************
    Section No  Chainage (m)  Distance (m)  RL (m)       Remarks
0        NWK0             0           0.0   1.909    House area
1        NWK0             0           5.0   1.919              
2        NWK0             0          10.0   1.939            LB
3        NWK0             0          11.0   0.488              
4        NWK0             0          13.0   0.239              
5        NWK0             0          15.0   0.079              
6        NWK0             0          16.0   0.019            CL
7        NWK0             0          17.0   0.074              
8        NWK0             0          19.0   0.232              
9        NWK0             0          21.0   0.449              
10       NWK0             0          22.0   1.929            RB
11       NWK0             0          25.0   1.919              
12       NWK0             0          30.0   1.904  Earthen road
   Section No  Chainage (m)  Distance (m)  RL (m) Remarks
6       NWK0             0          16.0   0.019      CL
   Section No  Chainage (m)  Distance (m)  RL (m) Remarks
2       NWK0             0          10.0   1.939      LB
    Section No  Chainage (m)  Distance (m)  RL (m) Remarks
10       NWK0             0          22.0   1.929      RB
 sencionno=NWK0 CL distance=16.0 RL=0.019
 Finished Section no =NWK0**********************************
 



Initiated Section no =NWK1**********************************
    Section No  Chainage (m)  Distance (m)  RL (m)     Remarks
13       NWK1           100           0.0   0.685  Paddy land
14       NWK1           100           5.0   0.690            
15       NWK1           100          10.0   0.695          LB
16       NWK1           100          10.5   0.085            
17       NWK1           100          11.0   0.019            
18       NWK1           100          11.5  -0.026            
19       NWK1           100          12.0  -0.055          CL
20       NWK1           100          12.5  -0.027            
21       NWK1           100          13.0   0.015            
22       NWK1           100          13.5   0.090            
23       NWK1           100          14.0   0.695          RB
24       NWK1           100          20.0   0.700            
25       NWK1           100          25.0   0.705  Paddy land
    Section No  Chainage (m)  Distance (m)  RL (m) Remarks
19       NWK1           100          12.0  -0.055      CL
    Section No  Chainage (m)  Distance (m)  RL (m) Remarks
15       NWK1           100          10.0   0.695      LB
    Section No  Chainage (m)  Distance (m)  RL (m) Remarks
23       NWK1           100          14.0   0.695      RB
 sencionno=NWK1 CL distance=12.0 RL=-0.055
 Finished Section no =NWK1**********************************
 



Initiated Section no =NWK2**********************************
    Section No  Chainage (m)  Distance (m)  RL (m)     Remarks
26       NWK2           200           0.0   0.355  Paddy land
27       NWK2           200           5.0   0.360            
28       NWK2           200          10.0   0.365          LB
29       NWK2           200          10.5   0.199            
30       NWK2           200          11.0   0.085            
31       NWK2           200          11.5   0.024            
32       NWK2           200          12.0   0.005          CL
33       NWK2           200          12.5   0.020            
34       NWK2           200          13.0   0.079            
35       NWK2           200          13.5   0.205            
36       NWK2           200          14.0   0.380          RB
37       NWK2           200          20.0   0.385            
38       NWK2           200          25.0   0.390  Paddy land
    Section No  Chainage (m)  Distance (m)  RL (m) Remarks
32       NWK2           200          12.0   0.005      CL
    Section No  Chainage (m)  Distance (m)  RL (m) Remarks
28       NWK2           200          10.0   0.365      LB
    Section No  Chainage (m)  Distance (m)  RL (m) Remarks
36       NWK2           200          14.0    0.38      RB
 sencionno=NWK2 CL distance=12.0 RL=0.005
 Finished Section no =NWK2**********************************
 



Initiated Section no =NWK3**********************************
    Section No  Chainage (m)  Distance (m)  RL (m)     Remarks
39       NWK3           300           0.0   0.450  Paddy land
40       NWK3           300           5.0   0.455            
41       NWK3           300          10.0   0.459          LB
42       NWK3           300          10.5   0.310            
43       NWK3           300          11.0   0.220            
44       NWK3           300          11.5   0.145            
45       NWK3           300          12.0   0.110          CL
46       NWK3           300          12.5   0.146            
47       NWK3           300          13.0   0.225            
48       NWK3           300          13.5   0.325            
49       NWK3           300          14.0   0.505          RB
50       NWK3           300          20.0   0.510            
51       NWK3           300          25.0   0.520  Paddy land
    Section No  Chainage (m)  Distance (m)  RL (m) Remarks
45       NWK3           300          12.0    0.11      CL
    Section No  Chainage (m)  Distance (m)  RL (m) Remarks
41       NWK3           300          10.0   0.459      LB
    Section No  Chainage (m)  Distance (m)  RL (m) Remarks
49       NWK3           300          14.0   0.505      RB
 sencionno=NWK3 CL distance=12.0 RL=0.11
 Finished Section no =NWK3**********************************
 



Initiated Section no =NWK4**********************************
    Section No  Chainage (m)  Distance (m)  RL (m)     Remarks
52       NWK4           400           0.0   0.513  Paddy land
53       NWK4           400           5.0   0.508            
54       NWK4           400          10.0   0.503          LB
55       NWK4           400          10.5   0.288            
56       NWK4           400          11.0   0.197            
57       NWK4           400          11.5   0.067            
58       NWK4           400          12.0   0.008          CL
59       NWK4           400          12.5   0.058            
60       NWK4           400          13.0   0.197            
61       NWK4           400          13.5   0.258            
62       NWK4           400          14.0   0.363          RB
63       NWK4           400          20.0   0.358            
64       NWK4           400          25.0  -0.942  Paddy land
    Section No  Chainage (m)  Distance (m)  RL (m) Remarks
58       NWK4           400          12.0   0.008      CL
    Section No  Chainage (m)  Distance (m)  RL (m) Remarks
54       NWK4           400          10.0   0.503      LB
    Section No  Chainage (m)  Distance (m)  RL (m) Remarks
62       NWK4           400          14.0   0.363      RB
 sencionno=NWK4 CL distance=12.0 RL=0.008
 Finished Section no =NWK4**********************************
 



Initiated Section no =NWK5**********************************
    Section No  Chainage (m)  Distance (m)  RL (m) Remarks
65       NWK5           500           0.0  -0.668   Ditch
66       NWK5           500           2.0  -0.607        
67       NWK5           500           3.0  -0.307        
68       NWK5           500           5.0  -0.073        
69       NWK5           500           6.0   0.678        
70       NWK5           500           7.0   0.683      LB
71       NWK5           500           7.5  -0.042        
72       NWK5           500           8.0  -0.072        
73       NWK5           500           8.5  -0.097      CL
74       NWK5           500           9.0  -0.075        
75       NWK5           500           9.5  -0.022        
76       NWK5           500          10.0   0.678      RB
77       NWK5           500          11.0   0.673        
78       NWK5           500          12.0  -0.207        
79       NWK5           500          15.0  -0.347        
80       NWK5           500          17.0  -0.607        
81       NWK5           500          19.0  -0.852   Ditch
    Section No  Chainage (m)  Distance (m)  RL (m) Remarks
73       NWK5           500           8.5  -0.097      CL
    Section No  Chainage (m)  Distance (m)  RL (m) Remarks
70       NWK5           500           7.0   0.683      LB
    Section No  Chainage (m)  Distance (m)  RL (m) Remarks
76       NWK5           500          10.0   0.678      RB
 sencionno=NWK5 CL distance=8.5 RL=-0.097
 Finished Section no =NWK5**********************************
 



Initiated Section no =NWK6**********************************
    Section No  Chainage (m)  Distance (m)  RL (m)     Remarks
82       NWK6           600           0.0   0.283        Home
83       NWK6           600           5.0   0.288            
84       NWK6           600          10.0   0.292          LB
85       NWK6           600          10.5   0.212            
86       NWK6           600          11.0   0.123            
87       NWK6           600          11.5   0.082            
88       NWK6           600          12.0   0.053          CL
89       NWK6           600          12.5   0.081            
90       NWK6           600          13.0   0.122            
91       NWK6           600          13.5   0.205            
92       NWK6           600          14.0   0.323          RB
93       NWK6           600          20.0   0.328            
94       NWK6           600          25.0   0.333  Paddy land
    Section No  Chainage (m)  Distance (m)  RL (m) Remarks
88       NWK6           600          12.0   0.053      CL
    Section No  Chainage (m)  Distance (m)  RL (m) Remarks
84       NWK6           600          10.0   0.292      LB
    Section No  Chainage (m)  Distance (m)  RL (m) Remarks
92       NWK6           600          14.0   0.323      RB
 sencionno=NWK6 CL distance=12.0 RL=0.053
 Finished Section no =NWK6**********************************
 



Initiated Section no =NWK7**********************************
     Section No  Chainage (m)  Distance (m)  RL (m) Remarks
95        NWK7           700           0.0  -2.948   Ditch
96        NWK7           700           5.0  -2.888        
97        NWK7           700          10.0  -2.913      LB
98        NWK7           700          11.0  -3.035        
99        NWK7           700          12.0  -3.054        
100       NWK7           700          13.0  -3.105        
101       NWK7           700          14.0  -3.133      CL
102       NWK7           700          15.0  -3.104        
103       NWK7           700          16.0  -3.055        
104       NWK7           700          17.0  -3.034        
105       NWK7           700          18.0  -2.913      RB
106       NWK7           700          20.0  -2.883        
107       NWK7           700          22.0  -2.964        
108       NWK7           700          24.0  -3.079   Ditch
     Section No  Chainage (m)  Distance (m)  RL (m) Remarks
101       NWK7           700          14.0  -3.133      CL
    Section No  Chainage (m)  Distance (m)  RL (m) Remarks
97       NWK7           700          10.0  -2.913      LB
     Section No  Chainage (m)  Distance (m)  RL (m) Remarks
105       NWK7           700          18.0  -2.913      RB
 sencionno=NWK7 CL distance=14.0 RL=-3.133
 Finished Section no =NWK7**********************************
 



Initiated Section no =NWK8**********************************
     Section No  Chainage (m)  Distance (m)  RL (m)     Remarks
109       NWK8           800           0.0   0.166  Paddy land
110       NWK8           800           5.0   0.161            
111       NWK8           800          10.0   0.156          LB
112       NWK8           800          10.5  -0.116            
113       NWK8           800          11.0  -0.189            
114       NWK8           800          11.5  -0.249            
115       NWK8           800          12.0  -0.184          CL
116       NWK8           800          12.5  -0.252            
117       NWK8           800          13.0  -0.186            
118       NWK8           800          13.5  -0.119            
119       NWK8           800          14.0   0.176          RB
120       NWK8           800          20.0   0.121            
121       NWK8           800          25.0   0.186  Paddy land
     Section No  Chainage (m)  Distance (m)  RL (m) Remarks
115       NWK8           800          12.0  -0.184      CL
     Section No  Chainage (m)  Distance (m)  RL (m) Remarks
111       NWK8           800          10.0   0.156      LB
     Section No  Chainage (m)  Distance (m)  RL (m) Remarks
119       NWK8           800          14.0   0.176      RB
 sencionno=NWK8 CL distance=12.0 RL=-0.184
 Finished Section no =NWK8**********************************
 



Initiated Section no =NWK9**********************************
     Section No  Chainage (m)  Distance (m)  RL (m)     Remarks
122       NWK9           900           0.0   0.156  Paddy land
123       NWK9           900           5.0   0.161            
124       NWK9           900          10.0   0.166          LB
125       NWK9           900          10.5   0.109            
126       NWK9           900          11.0  -0.049            
127       NWK9           900          11.5  -0.104            
128       NWK9           900          12.0  -0.135          CL
129       NWK9           900          12.5  -0.106            
130       NWK9           900          13.5  -0.044            
131       NWK9           900          14.0  -0.095            
132       NWK9           900          20.0   0.181          RB
133       NWK9           900          25.0   0.186            
134       NWK9           900          25.0   0.191  Paddy land
     Section No  Chainage (m)  Distance (m)  RL (m) Remarks
128       NWK9           900          12.0  -0.135      CL
     Section No  Chainage (m)  Distance (m)  RL (m) Remarks
124       NWK9           900          10.0   0.166      LB
     Section No  Chainage (m)  Distance (m)  RL (m) Remarks
132       NWK9           900          20.0   0.181      RB
 sencionno=NWK9 CL distance=12.0 RL=-0.135
 Finished Section no =NWK9**********************************
 



Initiated Section no =NWK10**********************************
     Section No  Chainage (m)  Distance (m)  RL (m)     Remarks
135      NWK10          1002           0.0  -0.072    Low land
136      NWK10          1002           5.0  -0.067            
137      NWK10          1002           8.5  -0.062            
138      NWK10          1002           9.0   0.720            
139      NWK10          1002          10.0   0.728          LB
140      NWK10          1002          10.5   0.096            
141      NWK10          1002          11.0   0.056            
142      NWK10          1002          11.5   0.032            
143      NWK10          1002          12.0   0.028          CL
144      NWK10          1002          12.5   0.030            
145      NWK10          1002          13.0   0.057            
146      NWK10          1002          13.5   0.093            
147      NWK10          1002          14.0   0.218          RB
148      NWK10          1002          20.0   0.223            
149      NWK10          1002          25.0   0.228  Paddy land
     Section No  Chainage (m)  Distance (m)  RL (m) Remarks
143      NWK10          1002          12.0   0.028      CL
     Section No  Chainage (m)  Distance (m)  RL (m) Remarks
139      NWK10          1002          10.0   0.728      LB
     Section No  Chainage (m)  Distance (m)  RL (m) Remarks
147      NWK10          1002          14.0   0.218      RB
 sencionno=NWK10 CL distance=12.0 RL=0.028
 Finished Section no =NWK10**********************************
 


############# We Are Checking Sectional properties.............
 


############# ##################################################
    XsectionNo  chainage   r1   r2 c1 c2       KhalName  GL  Ivert Level  \
0        NWK0         0    3   15  B  D  Nawdanga khal   1           -1   
1        NWK1       100   18   30  B  D  Nawdanga khal   1           -1   
2        NWK2       200   33   45  B  D  Nawdanga khal   1           -1   
3        NWK3       300   48   60  B  D  Nawdanga khal   1           -1   
4        NWK4       400   64   76  B  D  Nawdanga khal   1           -1   
5        NWK5       500   79   95  B  D  Nawdanga khal   1           -1   
6        NWK6       600   98  110  B  D  Nawdanga khal   1           -1   
7        NWK7       700  113  126  B  D  Nawdanga khal   1           -1   
8        NWK8       800  131  143  B  D  Nawdanga khal   1           -1   
9        NWK9       900  147  159  B  D  Nawdanga khal   1           -1   
10      NWK10      1002  163  177  B  D  Nawdanga khal   1           -1   

    Retention  Required_Area  Direction  
0         0.6             30          1  
1         0.6             30          1  
2         0.6             30          1  
3         0.6             30          1  
4         0.6             30          1  
5         0.6             30          1  
6         0.6             30          1  
7         0.6             30          1  
8         0.6             30          1  
9         0.6             30          1  
10        0.6             30          1  
 Intitiated X-sectional Properties Calculation for section no=NWK0 
 ########################Displaying Section Properties###########################
 x=[np.float64(10.0), np.float64(11.0), np.float64(13.0), np.float64(15.0), np.float64(16.0), np.float64(17.0), np.float64(19.0), np.float64(21.0), np.float64(22.0)]
 y=[np.float64(1.939), np.float64(0.488), np.float64(0.239), np.float64(0.079), np.float64(0.019), np.float64(0.074), np.float64(0.232), np.float64(0.449), np.float64(1.929)]
 section no=NWK0 total data points=9
 deepest point of section=0.019
 Maximum Water Level without over flow=0.449
 si=1 fin=7
 distance=[np.float64(16.53), np.float64(11.0), np.float64(13.0), np.float64(15.0), np.float64(16.0), np.float64(17.0), np.float64(19.0), np.float64(21.0), np.float64(22.0)]
 RL=[np.float64(1.929), np.float64(0.488), np.float64(0.239), np.float64(0.079), np.float64(0.019), np.float64(0.074), np.float64(0.232), np.float64(0.449), np.float64(1.929)]
 water level=1.929
 Left=22.0 Right=16.53 Topwidth=5.469999999999999
 Finished X-sectional Properties Calculation for section no=NWK0




 Intitiated X-sectional Properties Calculation for section no=NWK1 
 ########################Displaying Section Properties###########################
 x=[np.float64(10.0), np.float64(10.5), np.float64(11.0), np.float64(11.5), np.float64(12.0), np.float64(12.5), np.float64(13.0), np.float64(13.5), np.float64(14.0)]
 y=[np.float64(0.695), np.float64(0.085), np.float64(0.019), np.float64(-0.026), np.float64(-0.055), np.float64(-0.027), np.float64(0.015), np.float64(0.09), np.float64(0.695)]
 section no=NWK1 total data points=9
 deepest point of section=-0.055
 Maximum Water Level without over flow=0.09
 si=1 fin=7
 distance=[np.float64(7.33), np.float64(10.5), np.float64(11.0), np.float64(11.5), np.float64(12.0), np.float64(12.5), np.float64(13.0), np.float64(13.5), np.float64(14.0)]
 RL=[np.float64(0.695), np.float64(0.085), np.float64(0.019), np.float64(-0.026), np.float64(-0.055), np.float64(-0.027), np.float64(0.015), np.float64(0.09), np.float64(0.695)]
 water level=0.695
 Left=14.0 Right=7.33 Topwidth=6.67
 Finished X-sectional Properties Calculation for section no=NWK1




 Intitiated X-sectional Properties Calculation for section no=NWK2 
 ########################Displaying Section Properties###########################
 x=[np.float64(10.0), np.float64(10.5), np.float64(11.0), np.float64(11.5), np.float64(12.0), np.float64(12.5), np.float64(13.0), np.float64(13.5), np.float64(14.0)]
 y=[np.float64(0.365), np.float64(0.199), np.float64(0.085), np.float64(0.024), np.float64(0.005), np.float64(0.02), np.float64(0.079), np.float64(0.205), np.float64(0.38)]
 section no=NWK2 total data points=9
 deepest point of section=0.005
 Maximum Water Level without over flow=0.205
 si=1 fin=7
 distance=[np.float64(7.35), np.float64(10.5), np.float64(11.0), np.float64(11.5), np.float64(12.0), np.float64(12.5), np.float64(13.0), np.float64(13.5), np.float64(13.96)]
 RL=[np.float64(0.365), np.float64(0.199), np.float64(0.085), np.float64(0.024), np.float64(0.005), np.float64(0.02), np.float64(0.079), np.float64(0.205), np.float64(0.365)]
 water level=0.365
 Left=13.96 Right=7.35 Topwidth=6.610000000000001
 Finished X-sectional Properties Calculation for section no=NWK2




 Intitiated X-sectional Properties Calculation for section no=NWK3 
 ########################Displaying Section Properties###########################
 x=[np.float64(10.0), np.float64(10.5), np.float64(11.0), np.float64(11.5), np.float64(12.0), np.float64(12.5), np.float64(13.0), np.float64(13.5), np.float64(14.0)]
 y=[np.float64(0.459), np.float64(0.31), np.float64(0.22), np.float64(0.145), np.float64(0.11), np.float64(0.146), np.float64(0.225), np.float64(0.325), np.float64(0.505)]
 section no=NWK3 total data points=9
 deepest point of section=0.11
 Maximum Water Level without over flow=0.325
 si=1 fin=7
 distance=[np.float64(8.54), np.float64(10.5), np.float64(11.0), np.float64(11.5), np.float64(12.0), np.float64(12.5), np.float64(13.0), np.float64(13.5), np.float64(13.87)]
 RL=[np.float64(0.459), np.float64(0.31), np.float64(0.22), np.float64(0.145), np.float64(0.11), np.float64(0.146), np.float64(0.225), np.float64(0.325), np.float64(0.459)]
 water level=0.459
 Left=13.87 Right=8.54 Topwidth=5.33
 Finished X-sectional Properties Calculation for section no=NWK3




 Intitiated X-sectional Properties Calculation for section no=NWK4 
 ########################Displaying Section Properties###########################
 x=[np.float64(10.0), np.float64(10.5), np.float64(11.0), np.float64(11.5), np.float64(12.0), np.float64(12.5), np.float64(13.0), np.float64(13.5), np.float64(14.0)]
 y=[np.float64(0.503), np.float64(0.288), np.float64(0.197), np.float64(0.067), np.float64(0.008), np.float64(0.058), np.float64(0.197), np.float64(0.258), np.float64(0.363)]
 section no=NWK4 total data points=9
 deepest point of section=0.008
 Maximum Water Level without over flow=0.258
 si=1 fin=7
 distance=[np.float64(9.66), np.float64(10.5), np.float64(11.0), np.float64(11.5), np.float64(12.0), np.float64(12.5), np.float64(13.0), np.float64(13.5), np.float64(14.0)]
 RL=[np.float64(0.363), np.float64(0.288), np.float64(0.197), np.float64(0.067), np.float64(0.008), np.float64(0.058), np.float64(0.197), np.float64(0.258), np.float64(0.363)]
 water level=0.363
 Left=14.0 Right=9.66 Topwidth=4.34
 Finished X-sectional Properties Calculation for section no=NWK4




 Intitiated X-sectional Properties Calculation for section no=NWK5 
 ########################Displaying Section Properties###########################
 x=[np.float64(7.0), np.float64(7.5), np.float64(8.0), np.float64(8.5), np.float64(9.0), np.float64(9.5), np.float64(10.0)]
 y=[np.float64(0.683), np.float64(-0.042), np.float64(-0.072), np.float64(-0.097), np.float64(-0.075), np.float64(-0.022), np.float64(0.678)]
 section no=NWK5 total data points=7
 deepest point of section=-0.097
 Maximum Water Level without over flow=-0.022
 si=1 fin=5
 distance=[np.float64(4.66), np.float64(7.5), np.float64(8.0), np.float64(8.5), np.float64(9.0), np.float64(9.5), np.float64(10.0)]
 RL=[np.float64(0.678), np.float64(-0.042), np.float64(-0.072), np.float64(-0.097), np.float64(-0.075), np.float64(-0.022), np.float64(0.678)]
 water level=0.678
 Left=10.0 Right=4.66 Topwidth=5.34
 Finished X-sectional Properties Calculation for section no=NWK5




 Intitiated X-sectional Properties Calculation for section no=NWK6 
 ########################Displaying Section Properties###########################
 x=[np.float64(10.0), np.float64(10.5), np.float64(11.0), np.float64(11.5), np.float64(12.0), np.float64(12.5), np.float64(13.0), np.float64(13.5), np.float64(14.0)]
 y=[np.float64(0.292), np.float64(0.212), np.float64(0.123), np.float64(0.082), np.float64(0.053), np.float64(0.081), np.float64(0.122), np.float64(0.205), np.float64(0.323)]
 section no=NWK6 total data points=9
 deepest point of section=0.053
 Maximum Water Level without over flow=0.205
 si=1 fin=7
 distance=[np.float64(8.41), np.float64(10.5), np.float64(11.0), np.float64(11.5), np.float64(12.0), np.float64(12.5), np.float64(13.0), np.float64(13.5), np.float64(13.87)]
 RL=[np.float64(0.292), np.float64(0.212), np.float64(0.123), np.float64(0.082), np.float64(0.053), np.float64(0.081), np.float64(0.122), np.float64(0.205), np.float64(0.292)]
 water level=0.292
 Left=13.87 Right=8.41 Topwidth=5.459999999999999
 Finished X-sectional Properties Calculation for section no=NWK6




 Intitiated X-sectional Properties Calculation for section no=NWK7 
 ########################Displaying Section Properties###########################
 x=[np.float64(10.0), np.float64(11.0), np.float64(12.0), np.float64(13.0), np.float64(14.0), np.float64(15.0), np.float64(16.0), np.float64(17.0), np.float64(18.0)]
 y=[np.float64(-2.913), np.float64(-3.035), np.float64(-3.054), np.float64(-3.105), np.float64(-3.133), np.float64(-3.104), np.float64(-3.055), np.float64(-3.034), np.float64(-2.913)]
 section no=NWK7 total data points=9
 deepest point of section=-3.133
 Maximum Water Level without over flow=-3.034
 si=1 fin=7
 distance=[np.float64(13.05), np.float64(11.0), np.float64(12.0), np.float64(13.0), np.float64(14.0), np.float64(15.0), np.float64(16.0), np.float64(17.0), np.float64(18.0)]
 RL=[np.float64(-2.913), np.float64(-3.035), np.float64(-3.054), np.float64(-3.105), np.float64(-3.133), np.float64(-3.104), np.float64(-3.055), np.float64(-3.034), np.float64(-2.913)]
 water level=-2.913
 Left=18.0 Right=13.05 Topwidth=4.949999999999999
 Finished X-sectional Properties Calculation for section no=NWK7




 Intitiated X-sectional Properties Calculation for section no=NWK8 
 ########################Displaying Section Properties###########################
 x=[np.float64(10.0), np.float64(10.5), np.float64(11.0), np.float64(11.5), np.float64(12.0), np.float64(12.5), np.float64(13.0), np.float64(13.5), np.float64(14.0)]
 y=[np.float64(0.156), np.float64(-0.116), np.float64(-0.189), np.float64(-0.249), np.float64(-0.184), np.float64(-0.252), np.float64(-0.186), np.float64(-0.119), np.float64(0.176)]
 section no=NWK8 total data points=9
 deepest point of section=-0.252
 Maximum Water Level without over flow=-0.119
 si=1 fin=7
 distance=[np.float64(-5.06), np.float64(10.5), np.float64(11.0), np.float64(11.5), np.float64(12.0), np.float64(12.5), np.float64(13.0), np.float64(13.5), np.float64(13.97)]
 RL=[np.float64(0.156), np.float64(-0.116), np.float64(-0.189), np.float64(-0.249), np.float64(-0.184), np.float64(-0.252), np.float64(-0.186), np.float64(-0.119), np.float64(0.156)]
 water level=0.156
 Left=13.97 Right=-5.06 Topwidth=19.03
 Finished X-sectional Properties Calculation for section no=NWK8




 Intitiated X-sectional Properties Calculation for section no=NWK9 
 ########################Displaying Section Properties###########################
 x=[np.float64(10.0), np.float64(10.5), np.float64(11.0), np.float64(11.5), np.float64(12.0), np.float64(12.5), np.float64(13.5), np.float64(14.0), np.float64(20.0)]
 y=[np.float64(0.166), np.float64(0.109), np.float64(-0.049), np.float64(-0.104), np.float64(-0.135), np.float64(-0.106), np.float64(-0.044), np.float64(-0.095), np.float64(0.181)]
 section no=NWK9 total data points=9
 deepest point of section=-0.135
 Maximum Water Level without over flow=-0.044
 si=1 fin=7
 distance=[np.float64(7.46), np.float64(10.5), np.float64(11.0), np.float64(11.5), np.float64(12.0), np.float64(12.5), np.float64(13.5), np.float64(14.0), np.float64(19.67)]
 RL=[np.float64(0.166), np.float64(0.109), np.float64(-0.049), np.float64(-0.104), np.float64(-0.135), np.float64(-0.106), np.float64(-0.044), np.float64(-0.095), np.float64(0.166)]
 water level=0.166
 Left=19.67 Right=7.46 Topwidth=12.21
 Finished X-sectional Properties Calculation for section no=NWK9




 Intitiated X-sectional Properties Calculation for section no=NWK10 
 ########################Displaying Section Properties###########################
 x=[np.float64(10.0), np.float64(10.5), np.float64(11.0), np.float64(11.5), np.float64(12.0), np.float64(12.5), np.float64(13.0), np.float64(13.5), np.float64(14.0)]
 y=[np.float64(0.728), np.float64(0.096), np.float64(0.056), np.float64(0.032), np.float64(0.028), np.float64(0.03), np.float64(0.057), np.float64(0.093), np.float64(0.218)]
 section no=NWK10 total data points=9
 deepest point of section=0.028
 Maximum Water Level without over flow=0.093
 si=1 fin=7
 distance=[np.float64(9.95), np.float64(10.5), np.float64(11.0), np.float64(11.5), np.float64(12.0), np.float64(12.5), np.float64(13.0), np.float64(13.5), np.float64(14.0)]
 RL=[np.float64(0.218), np.float64(0.096), np.float64(0.056), np.float64(0.032), np.float64(0.028), np.float64(0.03), np.float64(0.057), np.float64(0.093), np.float64(0.218)]
 water level=0.218
 Left=14.0 Right=9.95 Topwidth=4.050000000000001
 Finished X-sectional Properties Calculation for section no=NWK10




 ############# #################################################



 


Detailed Debugging of Calcualtion of CL




 



Initiated Section no =NWK0**********************************
    Section No  Chainage (m)  Distance (m)  RL (m)       Remarks
0        NWK0             0           0.0   1.909    House area
1        NWK0             0           5.0   1.919              
2        NWK0             0          10.0   1.939            LB
3        NWK0             0          11.0   0.488              
4        NWK0             0          13.0   0.239              
5        NWK0             0          15.0   0.079              
6        NWK0             0          16.0   0.019            CL
7        NWK0             0          17.0   0.074              
8        NWK0             0          19.0   0.232              
9        NWK0             0          21.0   0.449              
10       NWK0             0          22.0   1.929            RB
11       NWK0             0          25.0   1.919              
12       NWK0             0          30.0   1.904  Earthen road
   Section No  Chainage (m)  Distance (m)  RL (m) Remarks
6       NWK0             0          16.0   0.019      CL
   Section No  Chainage (m)  Distance (m)  RL (m) Remarks
2       NWK0             0          10.0   1.939      LB
    Section No  Chainage (m)  Distance (m)  RL (m) Remarks
10       NWK0             0          22.0   1.929      RB
 sencionno=NWK0 CL distance=16.0 RL=0.019
 Finished Section no =NWK0**********************************
 



Initiated Section no =NWK1**********************************
    Section No  Chainage (m)  Distance (m)  RL (m)     Remarks
13       NWK1           100           0.0   0.685  Paddy land
14       NWK1           100           5.0   0.690            
15       NWK1           100          10.0   0.695          LB
16       NWK1           100          10.5   0.085            
17       NWK1           100          11.0   0.019            
18       NWK1           100          11.5  -0.026            
19       NWK1           100          12.0  -0.055          CL
20       NWK1           100          12.5  -0.027            
21       NWK1           100          13.0   0.015            
22       NWK1           100          13.5   0.090            
23       NWK1           100          14.0   0.695          RB
24       NWK1           100          20.0   0.700            
25       NWK1           100          25.0   0.705  Paddy land
    Section No  Chainage (m)  Distance (m)  RL (m) Remarks
19       NWK1           100          12.0  -0.055      CL
    Section No  Chainage (m)  Distance (m)  RL (m) Remarks
15       NWK1           100          10.0   0.695      LB
    Section No  Chainage (m)  Distance (m)  RL (m) Remarks
23       NWK1           100          14.0   0.695      RB
 sencionno=NWK1 CL distance=12.0 RL=-0.055
 Finished Section no =NWK1**********************************
 



Initiated Section no =NWK2**********************************
    Section No  Chainage (m)  Distance (m)  RL (m)     Remarks
26       NWK2           200           0.0   0.355  Paddy land
27       NWK2           200           5.0   0.360            
28       NWK2           200          10.0   0.365          LB
29       NWK2           200          10.5   0.199            
30       NWK2           200          11.0   0.085            
31       NWK2           200          11.5   0.024            
32       NWK2           200          12.0   0.005          CL
33       NWK2           200          12.5   0.020            
34       NWK2           200          13.0   0.079            
35       NWK2           200          13.5   0.205            
36       NWK2           200          14.0   0.380          RB
37       NWK2           200          20.0   0.385            
38       NWK2           200          25.0   0.390  Paddy land
    Section No  Chainage (m)  Distance (m)  RL (m) Remarks
32       NWK2           200          12.0   0.005      CL
    Section No  Chainage (m)  Distance (m)  RL (m) Remarks
28       NWK2           200          10.0   0.365      LB
    Section No  Chainage (m)  Distance (m)  RL (m) Remarks
36       NWK2           200          14.0    0.38      RB
 sencionno=NWK2 CL distance=12.0 RL=0.005
 Finished Section no =NWK2**********************************
 



Initiated Section no =NWK3**********************************
    Section No  Chainage (m)  Distance (m)  RL (m)     Remarks
39       NWK3           300           0.0   0.450  Paddy land
40       NWK3           300           5.0   0.455            
41       NWK3           300          10.0   0.459          LB
42       NWK3           300          10.5   0.310            
43       NWK3           300          11.0   0.220            
44       NWK3           300          11.5   0.145            
45       NWK3           300          12.0   0.110          CL
46       NWK3           300          12.5   0.146            
47       NWK3           300          13.0   0.225            
48       NWK3           300          13.5   0.325            
49       NWK3           300          14.0   0.505          RB
50       NWK3           300          20.0   0.510            
51       NWK3           300          25.0   0.520  Paddy land
    Section No  Chainage (m)  Distance (m)  RL (m) Remarks
45       NWK3           300          12.0    0.11      CL
    Section No  Chainage (m)  Distance (m)  RL (m) Remarks
41       NWK3           300          10.0   0.459      LB
    Section No  Chainage (m)  Distance (m)  RL (m) Remarks
49       NWK3           300          14.0   0.505      RB
 sencionno=NWK3 CL distance=12.0 RL=0.11
 Finished Section no =NWK3**********************************
 



Initiated Section no =NWK4**********************************
    Section No  Chainage (m)  Distance (m)  RL (m)     Remarks
52       NWK4           400           0.0   0.513  Paddy land
53       NWK4           400           5.0   0.508            
54       NWK4           400          10.0   0.503          LB
55       NWK4           400          10.5   0.288            
56       NWK4           400          11.0   0.197            
57       NWK4           400          11.5   0.067            
58       NWK4           400          12.0   0.008          CL
59       NWK4           400          12.5   0.058            
60       NWK4           400          13.0   0.197            
61       NWK4           400          13.5   0.258            
62       NWK4           400          14.0   0.363          RB
63       NWK4           400          20.0   0.358            
64       NWK4           400          25.0  -0.942  Paddy land
    Section No  Chainage (m)  Distance (m)  RL (m) Remarks
58       NWK4           400          12.0   0.008      CL
    Section No  Chainage (m)  Distance (m)  RL (m) Remarks
54       NWK4           400          10.0   0.503      LB
    Section No  Chainage (m)  Distance (m)  RL (m) Remarks
62       NWK4           400          14.0   0.363      RB
 sencionno=NWK4 CL distance=12.0 RL=0.008
 Finished Section no =NWK4**********************************
 



Initiated Section no =NWK5**********************************
    Section No  Chainage (m)  Distance (m)  RL (m) Remarks
65       NWK5           500           0.0  -0.668   Ditch
66       NWK5           500           2.0  -0.607        
67       NWK5           500           3.0  -0.307        
68       NWK5           500           5.0  -0.073        
69       NWK5           500           6.0   0.678        
70       NWK5           500           7.0   0.683      LB
71       NWK5           500           7.5  -0.042        
72       NWK5           500           8.0  -0.072        
73       NWK5           500           8.5  -0.097      CL
74       NWK5           500           9.0  -0.075        
75       NWK5           500           9.5  -0.022        
76       NWK5           500          10.0   0.678      RB
77       NWK5           500          11.0   0.673        
78       NWK5           500          12.0  -0.207        
79       NWK5           500          15.0  -0.347        
80       NWK5           500          17.0  -0.607        
81       NWK5           500          19.0  -0.852   Ditch
    Section No  Chainage (m)  Distance (m)  RL (m) Remarks
73       NWK5           500           8.5  -0.097      CL
    Section No  Chainage (m)  Distance (m)  RL (m) Remarks
70       NWK5           500           7.0   0.683      LB
    Section No  Chainage (m)  Distance (m)  RL (m) Remarks
76       NWK5           500          10.0   0.678      RB
 sencionno=NWK5 CL distance=8.5 RL=-0.097
 Finished Section no =NWK5**********************************
 



Initiated Section no =NWK6**********************************
    Section No  Chainage (m)  Distance (m)  RL (m)     Remarks
82       NWK6           600           0.0   0.283        Home
83       NWK6           600           5.0   0.288            
84       NWK6           600          10.0   0.292          LB
85       NWK6           600          10.5   0.212            
86       NWK6           600          11.0   0.123            
87       NWK6           600          11.5   0.082            
88       NWK6           600          12.0   0.053          CL
89       NWK6           600          12.5   0.081            
90       NWK6           600          13.0   0.122            
91       NWK6           600          13.5   0.205            
92       NWK6           600          14.0   0.323          RB
93       NWK6           600          20.0   0.328            
94       NWK6           600          25.0   0.333  Paddy land
    Section No  Chainage (m)  Distance (m)  RL (m) Remarks
88       NWK6           600          12.0   0.053      CL
    Section No  Chainage (m)  Distance (m)  RL (m) Remarks
84       NWK6           600          10.0   0.292      LB
    Section No  Chainage (m)  Distance (m)  RL (m) Remarks
92       NWK6           600          14.0   0.323      RB
 sencionno=NWK6 CL distance=12.0 RL=0.053
 Finished Section no =NWK6**********************************
 



Initiated Section no =NWK7**********************************
     Section No  Chainage (m)  Distance (m)  RL (m) Remarks
95        NWK7           700           0.0  -2.948   Ditch
96        NWK7           700           5.0  -2.888        
97        NWK7           700          10.0  -2.913      LB
98        NWK7           700          11.0  -3.035        
99        NWK7           700          12.0  -3.054        
100       NWK7           700          13.0  -3.105        
101       NWK7           700          14.0  -3.133      CL
102       NWK7           700          15.0  -3.104        
103       NWK7           700          16.0  -3.055        
104       NWK7           700          17.0  -3.034        
105       NWK7           700          18.0  -2.913      RB
106       NWK7           700          20.0  -2.883        
107       NWK7           700          22.0  -2.964        
108       NWK7           700          24.0  -3.079   Ditch
     Section No  Chainage (m)  Distance (m)  RL (m) Remarks
101       NWK7           700          14.0  -3.133      CL
    Section No  Chainage (m)  Distance (m)  RL (m) Remarks
97       NWK7           700          10.0  -2.913      LB
     Section No  Chainage (m)  Distance (m)  RL (m) Remarks
105       NWK7           700          18.0  -2.913      RB
 sencionno=NWK7 CL distance=14.0 RL=-3.133
 Finished Section no =NWK7**********************************
 



Initiated Section no =NWK8**********************************
     Section No  Chainage (m)  Distance (m)  RL (m)     Remarks
109       NWK8           800           0.0   0.166  Paddy land
110       NWK8           800           5.0   0.161            
111       NWK8           800          10.0   0.156          LB
112       NWK8           800          10.5  -0.116            
113       NWK8           800          11.0  -0.189            
114       NWK8           800          11.5  -0.249            
115       NWK8           800          12.0  -0.184          CL
116       NWK8           800          12.5  -0.252            
117       NWK8           800          13.0  -0.186            
118       NWK8           800          13.5  -0.119            
119       NWK8           800          14.0   0.176          RB
120       NWK8           800          20.0   0.121            
121       NWK8           800          25.0   0.186  Paddy land
     Section No  Chainage (m)  Distance (m)  RL (m) Remarks
115       NWK8           800          12.0  -0.184      CL
     Section No  Chainage (m)  Distance (m)  RL (m) Remarks
111       NWK8           800          10.0   0.156      LB
     Section No  Chainage (m)  Distance (m)  RL (m) Remarks
119       NWK8           800          14.0   0.176      RB
 sencionno=NWK8 CL distance=12.0 RL=-0.184
 Finished Section no =NWK8**********************************
 



Initiated Section no =NWK9**********************************
     Section No  Chainage (m)  Distance (m)  RL (m)     Remarks
122       NWK9           900           0.0   0.156  Paddy land
123       NWK9           900           5.0   0.161            
124       NWK9           900          10.0   0.166          LB
125       NWK9           900          10.5   0.109            
126       NWK9           900          11.0  -0.049            
127       NWK9           900          11.5  -0.104            
128       NWK9           900          12.0  -0.135          CL
129       NWK9           900          12.5  -0.106            
130       NWK9           900          13.5  -0.044            
131       NWK9           900          14.0  -0.095            
132       NWK9           900          20.0   0.181          RB
133       NWK9           900          25.0   0.186            
134       NWK9           900          25.0   0.191  Paddy land
     Section No  Chainage (m)  Distance (m)  RL (m) Remarks
128       NWK9           900          12.0  -0.135      CL
     Section No  Chainage (m)  Distance (m)  RL (m) Remarks
124       NWK9           900          10.0   0.166      LB
     Section No  Chainage (m)  Distance (m)  RL (m) Remarks
132       NWK9           900          20.0   0.181      RB
 sencionno=NWK9 CL distance=12.0 RL=-0.135
 Finished Section no =NWK9**********************************
 



Initiated Section no =NWK10**********************************
     Section No  Chainage (m)  Distance (m)  RL (m)     Remarks
135      NWK10          1002           0.0  -0.072    Low land
136      NWK10          1002           5.0  -0.067            
137      NWK10          1002           8.5  -0.062            
138      NWK10          1002           9.0   0.720            
139      NWK10          1002          10.0   0.728          LB
140      NWK10          1002          10.5   0.096            
141      NWK10          1002          11.0   0.056            
142      NWK10          1002          11.5   0.032            
143      NWK10          1002          12.0   0.028          CL
144      NWK10          1002          12.5   0.030            
145      NWK10          1002          13.0   0.057            
146      NWK10          1002          13.5   0.093            
147      NWK10          1002          14.0   0.218          RB
148      NWK10          1002          20.0   0.223            
149      NWK10          1002          25.0   0.228  Paddy land
     Section No  Chainage (m)  Distance (m)  RL (m) Remarks
143      NWK10          1002          12.0   0.028      CL
     Section No  Chainage (m)  Distance (m)  RL (m) Remarks
139      NWK10          1002          10.0   0.728      LB
     Section No  Chainage (m)  Distance (m)  RL (m) Remarks
147      NWK10          1002          14.0   0.218      RB
 sencionno=NWK10 CL distance=12.0 RL=0.028
 Finished Section no =NWK10**********************************
