 Sucessfully Setup Logger for this programme.............
 Printing Data Matrix Direction.................

               Data Name         Value  \
0          Package Name  TP_KEX_10_25   
1           Data Matrix             V   
2  Long_Slope_Direction             1   

                                         Explanation  
0                               package_name_of_khal  
1                            Data written vertically  
2  1:zero chaiange at outfall 0:zero chainage at ...  
 

###############################################


   XsectionNo  chainage   r1   r2 c1 c2                KhalName  GL  \
0       GWP0         0    3   14  B  D  Guadana west para khal   1   
1       GWP1       100   17   30  B  D  Guadana west para khal   1   
2       GWP2       200   33   43  B  D  Guadana west para khal   1   
3       GWP3       300   46   61  B  D  Guadana west para khal   1   
4       GWP4       400   64   76  B  D  Guadana west para khal   1   
5       GWP5       500   79   91  B  D  Guadana west para khal   1   
6       GWP6       600   94  108  B  D  Guadana west para khal   1   
7       GWP7       700  112  126  B  D  Guadana west para khal   1   
8       GWP8       800  130  141  B  D  Guadana west para khal   1   
9       GWP9       942  145  157  B  D  Guadana west para khal   1   

   Ivert Level  Retention  Required_Area  Direction  
0         -1.5        0.6             30          1  
1         -1.5        0.6             30          1  
2         -1.5        0.6             30          1  
3         -1.5        0.6             30          1  
4         -1.5        0.6             30          1  
5         -1.5        0.6             30          1  
6         -1.5        0.6             30          1  
7         -1.5        0.6             30          1  
8         -1.5        0.6             30          1  
9         -1.5        0.6             30          1  
 chainage=0 sec=GWP0 row1=3 row2=14 col1=B col2=D 1
 





 {'dist': [0, 4, 6, 8, 10, 12, 14, 16, 18, 20, 25, 30], 'rl': [3.608, 3.616, 0.649, 0.382, 0.217, 0.168, 0.212, 0.381, 0.628, 2.408, 2.423, 2.431], 'remarks': ['BC road', '', 'LB', '', '', 'CL', '', '', '', 'RB', '', 'Pond bank'], 'chainage': [0, 0, 0, 0, 0, 0, 0, 0, 0, 0, 0, 0], 'sectionNo': ['GWP0', 'GWP0', 'GWP0', 'GWP0', 'GWP0', 'GWP0', 'GWP0', 'GWP0', 'GWP0', 'GWP0', 'GWP0', 'GWP0']}
 





 chainage=100 sec=GWP1 row1=17 row2=30 col1=B col2=D 1
 





 {'dist': [0, 2, 5, 10, 11, 13, 15, 17, 19, 21, 23, 24, 30, 35], 'rl': [0.793, 0.805, 3.192, 3.183, 1.665, 0.612, -0.224, -0.334, -0.233, 0.112, 0.502, 0.903, 0.896, 0.891], 'remarks': ['Shop', 'LB', '', '', '', '', 'CL', '', '', 'RB', '', '', '', 'Paddy land'], 'chainage': [100, 100, 100, 100, 100, 100, 100, 100, 100, 100, 100, 100, 100, 100], 'sectionNo': ['GWP1', 'GWP1', 'GWP1', 'GWP1', 'GWP1', 'GWP1', 'GWP1', 'GWP1', 'GWP1', 'GWP1', 'GWP1', 'GWP1', 'GWP1', 'GWP1']}
 





 chainage=200 sec=GWP2 row1=33 row2=43 col1=B col2=D 1
 





 {'dist': [0, 5, 6, 8, 10, 12, 14, 16, 18, 19, 27], 'rl': [2.807, 2.914, 1.602, 0.576, -0.094, -0.198, -0.093, 0.607, 1.551, 2.597, 2.604], 'remarks': ['Shop', 'LB', '', '', '', 'CL', '', '', '', 'RB', 'House'], 'chainage': [200, 200, 200, 200, 200, 200, 200, 200, 200, 200, 200], 'sectionNo': ['GWP2', 'GWP2', 'GWP2', 'GWP2', 'GWP2', 'GWP2', 'GWP2', 'GWP2', 'GWP2', 'GWP2', 'GWP2']}
 





 chainage=300 sec=GWP3 row1=46 row2=61 col1=B col2=D 1
 





 {'dist': [0, 2, 5, 10, 11, 13, 15, 17, 19, 21, 23, 25, 27, 28, 33, 40], 'rl': [0.817, 0.828, 3.263, 3.255, 1.937, 0.977, 0.289, -0.415, -0.523, -0.418, 0.078, 0.479, 0.877, 1.464, 1.477, 1.487], 'remarks': ['Paddy land', '', 'LB', '', '', '', 'CL', '', '', '', 'RB', '', '', '', '', 'Home shead'], 'chainage': [300, 300, 300, 300, 300, 300, 300, 300, 300, 300, 300, 300, 300, 300, 300, 300], 'sectionNo': ['GWP3', 'GWP3', 'GWP3', 'GWP3', 'GWP3', 'GWP3', 'GWP3', 'GWP3', 'GWP3', 'GWP3', 'GWP3', 'GWP3', 'GWP3', 'GWP3', 'GWP3', 'GWP3']}
 





 chainage=400 sec=GWP4 row1=64 row2=76 col1=B col2=D 1
 





 {'dist': [0, 5, 10, 11, 13, 15, 17, 19, 21, 23, 24, 30, 35], 'rl': [1.587, 1.578, 1.565, 0.614, 0.039, -0.369, -0.473, -0.368, 0.038, 0.382, 0.908, 0.9036, 0.897], 'remarks': ['Open land', '', 'LB', '', '', 'CL', '', '', '', '', 'RB', '', 'Open land'], 'chainage': [400, 400, 400, 400, 400, 400, 400, 400, 400, 400, 400, 400, 400], 'sectionNo': ['GWP4', 'GWP4', 'GWP4', 'GWP4', 'GWP4', 'GWP4', 'GWP4', 'GWP4', 'GWP4', 'GWP4', 'GWP4', 'GWP4', 'GWP4']}
 





 chainage=500 sec=GWP5 row1=79 row2=91 col1=B col2=D 1
 





 {'dist': [0, 5, 10, 11, 12, 13, 15, 17, 18, 19, 20, 25, 30], 'rl': [1.138, 1.133, 1.125, 0.427, 0.132, -0.058, -0.164, -0.062, 0.112, 0.418, 0.887, 0.878, 0.872], 'remarks': ['Paddy land', '', 'LB', '', '', '', 'CL', '', '', '', 'RB', '', 'Low land'], 'chainage': [500, 500, 500, 500, 500, 500, 500, 500, 500, 500, 500, 500, 500], 'sectionNo': ['GWP5', 'GWP5', 'GWP5', 'GWP5', 'GWP5', 'GWP5', 'GWP5', 'GWP5', 'GWP5', 'GWP5', 'GWP5', 'GWP5', 'GWP5']}
 





 chainage=600 sec=GWP6 row1=94 row2=108 col1=B col2=D 1
 





 {'dist': [0, 5, 10, 11, 13, 15, 17, 19, 21, 23, 25, 27, 28, 33, 40], 'rl': [0.849, 0.844, 0.829, 0.354, -0.03, -0.141, -0.367, -0.473, -0.37, -0.245, -0.033, 0.27, 1.834, 1.845, 1.857], 'remarks': ['Paddy land', '', 'LB', '', '', '', '', 'CL', '', '', '', '', 'RB', '', 'Pond bank'], 'chainage': [600, 600, 600, 600, 600, 600, 600, 600, 600, 600, 600, 600, 600, 600, 600], 'sectionNo': ['GWP6', 'GWP6', 'GWP6', 'GWP6', 'GWP6', 'GWP6', 'GWP6', 'GWP6', 'GWP6', 'GWP6', 'GWP6', 'GWP6', 'GWP6', 'GWP6', 'GWP6']}
 





 chainage=700 sec=GWP7 row1=112 row2=126 col1=B col2=D 1
 





 {'dist': [0, 5, 10, 11, 12, 13, 15, 17, 18, 19, 20, 21, 22, 24, 30], 'rl': [1.506, 1.491, 1.485, 0.506, -0.029, -0.308, -0.41, -0.305, -0.04, 0.514, 1.815, 1.81, 1.004, 0.126, -0.212], 'remarks': ['Paddy land', '', 'LB', '', '', '', 'CL', '', '', '', '', '', 'RB', 'Fisheries', ''], 'chainage': [700, 700, 700, 700, 700, 700, 700, 700, 700, 700, 700, 700, 700, 700, 700], 'sectionNo': ['GWP7', 'GWP7', 'GWP7', 'GWP7', 'GWP7', 'GWP7', 'GWP7', 'GWP7', 'GWP7', 'GWP7', 'GWP7', 'GWP7', 'GWP7', 'GWP7', 'GWP7']}
 





 chainage=800 sec=GWP8 row1=130 row2=141 col1=B col2=D 1
 





 {'dist': [0, 5, 10, 11, 12, 13, 15, 17, 18, 19, 20, 25], 'rl': [2.459, 2.475, 2.466, 1.334, 0.34, -0.16, -0.261, -0.159, 0.331, 1.291, 2.276, 2.27], 'remarks': ['House', '', 'LB', '', '', '', 'CL', '', '', '', 'RB', 'House'], 'chainage': [800, 800, 800, 800, 800, 800, 800, 800, 800, 800, 800, 800], 'sectionNo': ['GWP8', 'GWP8', 'GWP8', 'GWP8', 'GWP8', 'GWP8', 'GWP8', 'GWP8', 'GWP8', 'GWP8', 'GWP8', 'GWP8']}
 





 chainage=942 sec=GWP9 row1=145 row2=157 col1=B col2=D 1
 





 {'dist': [0, 5, 10, 11, 13, 15, 17, 19, 21, 23, 24, 30, 35], 'rl': [1.096, 1.089, 1.075, 0.395, 0, -0.022, -0.125, -0.02, 0.49, 0.991, 2.19, 2.176, 2.167], 'remarks': ['Low land', '', 'LB', '', '', 'CL', '', '', '', '', 'RB', '', 'Khal bank'], 'chainage': [942, 942, 942, 942, 942, 942, 942, 942, 942, 942, 942, 942, 942], 'sectionNo': ['GWP9', 'GWP9', 'GWP9', 'GWP9', 'GWP9', 'GWP9', 'GWP9', 'GWP9', 'GWP9', 'GWP9', 'GWP9', 'GWP9', 'GWP9']}
 





 


Detailed Debugging of Calcualtion of CL




 



Initiated Section no =GWP0**********************************
    Section No  Chainage (m)  Distance (m)  RL (m)    Remarks
0        GWP0             0             0   3.608    BC road
1        GWP0             0             4   3.616           
2        GWP0             0             6   0.649         LB
3        GWP0             0             8   0.382           
4        GWP0             0            10   0.217           
5        GWP0             0            12   0.168         CL
6        GWP0             0            14   0.212           
7        GWP0             0            16   0.381           
8        GWP0             0            18   0.628           
9        GWP0             0            20   2.408         RB
10       GWP0             0            25   2.423           
11       GWP0             0            30   2.431  Pond bank
   Section No  Chainage (m)  Distance (m)  RL (m) Remarks
5       GWP0             0            12   0.168      CL
   Section No  Chainage (m)  Distance (m)  RL (m) Remarks
2       GWP0             0             6   0.649      LB
   Section No  Chainage (m)  Distance (m)  RL (m) Remarks
9       GWP0             0            20   2.408      RB
 sencionno=GWP0 CL distance=12 RL=0.168
 Finished Section no =GWP0**********************************
 



Initiated Section no =GWP1**********************************
    Section No  Chainage (m)  Distance (m)  RL (m)     Remarks
12       GWP1           100             0   0.793        Shop
13       GWP1           100             2   0.805          LB
14       GWP1           100             5   3.192            
15       GWP1           100            10   3.183            
16       GWP1           100            11   1.665            
17       GWP1           100            13   0.612            
18       GWP1           100            15  -0.224          CL
19       GWP1           100            17  -0.334            
20       GWP1           100            19  -0.233            
21       GWP1           100            21   0.112          RB
22       GWP1           100            23   0.502            
23       GWP1           100            24   0.903            
24       GWP1           100            30   0.896            
25       GWP1           100            35   0.891  Paddy land
    Section No  Chainage (m)  Distance (m)  RL (m) Remarks
18       GWP1           100            15  -0.224      CL
    Section No  Chainage (m)  Distance (m)  RL (m) Remarks
13       GWP1           100             2   0.805      LB
    Section No  Chainage (m)  Distance (m)  RL (m) Remarks
21       GWP1           100            21   0.112      RB
 sencionno=GWP1 CL distance=15 RL=-0.224
 Finished Section no =GWP1**********************************
 



Initiated Section no =GWP2**********************************
    Section No  Chainage (m)  Distance (m)  RL (m) Remarks
26       GWP2           200             0   2.807    Shop
27       GWP2           200             5   2.914      LB
28       GWP2           200             6   1.602        
29       GWP2           200             8   0.576        
30       GWP2           200            10  -0.094        
31       GWP2           200            12  -0.198      CL
32       GWP2           200            14  -0.093        
33       GWP2           200            16   0.607        
34       GWP2           200            18   1.551        
35       GWP2           200            19   2.597      RB
36       GWP2           200            27   2.604   House
    Section No  Chainage (m)  Distance (m)  RL (m) Remarks
31       GWP2           200            12  -0.198      CL
    Section No  Chainage (m)  Distance (m)  RL (m) Remarks
27       GWP2           200             5   2.914      LB
    Section No  Chainage (m)  Distance (m)  RL (m) Remarks
35       GWP2           200            19   2.597      RB
 sencionno=GWP2 CL distance=12 RL=-0.198
 Finished Section no =GWP2**********************************
 



Initiated Section no =GWP3**********************************
    Section No  Chainage (m)  Distance (m)  RL (m)     Remarks
37       GWP3           300             0   0.817  Paddy land
38       GWP3           300             2   0.828            
39       GWP3           300             5   3.263          LB
40       GWP3           300            10   3.255            
41       GWP3           300            11   1.937            
42       GWP3           300            13   0.977            
43       GWP3           300            15   0.289          CL
44       GWP3           300            17  -0.415            
45       GWP3           300            19  -0.523            
46       GWP3           300            21  -0.418            
47       GWP3           300            23   0.078          RB
48       GWP3           300            25   0.479            
49       GWP3           300            27   0.877            
50       GWP3           300            28   1.464            
51       GWP3           300            33   1.477            
52       GWP3           300            40   1.487  Home shead
    Section No  Chainage (m)  Distance (m)  RL (m) Remarks
43       GWP3           300            15   0.289      CL
    Section No  Chainage (m)  Distance (m)  RL (m) Remarks
39       GWP3           300             5   3.263      LB
    Section No  Chainage (m)  Distance (m)  RL (m) Remarks
47       GWP3           300            23   0.078      RB
 sencionno=GWP3 CL distance=15 RL=0.289
 Finished Section no =GWP3**********************************
 



Initiated Section no =GWP4**********************************
    Section No  Chainage (m)  Distance (m)  RL (m)    Remarks
53       GWP4           400             0  1.5870  Open land
54       GWP4           400             5  1.5780           
55       GWP4           400            10  1.5650         LB
56       GWP4           400            11  0.6140           
57       GWP4           400            13  0.0390           
58       GWP4           400            15 -0.3690         CL
59       GWP4           400            17 -0.4730           
60       GWP4           400            19 -0.3680           
61       GWP4           400            21  0.0380           
62       GWP4           400            23  0.3820           
63       GWP4           400            24  0.9080         RB
64       GWP4           400            30  0.9036           
65       GWP4           400            35  0.8970  Open land
    Section No  Chainage (m)  Distance (m)  RL (m) Remarks
58       GWP4           400            15  -0.369      CL
    Section No  Chainage (m)  Distance (m)  RL (m) Remarks
55       GWP4           400            10   1.565      LB
    Section No  Chainage (m)  Distance (m)  RL (m) Remarks
63       GWP4           400            24   0.908      RB
 sencionno=GWP4 CL distance=15 RL=-0.369
 Finished Section no =GWP4**********************************
 



Initiated Section no =GWP5**********************************
    Section No  Chainage (m)  Distance (m)  RL (m)     Remarks
66       GWP5           500             0   1.138  Paddy land
67       GWP5           500             5   1.133            
68       GWP5           500            10   1.125          LB
69       GWP5           500            11   0.427            
70       GWP5           500            12   0.132            
71       GWP5           500            13  -0.058            
72       GWP5           500            15  -0.164          CL
73       GWP5           500            17  -0.062            
74       GWP5           500            18   0.112            
75       GWP5           500            19   0.418            
76       GWP5           500            20   0.887          RB
77       GWP5           500            25   0.878            
78       GWP5           500            30   0.872    Low land
    Section No  Chainage (m)  Distance (m)  RL (m) Remarks
72       GWP5           500            15  -0.164      CL
    Section No  Chainage (m)  Distance (m)  RL (m) Remarks
68       GWP5           500            10   1.125      LB
    Section No  Chainage (m)  Distance (m)  RL (m) Remarks
76       GWP5           500            20   0.887      RB
 sencionno=GWP5 CL distance=15 RL=-0.164
 Finished Section no =GWP5**********************************
 



Initiated Section no =GWP6**********************************
    Section No  Chainage (m)  Distance (m)  RL (m)     Remarks
79       GWP6           600             0   0.849  Paddy land
80       GWP6           600             5   0.844            
81       GWP6           600            10   0.829          LB
82       GWP6           600            11   0.354            
83       GWP6           600            13  -0.030            
84       GWP6           600            15  -0.141            
85       GWP6           600            17  -0.367            
86       GWP6           600            19  -0.473          CL
87       GWP6           600            21  -0.370            
88       GWP6           600            23  -0.245            
89       GWP6           600            25  -0.033            
90       GWP6           600            27   0.270            
91       GWP6           600            28   1.834          RB
92       GWP6           600            33   1.845            
93       GWP6           600            40   1.857   Pond bank
    Section No  Chainage (m)  Distance (m)  RL (m) Remarks
86       GWP6           600            19  -0.473      CL
    Section No  Chainage (m)  Distance (m)  RL (m) Remarks
81       GWP6           600            10   0.829      LB
    Section No  Chainage (m)  Distance (m)  RL (m) Remarks
91       GWP6           600            28   1.834      RB
 sencionno=GWP6 CL distance=19 RL=-0.473
 Finished Section no =GWP6**********************************
 



Initiated Section no =GWP7**********************************
     Section No  Chainage (m)  Distance (m)  RL (m)     Remarks
94        GWP7           700             0   1.506  Paddy land
95        GWP7           700             5   1.491            
96        GWP7           700            10   1.485          LB
97        GWP7           700            11   0.506            
98        GWP7           700            12  -0.029            
99        GWP7           700            13  -0.308            
100       GWP7           700            15  -0.410          CL
101       GWP7           700            17  -0.305            
102       GWP7           700            18  -0.040            
103       GWP7           700            19   0.514            
104       GWP7           700            20   1.815            
105       GWP7           700            21   1.810            
106       GWP7           700            22   1.004          RB
107       GWP7           700            24   0.126   Fisheries
108       GWP7           700            30  -0.212            
     Section No  Chainage (m)  Distance (m)  RL (m) Remarks
100       GWP7           700            15   -0.41      CL
    Section No  Chainage (m)  Distance (m)  RL (m) Remarks
96       GWP7           700            10   1.485      LB
     Section No  Chainage (m)  Distance (m)  RL (m) Remarks
106       GWP7           700            22   1.004      RB
 sencionno=GWP7 CL distance=15 RL=-0.41
 Finished Section no =GWP7**********************************
 



Initiated Section no =GWP8**********************************
     Section No  Chainage (m)  Distance (m)  RL (m) Remarks
109       GWP8           800             0   2.459   House
110       GWP8           800             5   2.475        
111       GWP8           800            10   2.466      LB
112       GWP8           800            11   1.334        
113       GWP8           800            12   0.340        
114       GWP8           800            13  -0.160        
115       GWP8           800            15  -0.261      CL
116       GWP8           800            17  -0.159        
117       GWP8           800            18   0.331        
118       GWP8           800            19   1.291        
119       GWP8           800            20   2.276      RB
120       GWP8           800            25   2.270   House
     Section No  Chainage (m)  Distance (m)  RL (m) Remarks
115       GWP8           800            15  -0.261      CL
     Section No  Chainage (m)  Distance (m)  RL (m) Remarks
111       GWP8           800            10   2.466      LB
     Section No  Chainage (m)  Distance (m)  RL (m) Remarks
119       GWP8           800            20   2.276      RB
 sencionno=GWP8 CL distance=15 RL=-0.261
 Finished Section no =GWP8**********************************
 



Initiated Section no =GWP9**********************************
     Section No  Chainage (m)  Distance (m)  RL (m)    Remarks
121       GWP9           942             0   1.096   Low land
122       GWP9           942             5   1.089           
123       GWP9           942            10   1.075         LB
124       GWP9           942            11   0.395           
125       GWP9           942            13   0.000           
126       GWP9           942            15  -0.022         CL
127       GWP9           942            17  -0.125           
128       GWP9           942            19  -0.020           
129       GWP9           942            21   0.490           
130       GWP9           942            23   0.991           
131       GWP9           942            24   2.190         RB
132       GWP9           942            30   2.176           
133       GWP9           942            35   2.167  Khal bank
     Section No  Chainage (m)  Distance (m)  RL (m) Remarks
126       GWP9           942            15  -0.022      CL
     Section No  Chainage (m)  Distance (m)  RL (m) Remarks
123       GWP9           942            10   1.075      LB
     Section No  Chainage (m)  Distance (m)  RL (m) Remarks
131       GWP9           942            24    2.19      RB
 sencionno=GWP9 CL distance=15 RL=-0.022
 Finished Section no =GWP9**********************************
 


############# We Are Checking Sectional properties.............
 


############# ##################################################
   XsectionNo  chainage   r1   r2 c1 c2                KhalName  GL  \
0       GWP0         0    3   14  B  D  Guadana west para khal   1   
1       GWP1       100   17   30  B  D  Guadana west para khal   1   
2       GWP2       200   33   43  B  D  Guadana west para khal   1   
3       GWP3       300   46   61  B  D  Guadana west para khal   1   
4       GWP4       400   64   76  B  D  Guadana west para khal   1   
5       GWP5       500   79   91  B  D  Guadana west para khal   1   
6       GWP6       600   94  108  B  D  Guadana west para khal   1   
7       GWP7       700  112  126  B  D  Guadana west para khal   1   
8       GWP8       800  130  141  B  D  Guadana west para khal   1   
9       GWP9       942  145  157  B  D  Guadana west para khal   1   

   Ivert Level  Retention  Required_Area  Direction  
0         -1.5        0.6             30          1  
1         -1.5        0.6             30          1  
2         -1.5        0.6             30          1  
3         -1.5        0.6             30          1  
4         -1.5        0.6             30          1  
5         -1.5        0.6             30          1  
6         -1.5        0.6             30          1  
7         -1.5        0.6             30          1  
8         -1.5        0.6             30          1  
9         -1.5        0.6             30          1  
 Intitiated X-sectional Properties Calculation for section no=GWP0 
 xvalues=[np.int64(0), np.int64(4), np.int64(6), np.int64(8), np.int64(10), np.int64(12), np.int64(14), np.int64(16), np.int64(18), np.int64(20), np.int64(25), np.int64(30)]
 yvalues=[np.float64(3.608), np.float64(3.616), np.float64(0.649), np.float64(0.382), np.float64(0.217), np.float64(0.168), np.float64(0.212), np.float64(0.381), np.float64(0.628), np.float64(2.408), np.float64(2.423), np.float64(2.431)]
 Remarks=['BC road', '', 'LB', '', '', 'CL', '', '', '', 'RB', '', 'Pond bank']
 lb=0.649 type=<class 'numpy.float64'>
 lb=0.649 rb=2.408 lwl=0.649
 idx1=2 idx2=9
 Turncated Remarks................
 #####################Values in constructor #############################
 xvalues for section=[np.int64(6), np.int64(8), np.int64(10), np.int64(12), np.int64(14), np.int64(16), np.int64(18), np.int64(20)]
 yvalues for section=[np.float64(0.649), np.float64(0.382), np.float64(0.217), np.float64(0.168), np.float64(0.212), np.float64(0.381), np.float64(0.628), np.float64(2.408)]
 #######################################################################
 ########################Displaying Section Properties###########################
 x=[np.int64(6), np.int64(8), np.int64(10), np.int64(12), np.int64(14), np.int64(16), np.int64(18), np.int64(20)]
 y=[np.float64(0.649), np.float64(0.382), np.float64(0.217), np.float64(0.168), np.float64(0.212), np.float64(0.381), np.float64(0.628), np.float64(2.408)]
 section no=GWP0 total data points=8
 Finished X-sectional Properties Calculation for section no=GWP0




 Intitiated X-sectional Properties Calculation for section no=GWP1 
 xvalues=[np.int64(0), np.int64(2), np.int64(5), np.int64(10), np.int64(11), np.int64(13), np.int64(15), np.int64(17), np.int64(19), np.int64(21), np.int64(23), np.int64(24), np.int64(30), np.int64(35)]
 yvalues=[np.float64(0.793), np.float64(0.805), np.float64(3.192), np.float64(3.183), np.float64(1.665), np.float64(0.612), np.float64(-0.224), np.float64(-0.334), np.float64(-0.233), np.float64(0.112), np.float64(0.502), np.float64(0.903), np.float64(0.896), np.float64(0.891)]
 Remarks=['Shop', 'LB', '', '', '', '', 'CL', '', '', 'RB', '', '', '', 'Paddy land']
 lb=0.805 type=<class 'numpy.float64'>
 lb=0.805 rb=0.112 lwl=0.112
 idx1=1 idx2=9
 Turncated Remarks................
 #####################Values in constructor #############################
 xvalues for section=[np.int64(2), np.int64(5), np.int64(10), np.int64(11), np.int64(13), np.int64(15), np.int64(17), np.int64(19), np.int64(21)]
 yvalues for section=[np.float64(0.805), np.float64(3.192), np.float64(3.183), np.float64(1.665), np.float64(0.612), np.float64(-0.224), np.float64(-0.334), np.float64(-0.233), np.float64(0.112)]
 #######################################################################
 ########################Displaying Section Properties###########################
 x=[np.int64(2), np.int64(5), np.int64(10), np.int64(11), np.int64(13), np.int64(15), np.int64(17), np.int64(19), np.int64(21)]
 y=[np.float64(0.805), np.float64(3.192), np.float64(3.183), np.float64(1.665), np.float64(0.612), np.float64(-0.224), np.float64(-0.334), np.float64(-0.233), np.float64(0.112)]
 section no=GWP1 total data points=9
 Finished X-sectional Properties Calculation for section no=GWP1




 Intitiated X-sectional Properties Calculation for section no=GWP2 
 xvalues=[np.int64(0), np.int64(5), np.int64(6), np.int64(8), np.int64(10), np.int64(12), np.int64(14), np.int64(16), np.int64(18), np.int64(19), np.int64(27)]
 yvalues=[np.float64(2.807), np.float64(2.914), np.float64(1.602), np.float64(0.576), np.float64(-0.094), np.float64(-0.198), np.float64(-0.093), np.float64(0.607), np.float64(1.551), np.float64(2.597), np.float64(2.604)]
 Remarks=['Shop', 'LB', '', '', '', 'CL', '', '', '', 'RB', 'House']
 lb=2.914 type=<class 'numpy.float64'>
 lb=2.914 rb=2.597 lwl=2.597
 idx1=1 idx2=9
 Turncated Remarks................
 #####################Values in constructor #############################
 xvalues for section=[np.int64(5), np.int64(6), np.int64(8), np.int64(10), np.int64(12), np.int64(14), np.int64(16), np.int64(18), np.int64(19)]
 yvalues for section=[np.float64(2.914), np.float64(1.602), np.float64(0.576), np.float64(-0.094), np.float64(-0.198), np.float64(-0.093), np.float64(0.607), np.float64(1.551), np.float64(2.597)]
 #######################################################################
 ########################Displaying Section Properties###########################
 x=[np.int64(5), np.int64(6), np.int64(8), np.int64(10), np.int64(12), np.int64(14), np.int64(16), np.int64(18), np.int64(19)]
 y=[np.float64(2.914), np.float64(1.602), np.float64(0.576), np.float64(-0.094), np.float64(-0.198), np.float64(-0.093), np.float64(0.607), np.float64(1.551), np.float64(2.597)]
 section no=GWP2 total data points=9
 Finished X-sectional Properties Calculation for section no=GWP2




 Intitiated X-sectional Properties Calculation for section no=GWP3 
 xvalues=[np.int64(0), np.int64(2), np.int64(5), np.int64(10), np.int64(11), np.int64(13), np.int64(15), np.int64(17), np.int64(19), np.int64(21), np.int64(23), np.int64(25), np.int64(27), np.int64(28), np.int64(33), np.int64(40)]
 yvalues=[np.float64(0.817), np.float64(0.828), np.float64(3.263), np.float64(3.255), np.float64(1.937), np.float64(0.977), np.float64(0.289), np.float64(-0.415), np.float64(-0.523), np.float64(-0.418), np.float64(0.078), np.float64(0.479), np.float64(0.877), np.float64(1.464), np.float64(1.477), np.float64(1.487)]
 Remarks=['Paddy land', '', 'LB', '', '', '', 'CL', '', '', '', 'RB', '', '', '', '', 'Home shead']
 lb=3.263 type=<class 'numpy.float64'>
 lb=3.263 rb=0.078 lwl=0.078
 idx1=2 idx2=10
 Turncated Remarks................
 #####################Values in constructor #############################
 xvalues for section=[np.int64(5), np.int64(10), np.int64(11), np.int64(13), np.int64(15), np.int64(17), np.int64(19), np.int64(21), np.int64(23)]
 yvalues for section=[np.float64(3.263), np.float64(3.255), np.float64(1.937), np.float64(0.977), np.float64(0.289), np.float64(-0.415), np.float64(-0.523), np.float64(-0.418), np.float64(0.078)]
 #######################################################################
 ########################Displaying Section Properties###########################
 x=[np.int64(5), np.int64(10), np.int64(11), np.int64(13), np.int64(15), np.int64(17), np.int64(19), np.int64(21), np.int64(23)]
 y=[np.float64(3.263), np.float64(3.255), np.float64(1.937), np.float64(0.977), np.float64(0.289), np.float64(-0.415), np.float64(-0.523), np.float64(-0.418), np.float64(0.078)]
 section no=GWP3 total data points=9
 Finished X-sectional Properties Calculation for section no=GWP3




 Intitiated X-sectional Properties Calculation for section no=GWP4 
 xvalues=[np.int64(0), np.int64(5), np.int64(10), np.int64(11), np.int64(13), np.int64(15), np.int64(17), np.int64(19), np.int64(21), np.int64(23), np.int64(24), np.int64(30), np.int64(35)]
 yvalues=[np.float64(1.587), np.float64(1.578), np.float64(1.565), np.float64(0.614), np.float64(0.039), np.float64(-0.369), np.float64(-0.473), np.float64(-0.368), np.float64(0.038), np.float64(0.382), np.float64(0.908), np.float64(0.9036), np.float64(0.897)]
 Remarks=['Open land', '', 'LB', '', '', 'CL', '', '', '', '', 'RB', '', 'Open land']
 lb=1.565 type=<class 'numpy.float64'>
 lb=1.565 rb=0.908 lwl=0.908
 idx1=2 idx2=10
 Turncated Remarks................
 #####################Values in constructor #############################
 xvalues for section=[np.int64(10), np.int64(11), np.int64(13), np.int64(15), np.int64(17), np.int64(19), np.int64(21), np.int64(23), np.int64(24)]
 yvalues for section=[np.float64(1.565), np.float64(0.614), np.float64(0.039), np.float64(-0.369), np.float64(-0.473), np.float64(-0.368), np.float64(0.038), np.float64(0.382), np.float64(0.908)]
 #######################################################################
 ########################Displaying Section Properties###########################
 x=[np.int64(10), np.int64(11), np.int64(13), np.int64(15), np.int64(17), np.int64(19), np.int64(21), np.int64(23), np.int64(24)]
 y=[np.float64(1.565), np.float64(0.614), np.float64(0.039), np.float64(-0.369), np.float64(-0.473), np.float64(-0.368), np.float64(0.038), np.float64(0.382), np.float64(0.908)]
 section no=GWP4 total data points=9
 Finished X-sectional Properties Calculation for section no=GWP4




 Intitiated X-sectional Properties Calculation for section no=GWP5 
 xvalues=[np.int64(0), np.int64(5), np.int64(10), np.int64(11), np.int64(12), np.int64(13), np.int64(15), np.int64(17), np.int64(18), np.int64(19), np.int64(20), np.int64(25), np.int64(30)]
 yvalues=[np.float64(1.138), np.float64(1.133), np.float64(1.125), np.float64(0.427), np.float64(0.132), np.float64(-0.058), np.float64(-0.164), np.float64(-0.062), np.float64(0.112), np.float64(0.418), np.float64(0.887), np.float64(0.878), np.float64(0.872)]
 Remarks=['Paddy land', '', 'LB', '', '', '', 'CL', '', '', '', 'RB', '', 'Low land']
 lb=1.125 type=<class 'numpy.float64'>
 lb=1.125 rb=0.887 lwl=0.887
 idx1=2 idx2=10
 Turncated Remarks................
 #####################Values in constructor #############################
 xvalues for section=[np.int64(10), np.int64(11), np.int64(12), np.int64(13), np.int64(15), np.int64(17), np.int64(18), np.int64(19), np.int64(20)]
 yvalues for section=[np.float64(1.125), np.float64(0.427), np.float64(0.132), np.float64(-0.058), np.float64(-0.164), np.float64(-0.062), np.float64(0.112), np.float64(0.418), np.float64(0.887)]
 #######################################################################
 ########################Displaying Section Properties###########################
 x=[np.int64(10), np.int64(11), np.int64(12), np.int64(13), np.int64(15), np.int64(17), np.int64(18), np.int64(19), np.int64(20)]
 y=[np.float64(1.125), np.float64(0.427), np.float64(0.132), np.float64(-0.058), np.float64(-0.164), np.float64(-0.062), np.float64(0.112), np.float64(0.418), np.float64(0.887)]
 section no=GWP5 total data points=9
 Finished X-sectional Properties Calculation for section no=GWP5




 Intitiated X-sectional Properties Calculation for section no=GWP6 
 xvalues=[np.int64(0), np.int64(5), np.int64(10), np.int64(11), np.int64(13), np.int64(15), np.int64(17), np.int64(19), np.int64(21), np.int64(23), np.int64(25), np.int64(27), np.int64(28), np.int64(33), np.int64(40)]
 yvalues=[np.float64(0.849), np.float64(0.844), np.float64(0.829), np.float64(0.354), np.float64(-0.03), np.float64(-0.141), np.float64(-0.367), np.float64(-0.473), np.float64(-0.37), np.float64(-0.245), np.float64(-0.033), np.float64(0.27), np.float64(1.834), np.float64(1.845), np.float64(1.857)]
 Remarks=['Paddy land', '', 'LB', '', '', '', '', 'CL', '', '', '', '', 'RB', '', 'Pond bank']
 lb=0.829 type=<class 'numpy.float64'>
 lb=0.829 rb=1.834 lwl=0.829
 idx1=2 idx2=12
 Turncated Remarks................
 #####################Values in constructor #############################
 xvalues for section=[np.int64(10), np.int64(11), np.int64(13), np.int64(15), np.int64(17), np.int64(19), np.int64(21), np.int64(23), np.int64(25), np.int64(27), np.int64(28)]
 yvalues for section=[np.float64(0.829), np.float64(0.354), np.float64(-0.03), np.float64(-0.141), np.float64(-0.367), np.float64(-0.473), np.float64(-0.37), np.float64(-0.245), np.float64(-0.033), np.float64(0.27), np.float64(1.834)]
 #######################################################################
 ########################Displaying Section Properties###########################
 x=[np.int64(10), np.int64(11), np.int64(13), np.int64(15), np.int64(17), np.int64(19), np.int64(21), np.int64(23), np.int64(25), np.int64(27), np.int64(28)]
 y=[np.float64(0.829), np.float64(0.354), np.float64(-0.03), np.float64(-0.141), np.float64(-0.367), np.float64(-0.473), np.float64(-0.37), np.float64(-0.245), np.float64(-0.033), np.float64(0.27), np.float64(1.834)]
 section no=GWP6 total data points=11
 Finished X-sectional Properties Calculation for section no=GWP6




 Intitiated X-sectional Properties Calculation for section no=GWP7 
 xvalues=[np.int64(0), np.int64(5), np.int64(10), np.int64(11), np.int64(12), np.int64(13), np.int64(15), np.int64(17), np.int64(18), np.int64(19), np.int64(20), np.int64(21), np.int64(22), np.int64(24), np.int64(30)]
 yvalues=[np.float64(1.506), np.float64(1.491), np.float64(1.485), np.float64(0.506), np.float64(-0.029), np.float64(-0.308), np.float64(-0.41), np.float64(-0.305), np.float64(-0.04), np.float64(0.514), np.float64(1.815), np.float64(1.81), np.float64(1.004), np.float64(0.126), np.float64(-0.212)]
 Remarks=['Paddy land', '', 'LB', '', '', '', 'CL', '', '', '', '', '', 'RB', 'Fisheries', '']
 lb=1.485 type=<class 'numpy.float64'>
 lb=1.485 rb=1.004 lwl=1.004
 idx1=2 idx2=12
 Turncated Remarks................
 #####################Values in constructor #############################
 xvalues for section=[np.int64(10), np.int64(11), np.int64(12), np.int64(13), np.int64(15), np.int64(17), np.int64(18), np.int64(19), np.int64(20), np.int64(21), np.int64(22)]
 yvalues for section=[np.float64(1.485), np.float64(0.506), np.float64(-0.029), np.float64(-0.308), np.float64(-0.41), np.float64(-0.305), np.float64(-0.04), np.float64(0.514), np.float64(1.815), np.float64(1.81), np.float64(1.004)]
 #######################################################################
 ########################Displaying Section Properties###########################
 x=[np.int64(10), np.int64(11), np.int64(12), np.int64(13), np.int64(15), np.int64(17), np.int64(18), np.int64(19), np.int64(20), np.int64(21), np.int64(22)]
 y=[np.float64(1.485), np.float64(0.506), np.float64(-0.029), np.float64(-0.308), np.float64(-0.41), np.float64(-0.305), np.float64(-0.04), np.float64(0.514), np.float64(1.815), np.float64(1.81), np.float64(1.004)]
 section no=GWP7 total data points=11
 Finished X-sectional Properties Calculation for section no=GWP7




 Intitiated X-sectional Properties Calculation for section no=GWP8 
 xvalues=[np.int64(0), np.int64(5), np.int64(10), np.int64(11), np.int64(12), np.int64(13), np.int64(15), np.int64(17), np.int64(18), np.int64(19), np.int64(20), np.int64(25)]
 yvalues=[np.float64(2.459), np.float64(2.475), np.float64(2.466), np.float64(1.334), np.float64(0.34), np.float64(-0.16), np.float64(-0.261), np.float64(-0.159), np.float64(0.331), np.float64(1.291), np.float64(2.276), np.float64(2.27)]
 Remarks=['House', '', 'LB', '', '', '', 'CL', '', '', '', 'RB', 'House']
 lb=2.466 type=<class 'numpy.float64'>
 lb=2.466 rb=2.276 lwl=2.276
 idx1=2 idx2=10
 Turncated Remarks................
 #####################Values in constructor #############################
 xvalues for section=[np.int64(10), np.int64(11), np.int64(12), np.int64(13), np.int64(15), np.int64(17), np.int64(18), np.int64(19), np.int64(20)]
 yvalues for section=[np.float64(2.466), np.float64(1.334), np.float64(0.34), np.float64(-0.16), np.float64(-0.261), np.float64(-0.159), np.float64(0.331), np.float64(1.291), np.float64(2.276)]
 #######################################################################
 ########################Displaying Section Properties###########################
 x=[np.int64(10), np.int64(11), np.int64(12), np.int64(13), np.int64(15), np.int64(17), np.int64(18), np.int64(19), np.int64(20)]
 y=[np.float64(2.466), np.float64(1.334), np.float64(0.34), np.float64(-0.16), np.float64(-0.261), np.float64(-0.159), np.float64(0.331), np.float64(1.291), np.float64(2.276)]
 section no=GWP8 total data points=9
 Finished X-sectional Properties Calculation for section no=GWP8




 Intitiated X-sectional Properties Calculation for section no=GWP9 
 xvalues=[np.int64(0), np.int64(5), np.int64(10), np.int64(11), np.int64(13), np.int64(15), np.int64(17), np.int64(19), np.int64(21), np.int64(23), np.int64(24), np.int64(30), np.int64(35)]
 yvalues=[np.float64(1.096), np.float64(1.089), np.float64(1.075), np.float64(0.395), np.float64(0.0), np.float64(-0.022), np.float64(-0.125), np.float64(-0.02), np.float64(0.49), np.float64(0.991), np.float64(2.19), np.float64(2.176), np.float64(2.167)]
 Remarks=['Low land', '', 'LB', '', '', 'CL', '', '', '', '', 'RB', '', 'Khal bank']
 lb=1.075 type=<class 'numpy.float64'>
 lb=1.075 rb=2.19 lwl=1.075
 idx1=2 idx2=10
 Turncated Remarks................
 #####################Values in constructor #############################
 xvalues for section=[np.int64(10), np.int64(11), np.int64(13), np.int64(15), np.int64(17), np.int64(19), np.int64(21), np.int64(23), np.int64(24)]
 yvalues for section=[np.float64(1.075), np.float64(0.395), np.float64(0.0), np.float64(-0.022), np.float64(-0.125), np.float64(-0.02), np.float64(0.49), np.float64(0.991), np.float64(2.19)]
 #######################################################################
 ########################Displaying Section Properties###########################
 x=[np.int64(10), np.int64(11), np.int64(13), np.int64(15), np.int64(17), np.int64(19), np.int64(21), np.int64(23), np.int64(24)]
 y=[np.float64(1.075), np.float64(0.395), np.float64(0.0), np.float64(-0.022), np.float64(-0.125), np.float64(-0.02), np.float64(0.49), np.float64(0.991), np.float64(2.19)]
 section no=GWP9 total data points=9
 Finished X-sectional Properties Calculation for section no=GWP9




 ############# #################################################



 


Detailed Debugging of Calcualtion of CL




 



Initiated Section no =GWP0**********************************
    Section No  Chainage (m)  Distance (m)  RL (m)    Remarks
0        GWP0             0             0   3.608    BC road
1        GWP0             0             4   3.616           
2        GWP0             0             6   0.649         LB
3        GWP0             0             8   0.382           
4        GWP0             0            10   0.217           
5        GWP0             0            12   0.168         CL
6        GWP0             0            14   0.212           
7        GWP0             0            16   0.381           
8        GWP0             0            18   0.628           
9        GWP0             0            20   2.408         RB
10       GWP0             0            25   2.423           
11       GWP0             0            30   2.431  Pond bank
   Section No  Chainage (m)  Distance (m)  RL (m) Remarks
5       GWP0             0            12   0.168      CL
   Section No  Chainage (m)  Distance (m)  RL (m) Remarks
2       GWP0             0             6   0.649      LB
   Section No  Chainage (m)  Distance (m)  RL (m) Remarks
9       GWP0             0            20   2.408      RB
 sencionno=GWP0 CL distance=12 RL=0.168
 Finished Section no =GWP0**********************************
 



Initiated Section no =GWP1**********************************
    Section No  Chainage (m)  Distance (m)  RL (m)     Remarks
12       GWP1           100             0   0.793        Shop
13       GWP1           100             2   0.805          LB
14       GWP1           100             5   3.192            
15       GWP1           100            10   3.183            
16       GWP1           100            11   1.665            
17       GWP1           100            13   0.612            
18       GWP1           100            15  -0.224          CL
19       GWP1           100            17  -0.334            
20       GWP1           100            19  -0.233            
21       GWP1           100            21   0.112          RB
22       GWP1           100            23   0.502            
23       GWP1           100            24   0.903            
24       GWP1           100            30   0.896            
25       GWP1           100            35   0.891  Paddy land
    Section No  Chainage (m)  Distance (m)  RL (m) Remarks
18       GWP1           100            15  -0.224      CL
    Section No  Chainage (m)  Distance (m)  RL (m) Remarks
13       GWP1           100             2   0.805      LB
    Section No  Chainage (m)  Distance (m)  RL (m) Remarks
21       GWP1           100            21   0.112      RB
 sencionno=GWP1 CL distance=15 RL=-0.224
 Finished Section no =GWP1**********************************
 



Initiated Section no =GWP2**********************************
    Section No  Chainage (m)  Distance (m)  RL (m) Remarks
26       GWP2           200             0   2.807    Shop
27       GWP2           200             5   2.914      LB
28       GWP2           200             6   1.602        
29       GWP2           200             8   0.576        
30       GWP2           200            10  -0.094        
31       GWP2           200            12  -0.198      CL
32       GWP2           200            14  -0.093        
33       GWP2           200            16   0.607        
34       GWP2           200            18   1.551        
35       GWP2           200            19   2.597      RB
36       GWP2           200            27   2.604   House
    Section No  Chainage (m)  Distance (m)  RL (m) Remarks
31       GWP2           200            12  -0.198      CL
    Section No  Chainage (m)  Distance (m)  RL (m) Remarks
27       GWP2           200             5   2.914      LB
    Section No  Chainage (m)  Distance (m)  RL (m) Remarks
35       GWP2           200            19   2.597      RB
 sencionno=GWP2 CL distance=12 RL=-0.198
 Finished Section no =GWP2**********************************
 



Initiated Section no =GWP3**********************************
    Section No  Chainage (m)  Distance (m)  RL (m)     Remarks
37       GWP3           300             0   0.817  Paddy land
38       GWP3           300             2   0.828            
39       GWP3           300             5   3.263          LB
40       GWP3           300            10   3.255            
41       GWP3           300            11   1.937            
42       GWP3           300            13   0.977            
43       GWP3           300            15   0.289          CL
44       GWP3           300            17  -0.415            
45       GWP3           300            19  -0.523            
46       GWP3           300            21  -0.418            
47       GWP3           300            23   0.078          RB
48       GWP3           300            25   0.479            
49       GWP3           300            27   0.877            
50       GWP3           300            28   1.464            
51       GWP3           300            33   1.477            
52       GWP3           300            40   1.487  Home shead
    Section No  Chainage (m)  Distance (m)  RL (m) Remarks
43       GWP3           300            15   0.289      CL
    Section No  Chainage (m)  Distance (m)  RL (m) Remarks
39       GWP3           300             5   3.263      LB
    Section No  Chainage (m)  Distance (m)  RL (m) Remarks
47       GWP3           300            23   0.078      RB
 sencionno=GWP3 CL distance=15 RL=0.289
 Finished Section no =GWP3**********************************
 



Initiated Section no =GWP4**********************************
    Section No  Chainage (m)  Distance (m)  RL (m)    Remarks
53       GWP4           400             0  1.5870  Open land
54       GWP4           400             5  1.5780           
55       GWP4           400            10  1.5650         LB
56       GWP4           400            11  0.6140           
57       GWP4           400            13  0.0390           
58       GWP4           400            15 -0.3690         CL
59       GWP4           400            17 -0.4730           
60       GWP4           400            19 -0.3680           
61       GWP4           400            21  0.0380           
62       GWP4           400            23  0.3820           
63       GWP4           400            24  0.9080         RB
64       GWP4           400            30  0.9036           
65       GWP4           400            35  0.8970  Open land
    Section No  Chainage (m)  Distance (m)  RL (m) Remarks
58       GWP4           400            15  -0.369      CL
    Section No  Chainage (m)  Distance (m)  RL (m) Remarks
55       GWP4           400            10   1.565      LB
    Section No  Chainage (m)  Distance (m)  RL (m) Remarks
63       GWP4           400            24   0.908      RB
 sencionno=GWP4 CL distance=15 RL=-0.369
 Finished Section no =GWP4**********************************
 



Initiated Section no =GWP5**********************************
    Section No  Chainage (m)  Distance (m)  RL (m)     Remarks
66       GWP5           500             0   1.138  Paddy land
67       GWP5           500             5   1.133            
68       GWP5           500            10   1.125          LB
69       GWP5           500            11   0.427            
70       GWP5           500            12   0.132            
71       GWP5           500            13  -0.058            
72       GWP5           500            15  -0.164          CL
73       GWP5           500            17  -0.062            
74       GWP5           500            18   0.112            
75       GWP5           500            19   0.418            
76       GWP5           500            20   0.887          RB
77       GWP5           500            25   0.878            
78       GWP5           500            30   0.872    Low land
    Section No  Chainage (m)  Distance (m)  RL (m) Remarks
72       GWP5           500            15  -0.164      CL
    Section No  Chainage (m)  Distance (m)  RL (m) Remarks
68       GWP5           500            10   1.125      LB
    Section No  Chainage (m)  Distance (m)  RL (m) Remarks
76       GWP5           500            20   0.887      RB
 sencionno=GWP5 CL distance=15 RL=-0.164
 Finished Section no =GWP5**********************************
 



Initiated Section no =GWP6**********************************
    Section No  Chainage (m)  Distance (m)  RL (m)     Remarks
79       GWP6           600             0   0.849  Paddy land
80       GWP6           600             5   0.844            
81       GWP6           600            10   0.829          LB
82       GWP6           600            11   0.354            
83       GWP6           600            13  -0.030            
84       GWP6           600            15  -0.141            
85       GWP6           600            17  -0.367            
86       GWP6           600            19  -0.473          CL
87       GWP6           600            21  -0.370            
88       GWP6           600            23  -0.245            
89       GWP6           600            25  -0.033            
90       GWP6           600            27   0.270            
91       GWP6           600            28   1.834          RB
92       GWP6           600            33   1.845            
93       GWP6           600            40   1.857   Pond bank
    Section No  Chainage (m)  Distance (m)  RL (m) Remarks
86       GWP6           600            19  -0.473      CL
    Section No  Chainage (m)  Distance (m)  RL (m) Remarks
81       GWP6           600            10   0.829      LB
    Section No  Chainage (m)  Distance (m)  RL (m) Remarks
91       GWP6           600            28   1.834      RB
 sencionno=GWP6 CL distance=19 RL=-0.473
 Finished Section no =GWP6**********************************
 



Initiated Section no =GWP7**********************************
     Section No  Chainage (m)  Distance (m)  RL (m)     Remarks
94        GWP7           700             0   1.506  Paddy land
95        GWP7           700             5   1.491            
96        GWP7           700            10   1.485          LB
97        GWP7           700            11   0.506            
98        GWP7           700            12  -0.029            
99        GWP7           700            13  -0.308            
100       GWP7           700            15  -0.410          CL
101       GWP7           700            17  -0.305            
102       GWP7           700            18  -0.040            
103       GWP7           700            19   0.514            
104       GWP7           700            20   1.815            
105       GWP7           700            21   1.810            
106       GWP7           700            22   1.004          RB
107       GWP7           700            24   0.126   Fisheries
108       GWP7           700            30  -0.212            
     Section No  Chainage (m)  Distance (m)  RL (m) Remarks
100       GWP7           700            15   -0.41      CL
    Section No  Chainage (m)  Distance (m)  RL (m) Remarks
96       GWP7           700            10   1.485      LB
     Section No  Chainage (m)  Distance (m)  RL (m) Remarks
106       GWP7           700            22   1.004      RB
 sencionno=GWP7 CL distance=15 RL=-0.41
 Finished Section no =GWP7**********************************
 



Initiated Section no =GWP8**********************************
     Section No  Chainage (m)  Distance (m)  RL (m) Remarks
109       GWP8           800             0   2.459   House
110       GWP8           800             5   2.475        
111       GWP8           800            10   2.466      LB
112       GWP8           800            11   1.334        
113       GWP8           800            12   0.340        
114       GWP8           800            13  -0.160        
115       GWP8           800            15  -0.261      CL
116       GWP8           800            17  -0.159        
117       GWP8           800            18   0.331        
118       GWP8           800            19   1.291        
119       GWP8           800            20   2.276      RB
120       GWP8           800            25   2.270   House
     Section No  Chainage (m)  Distance (m)  RL (m) Remarks
115       GWP8           800            15  -0.261      CL
     Section No  Chainage (m)  Distance (m)  RL (m) Remarks
111       GWP8           800            10   2.466      LB
     Section No  Chainage (m)  Distance (m)  RL (m) Remarks
119       GWP8           800            20   2.276      RB
 sencionno=GWP8 CL distance=15 RL=-0.261
 Finished Section no =GWP8**********************************
 



Initiated Section no =GWP9**********************************
     Section No  Chainage (m)  Distance (m)  RL (m)    Remarks
121       GWP9           942             0   1.096   Low land
122       GWP9           942             5   1.089           
123       GWP9           942            10   1.075         LB
124       GWP9           942            11   0.395           
125       GWP9           942            13   0.000           
126       GWP9           942            15  -0.022         CL
127       GWP9           942            17  -0.125           
128       GWP9           942            19  -0.020           
129       GWP9           942            21   0.490           
130       GWP9           942            23   0.991           
131       GWP9           942            24   2.190         RB
132       GWP9           942            30   2.176           
133       GWP9           942            35   2.167  Khal bank
     Section No  Chainage (m)  Distance (m)  RL (m) Remarks
126       GWP9           942            15  -0.022      CL
     Section No  Chainage (m)  Distance (m)  RL (m) Remarks
123       GWP9           942            10   1.075      LB
     Section No  Chainage (m)  Distance (m)  RL (m) Remarks
131       GWP9           942            24    2.19      RB
 sencionno=GWP9 CL distance=15 RL=-0.022
 Finished Section no =GWP9**********************************
